   1    0.000     81.24  -128.33    59.70   102.87  -160.97   -63.56   -64.84   -56.09     0.00
   2    0.000    -47.65   -76.04  -133.34  -120.32   151.77    67.27   -63.65   -86.76     0.00
   3    0.000    122.22    60.17  -145.42   -58.13   164.38  -147.88    33.47   130.25     0.00
   4    0.000    -51.20   -71.52   -50.00  -127.76  -108.13   -62.43   -72.05   -61.19     0.00
   5    0.000    176.93  -147.01   166.28  -178.01   -25.73  -128.75   -58.46   -95.76     0.00
   6    0.000    109.65    82.30   -78.18   -59.02   -38.76  -145.90   135.01    32.09     0.00
   7    0.000    125.29  -157.37   -35.98   154.67    17.53  -160.68   -55.57  -111.24     0.00
   8    0.000    107.70    56.48  -156.62  -153.39  -147.49  -140.84   161.96  -139.11     0.00
   9    0.000    120.83   171.06    58.65    97.20  -172.81   -57.43   -56.49   -69.89     0.00
  10    0.000    -47.68  -109.07   -27.34  -176.75  -109.25   -65.53    -8.48  -130.33     0.00
  11    0.000    109.59    47.76  -130.59   -71.72   -75.53  -139.14    28.41   123.65     0.00
  12    0.000    146.67   179.35    63.40    60.44  -137.40    45.67  -122.64  -136.05     0.00
  13    0.000    111.39    68.38   162.66   151.42   -50.82  -137.87    66.30    68.17     0.00
  14    0.000    -52.91   -72.55   -46.55  -128.05  -114.88   -61.03   -65.36   -60.82     0.00
  15    0.000    144.67   144.08   -55.28  -100.21  -132.15   -66.89   -55.51   -50.56     0.00
  16    0.000    127.64   163.95    77.01    74.60   -63.88   -69.04   171.31   -53.48     0.00
  17    0.000     60.84    75.07   136.80   128.55   -68.96  -133.76   -74.06   -77.58     0.00
  18    0.000   -150.27   -80.03   104.93    95.09   128.49  -117.50    85.71  -119.89     0.00
  19    0.000   -106.80   -66.88  -176.31   133.16    15.47  -155.76   -59.75  -104.44     0.00
  20    0.000    -67.73   159.84    86.98   141.70  -112.13   -66.70   -27.11  -152.46     0.00
  21    0.000    -78.68   -91.79  -124.91   -60.95   150.23    68.15   134.14    29.90     0.00
  22    0.000   -106.63   -61.02   151.79    87.99  -113.87  -141.11   -84.90   -50.92     0.00
  23    0.000    150.54   154.07  -170.25  -171.48   -86.50    91.72   139.77  -149.28     0.00
  24    0.000    116.49    60.21  -147.46   -52.46   154.64  -156.19   -56.33   -84.22     0.00
  25    0.000    -77.11   -55.10   125.36   104.70  -114.59  -150.68   -74.07   -48.55     0.00
  26    0.000    -55.51  -145.23  -155.88   -78.56    57.03  -163.45   -60.85  -150.68     0.00
  27    0.000     92.52    80.09   170.96    81.62   -60.29  -144.40   -56.69  -128.26     0.00
  28    0.000    109.14  -179.39   -75.60   -80.01    57.76    54.26   -69.90   -43.84     0.00
  29    0.000    -48.68   -74.04  -107.80   -85.73  -129.48   -75.01    51.34   152.10     0.00
  30    0.000   -173.43  -119.20   157.29    62.70  -150.80  -145.95   -53.86   -91.83     0.00
  31    0.000    104.37  -144.11   -63.78  -158.39   -68.76   -76.66   155.86    62.09     0.00
  32    0.000    -64.56   151.49    86.35   153.79  -110.75   -57.98   -40.87  -151.91     0.00
  33    0.000   -179.21    96.90   -82.36   -64.23   147.01   -78.66    82.90  -153.41     0.00
  34    0.000     82.44    78.16   135.32    80.04    87.45    66.40   -61.32  -136.24     0.00
  35    0.000    106.57  -106.51   -39.98  -132.05   -32.52  -152.53   -71.80   -53.81     0.00
  36    0.000    120.63   111.82   115.77    76.02   -57.35  -121.89  -174.28   -56.98     0.00
  37    0.000    136.59    83.81   -63.11  -152.19    35.85  -158.71    70.85    40.03     0.00
  38    0.000    139.42   164.22  -122.69   -78.53    33.04  -171.08   174.44   -56.21     0.00
  39    0.000     63.10    74.58   135.46   130.10   -65.42  -143.13   -64.49   -86.00     0.00
  40    0.000     81.24  -128.33    59.70   102.87  -160.97   -63.56   -64.84   -56.09     0.00
  41    0.000    -47.65   -76.04  -133.34  -120.32   151.77    67.27   -63.65   -86.76     0.00
  42    0.000    -62.23   166.52   -42.14   -77.64    67.34    58.53   -59.07   -70.07     0.00
  43    0.000    120.61   175.67   -63.32   -86.62    52.65    56.21   -69.85   -55.46     0.00
  44    0.000    122.22    60.17  -145.42   -58.13   164.38  -147.88    33.47   130.25     0.00
  45    0.000    168.25   132.16   112.46  -147.14    41.28   122.12   -58.56  -123.23     0.00
  46    0.000    111.39  -173.13   -57.44   -96.69    51.74    53.19   -55.02   -54.41     0.00
  47    0.000    117.07   157.59   -26.09   179.89   123.41    60.45   -65.02  -128.40     0.00
  48    0.000    158.58    75.85   -65.18   -78.60  -164.34   -59.00   165.28    46.65     0.00
  49    0.000    -97.38   -64.83   147.41   143.10  -115.45  -148.44    21.79   135.34     0.00
  50    0.000    137.48  -161.45    52.46    87.80   -61.32   -62.81   169.48   -90.59     0.00
  51    0.000    105.65    73.49    99.87    70.96   119.65  -132.91   -55.76   -84.26     0.00
  52    0.000    -55.73   -71.75   -47.52  -148.80   -39.39  -139.09   -72.34   -53.20     0.00
  53    0.000     91.70    75.98    38.12  -141.06   -66.73  -128.24    27.91   121.99     0.00
  54    0.000    -81.60    38.28  -112.13   -25.45     8.63   103.50   -62.47   -89.73     0.00
  55    0.000   -106.78   -65.69  -179.89   159.12    83.12    60.63  -170.71  -154.92     0.00
  56    0.000    135.41  -178.89    62.72    76.33   -59.80   -58.61   165.28   -54.91     0.00
  57    0.000    111.42   156.31   -58.78   -81.69    54.65    49.12   -75.85   -56.03     0.00
  58    0.000    -70.76  -156.78    85.18    93.89   124.94  -128.44   158.70    82.49     0.00
  59    0.000    -51.20   -71.52   -50.00  -127.76  -108.13   -62.43   -72.05   -61.19     0.00
  60    0.000    176.93  -147.01   166.28  -178.01   -25.73  -128.75   -58.46   -95.76     0.00
  61    0.000    -61.51   -75.68    67.90    70.61  -121.70   -60.05   -77.16   -60.84     0.00
  62    0.000    109.65    82.30   -78.18   -59.02   -38.76  -145.90   135.01    32.09     0.00
  63    0.000    -47.36   -70.30  -146.03   -56.96   -27.61  -148.16   -78.13   -53.32     0.00
  64    0.000    122.94   170.95   -32.70  -145.38  -126.04   -75.29    18.85  -150.11     0.00
  65    0.000    -72.69   -67.67   133.96   142.64  -100.49  -148.01   -63.90   -77.46     0.00
  66    0.000     95.86   120.58    75.56    79.34   -63.86   -73.79    84.19    42.08     0.00
  67    0.000    173.62  -164.92   171.30   152.23   -18.80  -130.40   -62.67   -87.00     0.00
  68    0.000    101.71    92.48    30.19   156.20   -76.34   -71.42    84.71    39.06     0.00
  69    0.000     86.60  -175.49    85.65    81.36   -66.29  -137.75   132.84    61.47     0.00
  70    0.000    -71.93   -80.07    63.93    87.16  -132.25   -63.50   -68.21   -59.14     0.00
  71    0.000     87.18    80.31   140.25    73.74   -68.63  -129.64   115.18    37.11     0.00
  72    0.000    167.44   169.23   170.38   160.96   154.22  -154.83   -59.56   -84.88     0.00
  73    0.000   -103.89   -68.52  -167.46  -137.91   166.46  -152.67   155.49  -149.93     0.00
  74    0.000   -140.34   -68.57    90.32    98.21   124.84   167.18  -174.45  -112.96     0.00
  75    0.000   -101.38   -82.58  -138.71  -122.91  -139.80  -119.05   -57.77   -82.38     0.00
  76    0.000    -46.53   -70.19  -145.21   -55.75   -30.31  -148.60   -75.18   -53.25     0.00
  77    0.000    112.03    72.97  -143.91   -77.57  -102.60   -75.29   -77.75   -74.01     0.00
  78    0.000   -115.67   -68.86  -159.81   152.13   -31.76  -145.20    71.52    65.46     0.00
  79    0.000    -77.95   -57.01   124.43   137.84  -115.69  -139.79   -64.27   -77.48     0.00
  80    0.000     66.20    72.10   139.80   125.99   -63.72  -138.23   -77.10   -71.35     0.00
  81    0.000    172.59  -164.73   114.39   158.14  -142.64  -138.81   -63.44   -76.41     0.00
  82    0.000    127.00    81.62   -76.55   -85.68  -153.29  -143.20    89.36   -89.26     0.00
  83    0.000    151.74   -25.71   104.90   137.44   -49.93  -105.33  -157.15   -66.13     0.00
  84    0.000     80.77    79.62   130.84   127.84  -141.81   -64.68   -38.90  -145.11     0.00
  85    0.000    137.57    75.75   -66.49   -93.96   156.90    53.82  -111.48  -137.32     0.00
  86    0.000     81.60  -131.02    97.29    77.93   -58.48  -136.41   -85.41   -52.94     0.00
  87    0.000   -108.96   -65.86  -178.93   161.14  -134.89  -142.68  -178.12  -136.46     0.00
  88    0.000     71.85    71.71   165.26    76.04   -68.61   -96.16  -155.74   -54.54     0.00
  89    0.000    125.29  -157.37   -35.98   154.67    17.53  -160.68   -55.57  -111.24     0.00
  90    0.000    131.62   150.12   -54.23  -102.36  -131.13   -64.48   -57.70   -54.66     0.00
  91    0.000    -44.66   -77.50   -50.39  -122.87  -113.53   -64.36   -66.59   -59.48     0.00
  92    0.000     24.30   -62.65    93.54    64.17   111.93  -105.16  -151.75   -64.77     0.00
  93    0.000    -74.06   -84.65   -30.77  -177.47  -104.19   -58.26   -23.18  -120.68     0.00
  94    0.000    101.07    76.41   -62.79   -67.99   129.05    61.98   -76.83  -147.38     0.00
  95    0.000     97.91    59.85  -141.08  -127.24    63.16  -140.83    41.94    62.68     0.00
  96    0.000    116.89    66.03   169.58   164.70  -159.99  -148.71  -174.03  -145.92     0.00
  97    0.000    121.05   176.97   -33.22   173.45   -85.58   -64.68   -19.74  -149.04     0.00
  98    0.000   -164.06  -174.71   137.66  -177.23    77.05    69.80   -43.61  -122.81     0.00
  99    0.000    112.70   172.37  -162.23   -78.09    51.46  -167.27   -70.68  -154.79     0.00
 100    0.000    -65.78   -99.80   -91.66   -81.74    63.43    56.65   -57.53   -61.79     0.00
 101    0.000    -70.67   166.39   157.36    78.79   -63.23  -126.11   -43.85  -149.57     0.00
 102    0.000   -154.36    51.55  -102.19  -127.03   -61.45  -122.51    56.73  -148.40     0.00
 103    0.000    110.15    63.81  -179.57   175.07  -169.14  -143.65  -164.25   -72.57     0.00
 104    0.000    106.35    92.74   -21.34   -86.79    64.90    64.37   -44.05  -125.89     0.00
 105    0.000    178.82   -73.58   100.34   -32.92   -58.39  -138.15    59.82    67.90     0.00
 106    0.000    -79.38   -62.94   132.92   136.93  -111.08  -153.93   -51.57   -75.15     0.00
 107    0.000    -59.20   -75.28    67.22    66.63  -115.55   -54.26   -91.32   -55.47     0.00
 108    0.000    121.26    77.32   -69.68   -65.96    94.46    52.91  -160.24   -60.21     0.00
 109    0.000    -50.51   -72.90  -106.53   -86.30  -101.24  -118.28   105.93    72.81     0.00
 110    0.000    130.61   175.10   -33.41  -179.76   -96.69   -75.31    10.14  -160.00     0.00
 111    0.000    -40.14  -155.59  -142.54   -71.98   -21.74  -128.32   132.89    39.44     0.00
 112    0.000    107.96  -109.66   -39.61  -130.22   -34.66  -152.84   -71.26   -53.21     0.00
 113    0.000   -165.08  -134.99   163.07   162.93  -170.74  -148.91   147.11  -144.33     0.00
 114    0.000    127.72   161.03  -129.12   -78.47    40.19  -176.15   160.94   -57.28     0.00
 115    0.000    107.70    56.48  -156.62  -153.39  -147.49  -140.84   161.96  -139.11     0.00
 116    0.000    120.83   171.06    58.65    97.20  -172.81   -57.43   -56.49   -69.89     0.00
 117    0.000    -84.93   170.71   116.94    79.05   -70.87   -66.34    94.46   -52.29     0.00
 118    0.000    114.08    68.75   168.04  -136.90   -68.93  -147.66    67.15    81.90     0.00
 119    0.000    116.61   174.94   -32.12  -153.22  -122.50   -78.32    26.34  -152.31     0.00
 120    0.000    104.09    75.02   100.47    62.32   175.57  -140.27    24.91   124.65     0.00
 121    0.000   -101.77   -78.44  -169.19   165.38   -46.20  -130.29   -58.12   -81.15     0.00
 122    0.000     36.00   -82.90  -165.53   -20.37   -20.55   146.70    85.21  -141.93     0.00
 123    0.000    145.95    78.67   -75.49   -64.61   136.49   -58.97   123.27   120.71     0.00
 124    0.000   -153.05   -69.88    89.52    95.39   120.34  -122.73   158.81   -48.69     0.00
 125    0.000    147.62  -142.39   166.24   -44.25   -61.97  -116.93   -59.46   -91.42     0.00
 126    0.000    123.38   163.96   -79.56   -77.23    65.32    46.40   -72.48   -49.78     0.00
 127    0.000    121.75  -172.11    59.28    61.81  -143.24    31.30   -94.28  -136.32     0.00
 128    0.000    -38.83   -87.41  -173.53   -72.45    96.22    55.07    50.65  -151.43     0.00
 129    0.000   -165.07  -130.28   -94.15   -66.08   154.26  -165.73  -171.29  -143.13     0.00
 130    0.000    131.89    75.65   -78.96   -89.47  -176.21   -71.50    91.56  -154.59     0.00
 131    0.000    152.06   161.99   169.55   171.13   163.37  -151.93    33.40   117.46     0.00
 132    0.000   -165.66   -72.47  -162.62  -161.23   160.73  -152.91  -160.97  -137.09     0.00
 133    0.000    116.03    67.64   160.96   140.94  -178.22  -150.14  -168.69  -140.99     0.00
 134    0.000    -67.05   -78.41    76.92    77.79   -57.49  -123.18   -81.91   -50.61     0.00
 135    0.000    124.51   176.80   -28.38  -173.60  -113.83   -78.44    31.89  -158.56     0.00
 136    0.000     64.29    69.69   156.92   107.23   -64.31  -122.87  -104.84   -62.49     0.00
 137    0.000     81.47   125.42   117.71   115.65   -68.38  -151.01   -64.45   -74.52     0.00
 138    0.000    -47.68  -109.07   -27.34  -176.75  -109.25   -65.53    -8.48  -130.33     0.00
 139    0.000    -64.92   -76.18    67.13    75.38  -126.19   -61.61   -70.21   -58.87     0.00
 140    0.000    110.46    67.26   157.15  -172.04   -44.42  -144.40   -52.14   -88.74     0.00
 141    0.000    -62.94   -75.19    68.24    67.82  -118.90   -60.15   -78.27   -61.09     0.00
 142    0.000     74.61   124.73    50.24    98.00    13.51  -147.60    62.61    41.18     0.00
 143    0.000   -149.13   -60.67   -40.20  -113.76  -171.06    40.08    79.63  -134.64     0.00
 144    0.000   -103.81   -70.11  -166.03  -112.55  -169.25  -136.06   163.10  -144.08     0.00
 145    0.000     90.34   -75.01   -40.14  -126.82   -48.25  -144.13   -65.10   -54.98     0.00
 146    0.000    135.29    75.49   -68.47   -78.30   140.28    52.55  -104.86  -136.88     0.00
 147    0.000     99.79    65.75    34.54   162.27   126.48    61.58   -71.40  -136.53     0.00
 148    0.000   -103.36   -79.25  -119.71  -131.04   -38.33  -149.89    80.46    76.46     0.00
 149    0.000   -106.69   -76.21  -164.46   171.25   -62.84  -152.18    62.80    86.38     0.00
 150    0.000    175.41  -166.09   154.63   151.39    69.55    76.43   150.76  -139.33     0.00
 151    0.000    -62.24   -75.11    68.34    69.11  -121.61   -60.45   -75.36   -59.06     0.00
 152    0.000     91.25   120.77    90.22    77.58   -66.66   -71.80   150.15   -47.58     0.00
 153    0.000    -56.71    50.58  -107.57  -105.00   -54.86  -141.65    38.50  -144.93     0.00
 154    0.000    -61.19   152.67   -39.76   -74.69    85.74    71.57   -39.28  -133.48     0.00
 155    0.000    125.24   159.10    75.97    75.25   -62.60   -62.98   165.04   -59.88     0.00
 156    0.000     75.78   -85.93   -30.03  -138.02  -127.34   -64.51   -15.72  -122.32     0.00
 157    0.000   -164.09   -71.15  -178.01  -177.02   152.08  -155.01   111.24  -168.66     0.00
 158    0.000    162.37   -73.40   164.60  -162.48   102.20    72.70   -46.19  -135.56     0.00
 159    0.000    125.76   171.36   -57.60   -91.53  -155.17   -76.25    45.53  -159.33     0.00
 160    0.000    -79.41   -67.10   -40.27  -131.38  -149.97   -71.47   101.19   156.92     0.00
 161    0.000   -100.23   -73.62    80.09    88.03   151.88    50.95    85.58  -146.45     0.00
 162    0.000    -59.38  -151.95  -150.48   -80.43    54.86  -162.14   -61.37  -147.95     0.00
 163    0.000    -55.22   -69.79   -56.17  -119.43  -112.38   -62.87   -65.40   -65.60     0.00
 164    0.000    120.83    81.73   -64.39   -76.45  -174.24   -64.09   -65.65   -57.49     0.00
 165    0.000    109.59    47.76  -130.59   -71.72   -75.53  -139.14    28.41   123.65     0.00
 166    0.000    105.12    73.08  -146.35   -73.35   -99.93   -77.83   -77.95   -73.04     0.00
 167    0.000    142.40    -4.15    86.46   116.64   -52.00   -64.89   -42.83  -165.59     0.00
 168    0.000     83.48    69.85  -176.52    79.06   -65.23  -128.99   -60.52  -143.67     0.00
 169    0.000    129.30   179.74   -34.41  -170.19  -112.25   -81.18    72.87   142.59     0.00
 170    0.000    -74.91   -98.91   176.76    86.96    20.87  -154.00   -81.84   -75.83     0.00
 171    0.000    -88.21   144.68    57.79  -168.69   -40.65  -137.13   -52.96  -110.87     0.00
 172    0.000    164.49   151.51   125.00  -149.73   -73.65  -125.74   -57.61   -79.59     0.00
 173    0.000    -94.78   -79.85    62.05    67.42   -89.67   -50.31   151.30  -141.02     0.00
 174    0.000   -106.18   -77.93    69.25   105.49   135.40    52.62  -172.48   -56.97     0.00
 175    0.000   -138.46  -122.29   141.74    68.42   -99.78    49.90  -174.94  -148.59     0.00
 176    0.000    -68.67   -62.49   125.56   133.97  -116.38  -141.58   -64.29   -74.89     0.00
 177    0.000    111.46   -48.07   126.77   128.72   -44.71  -127.26   -83.77  -140.86     0.00
 178    0.000    -61.98   174.75   -48.34  -137.53   135.15    59.69   -33.64  -138.51     0.00
 179    0.000    -29.85   -69.80   -58.83  -117.71  -113.14   -59.51   -69.26   -67.51     0.00
 180    0.000     84.94    80.02    38.17   123.54   129.18    44.20    73.18    50.97     0.00
 181    0.000     61.09    80.78   142.13    78.80   -77.76   -89.12   169.76   -46.28     0.00
 182    0.000   -170.80  -161.17   177.59  -176.83   -55.16  -150.02    80.67    69.01     0.00
 183    0.000    111.29   167.50   -67.34   -81.52    54.63    42.22   -62.86   -42.41     0.00
 184    0.000    122.68  -153.14   -32.21  -128.94   -82.07  -117.26    -8.07  -141.49     0.00
 185    0.000   -167.78   -76.90  -150.24  -157.58   134.62  -154.04  -178.08  -144.86     0.00
 186    0.000    145.00   169.71  -126.54   -82.73    43.08   174.32   166.45   -58.74     0.00
 187    0.000   -102.38   -87.64    77.33    81.61   163.09  -123.51   102.29   -90.81     0.00
 188    0.000    104.46    75.64    31.92   141.32   148.58    51.96   -72.83  -143.39     0.00
 189    0.000    137.62   153.60   -50.52  -106.73  -136.94   -63.25   -43.64   -57.33     0.00
 190    0.000    146.67   179.35    63.40    60.44  -137.40    45.67  -122.64  -136.05     0.00
 191    0.000    -71.13   -75.33   140.92   137.77  -110.03  -140.27   -63.47   -84.72     0.00
 192    0.000    132.75  -173.10    66.21    78.20   -65.40   -72.48   177.09   -47.26     0.00
 193    0.000    151.28  -178.64   -72.36   -88.80  -145.79   -71.32    92.71  -173.65     0.00
 194    0.000    -49.11   -70.14  -145.74   -51.47   -40.59  -138.48   -78.21   -55.16     0.00
 195    0.000    113.68   169.02  -160.43   -78.38    47.45  -166.66   -69.67  -146.62     0.00
 196    0.000    -79.33   -67.40   129.76    68.40   172.70   -82.57    67.55  -152.70     0.00
 197    0.000   -143.77   -72.58    72.32    88.95   163.31    55.36  -174.56   -59.62     0.00
 198    0.000     64.05    76.93   135.44   128.99   -73.08  -133.45   -71.55   -81.36     0.00
 199    0.000   -139.79   -87.56    94.19    79.75   168.71    40.91    68.53  -152.76     0.00
 200    0.000     70.11    72.46   136.69   116.25   -78.30  -134.81    67.33    55.43     0.00
 201    0.000    122.96   164.93   -28.16   158.30   -73.05   -70.34   -10.24  -155.85     0.00
 202    0.000    159.68    61.73   -84.01  -114.27   -94.15   -99.08    22.31  -130.36     0.00
 203    0.000    -62.87  -111.86  -168.82   -80.17    56.90  -167.89   -52.49  -152.29     0.00
 204    0.000    111.39    68.38   162.66   151.42   -50.82  -137.87    66.30    68.17     0.00
 205    0.000    -52.91   -72.55   -46.55  -128.05  -114.88   -61.03   -65.36   -60.82     0.00
 206    0.000    -56.67   -83.14    62.41    82.94  -132.00   -61.59   -74.61   -59.41     0.00
 207    0.000    104.17   172.80   -25.36  -159.39  -113.99   -67.30    -7.82  -141.97     0.00
 208    0.000    153.98   148.02  -145.28  -130.90  -160.91  -134.99   135.87  -149.67     0.00
 209    0.000    117.63   168.69  -159.31   -77.90    46.84  -165.02   -74.68  -146.34     0.00
 210    0.000     97.18   121.16     5.72  -170.58   110.00    61.59   -65.22  -136.32     0.00
 211    0.000    118.02   178.55   -29.64   154.19   -65.72   -72.40    88.91    49.24     0.00
 212    0.000    -46.53   -79.53   -48.37  -120.84  -117.46   -64.81   -63.28   -52.37     0.00
 213    0.000    138.03   175.79   -64.78   -91.79  -154.11   -68.26   114.27   122.47     0.00
 214    0.000   -170.56  -161.06  -173.75  -148.09  -169.26  -152.39   -45.42   -87.41     0.00
 215    0.000    117.72    61.48    88.35    85.47    96.56   135.78   -99.21   -89.05     0.00
 216    0.000    131.50    76.94   -72.73   -95.60  -171.80   -72.30   127.69   120.62     0.00
 217    0.000    132.57   148.19   -55.80  -100.15  -131.74   -66.25   -59.21   -55.20     0.00
 218    0.000    163.33   -97.38   167.21  -165.03   103.87    70.43   -44.78  -130.96     0.00
 219    0.000     86.18    71.25   178.74    79.68   -57.94  -135.07   -62.45  -144.33     0.00
 220    0.000    179.53  -176.41  -172.01   -70.45   130.56  -153.36    66.73    75.65     0.00
 221    0.000    -35.70   -77.70  -101.78   -83.90  -113.61   -80.75   -35.39   -72.67     0.00
 222    0.000    -69.41   -82.12    58.33    66.90   -94.14   -52.88   154.17    49.70     0.00
 223    0.000    -57.19   -96.61   161.55   135.64   -63.38  -151.17   -57.47  -115.04     0.00
 224    0.000    -61.50   -67.24   176.49   -48.60   -51.72  -126.56    35.79  -155.92     0.00
 225    0.000    -61.35   -48.37   127.29    73.47    13.30  -111.54  -141.57  -132.64     0.00
 226    0.000    113.98  -151.71   -36.26  -157.63   -40.02  -140.30   -64.57   -69.39     0.00
 227    0.000    116.32    82.43   -77.16   -57.69   -41.41  -146.71   142.36    37.57     0.00
 228    0.000    158.87  -163.74   126.35   145.78   177.78    62.03  -165.57  -150.81     0.00
 229    0.000    167.16  -169.95   168.52   170.30   -48.47  -147.46    74.50    68.51     0.00
 230    0.000    -62.59   -78.82  -176.08   -86.74    53.54  -168.21   -50.79  -140.79     0.00
 231    0.000    -50.06   -70.38  -110.47   -90.06  -125.93   -75.22    65.70   127.92     0.00
 232    0.000    129.33   164.51   -63.94   -93.25  -128.20   -67.04   -62.91   -69.64     0.00
 233    0.000    151.45   -32.79   112.80   130.04   -52.31  -100.66  -156.18   -75.20     0.00
 234    0.000    155.13   166.09  -177.67   177.17   168.84  -151.15   -58.24   -91.48     0.00
 235    0.000    -78.54   -83.45  -106.21   -54.57   170.25    48.94    47.11   -81.36     0.00
 236    0.000   -107.61   -62.37   177.09   151.79   -64.33   -77.29  -165.96  -132.57     0.00
 237    0.000   -104.10   -60.92   169.83   168.08   -62.29   -83.87  -176.69  -144.17     0.00
 238    0.000    -60.76   -98.77   163.98   134.70   -57.40  -148.08   -61.49  -113.87     0.00
 239    0.000     89.41    80.17   176.41    78.33   -64.36  -127.35   -61.05  -143.60     0.00
 240    0.000     67.47    77.43   143.64    78.33   -75.49   -93.04   172.32   -43.69     0.00
 241    0.000    -45.67   -70.86  -146.83   -53.40   -31.67  -148.78   -73.55   -54.48     0.00
 242    0.000    114.44   120.75    91.43    75.13   -69.18   -79.40   156.62   -49.12     0.00
 243    0.000     97.28    61.41  -131.70   -71.46  -164.81    56.18  -101.98  -141.62     0.00
 244    0.000    -49.79   -79.10   -46.11  -121.91  -118.80   -63.12   -63.45   -54.16     0.00
 245    0.000    -69.34   -77.93    66.79    78.41  -125.46   -62.36   -73.73   -60.23     0.00
 246    0.000    -50.34   -69.91  -173.97   -67.50   -30.75  -114.51   160.12    44.62     0.00
 247    0.000     78.06    75.51   126.23    80.10   105.35    65.45   -64.65  -144.61     0.00
 248    0.000    146.85   160.77  -121.89   -81.33    33.40  -169.25   174.49   -53.09     0.00
 249    0.000    -99.97   -63.18  -178.80  -163.16   -64.90   -72.83   170.87  -141.26     0.00
 250    0.000    102.95    70.28    94.35    61.28    58.46   -82.24   -81.76   -82.48     0.00
 251    0.000    -48.23   -77.22   -47.06  -123.62  -117.29   -63.32   -63.78   -52.14     0.00
 252    0.000    -69.49   -67.96   159.82   -75.67    74.63  -165.04   -38.77  -138.29     0.00
 253    0.000    101.14    63.43    34.82   163.50   124.34    60.69   -71.56  -134.96     0.00
 254    0.000    119.04   169.29   -35.23   176.71   122.88    65.60   -56.13  -133.33     0.00
 255    0.000    141.89   -44.38   126.97   120.67   -55.49   -89.78  -129.77  -124.92     0.00
 256    0.000   -144.85   -71.69   110.88    86.62   177.37  -142.18   -57.31   -79.83     0.00
 257    0.000   -163.78  -134.47   129.79   148.65    70.87  -176.98   178.62  -143.99     0.00
 258    0.000     93.01   -73.23   -38.67  -129.04   -48.20  -144.33   -65.83   -52.28     0.00
 259    0.000    112.78    59.99  -170.69  -173.59  -136.76  -137.53   165.76  -154.86     0.00
 260    0.000     70.02   111.91    58.15    98.64    12.10  -149.15    61.06    44.98     0.00
 261    0.000    143.81    63.05  -139.93   -69.21   -80.18  -143.28   -21.66   -90.18     0.00
 262    0.000    128.22  -133.23   -58.61  -139.08    88.82    53.98  -158.15    42.87     0.00
 263    0.000    157.95   178.84   133.94  -156.21   -61.95  -130.22   -61.99   -84.60     0.00
 264    0.000    -62.76   115.80  -136.28   -79.40    63.76  -144.16   173.72  -121.81     0.00
 265    0.000     98.29   120.69    74.54    79.47   -63.23   -72.23    82.66    39.81     0.00
 266    0.000    129.91   162.15    87.05    78.35   -54.29  -113.97  -162.59   -48.52     0.00
 267    0.000    131.49   177.16   -63.06   -89.42  -156.42   -70.13   114.26   122.37     0.00
 268    0.000   -102.92   -71.33  -151.45  -111.83   -76.15   -70.00   165.35  -144.06     0.00
 269    0.000    111.62    72.47   142.69    66.09   -94.03  -129.35   152.41  -166.64     0.00
 270    0.000   -160.63   -71.62    76.34    92.85  -157.89    45.47  -118.22  -132.17     0.00
 271    0.000    144.67   144.08   -55.28  -100.21  -132.15   -66.89   -55.51   -50.56     0.00
 272    0.000    114.07    69.38   100.21    69.75   135.44  -157.34  -167.34  -140.04     0.00
 273    0.000   -145.07   -75.79    92.02    85.12   149.84  -155.78   -76.51   -85.05     0.00
 274    0.000     85.50  -155.24    48.43   129.42  -148.55   -78.96    22.47  -155.16     0.00
 275    0.000     88.67   167.47    64.90   143.93  -116.76  -119.57    28.88  -158.75     0.00
 276    0.000    -45.79   -69.63  -168.62   -75.45    57.22   176.46  -166.99   -54.90     0.00
 277    0.000    107.69    65.80   173.77    95.24  -167.91  -149.09   159.58  -150.01     0.00
 278    0.000    167.75   -70.29   155.78  -158.53   102.80    71.95   -43.57  -132.40     0.00
 279    0.000    106.80    77.08   -67.35   -73.05    74.66    65.23   135.66    31.74     0.00
 280    0.000    139.28   111.68  -143.07   -76.59    35.91  -172.86   109.82  -175.89     0.00
 281    0.000    -95.17   -83.27    66.95    84.68   159.47    56.57  -177.42   -57.47     0.00
 282    0.000    -75.83  -156.78   143.88    76.97   -62.61  -134.75  -170.99  -112.58     0.00
 283    0.000   -152.06   -74.31  -148.57   -73.77    67.95  -135.40   -70.18  -150.17     0.00
 284    0.000    124.43   170.55   -38.65  -137.71  -131.89   -80.41    47.07  -174.75     0.00
 285    0.000    -65.50   -76.40  -175.43   -68.73   117.17    63.04    20.07  -149.93     0.00
 286    0.000    147.31    82.73   -73.72   -72.17    98.97   -79.40   166.23    73.88     0.00
 287    0.000    136.48   125.76  -123.89   -79.05    16.34  -157.69   164.29   -48.34     0.00
 288    0.000    -46.88   -73.21  -108.77   -86.62   -94.20  -123.29   131.13    41.26     0.00
 289    0.000    126.57    76.17   -74.00   -75.80   116.75    49.17  -178.01   -93.43     0.00
 290    0.000     99.39  -132.64   -64.78  -154.91   -64.19   -89.90   164.71    59.13     0.00
 291    0.000    136.94   160.50  -127.12   -79.60    41.15  -178.05   163.24   -61.81     0.00
 292    0.000     84.81   -78.77    62.18    72.37   -95.18   -72.88   173.69    49.44     0.00
 293    0.000    -68.51   -87.89  -137.75   -68.84   -30.92   -67.67   155.81   -47.77     0.00
 294    0.000   -164.51   -71.38    85.59   151.29   -83.51  -132.46   177.23    34.56     0.00
 295    0.000     99.45    78.20   -75.38   -67.45   -56.89   -88.34   151.89   -42.31     0.00
 296    0.000    147.97    82.93  -102.38   -69.15   140.01  -156.34   169.75  -137.87     0.00
 297    0.000     92.85    69.50    35.12   159.58   119.41    64.21   -55.58  -137.40     0.00
 298    0.000     82.53    81.26   154.17    96.26   -98.61  -140.69    14.52  -149.83     0.00
 299    0.000    111.12   168.80  -163.27   -78.81    46.80  -162.15   -67.96  -146.03     0.00
 300    0.000    -52.87   -56.45   114.13   113.28    -3.29    69.09   -70.50   -60.74     0.00
 301    0.000   -137.61    33.60  -102.10  -127.96     9.01  -151.51   -98.21   -57.91     0.00
 302    0.000     69.14    72.33   135.90   127.36   -63.19  -140.93   -73.25   -79.72     0.00
 303    0.000    106.22    73.92   100.34    69.39   128.69  -140.21    37.60   129.41     0.00
 304    0.000    177.48   172.24  -142.79  -120.18   135.88  -144.09   154.39  -141.04     0.00
 305    0.000    139.61   161.18   -45.94  -110.13  -137.82   -61.81   -39.80   -68.52     0.00
 306    0.000   -163.98  -158.07  -154.77  -153.32   155.09  -142.15   -55.48   -96.60     0.00
 307    0.000    102.31    66.60    33.53   161.89   126.42    63.36   -72.43  -136.04     0.00
 308    0.000    126.26   172.94    64.59    75.38   -60.55   -63.03   174.85   -50.03     0.00
 309    0.000    102.08    76.96   -69.90   -73.16    77.75    67.05   123.47    42.72     0.00
 310    0.000     72.60   -84.89   110.59    66.45   -95.60  -143.86    52.78  -122.42     0.00
 311    0.000    -63.88   -82.65  -139.10  -121.83    53.26  -159.42   -49.84  -113.36     0.00
 312    0.000    -59.07   -73.70   -43.72  -128.86  -117.12   -60.98   -65.35   -56.42     0.00
 313    0.000   -106.76   -66.71  -158.93   165.19   -47.69  -140.47    43.14   144.77     0.00
 314    0.000     89.72    84.75   134.16    75.09   -62.74  -132.77   117.07    35.43     0.00
 315    0.000     80.90  -124.24    87.51    77.15   -57.69  -126.01  -101.33   -54.91     0.00
 316    0.000    136.11    77.02   -74.64   -67.38   147.14   -54.67   120.40   120.89     0.00
 317    0.000   -145.83   -58.66   -33.78  -125.23   178.50    46.67  -168.85   -82.50     0.00
 318    0.000   -139.98   -78.16    91.37    81.86  -175.77  -153.40   168.76  -137.82     0.00
 319    0.000   -174.27   179.05     1.05   153.50    11.39  -149.04   122.13     7.95     0.00
 320    0.000    163.03   147.05   127.40  -160.17   -43.49  -140.03   -60.84   -82.63     0.00
 321    0.000     76.57    75.79   155.47    74.23   -71.67  -139.61   137.29    37.45     0.00
 322    0.000    104.63   104.24    21.33   147.54   -68.16   -71.26    84.18    40.69     0.00
 323    0.000    -68.39   160.18    98.43   146.06  -114.59   -65.45   -30.55  -148.72     0.00
 324    0.000    148.95    93.34   -98.56   -78.32    -5.62  -152.56   173.66   -45.73     0.00
 325    0.000    150.58   138.34  -154.39  -103.70  -164.97  -149.73   167.13  -147.00     0.00
 326    0.000    -47.10   -76.19   -51.25  -122.95  -110.15   -66.42   -67.34   -58.72     0.00
 327    0.000     66.76   -80.08    67.65    70.06  -136.14   -78.90    48.12  -144.67     0.00
 328    0.000    107.68    50.22  -140.61   -85.91    20.36  -127.74   107.86  -157.26     0.00
 329    0.000     89.19    95.91   116.91    74.61   -76.79   -91.69   102.10    36.76     0.00
 330    0.000    120.34   156.78   -42.28  -100.21  -146.49   -69.74     6.74  -143.60     0.00
 331    0.000    136.84    77.44   -66.26   -99.86   160.84    53.60  -109.78  -132.67     0.00
 332    0.000    113.44    61.98  -177.38  -172.77   175.42  -137.49  -162.56  -138.33     0.00
 333    0.000    116.73    64.79   179.42  -162.03  -172.86  -148.52  -174.47  -137.32     0.00
 334    0.000    140.70    74.19   -73.36   -65.05   137.85   -57.24   109.67   139.99     0.00
 335    0.000    133.10  -169.11    62.12    76.21   -60.82   -63.90   172.91   -52.86     0.00
 336    0.000    -43.82   -71.54  -143.26   -52.82   -34.98  -150.56   -69.56   -51.44     0.00
 337    0.000     80.29    77.42   137.27   123.58  -135.10   -66.18   -40.16  -151.22     0.00
 338    0.000    -63.83   -67.00   -42.85  -156.07  -118.55   -62.46   137.89    69.38     0.00
 339    0.000     87.13    71.88  -177.46    78.48   -59.77  -134.68   -61.65  -138.07     0.00
 340    0.000    -71.32  -160.43    40.11    84.06   -50.18   -58.32    83.82    51.18     0.00
 341    0.000   -103.65   -61.08   161.65    71.75  -102.24  -135.77   158.09  -168.67     0.00
 342    0.000    -79.48   -81.16  -103.50   -59.71  -173.73  -120.12   -48.28   -85.46     0.00
 343    0.000    127.64   163.95    77.01    74.60   -63.88   -69.04   171.31   -53.48     0.00
 344    0.000     60.84    75.07   136.80   128.55   -68.96  -133.76   -74.06   -77.58     0.00
 345    0.000    143.11    74.08   -83.72   -91.69  -134.41  -141.57    93.58   -96.96     0.00
 346    0.000    -79.62   148.58   114.98    77.68   -67.11   -68.86   155.32   -45.22     0.00
 347    0.000    143.58   165.42   -34.52  -152.94  -115.05   -75.55     0.61  -144.39     0.00
 348    0.000   -150.27   -80.03   104.93    95.09   128.49  -117.50    85.71  -119.89     0.00
 349    0.000   -117.38   -61.40   162.58   -76.29    59.70  -156.26    18.50   158.17     0.00
 350    0.000    -67.49   150.90    22.27   178.90   111.46    65.99   -48.49  -131.82     0.00
 351    0.000    114.03   116.03  -113.28   -78.53    27.18  -169.50   162.17   -54.20     0.00
 352    0.000     98.69    59.13  -129.10   -77.08  -148.46    62.59   -97.29  -143.18     0.00
 353    0.000    122.78    73.95   -71.44   -67.14    98.59    56.79  -168.93   -57.05     0.00
 354    0.000    118.14  -174.38   -65.14   -87.61    55.26    57.05   -68.28   -54.38     0.00
 355    0.000    -88.77   -62.23   137.57    76.52   141.92  -127.25   -64.79   -79.41     0.00
 356    0.000    170.47    78.84   -69.51   -67.29   156.53   -71.19    85.45   165.29     0.00
 357    0.000    138.09    85.37   -64.14  -154.99    39.23  -156.82    69.02    39.66     0.00
 358    0.000    -68.37    84.62    50.69   157.68    49.78   110.00   171.09   -63.63     0.00
 359    0.000    116.03    74.21   154.65  -179.07   121.19    69.89   -55.68  -123.15     0.00
 360    0.000    143.24    78.78   -63.52  -103.21   164.38    56.25  -133.06  -117.07     0.00
 361    0.000     66.70    75.90   135.38   123.33   -58.92  -145.45   -75.43   -73.60     0.00
 362    0.000    114.22    65.13   172.06   178.05    59.26  -176.18   178.83  -136.21     0.00
 363    0.000    114.79    65.45   170.06   118.77    62.18  -159.73   167.99  -144.15     0.00
 364    0.000    -69.16   -77.17    66.96    77.22  -123.70   -62.53   -74.29   -59.62     0.00
 365    0.000    114.14   175.67   -60.35   -88.56    49.96    56.03   -63.57   -53.26     0.00
 366    0.000   -169.82  -160.27   160.20   178.58   -44.30  -137.11   -51.50   -83.46     0.00
 367    0.000    102.20   170.88   -43.71  -172.31   125.92    64.32   -51.26  -131.36     0.00
 368    0.000    112.05  -154.26   -37.31  -146.06   -32.88  -153.35   -65.20   -70.46     0.00
 369    0.000    134.82  -175.29    66.15    76.01   -64.71   -64.65   173.17   -48.16     0.00
 370    0.000    116.83  -172.26   -62.98   -88.36    53.11    57.47   -64.98   -53.33     0.00
 371    0.000    118.51    74.32   -72.25   -69.57   101.99    58.58  -178.13   -56.86     0.00
 372    0.000    115.30    76.09   -67.79   -69.38   169.54   -61.33   -27.11  -117.98     0.00
 373    0.000     96.89  -136.94    53.61   101.05  -160.45   -77.04    41.54  -154.11     0.00
 374    0.000    171.39   -73.68   163.56  -148.66   -19.49  -141.05   -59.17   -99.99     0.00
 375    0.000   -165.40    81.68    38.45   138.85   163.56   101.29  -103.89  -133.20     0.00
 376    0.000    -52.25  -109.80   -91.19   -79.69    64.99    62.87   -66.57   -51.42     0.00
 377    0.000    -73.70  -176.89   142.15    84.16   -81.93  -131.37    -4.45  -152.26     0.00
 378    0.000    -65.60   157.42    24.78   173.25   122.86    63.23   -54.48  -139.26     0.00
 379    0.000    -70.38   171.70    43.62   169.93  -119.84   -75.50    73.15   125.47     0.00
 380    0.000    147.14    75.23   -73.22   -65.39   135.51   -58.25   120.46   123.97     0.00
 381    0.000    142.32    82.31   -90.78   -84.36     8.10  -164.86   172.61   -54.60     0.00
 382    0.000    -64.90   153.60    33.60  -173.77   103.98    63.82   -63.98  -138.19     0.00
 383    0.000   -104.78   -73.53  -160.81   -88.64  -154.59  -148.13    79.97    68.62     0.00
 384    0.000   -141.84   -75.41    69.28   166.25   -85.97  -151.61   -70.19   -49.58     0.00
 385    0.000    135.13    76.25   -73.17   -63.35   139.89   -54.99   123.02   117.38     0.00
 386    0.000    -48.27   -69.92  -147.03   -56.21   -27.98  -148.71   -77.04   -54.31     0.00
 387    0.000    126.69  -178.79   -30.02   149.45   -72.13   -77.04     4.58  -160.47     0.00
 388    0.000   -106.80   -66.88  -176.31   133.16    15.47  -155.76   -59.75  -104.44     0.00
 389    0.000    -59.49  -106.64   138.66    78.72   -67.58  -126.71   172.25  -145.11     0.00
 390    0.000    170.08   172.58  -165.43   -73.35   167.11  -142.39   -45.50   -93.45     0.00
 391    0.000    -67.73   159.84    86.98   141.70  -112.13   -66.70   -27.11  -152.46     0.00
 392    0.000    118.41   170.64   -75.70   -78.72    58.02    54.12   -72.26   -45.58     0.00
 393    0.000    143.68    62.79    41.01   116.99   165.30    41.36  -113.31  -132.64     0.00
 394    0.000    116.79  -102.14  -116.76   -66.20   -29.06  -147.59  -173.02    46.08     0.00
 395    0.000    101.44    73.60   -64.15   -65.76   129.46    62.18   -83.81  -147.65     0.00
 396    0.000   -100.64   -65.28   175.94  -175.30   151.14    64.87   159.57  -153.22     0.00
 397    0.000   -153.10   -65.31   100.76    88.12   126.10  -121.37   -58.90   -87.11     0.00
 398    0.000    140.53   172.58    57.94    85.80   155.72  -159.03   -57.74   -96.66     0.00
 399    0.000     24.65    79.83    51.26   124.92   112.19    54.30    78.64    49.35     0.00
 400    0.000    109.67    69.43   162.13    90.07    98.86  -144.44   177.25  -140.86     0.00
 401    0.000     -7.55    77.68   -66.78   -48.45   -38.07  -146.28    68.13    61.54     0.00
 402    0.000     70.05  -112.37    55.59   112.98  -145.06   -77.70   -67.67   -45.52     0.00
 403    0.000    142.09  -165.16   -72.59   -91.51  -146.25   -69.03    90.54   178.99     0.00
 404    0.000    178.01    82.02   135.53   163.30   -27.34  -120.22    46.04    71.82     0.00
 405    0.000    116.40   114.64    83.76    79.23   -67.68   -72.36   152.05   -53.36     0.00
 406    0.000    134.94  -169.13    53.30    81.92   -56.05   -63.68   169.97   -52.69     0.00
 407    0.000     93.06   -93.40   -43.61  -124.53  -120.55   -52.73   -35.21  -135.72     0.00
 408    0.000    100.41   145.55     1.33  -148.75  -124.15   -67.37   -11.11  -150.59     0.00
 409    0.000    127.48  -161.56    80.33    82.52   -54.98  -127.40  -177.43    34.69     0.00
 410    0.000    -69.69   157.72   160.74    79.34   -52.16  -130.88   -51.79  -140.92     0.00
 411    0.000    -87.36   -71.24   143.89    66.42    54.66  -127.20   -58.82   -88.37     0.00
 412    0.000    -45.31   -69.71  -140.84   -75.13  -106.06   -79.00    56.03  -153.28     0.00
 413    0.000    176.10  -165.23   176.83  -173.37   141.25    55.15  -151.72  -150.89     0.00
 414    0.000    110.82    66.43   175.10  -170.25   -60.21  -149.82    73.02    76.16     0.00
 415    0.000    129.16  -140.57   -71.10  -121.26    91.36    55.88  -160.31    43.06     0.00
 416    0.000     78.27    76.78   149.21    74.32   -67.71  -132.92   120.92    36.31     0.00
 417    0.000    -76.35   143.93   145.96    58.19    21.30  -176.98  -164.20   -66.21     0.00
 418    0.000    105.13    71.56   101.82    73.02    99.93  -130.40   -61.29   -86.52     0.00
 419    0.000    107.06    49.48  -131.70   -71.68   -76.21  -144.77    48.59   115.48     0.00
 420    0.000    -73.95   -82.20    78.49    79.62   -54.39  -125.27   -85.78   -52.10     0.00
 421    0.000    128.31    78.57    66.60    83.27   130.29    47.48    80.58  -154.84     0.00
 422    0.000   -160.67   -66.48    92.51    96.96   125.14  -165.50   -60.51    72.91     0.00
 423    0.000    -79.84   -78.98  -106.13   -58.77  -178.71  -132.33   143.53  -149.91     0.00
 424    0.000    -64.14   157.73    94.55    79.70   -63.81   -71.74    77.18    34.12     0.00
 425    0.000    -71.60   164.59   164.51    79.66   -59.66  -106.20   -57.81  -143.70     0.00
 426    0.000    114.62    52.80  -141.05   -68.56   -82.13  -135.46    65.07    77.24     0.00
 427    0.000     83.88  -159.45    49.11   133.57  -154.60   -79.43    26.76  -156.53     0.00
 428    0.000    113.01   165.80   -28.21  -162.27  -108.96   -62.59   -17.91  -142.98     0.00
 429    0.000    -78.68   -91.79  -124.91   -60.95   150.23    68.15   134.14    29.90     0.00
 430    0.000    110.79    69.66  -150.99   -69.98   -96.43   -74.25   -74.95   -87.60     0.00
 431    0.000    -52.82   -74.34   -44.40  -129.05  -115.86   -61.65   -65.25   -55.40     0.00
 432    0.000    119.25  -155.84   -46.95   173.68     6.85  -156.66   -60.16   -97.12     0.00
 433    0.000    -55.98   155.54   123.05    76.05   -73.58   -71.02    84.38   -56.77     0.00
 434    0.000   -136.54   -71.18    86.60    85.62   158.39    48.44    61.71  -156.76     0.00
 435    0.000    179.11  -172.33  -177.85   170.75  -164.15  -149.66   166.36  -154.26     0.00
 436    0.000    116.12    64.45   171.14   129.97   -32.31  -121.13   -10.39  -144.50     0.00
 437    0.000    114.42    64.53   177.58  -161.94   138.04  -145.59   175.86  -147.22     0.00
 438    0.000    130.62    76.42   -71.49   -65.23   131.20   -49.22   115.36   133.14     0.00
 439    0.000    151.21    84.75   -91.11   -78.97    -9.90  -151.74   178.09   -50.35     0.00
 440    0.000    -38.52   -68.14  -171.76   -56.05   -52.52  -139.97   103.89   124.19     0.00
 441    0.000     86.76    77.03  -179.87    78.65   -65.95  -128.76   -61.29  -138.14     0.00
 442    0.000   -103.61   -63.28   178.50  -168.18    80.14  -142.88   170.77  -139.93     0.00
 443    0.000    121.18  -167.99   -32.03   157.37   -74.78   -76.00   106.18    56.66     0.00
 444    0.000    112.52    66.79   168.42   152.14   -31.93  -127.57   -61.46   -86.62     0.00
 445    0.000   -161.52   -72.35    69.28   125.59   177.17   -77.16    84.46  -162.65     0.00
 446    0.000   -108.65   -64.01   177.68   171.63  -164.86  -144.12  -178.39  -136.05     0.00
 447    0.000   -145.95   -75.41    91.34    78.37   164.26  -154.62   152.68  -115.17     0.00
 448    0.000    111.13    68.98   156.33   173.85    98.73    70.64   -48.07  -120.65     0.00
 449    0.000    139.49    90.32  -102.33   -69.93   -15.48  -145.29   168.70   -41.44     0.00
 450    0.000    -71.73   133.32   159.05    61.65    27.92   144.97   177.34   -59.50     0.00
 451    0.000   -168.65  -131.35  -165.84  -109.43  -149.68  -134.14   -49.39   -94.43     0.00
 452    0.000    -43.01   -96.93   140.30    78.85   -55.81  -128.26  -177.53   -48.30     0.00
 453    0.000   -117.56   -63.32  -173.25   158.16  -106.73  -125.18   124.61  -148.15     0.00
 454    0.000     66.52    72.93   138.02   118.99   -78.91  -150.58    90.97    57.56     0.00
 455    0.000    112.11    67.12   168.87  -155.54   -32.57  -135.41   -62.57   -88.78     0.00
 456    0.000    133.20   149.94   -53.86  -103.51  -130.47   -65.90   -55.16   -50.70     0.00
 457    0.000   -106.63   -61.02   151.79    87.99  -113.87  -141.11   -84.90   -50.92     0.00
 458    0.000    -85.09   -75.96  -172.60  -146.86   -63.81  -148.54    69.55    82.37     0.00
 459    0.000    102.49    85.94    -2.01   -83.45    57.16    51.22   -78.85   -66.13     0.00
 460    0.000     78.68    74.90   131.55    82.29    98.55    61.50   -71.00  -137.35     0.00
 461    0.000    117.30    61.97   176.41   158.98   -67.10  -119.08    36.99   172.17     0.00
 462    0.000    -65.96   134.27    72.04   175.99   -54.58  -128.88   -31.92  -143.89     0.00
 463    0.000    145.12  -103.69   -27.56  -164.17  -117.56   -79.23    76.27   132.14     0.00
 464    0.000    145.59   -32.27   113.51   130.53   -54.65   -93.28  -154.69   -77.92     0.00
 465    0.000    170.96  -172.81   176.63   165.31  -147.74  -131.07   148.92  -157.93     0.00
 466    0.000     84.38   -84.05   -41.64  -110.41  -110.64   -75.00   -65.92   -56.99     0.00
 467    0.000    112.25    68.08   171.32   177.78   -40.93  -127.84   -59.85   -83.62     0.00
 468    0.000     98.90    82.49    28.95   179.12   108.93    62.11   -64.64  -133.97     0.00
 469    0.000   -133.57   -61.98   -20.73  -141.85  -113.65   -53.28   165.30    50.75     0.00
 470    0.000     72.67    74.88   129.29   131.99   -75.94  -133.76   -64.79   -86.97     0.00
 471    0.000    -98.81   -82.42  -142.82  -111.77   -62.63   -87.52   158.92  -152.04     0.00
 472    0.000   -152.96   -69.60   100.81    81.15   151.50  -151.29   -53.25   -88.81     0.00
 473    0.000    146.79    74.42   -66.86   -77.62  -171.67   -53.70   156.27    46.41     0.00
 474    0.000    156.48  -112.56  -104.30   -69.90   -40.24  -139.30  -150.96  -135.01     0.00
 475    0.000    146.77   148.51   -54.87  -100.40  -131.26   -66.74   -55.49   -56.48     0.00
 476    0.000    153.91    76.94   -74.62   -62.66   136.27   -76.26    63.93  -149.97     0.00
 477    0.000    -52.81   -82.84    60.81    70.30  -108.79  -139.10   159.00    47.94     0.00
 478    0.000    120.39   102.67   -69.21   -78.32  -171.26   -62.52   -64.96   -57.53     0.00
 479    0.000     87.89  -178.56   -41.74  -172.89   118.53    66.55   -37.93  -129.61     0.00
 480    0.000    172.92   -76.46   164.55  -145.12    95.99    70.07   -50.51  -125.82     0.00
 481    0.000   -144.22   -74.82    70.84   105.69   147.06    38.77  -158.18  -160.24     0.00
 482    0.000    155.06    99.38   -98.52   -76.39    -5.08  -153.68   179.93   -50.17     0.00
 483    0.000    146.06   157.55    -6.76   165.26   -57.35   -69.10   167.76   -62.96     0.00
 484    0.000    -68.80   -76.66    66.88    75.62  -122.75   -62.72   -72.88   -61.20     0.00
 485    0.000    -72.61   161.35   166.63    78.08   -53.77  -131.82   -50.03  -142.36     0.00
 486    0.000   -148.34    51.99  -122.25   -98.13   -61.51  -136.07    73.40  -150.40     0.00
 487    0.000    -63.83  -122.12   -73.81   -82.12    60.51    54.17   -59.64   -48.00     0.00
 488    0.000    -42.38   149.35    50.52   178.11   -43.29  -143.38    71.45    78.03     0.00
 489    0.000    -31.82  -124.77   -73.21   -84.16    54.81    58.16   -64.33   -48.07     0.00
 490    0.000    -56.69   -68.75   -53.76  -122.41  -111.59   -60.29   -68.83   -67.62     0.00
 491    0.000    -72.27   156.00    25.20   171.46   109.36    66.48   -44.23  -125.72     0.00
 492    0.000    150.54   154.07  -170.25  -171.48   -86.50    91.72   139.77  -149.28     0.00
 493    0.000    112.06    64.93   174.30  -146.96   -58.27  -128.64   -56.41   -83.80     0.00
 494    0.000    -73.64   -76.71  -110.58   -69.05   -92.87   -74.97  -169.27  -153.44     0.00
 495    0.000     95.35  -175.44   -46.86  -147.93   104.52    56.58   -35.45  -122.51     0.00
 496    0.000   -147.49  -169.28   138.69  -147.49   -91.49  -125.28    31.31   178.04     0.00
 497    0.000    -85.92   -77.80  -106.92   -54.78   169.18  -166.66   177.66  -132.37     0.00
 498    0.000    -69.18   -74.57    81.80    57.42  -111.85  -135.33    76.55   -85.31     0.00
 499    0.000    113.42   115.00    77.39    78.52   -68.64   -63.88    99.41   -65.91     0.00
 500    0.000    145.12   145.87   -54.02  -100.77  -132.33   -65.54   -54.90   -51.19     0.00
 501    0.000     92.27   171.24   -40.92   179.93   123.49    65.18   -42.17  -128.82     0.00
 502    0.000    132.35   148.01   -56.31  -100.18  -131.16   -68.03   -55.51   -51.07     0.00
 503    0.000   -157.70  -160.56    87.01    80.55   146.43   118.39   101.26  -166.10     0.00
 504    0.000    151.65   170.69   165.11   156.78   167.34  -151.61   -53.98  -103.67     0.00
 505    0.000     79.00    62.44  -177.05    53.32    38.78   133.57  -113.57  -133.56     0.00
 506    0.000    111.33    64.71   179.06  -172.63   -67.83   -81.12  -176.19  -139.63     0.00
 507    0.000    151.07    78.29   -73.30   -69.82    94.64   -81.89    80.73  -100.15     0.00
 508    0.000    161.59   141.42  -161.72  -142.67  -154.51  -138.25   -53.48   -94.09     0.00
 509    0.000    -85.81   -66.05   141.32   138.97   -98.66  -150.92   -64.41   -81.44     0.00
 510    0.000     81.46  -154.50    75.72    76.71   -72.84   -74.58   -55.61  -146.96     0.00
 511    0.000    142.15    76.01   -69.77   -62.20   144.58   -67.81    81.21   170.08     0.00
 512    0.000    156.59    64.81  -134.28   -51.48   138.02  -163.50    28.65   122.39     0.00
 513    0.000    110.45    68.53   167.94  -166.84   -56.41  -134.72    53.72    88.80     0.00
 514    0.000    115.19   172.30   -72.44   -80.38    57.32    52.73   -70.62   -45.54     0.00
 515    0.000    152.31  -171.51   -61.77  -102.92  -166.63    48.84   -95.88  -142.39     0.00
 516    0.000    110.58    72.44   174.96  -124.12   -67.19  -149.30    99.21    62.98     0.00
 517    0.000     67.78   139.63    80.69   148.18  -132.02   -70.63   -26.29  -146.88     0.00
 518    0.000    -65.21   148.23    45.87   156.21   -80.55   -70.63    88.13    39.29     0.00
 519    0.000     82.56   -96.08   -49.22   -99.74  -114.15   -73.68   -64.15   -58.24     0.00
 520    0.000    113.07    67.70   167.56  -166.75   -35.73  -134.32   -63.92   -78.57     0.00
 521    0.000    -51.38   -79.85   -43.82  -120.64  -124.26   -63.91   -55.72   -53.96     0.00
 522    0.000     87.44  -130.58    92.26    75.63   -62.11  -125.92   -90.29   -54.15     0.00
 523    0.000   -132.65   -73.76    92.98    74.08  -163.12  -145.23   -73.48    66.81     0.00
 524    0.000    125.75  -143.69    58.00    86.14   164.28  -153.59   -66.88    49.48     0.00
 525    0.000    171.24  -158.30   178.26  -179.69  -178.04  -140.66   166.71  -147.30     0.00
 526    0.000    -67.01   158.80   168.77    76.49   -58.78  -114.01   -51.55  -148.14     0.00
 527    0.000    -64.80   -98.36  -132.17  -105.34    46.30  -139.33    42.79    54.04     0.00
 528    0.000    111.19    64.96   174.50   165.07   -52.63  -134.07    44.81    91.74     0.00
 529    0.000    166.94   -82.70  -175.48  -166.37   -37.52  -149.24    59.76    92.23     0.00
 530    0.000    116.28  -175.24    10.57    96.72   -52.02   -59.63   -43.65  -156.23     0.00
 531    0.000     88.56    78.98   178.03    78.90   -66.48  -127.54   -60.61  -139.39     0.00
 532    0.000    -50.63   -78.80  -163.00   -78.38    91.07    65.73   172.89    41.48     0.00
 533    0.000    125.47   169.72   -34.08  -145.89  -128.15   -79.17    37.67  -166.52     0.00
 534    0.000    -40.45   127.92   165.73    61.43    26.59   152.43  -173.04   -57.83     0.00
 535    0.000    167.76  -161.75   131.38   111.90    65.18  -159.73  -177.10  -132.53     0.00
 536    0.000    -74.68  -169.06   153.38    78.42   -83.94  -146.18    15.84  -148.09     0.00
 537    0.000    178.94   -83.60  -164.67   -84.04  -167.97  -145.22  -177.37  -142.43     0.00
 538    0.000    -57.86   -69.49   -54.00  -123.13  -110.38   -60.44   -70.04   -69.40     0.00
 539    0.000    137.69   -17.39    98.25   135.98   -50.17  -104.10  -158.24   -76.99     0.00
 540    0.000    -90.41   170.50   127.91    77.64   -58.43  -138.68   173.97    38.82     0.00
 541    0.000    119.10  -164.26    58.62    85.12  -155.96   -78.12    53.10  -151.30     0.00
 542    0.000   -107.32   -63.83   176.63   162.41  -156.44  -142.57   142.35  -162.91     0.00
 543    0.000    155.52    76.32   166.89   176.65    80.76  -159.53   162.96  -148.48     0.00
 544    0.000   -178.92  -150.02   165.67   176.95    61.62  -178.14  -168.99  -132.52     0.00
 545    0.000   -173.74  -138.94   148.15   131.74    95.95  -155.49  -149.34  -134.33     0.00
 546    0.000    110.16    65.00   174.38  -152.60   -38.36  -129.41   -60.61   -94.18     0.00
 547    0.000    164.58   175.66   174.89   166.95  -153.38  -129.28   165.87  -149.41     0.00
 548    0.000    115.84    67.69   168.66  -138.47   -57.41  -130.16   -55.54   -84.43     0.00
 549    0.000    116.49    60.21  -147.46   -52.46   154.64  -156.19   -56.33   -84.22     0.00
 550    0.000    127.24   177.62   -31.29  -165.16  -107.71   -78.28     5.27  -144.77     0.00
 551    0.000    114.69    59.31   179.13   161.38   -75.41  -119.98    43.72  -166.22     0.00
 552    0.000    -44.94   155.22   125.47    75.18   -74.17   -73.59   125.78   -34.63     0.00
 553    0.000    139.18   150.15   -53.81   -97.68  -134.62   -65.55   -54.78   -56.28     0.00
 554    0.000    123.29    57.56   158.89   172.28   165.01  -135.62  -136.44    75.30     0.00
 555    0.000    174.06  -163.96   149.44   134.28  -140.88  -142.89  -171.44  -139.06     0.00
 556    0.000    117.54    62.85   177.71  -167.67   150.67  -161.00  -171.59  -142.80     0.00
 557    0.000    113.64    66.36   173.83  -118.72   -52.89  -129.34   -61.22   -83.29     0.00
 558    0.000    -69.95   -78.54    67.21    75.62  -121.59   -60.60   -79.08   -60.12     0.00
 559    0.000    -67.26   170.46   108.72    74.03   -68.33   -63.47   135.24   -42.14     0.00
 560    0.000    136.00    79.75   -68.72   -69.25    93.56   -81.38    85.65  -104.51     0.00
 561    0.000    -54.57   -72.84   -44.81  -129.04  -115.03   -61.72   -65.48   -59.21     0.00
 562    0.000    -62.91  -135.37   -67.11   -83.04   174.98    45.80   111.35    46.79     0.00
 563    0.000    112.56    66.78   165.75   148.57  -151.85  -142.65  -176.36  -144.55     0.00
 564    0.000    151.50    82.24   -65.27  -159.74    39.66  -158.01    75.39    39.99     0.00
 565    0.000     85.14  -139.90    94.82    76.98   -58.70  -125.91  -111.00   -50.45     0.00
 566    0.000     89.72    64.97    35.09  -114.31   -44.86  -140.15   -66.90   -74.31     0.00
 567    0.000    -73.11   157.50   167.95    78.46   -53.58  -131.88   -52.84  -139.62     0.00
 568    0.000    -62.74   -75.17  -179.59   -83.84    52.57  -168.13   -51.65  -139.82     0.00
 569    0.000    133.16  -159.06    51.89    79.64  -167.20    45.38  -100.11  -144.89     0.00
 570    0.000     61.05    73.88   138.00   118.26   -49.67  -143.06   -74.41   -91.71     0.00
 571    0.000    141.87    81.25   -90.67   -85.56     9.27  -164.47   170.85   -53.12     0.00
 572    0.000   -168.61  -158.08   148.37   170.20   -51.11  -133.64   -55.28   -83.92     0.00
 573    0.000   -144.15   -67.22    89.79   145.70    -8.51    71.48   -69.61   -48.11     0.00
 574    0.000   -110.27   -63.00   178.75  -108.41   -56.88  -133.90   -60.55   -75.61     0.00
 575    0.000    157.46   155.41  -158.21  -156.28   177.05  -147.42   -53.87  -119.68     0.00
 576    0.000    -79.72   -55.14   124.19    69.19    88.60  -161.43  -103.05  -139.24     0.00
 577    0.000    155.48   126.85  -155.51  -160.55  -161.48  -131.91   102.26  -160.00     0.00
 578    0.000    111.78    67.14   172.50  -178.20   -59.81  -137.22    63.04    78.37     0.00
 579    0.000     77.44    77.16   149.86    72.51   -74.13  -131.19   117.56    37.75     0.00
 580    0.000    122.74    85.46   117.92   104.96   -93.86  -150.29   -73.88   -57.96     0.00
 581    0.000    119.26  -142.24   -33.65  -142.55   -76.01   -87.75   -55.72  -125.83     0.00
 582    0.000    -79.60   -69.21   166.93   155.71    92.75  -143.55   171.95  -144.33     0.00
 583    0.000    -97.60   -65.24   166.69   147.20   116.66  -139.47   -55.01   -91.11     0.00
 584    0.000   -101.21   -52.50   132.44    71.46   107.11  -152.41   175.75  -137.02     0.00
 585    0.000   -111.20   -66.44   179.80   156.77  -169.29  -139.09   155.65  -147.01     0.00
 586    0.000    127.46  -156.84    67.62   100.44   -60.57  -140.61  -154.27    48.50     0.00
 587    0.000    121.13   170.17  -172.45   -79.62    49.18  -169.20   -64.61  -159.50     0.00
 588    0.000     99.00    64.54    33.85   163.71   122.31    61.91   -64.64  -139.79     0.00
 589    0.000   -163.00   -90.24  -152.85   -74.42    69.70    49.64  -100.03    38.16     0.00
 590    0.000    -97.09   133.71    57.02   124.87    83.04    70.83   145.53   -55.76     0.00
 591    0.000    -65.52   151.43    30.45  -174.94   106.08    65.10   -48.27  -132.57     0.00
 592    0.000   -104.74   -61.46   168.10   158.12   167.10  -141.24   150.85  -152.91     0.00
 593    0.000   -157.66   -65.54    99.82    93.28   117.18  -156.92   170.47  -132.83     0.00
 594    0.000    -75.51   -61.23   -41.34  -138.48   -99.27   -62.92  -172.71    69.76     0.00
 595    0.000    -50.59   -73.40   -52.21  -122.95  -111.32   -61.94   -68.84   -63.56     0.00
 596    0.000   -100.57   -59.59   167.21   145.25   -68.98   -68.99   151.45  -154.11     0.00
 597    0.000    104.36   136.72   -26.60   152.95    25.30  -142.32    16.89   104.50     0.00
 598    0.000    118.35  -163.46   -44.12   171.03     0.77  -160.62   -59.42   -62.94     0.00
 599    0.000    148.16    95.52    75.24    74.43  -157.58   -83.84  -176.68  -164.20     0.00
 600    0.000    -63.47   140.06    28.92   167.58   125.64    60.33   -64.79  -137.70     0.00
 601    0.000    104.01  -177.90   -68.53   -83.04    68.77    67.42   -31.39  -125.41     0.00
 602    0.000    -52.89   -76.12   -58.80  -110.68  -118.33   -64.84   -62.07   -73.09     0.00
 603    0.000    -52.60   -70.20  -177.18   -80.78    71.83    99.71   148.15    53.84     0.00
 604    0.000    145.12   141.57  -179.72   177.77  -173.53  -147.72   179.39  -143.42     0.00
 605    0.000    106.78    60.05  -139.44   -52.31   154.59  -123.65   -51.09   -89.75     0.00
 606    0.000    -42.99  -170.01   -56.78   -74.83   168.42   -74.12   150.94   -76.26     0.00
 607    0.000     81.79    69.75    38.88   139.98   109.60    50.00    88.79    40.92     0.00
 608    0.000    150.10   114.20  -110.40   -78.45     5.20  -154.96   173.27   -51.03     0.00
 609    0.000    143.08   174.77  -130.85   -82.15    43.96   173.53   168.46   -57.49     0.00
 610    0.000     75.01    76.16   112.70    90.28    -3.26  -112.72   -87.40   -75.85     0.00
 611    0.000     93.43    65.40    38.68  -125.55   -45.39  -141.11   -62.93   -77.34     0.00
 612    0.000   -139.67   -75.76    66.08   138.22   166.11   -77.66    63.39  -157.62     0.00
 613    0.000     99.38    59.50  -136.12   -51.25   155.02  -157.47   178.97  -138.56     0.00
 614    0.000    -77.11   -55.10   125.36   104.70  -114.59  -150.68   -74.07   -48.55     0.00
 615    0.000    -68.95   156.90    43.65   131.12   -61.72   -71.34    74.42    40.95     0.00
 616    0.000    109.42    62.70   179.66   149.81  -140.93  -138.82   129.82  -151.38     0.00
 617    0.000    105.19    74.56   141.32    76.45   133.39  -156.66  -163.51  -143.00     0.00
 618    0.000    -75.30    64.04   -88.78   -84.05  -102.37  -129.14    62.53  -143.89     0.00
 619    0.000   -107.08   -67.54  -177.52   -85.17   173.11  -123.22   -52.46   -91.98     0.00
 620    0.000    151.72   -36.72   114.65   130.41   -51.22  -102.76  -153.74   -73.69     0.00
 621    0.000   -176.86   176.31    88.49    77.37   166.06  -153.02   175.44  -138.67     0.00
 622    0.000    142.39   -38.66   122.65   124.31   -53.24   -95.22  -129.95  -116.96     0.00
 623    0.000    145.69    90.05   131.93    74.90   -62.18  -127.64   175.36  -141.94     0.00
 624    0.000    105.44   177.33   -42.23  -176.44   117.13    65.47   -38.47  -117.67     0.00
 625    0.000    131.91    92.49   112.74    77.41   -65.77  -147.67   173.91    41.42     0.00
 626    0.000    100.25   117.72    72.64    79.10   -60.93   -71.36    75.47    46.43     0.00
 627    0.000    117.26  -152.65   -41.62   175.86    -5.57  -154.61   -65.36   -73.90     0.00
 628    0.000    152.67    74.86    23.11   167.19   -78.62   -72.81   163.78   -47.68     0.00
 629    0.000    112.43    69.52   165.91  -174.17   -32.06  -134.71   -57.83   -88.10     0.00
 630    0.000    -70.86   -73.53   -38.59  -154.84  -129.26   -74.77    88.16   131.70     0.00
 631    0.000    114.39    68.73   161.58   151.44   163.01    58.81  -163.17  -146.10     0.00
 632    0.000    112.47    59.97  -179.76  -163.39   -55.46  -131.09   -57.67   -79.44     0.00
 633    0.000    123.60  -178.03   -30.59  -164.06  -103.56   -72.30   -12.21  -150.88     0.00
 634    0.000    -40.04   -82.23    66.53   162.38  -165.18   -81.18    59.01   141.34     0.00
 635    0.000    121.78    59.95  -145.83   -53.52   154.89   151.98   -32.81  -117.59     0.00
 636    0.000    -69.17   157.19   161.54    76.50   -66.02   -96.92   -54.56  -155.12     0.00
 637    0.000     98.54    76.15   -62.24   -69.59   131.31    62.55   -85.57  -140.31     0.00
 638    0.000    -55.51  -145.23  -155.88   -78.56    57.03  -163.45   -60.85  -150.68     0.00
 639    0.000    121.78   165.91  -163.50   -78.49    34.38  -148.14   -71.48  -148.32     0.00
 640    0.000    145.98   172.85  -123.83   -82.54    40.22   176.01   169.70   -55.91     0.00
 641    0.000    136.70  -173.33    84.02    81.55   -59.02  -138.03  -177.97  -157.75     0.00
 642    0.000   -150.70   -70.66    80.25    75.63  -153.29    53.71  -111.19  -135.98     0.00
 643    0.000    -64.84   -88.16    -6.62    86.01   -56.72   -65.87   104.43    42.38     0.00
 644    0.000    -64.20   -79.38  -163.01   -96.32    53.23  -154.93   -61.82  -130.01     0.00
 645    0.000    102.10    77.43   -63.23   -70.01   127.50    67.94   -72.95  -145.38     0.00
 646    0.000    -98.79   -57.04   137.67    78.68   119.11  -134.39   -47.26   -85.97     0.00
 647    0.000    121.26  -165.20   -30.25   158.00   -74.30   -76.50   110.41    55.25     0.00
 648    0.000    -61.65   -64.58   169.92   -42.47   -47.52  -137.12    42.56  -147.37     0.00
 649    0.000    138.01   145.66   -54.68  -100.32  -131.23   -68.88   -55.73   -45.60     0.00
 650    0.000     99.29   165.12   -37.01  -166.90   115.74    67.35   -44.56  -134.36     0.00
 651    0.000    -50.34   -74.36   -45.31  -129.63  -112.05   -61.43   -69.39   -56.88     0.00
 652    0.000    176.62  -167.30   157.10  -163.26    96.87    70.58   -49.70  -129.27     0.00
 653    0.000    108.20    98.54     9.98  -163.97   106.06    65.78   -55.52  -124.90     0.00
 654    0.000    -65.83   -96.01  -143.22   -74.68    42.39  -174.14   142.70    29.34     0.00
 655    0.000    116.49    63.87   175.38   163.71  -152.84  -135.81   -96.14  -147.43     0.00
 656    0.000    112.93    81.89   -64.72   -73.69  -174.29   -64.49   -67.30   -56.73     0.00
 657    0.000    123.22    74.74    96.06    82.68   165.96   -76.65   -63.14   -64.51     0.00
 658    0.000    101.51    95.30    16.44  -168.34    94.98    67.57   -43.82  -132.36     0.00
 659    0.000     96.87   137.24    88.62    72.63   -74.02   -69.17   152.95   -88.50     0.00
 660    0.000     95.97    72.23  -139.27   -73.43  -100.74   -76.92   -74.87   -79.36     0.00
 661    0.000     87.50  -137.72    56.37   114.39  -167.07   -78.08    62.56  -172.98     0.00
 662    0.000    106.54   178.63  -142.99   -73.16    84.85    53.97    39.39  -146.38     0.00
 663    0.000    111.85    66.81   172.28   174.62    87.93    72.65   -47.17  -107.32     0.00
 664    0.000     93.90    88.25   171.67    77.45   -65.27  -130.23   -60.46  -136.50     0.00
 665    0.000    124.28  -171.55   -29.55  -169.64  -114.29   -79.90    84.46   122.03     0.00
 666    0.000     86.36  -179.23   -32.37  -178.97   -90.06   -76.48    60.79   121.30     0.00
 667    0.000    -97.91   -65.29  -172.73  -141.72   -76.24   -79.16   -38.91  -131.93     0.00
 668    0.000    135.36    75.53   -82.12   -79.35   128.47   142.81  -170.81  -122.15     0.00
 669    0.000    101.02   -96.46  -140.30   -58.81   -33.48  -138.11  -175.30    56.23     0.00
 670    0.000    146.72    75.63   -73.98   -64.15   139.22   -55.99   123.54   113.52     0.00
 671    0.000    -98.61   -73.38  -132.52  -125.38     6.39  -144.30   -64.20   -98.33     0.00
 672    0.000     97.90    75.90   -69.94   -69.46   108.20    46.66   106.42    48.48     0.00
 673    0.000    152.21    78.52   -72.95   -70.02    94.48   -81.81    85.09  -102.93     0.00
 674    0.000   -174.26   -75.22   156.05   149.42   127.49    57.74    40.54  -147.10     0.00
 675    0.000    134.76   128.56    76.27    90.38  -166.32   -73.84   -92.03   -57.53     0.00
 676    0.000    128.51   166.06   -32.33   169.55  -102.61   -75.24    37.56  -167.10     0.00
 677    0.000   -145.77   -73.57    97.46    88.63   134.98  -125.61   -62.39   -82.52     0.00
 678    0.000    171.11   167.21  -166.38  -152.36   179.48  -148.97    64.38    81.11     0.00
 679    0.000   -104.73   -87.25   -78.57   -56.09   164.34  -123.78   -32.04   -86.09     0.00
 680    0.000    119.46   125.93  -121.38   -78.12    30.91  -171.87   157.89   -51.72     0.00
 681    0.000    138.46    81.04   -69.97   -69.72    97.44   -83.16    75.05   -98.39     0.00
 682    0.000     72.66    68.93   171.83    75.95   -66.10  -102.36  -143.79   -64.01     0.00
 683    0.000    -53.29   -78.11  -167.42   -75.53    83.85    69.78   164.32    51.64     0.00
 684    0.000     78.43    77.69   151.52    74.19   -70.78  -137.33   131.63    38.48     0.00
 685    0.000    -69.30   148.40   170.99    76.98   -53.75  -120.10   -58.51  -144.99     0.00
 686    0.000    128.09   173.00   -35.21  -178.57   -90.67   -70.16   -13.67  -148.34     0.00
 687    0.000    -70.18   113.26    85.67   157.12   -54.44   -94.46  -145.48   -58.74     0.00
 688    0.000    112.65    65.60   171.50  -140.35   -89.42   -78.90   -32.68  -137.62     0.00
 689    0.000   -163.79   -78.98  -129.76  -166.07   103.11    68.58   -56.86   -70.07     0.00
 690    0.000    -69.12   -61.05   142.78    86.40   -93.06  -144.83  -105.51   -50.75     0.00
 691    0.000     85.65   123.13    12.11  -163.94    95.36    65.54   -54.02  -134.84     0.00
 692    0.000    148.40  -179.43  -102.40  -104.03    43.00   175.47   168.36   -55.62     0.00
 693    0.000    -66.70  -179.73   150.33    76.90   -89.39  -145.58    40.67  -147.64     0.00
 694    0.000     77.44   -78.27    56.20    70.50  -101.26   -73.00   168.85    51.36     0.00
 695    0.000     11.02   166.14   153.16    76.70   -73.30  -147.07    10.66  -154.53     0.00
 696    0.000    110.09    65.14   175.44   170.55   169.68  -153.82   174.09  -151.85     0.00
 697    0.000    114.84    65.05   174.27  -145.87   -29.46  -139.16   -54.32  -100.79     0.00
 698    0.000     90.88    91.41   130.63    74.90   -58.55  -127.65   176.03   -49.69     0.00
 699    0.000    -56.37   -70.79   -55.52  -119.77  -112.72   -61.59   -66.77   -70.02     0.00
 700    0.000    -70.78   140.52   120.45    67.36    11.03  -150.78   -72.44  -142.40     0.00
 701    0.000    173.22  -123.14   118.22    84.39   137.57  -141.07   138.89  -144.90     0.00
 702    0.000    -70.29   -74.19   144.14   140.90   -82.19  -148.92   -61.56   -99.84     0.00
 703    0.000    -70.88   161.44   159.77    79.66   -57.81  -120.04   -49.52  -145.63     0.00
 704    0.000    114.64    70.08   162.10  -174.87   104.12    74.41   -50.53  -115.26     0.00
 705    0.000    138.04    59.98    34.99   138.54   141.61    47.55  -106.16  -133.83     0.00
 706    0.000     51.03    97.42   -67.43   -10.71    54.07   -67.21   136.28  -109.99     0.00
 707    0.000   -109.12   -55.83   141.75    79.53   109.99  -130.75   -56.90   -88.42     0.00
 708    0.000     83.83    87.94   135.24    75.36   -57.75  -126.03   175.83   -45.36     0.00
 709    0.000    -57.01   -66.33   -53.46  -125.52  -107.76   -63.21   -69.75   -65.72     0.00
 710    0.000     90.30   165.73    55.16   137.00  -127.35   -66.73   -24.26  -144.11     0.00
 711    0.000   -155.45   -76.18  -134.26   -70.75    77.78  -156.72   -82.97  -145.22     0.00
 712    0.000    -67.04   -84.20    52.60   111.60  -144.06   -66.17   -65.21   -56.41     0.00
 713    0.000    115.57    61.27  -172.85  -152.64   159.60  -158.83  -175.20  -133.50     0.00
 714    0.000   -138.83  -158.45   137.59    77.69    34.11  -142.81    13.46    89.90     0.00
 715    0.000     66.98    86.95   136.63    73.31   -77.31   -83.59   166.95   -47.71     0.00
 716    0.000    101.66   161.97   -54.51   -82.59    52.24    51.09   -75.68   -54.66     0.00
 717    0.000    163.32  -160.00  -161.00   155.31   -66.43   -73.09   160.55  -135.67     0.00
 718    0.000    122.57   155.45    77.53    75.40   -63.74   -64.22   163.83   -56.67     0.00
 719    0.000    -61.72   -70.09   -40.67  -132.78  -116.14   -60.03   -66.47   -56.81     0.00
 720    0.000    148.20    64.34  -114.67   -94.17   -95.37   -79.96   159.14  -159.22     0.00
 721    0.000    -54.91  -117.24   -88.40   -78.80    69.76    53.27   -64.18   -44.68     0.00
 722    0.000    123.12   174.97    57.09    82.11   -58.42   -67.08   165.64   -56.01     0.00
 723    0.000    -73.05  -178.17   -71.97   -63.81   133.01    52.16   165.69   -74.14     0.00
 724    0.000     76.08   123.78   112.33   116.80  -112.73  -137.37    68.00   148.66     0.00
 725    0.000     92.06   -89.84   -34.62  -147.29  -114.18   -55.35   -31.00  -134.23     0.00
 726    0.000   -145.67   -55.61   -48.89   -97.99   159.52  -152.38  -102.09  -152.48     0.00
 727    0.000    163.20   -81.42   -48.79  -141.86   -35.06  -147.80   -61.80   -70.78     0.00
 728    0.000    125.66   147.01   -59.50   -83.62    54.36    51.20   -75.83   -69.17     0.00
 729    0.000   -164.98   -95.61  -133.88   -69.75   104.06  -160.57  -167.44  -127.72     0.00
 730    0.000   -100.68   -64.55  -177.88  -161.31    -4.22  -144.96   -63.88   -84.43     0.00
 731    0.000     96.60   165.26   -30.32  -175.68   122.77    63.84   -60.61  -142.20     0.00
 732    0.000   -166.09   137.90   166.86  -148.40    38.19   142.23   -60.42  -127.27     0.00
 733    0.000    -73.66  -170.60   137.20    77.37   -80.78  -132.98     5.35  -144.74     0.00
 734    0.000     73.07  -106.74    60.14   108.88  -145.88   -76.06   -63.28   -55.35     0.00
 735    0.000    116.69    85.98   -76.15   -63.88   -38.18  -151.84   135.11    35.53     0.00
 736    0.000    -69.82   163.05   165.93    77.58   -59.10  -125.45   -42.62  -145.12     0.00
 737    0.000     91.06    73.84  -146.86  -134.91   163.55    68.90   -52.11   -92.76     0.00
 738    0.000    114.23   174.18   -28.50   173.96   -79.44   -74.23    86.10    52.92     0.00
 739    0.000    110.54    80.48   167.91   -90.98   -59.96   -64.11   133.90  -167.56     0.00
 740    0.000    164.96    72.26  -179.64   152.72   -50.02  -139.26   112.81    54.58     0.00
 741    0.000   -163.70  -171.31   158.94    85.57    44.26    54.47  -151.03   115.18     0.00
 742    0.000    -81.75   -60.36   129.12   137.38  -114.87  -147.51   -60.29   -71.24     0.00
 743    0.000    102.45   -80.29   -43.17  -134.11   -80.34   -76.72  -165.79    54.15     0.00
 744    0.000   -128.26   -81.03    78.99    96.68   151.02  -111.78    85.12  -113.14     0.00
 745    0.000   -157.34  -111.42  -101.26   -67.33   160.92  -165.72   179.45  -130.05     0.00
 746    0.000     61.53   -87.08    81.09    77.99   -53.82  -126.39   -82.48   -58.26     0.00
 747    0.000     92.52    80.09   170.96    81.62   -60.29  -144.40   -56.69  -128.26     0.00
 748    0.000    148.37   -35.79   116.81   128.14   -52.25  -101.04  -124.36  -124.50     0.00
 749    0.000    107.14   106.65    27.44   132.79   -57.27   -71.02    73.97    40.99     0.00
 750    0.000    118.42  -176.88    21.64    90.13   -55.11   -60.95   -41.93  -156.31     0.00
 751    0.000    136.15  -170.55    54.36    83.11   -60.86   -63.81   169.47   -50.17     0.00
 752    0.000    151.97   -34.93   115.55   129.57   -52.37  -102.74  -149.81   -80.70     0.00
 753    0.000     98.20   139.08    90.51    74.73   -71.09   -76.26   155.14   -54.98     0.00
 754    0.000     71.11  -100.14    59.08   104.62  -141.23   -74.04   -66.48   -55.54     0.00
 755    0.000    179.77   -79.98  -176.46  -107.75   -59.40  -127.14   -60.36   -79.67     0.00
 756    0.000    162.08     2.10  -114.92  -109.50   119.20   165.94    67.72   -51.98     0.00
 757    0.000   -104.08   -64.96   170.27   136.44    99.65  -159.08    89.14  -151.32     0.00
 758    0.000     90.18  -149.95    52.59   136.28  -142.57   -82.62    -0.28  -133.18     0.00
 759    0.000     71.49   166.19   135.56    80.29   -56.54  -133.96   -52.22  -141.30     0.00
 760    0.000    -51.34   -68.17  -176.96   -61.72   -36.31  -114.04   157.60    60.19     0.00
 761    0.000   -147.70   -70.78    86.88   100.12   132.53  -166.86   178.37  -135.40     0.00
 762    0.000    132.90    65.80  -142.59   -48.51   136.48   154.42    97.69  -169.12     0.00
 763    0.000    116.00    74.46   -72.24   -69.82   102.98    60.18   179.13   -57.48     0.00
 764    0.000    -56.12   -82.89  -149.13  -105.86    31.35  -141.20    -1.23   140.76     0.00
 765    0.000    -75.09  -125.55   112.67    77.03   -54.31  -129.25  -139.28   -48.92     0.00
 766    0.000    -86.80   -64.49   134.70    68.62   168.09   -76.05    98.18  -170.57     0.00
 767    0.000    166.53   161.73   169.53  -172.08   -32.69  -138.83   -57.26   -89.97     0.00
 768    0.000    165.71   104.06   -64.43   -84.20  -156.96  -134.01   128.42    70.26     0.00
 769    0.000    109.14  -179.39   -75.60   -80.01    57.76    54.26   -69.90   -43.84     0.00
 770    0.000    101.28    78.60    16.32  -133.75    81.60    66.55   -48.73  -133.75     0.00
 771    0.000    111.80    70.77    62.37   170.77   -69.31   -79.82  -162.23   -52.40     0.00
 772    0.000    -73.04   162.73   161.64    78.99   -51.88  -132.23   -47.81  -142.49     0.00
 773    0.000    125.60   178.16   -61.64   -93.29  -124.53   -69.76   -61.47   -65.16     0.00
 774    0.000    -51.99   -69.85   -51.88  -126.57  -108.20   -61.27   -72.85   -63.65     0.00
 775    0.000     70.09   -80.11    68.78    67.36  -115.18   -52.11   -44.22  -132.71     0.00
 776    0.000    -36.91   -78.57   -43.45  -122.46  -125.15   -59.00   -61.10   -50.69     0.00
 777    0.000    -91.04   148.95    54.24  -147.12   -72.98  -141.87    53.61   130.74     0.00
 778    0.000    127.15  -179.47   -29.59  -178.32   -97.18   -77.27     8.85  -157.74     0.00
 779    0.000    118.41    76.65   -72.07   -68.00   101.10    58.25  -175.04   -55.15     0.00
 780    0.000    112.62    62.20   177.14   169.81   155.28    55.66  -136.30  -151.23     0.00
 781    0.000    154.07   169.83   157.10    83.99   163.26  -150.62   -56.47   -98.63     0.00
 782    0.000   -151.91   -71.72   101.73    84.08   145.42  -126.94   -52.85   -91.48     0.00
 783    0.000    127.61    81.80   124.63    73.81   -79.69  -151.94   176.79    42.41     0.00
 784    0.000      4.33  -123.25   -24.45   151.29   -52.79  -168.39    18.24   151.91     0.00
 785    0.000    135.29  -177.13    65.24    76.09   -61.13   -61.21   168.35   -56.41     0.00
 786    0.000    -61.44   -70.06   -42.62  -131.35  -115.56   -61.84   -64.60   -58.18     0.00
 787    0.000    146.53    76.52    21.75   162.68   -70.49   -67.97   158.42   -55.08     0.00
 788    0.000    124.40   155.86   -59.62   170.21    46.96  -158.17   -58.54  -138.65     0.00
 789    0.000    122.97    40.72  -124.60   -99.85  -103.55   -67.63   -70.36   -67.26     0.00
 790    0.000   -102.75   -85.47    75.14    81.80   160.34  -120.20    98.85   -90.47     0.00
 791    0.000    111.92    80.91   -64.63   -74.42  -174.18   -62.79   -68.61   -58.04     0.00
 792    0.000    -98.40   -61.25   179.27  -147.84   -33.35  -130.47   -63.88   -83.12     0.00
 793    0.000    -69.31   -81.03    44.68    68.97   -82.00   -71.90   153.91    53.68     0.00
 794    0.000    -47.77   -76.07   -48.49  -124.54  -115.08   -62.82   -65.28   -56.92     0.00
 795    0.000   -156.88   -69.40   112.83    98.22    66.35  -168.26   -59.49  -105.22     0.00
 796    0.000     96.53    76.40   -60.94   -67.53   126.80    59.15   -90.36  -132.08     0.00
 797    0.000    165.35   167.35  -166.48  -166.75   162.07  -150.82  -147.30  -136.13     0.00
 798    0.000    -25.73   -78.55    74.14    77.37   -60.18   -86.22   137.33    31.10     0.00
 799    0.000    148.78    91.56    88.28    66.95  -160.05  -131.04   139.73   131.79     0.00
 800    0.000    -71.08   143.20    36.18   160.48   125.81    59.16   -71.19  -144.97     0.00
 801    0.000     96.36  -176.60   -46.09  -162.54   112.53    66.10   -46.07  -116.89     0.00
 802    0.000    118.75  -164.68   -31.81   162.36   -72.64   -79.09   109.51    53.04     0.00
 803    0.000    -45.42  -139.51    45.49    93.36   178.73    -9.57   178.99   -24.80     0.00
 804    0.000   -114.92   -78.18    79.78    87.70   140.00  -111.45    95.48  -110.59     0.00
 805    0.000    138.37    79.65   -68.73   -70.37    94.74   -80.86    81.85  -103.02     0.00
 806    0.000    153.28   161.39  -176.11  -168.84   -71.76   -68.17   150.39  -150.14     0.00
 807    0.000    -58.92   -73.26  -167.01   -67.24   -25.14  -138.69   129.74    68.40     0.00
 808    0.000     88.25   128.57    72.28    78.09   -60.37   -69.59    75.76    38.80     0.00
 809    0.000    -75.35   -96.32   159.74    83.45   137.98    62.66   -62.05  -131.48     0.00
 810    0.000    -74.49   -53.44   119.78   110.88  -114.87  -146.62   -82.53   -53.99     0.00
 811    0.000    -58.65   -67.84   -45.32  -132.93  -110.08   -61.89   -69.87   -58.52     0.00
 812    0.000    109.73    63.82   172.93  -164.88   -37.79  -140.02   -55.29   -84.31     0.00
 813    0.000    139.59    83.94   -63.52  -155.63    37.47  -157.63    72.43    38.94     0.00
 814    0.000    -57.55  -142.06  -155.23   -80.27    45.60  -144.86   -64.67  -149.50     0.00
 815    0.000    -46.86   154.68   148.70    80.09   -72.58  -145.24   127.71    63.61     0.00
 816    0.000    144.09    74.71   -70.39   -65.81   155.88   -70.34    71.33  -169.89     0.00
 817    0.000     83.14    77.01   129.23    83.26    95.36    63.12   -68.71  -132.29     0.00
 818    0.000    136.32   101.93   -88.35   -67.31   146.18  -121.14   -48.00   -78.36     0.00
 819    0.000    -69.95   152.35   157.22    79.16   -63.89   -92.17   -58.65  -157.86     0.00
 820    0.000    113.73   169.55  -166.84   -77.48    35.61  -152.56   -61.36  -155.43     0.00
 821    0.000    -61.13   167.90   114.70    73.48   -71.36   -67.07   137.98   -38.80     0.00
 822    0.000    174.08  -163.36   164.69   167.42   142.27    55.77  -146.94  -152.41     0.00
 823    0.000    -65.50  -166.59  -106.81   -77.22    41.78  -175.98   151.52   -49.80     0.00
 824    0.000     77.51    74.81   128.43    79.80   104.67    63.97   -69.50  -141.97     0.00
 825    0.000    164.18   -90.79  -165.43   161.55    91.11    42.80    57.90   134.06     0.00
 826    0.000    105.94  -138.30   -58.92  -160.36   -67.83   -83.54   160.00    58.26     0.00
 827    0.000   -156.82    43.75  -115.66  -139.10    44.63  -163.65   -55.34  -136.34     0.00
 828    0.000    128.55    56.05    35.13   145.02    87.91    51.64  -178.07   -58.24     0.00
 829    0.000     98.15    69.03    33.99   160.80   129.69    58.98   -73.60  -137.42     0.00
 830    0.000    136.77   126.96  -120.92   -78.28    13.97  -158.15   160.75   -45.43     0.00
 831    0.000     72.41    66.39   170.87    59.72    27.04   135.78  -168.20   -65.37     0.00
 832    0.000   -146.85   -54.16   -32.13  -133.36   175.53    46.93  -153.39   -58.48     0.00
 833    0.000    -55.55   -73.13   -47.06  -128.43  -111.85   -62.51   -68.67   -59.62     0.00
 834    0.000    -42.28   -77.49  -161.40  -106.49    50.51  -162.84   -51.50  -135.53     0.00
 835    0.000    157.50    81.52   -83.96   -63.80   132.11   -81.10    85.12  -154.97     0.00
 836    0.000    152.38   165.29   151.91   142.15  -156.04  -140.69  -135.45  -144.74     0.00
 837    0.000    -96.44   -65.63  -178.81  -120.49  -158.69  -146.36   138.50  -160.55     0.00
 838    0.000    -53.59   -75.20   -45.82  -125.54  -118.23   -61.53   -63.28   -60.15     0.00
 839    0.000    145.83   149.88  -128.42   -79.04    37.99  -171.39   163.42   -56.41     0.00
 840    0.000    155.92   110.03   -16.26   177.59   -62.91   -62.27   148.30   -52.95     0.00
 841    0.000     79.80    76.28   130.08    79.62   101.04    64.23   -67.47  -140.79     0.00
 842    0.000    119.09    81.95   -79.33   -59.95   -38.24  -144.69   135.76    32.09     0.00
 843    0.000    -42.93   -75.47  -162.86   -98.30    26.26  -141.18   -50.88  -126.89     0.00
 844    0.000    -71.79   -80.91    79.74    72.40  -154.83    45.10  -118.18  -132.77     0.00
 845    0.000     81.45    70.65  -177.42    79.73   -57.43  -134.30   -65.09  -137.13     0.00
 846    0.000    122.37    74.99   -72.11   -66.48   102.73    46.59  -164.71   -57.59     0.00
 847    0.000    165.90   -81.80   -48.83  -143.28   -33.22  -149.30   -61.76   -69.22     0.00
 848    0.000    123.95    66.46    39.22   124.69   101.17    44.22  -177.15  -111.39     0.00
 849    0.000    -68.08   173.46    27.72  -157.62    61.09    62.14   -56.93   -56.53     0.00
 850    0.000    139.35   171.77  -127.03   -78.90    36.35  -172.70   176.05   -53.61     0.00
 851    0.000     86.29   -76.64    64.04    79.76   -72.34  -115.68  -177.98    56.83     0.00
 852    0.000    102.95    51.50  -133.26   -71.42   -81.55  -135.69    44.49   101.28     0.00
 853    0.000     70.53    71.91   118.01    83.19   119.77    58.61   -77.69  -138.08     0.00
 854    0.000    112.54    85.40   164.27    76.13   -69.42  -131.83   -61.46  -141.81     0.00
 855    0.000    119.53  -157.98   -47.82   163.11    20.17  -158.33   -59.21  -108.04     0.00
 856    0.000    121.54   170.04   -32.80   171.17   123.31    65.46   -53.93  -133.94     0.00
 857    0.000    -65.71   -75.96    67.19    75.63  -126.93   -62.62   -68.85   -58.22     0.00
 858    0.000   -104.98   -61.11   142.08    69.39    54.06  -130.04   -54.56   -94.54     0.00
 859    0.000    111.53  -153.65   -50.53  -103.56   -48.96  -135.91   -75.33   -67.99     0.00
 860    0.000    116.61   172.00   -63.58   -85.39    51.85    54.87   -67.85   -52.05     0.00
 861    0.000   -106.47   -62.02   171.97   -93.91  -174.15  -126.99   -53.03   -85.38     0.00
 862    0.000    -38.60   -75.18  -140.75  -111.10    27.98  -158.98   -71.78   -63.87     0.00
 863    0.000    135.05  -171.99   -83.28   -85.65  -140.44   -69.64    79.59  -156.09     0.00
 864    0.000    111.93  -169.09   -55.86  -100.16    51.97    59.73   -58.50   -53.33     0.00
 865    0.000    -67.31   -93.00  -172.45   -81.61    56.53  -166.09   -52.89  -153.34     0.00
 866    0.000     70.86    70.41   141.85   123.05   -60.35  -138.55   -74.07   -85.47     0.00
 867    0.000     78.30   117.92   103.73    76.41   -70.35   -77.41   156.52   -54.72     0.00
 868    0.000     83.31   -84.57   -44.30  -108.85  -108.54   -76.69   -66.39   -58.09     0.00
 869    0.000    -38.98   -71.43  -116.30   -76.53  -102.69  -114.26   135.54    66.01     0.00
 870    0.000    119.50    71.70   156.70   166.77   -22.59  -123.14   -59.83   -92.38     0.00
 871    0.000    166.31   -78.12   -48.81  -144.79   -32.43  -148.50   -60.60   -73.28     0.00
 872    0.000    108.44    65.98   106.31    63.87    91.18  -176.08   175.69  -122.39     0.00
 873    0.000    135.91  -166.59   -92.37   -86.71    77.63    55.64  -144.10    37.56     0.00
 874    0.000     92.02  -146.43   -82.92   -80.17    59.34    64.25   -63.91   -53.30     0.00
 875    0.000    145.39   169.00  -124.03   -83.44    42.20   173.32   166.30   -60.53     0.00
 876    0.000    155.96   132.86  -110.62  -114.71   104.95  -145.72   147.15   -91.96     0.00
 877    0.000    144.98    78.03   -75.01   -66.10   145.29   -70.66    78.67  -159.62     0.00
 878    0.000    -48.68   -74.04  -107.80   -85.73  -129.48   -75.01    51.34   152.10     0.00
 879    0.000    -86.43   134.95    53.87  -177.35   -50.65  -137.35    85.27    49.21     0.00
 880    0.000    145.98   170.05   -61.27   -88.68  -156.64   -66.62   130.95   105.08     0.00
 881    0.000     90.05    64.01    37.81   141.45   110.53    50.74    86.70    38.29     0.00
 882    0.000    125.95   178.73   -13.61   110.89   -52.75   -61.72   -37.92  -146.67     0.00
 883    0.000    104.21  -100.60   -36.60  -156.45   -68.85   -83.42  -162.92    41.97     0.00
 884    0.000   -154.84   -70.76    78.08   166.85   -95.05  -152.50   -73.32   -49.88     0.00
 885    0.000    -77.21  -169.08   111.32    75.53   -65.23   -85.63   167.05   -49.38     0.00
 886    0.000    -44.93   -69.51  -147.97   -52.99   -36.83  -139.27   -79.33   -56.04     0.00
 887    0.000     90.68   124.16     9.50  -153.97    84.32    65.15   -49.30  -129.46     0.00
 888    0.000    -64.74   143.39    43.35   171.05   -80.95   -75.65    63.71    49.42     0.00
 889    0.000   -104.91   -55.96   137.51    79.92    67.44  -147.28    12.93   116.23     0.00
 890    0.000    161.71    71.73  -167.96  -148.26  -157.23  -144.37  -172.67  -135.71     0.00
 891    0.000    104.53    89.01    27.21   159.73   -78.44   -71.94    87.17    46.77     0.00
 892    0.000    -58.68   -76.59  -149.24   -55.23   -36.41  -116.75  -169.64   -68.33     0.00
 893    0.000    113.77    66.34   163.95   142.15   179.51  -154.95  -177.85  -138.97     0.00
 894    0.000   -170.85   163.68   175.10  -138.55   -79.10   -80.86   -40.91  -137.96     0.00
 895    0.000    110.84   172.24   -28.59  -146.53  -131.39   -76.32    41.98  -173.58     0.00
 896    0.000    136.08    80.47   -69.77   -74.06    93.84   -76.89   154.88   -64.15     0.00
 897    0.000    128.32    76.98   -82.71   -80.95    -3.59  -153.42   175.73   -50.69     0.00
 898    0.000    134.93   150.58   -55.03  -103.14  -130.10   -64.15   -55.01   -51.86     0.00
 899    0.000    -87.68   -80.16    66.53    62.82   -92.03   -47.85   143.71  -130.87     0.00
 900    0.000     96.79    77.16   -62.17   -71.04   130.91    64.44   -84.05  -140.22     0.00
 901    0.000    -74.99   -79.18    63.69    61.14   -92.15   -62.23   169.24    47.77     0.00
 902    0.000    152.97    81.11  -109.31   -68.56   156.93  -158.49    27.59   127.90     0.00
 903    0.000     90.32   150.68   -11.01  -154.43    94.07    66.29   -52.24  -133.06     0.00
 904    0.000    -90.57   -88.49  -132.66   168.54    77.25    72.34   114.71    47.63     0.00
 905    0.000    -71.32   158.33   105.47    74.28   -66.24   -68.79   152.05   -45.98     0.00
 906    0.000    107.17  -134.27   -46.06  -111.15   -43.91  -150.86   -67.44   -56.92     0.00
 907    0.000     62.29   167.03   -58.93  -104.29  -137.44   -59.84   -55.01   -49.33     0.00
 908    0.000    118.94   107.73   114.12    76.49   -56.96  -117.34  -179.86   -65.25     0.00
 909    0.000    -77.72   -82.53    58.32    69.30   -77.01   -86.33    -7.15  -133.82     0.00
 910    0.000   -125.71   -67.59  -136.42   166.15    43.88   125.58    99.83    45.42     0.00
 911    0.000     72.83  -112.71    58.60   107.55  -143.35   -79.87   -66.71   -49.57     0.00
 912    0.000    132.65  -166.60   -75.95  -156.41   122.51    44.10    25.35  -154.99     0.00
 913    0.000     85.94   -84.46   -46.71  -107.22  -110.91   -72.24   -66.94   -58.34     0.00
 914    0.000    147.17   162.25   -51.14   -97.50  -132.32   -63.37   -57.96   -62.39     0.00
 915    0.000    177.10  -169.88   -98.25  -175.55  -125.53  -141.01   178.05  -152.09     0.00
 916    0.000     77.93    74.31   159.74    72.35   -79.33  -146.99   159.51    41.07     0.00
 917    0.000     86.41   133.54   142.43    78.73   -71.59  -145.75   -15.33  -149.00     0.00
 918    0.000    157.65   158.49  -173.67  -156.62  -176.67  -148.55   -48.57   -84.85     0.00
 919    0.000    -79.63   -81.62  -103.79   -58.54   175.08    65.02   102.29  -155.04     0.00
 920    0.000     65.33    83.72   140.05    77.15   -72.04   -94.47   167.67   -45.91     0.00
 921    0.000    -73.74   -81.19  -103.20   -68.12  -167.66   145.22    43.33    74.92     0.00
 922    0.000   -112.99   -48.97   158.87   126.58   -52.79   -68.71   159.11  -151.23     0.00
 923    0.000    -43.52   -73.36  -106.92   -87.02   -97.42  -119.92   119.41    61.67     0.00
 924    0.000   -106.15   -60.01   141.51    67.98    53.10  -127.75   -58.12   -86.90     0.00
 925    0.000     84.55    76.43   132.08    82.91    86.59    67.77   -59.96  -134.72     0.00
 926    0.000    154.27  -156.66    58.81    83.26   166.02    60.51   175.30  -139.03     0.00
 927    0.000     68.09    69.86   104.29    91.31   130.63    62.97   -65.17  -129.40     0.00
 928    0.000    -66.58  -104.51  -166.28   -79.58    56.43  -162.08   -68.34  -140.48     0.00
 929    0.000    -68.13   153.24   165.63    77.34   -56.50  -111.27   -63.77  -141.12     0.00
 930    0.000   -103.91   -63.55   176.88  -158.08   -31.43  -138.80   -62.34   -80.40     0.00
 931    0.000   -103.85   -64.65   176.19  -177.14   134.92  -144.88   150.83  -143.48     0.00
 932    0.000    100.61    79.14    28.56  -177.50   106.61    60.55   -65.98  -130.66     0.00
 933    0.000    160.32   162.00  -174.71  -178.61   151.44  -154.82   -57.76   -90.07     0.00
 934    0.000    136.36   136.13  -116.53  -154.03    39.04  -167.63    24.03   177.74     0.00
 935    0.000    -82.19   -88.87   160.63    80.93    95.69   146.30   -68.06   -80.79     0.00
 936    0.000    -52.35   178.41    83.33    83.10   -53.52   -63.92    85.32    31.85     0.00
 937    0.000    -55.29   -66.37   178.77   -81.95    54.96   125.83   133.51    53.04     0.00
 938    0.000    -78.81   -71.95  -174.59  -130.70  -117.46  -143.15  -174.91  -147.35     0.00
 939    0.000    114.40  -122.80   -26.80  -149.65   -39.98  -148.40   -67.81   -55.83     0.00
 940    0.000    -59.75  -146.18  -152.23   -78.71    59.02  -163.79   -68.05  -149.36     0.00
 941    0.000    114.20    80.87   -64.61   -75.74  -172.95   -64.71   -66.01   -55.81     0.00
 942    0.000     72.86  -118.27    58.88   110.75  -147.93   -79.82   -63.14   -51.62     0.00
 943    0.000    178.37    66.06   -97.14   -86.38   -96.78  -138.64    89.32  -116.26     0.00
 944    0.000    133.46    77.52   -74.64   -65.24   141.91   -55.93   119.46   125.09     0.00
 945    0.000   -151.39   -65.03   101.95    85.14   136.95  -128.43    29.24    96.67     0.00
 946    0.000     83.75    72.82   178.65    80.07   -63.42  -127.51   -65.59  -139.74     0.00
 947    0.000     64.89    75.78   134.63   130.28   -66.10  -143.83   -63.82   -85.97     0.00
 948    0.000    138.00    75.39   -72.72   -64.33   135.79   -56.56   108.05   140.95     0.00
 949    0.000     83.50   -77.32    57.76    67.73   -93.14   -72.98   160.22    53.64     0.00
 950    0.000    111.37   170.98   -18.85   176.53  -104.56   -75.31    24.04  -166.67     0.00
 951    0.000    -63.92   -72.37  -178.57   -68.82   128.90    44.02    31.94  -151.37     0.00
 952    0.000   -169.94  -123.26   141.39    89.84  -142.10  -141.06   133.30  -170.56     0.00
 953    0.000    155.22    77.91   -76.31   -64.08   105.15   -83.48    65.42  -105.35     0.00
 954    0.000    -54.89  -122.21   -75.12   -82.61    59.99    58.34   -66.56   -52.19     0.00
 955    0.000    -56.69   -79.63  -149.37   -86.40   139.90    69.15   -42.25  -114.65     0.00
 956    0.000   -173.43  -119.20   157.29    62.70  -150.80  -145.95   -53.86   -91.83     0.00
 957    0.000    113.64  -152.12   -46.25  -106.10   -51.52  -135.97   -71.90   -69.86     0.00
 958    0.000    172.08  -175.31   165.08    99.28   141.30  -141.90   -54.99  -108.35     0.00
 959    0.000     74.16   -99.27   -26.96  -134.96  -137.97   -78.33    50.71  -177.13     0.00
 960    0.000   -178.67  -120.02  -174.61  -170.70   174.05  -158.41   -41.71  -117.35     0.00
 961    0.000    -49.00   -77.26   -48.23  -123.33  -116.52   -62.26   -65.85   -59.23     0.00
 962    0.000    -46.13   -77.63    66.65    66.26  -121.13   -58.75   -79.86   -60.62     0.00
 963    0.000    -66.86   -56.21   125.40    93.36     7.80    67.60   -76.36   -59.31     0.00
 964    0.000     85.76    69.68   177.94    80.28   -57.09  -130.68   -73.23  -131.74     0.00
 965    0.000     78.48   108.14    57.76    98.10    12.25  -147.62    62.44    39.11     0.00
 966    0.000    124.77   161.58   -94.12  -158.02    49.87  -162.03   -56.73  -146.03     0.00
 967    0.000    147.25   149.22    51.07   104.62   177.41   -84.60    75.78  -158.48     0.00
 968    0.000    169.56  -133.07   169.64  -159.45   -12.57  -142.20   -57.87  -101.64     0.00
 969    0.000     90.14    81.60    33.51  -124.27   -54.38  -142.39   -61.20   -71.14     0.00
 970    0.000      9.51   -66.77  -124.96   112.91  -152.47   104.49   106.54  -120.01     0.00
 971    0.000    134.83   163.31  -152.69   -78.74    51.58  -172.72   -92.13  -137.16     0.00
 972    0.000    162.19   136.91   125.44  -131.34  -102.30   -74.17   -27.21  -145.75     0.00
 973    0.000    -71.77   179.02   154.10    76.27   -81.05  -145.79    23.92  -154.26     0.00
 974    0.000    -70.55  -174.98   154.92    77.62   -71.45  -140.30   -11.86  -147.10     0.00
 975    0.000    143.29   148.02   -55.05  -100.86  -130.45   -67.40   -55.14   -56.24     0.00
 976    0.000    -54.19   -75.31  -143.76  -126.67   135.35    49.51    33.84  -175.17     0.00
 977    0.000     68.46    81.94   140.63    77.51   -73.91   -92.74   168.24   -44.79     0.00
 978    0.000    107.16   175.09   -66.18   -82.04    54.45    52.27   -69.80   -51.58     0.00
 979    0.000    112.93   166.91  -165.29   -78.88    43.37  -158.05   -67.09  -141.95     0.00
 980    0.000    160.59   173.34   -55.58   -94.38  -121.06   -65.14  -172.35    44.84     0.00
 981    0.000    123.55   161.08    75.72    75.20   -63.87   -64.66   165.53   -56.17     0.00
 982    0.000    102.03    61.09    37.30  -131.64   -42.78  -143.76   -63.57   -82.84     0.00
 983    0.000    104.37  -144.11   -63.78  -158.39   -68.76   -76.66   155.86    62.09     0.00
 984    0.000    -61.95   -80.05  -145.12   -60.16   -46.22   -59.19   141.80  -142.89     0.00
 985    0.000   -172.81   -75.80  -143.33  -175.61   125.24    68.47   -44.13  -122.95     0.00
 986    0.000    159.98    84.41    14.27   175.85   -72.26   -76.49   168.38   -56.79     0.00
 987    0.000     87.99    78.65   178.49    80.10   -62.97  -137.93   -48.34  -145.15     0.00
 988    0.000     85.91  -117.57   119.44    63.61  -101.92  -139.46    65.15  -141.44     0.00
 989    0.000    -62.68   -77.48    65.09    77.92  -127.55   -61.70   -72.44   -61.57     0.00
 990    0.000    117.04    69.31    33.97   146.80   168.71   -77.11    79.86   178.52     0.00
 991    0.000    116.31   173.66  -171.19   -78.76    49.85  -167.68   -69.70  -152.59     0.00
 992    0.000     62.43    75.13   134.89   130.31   -62.65  -141.65   -63.40   -92.88     0.00
 993    0.000     78.61    77.93   150.42    73.97   -70.87  -135.21   125.66    38.56     0.00
 994    0.000     98.94    58.01    41.44  -143.31   -32.08  -142.11   -57.11  -115.14     0.00
 995    0.000    -99.65   -51.26   131.90    70.88    87.04   129.50   -55.22   -84.58     0.00
 996    0.000   -142.72   -72.95    73.72    85.71   165.85    54.87  -169.25   -57.07     0.00
 997    0.000    122.52   174.69   -32.57  -176.01   -97.86   -67.77    -9.74  -146.98     0.00
 998    0.000     83.80    81.13   164.18    82.01   -80.64  -144.73     0.35  -161.56     0.00
 999    0.000   -119.58  -155.82   135.00    92.78    46.74  -157.02   -68.26   -90.35     0.00
1000    0.000     94.97   -77.34   -37.69  -126.73   -49.11  -145.71   -63.41   -52.89     0.00
1001    0.000    155.93  -171.57   -75.94   -83.42   171.71  -156.58   -81.00  -154.77     0.00
1002    0.000    -58.46   -74.38    76.40    73.04  -158.15    46.01  -112.18  -140.94     0.00
1003    0.000   -107.84  -104.70  -161.78    20.37    41.14   -60.64     7.94    35.80     0.00
1004    0.000    139.23   146.28   -55.60  -100.11  -132.66   -66.01   -53.65   -48.73     0.00
1005    0.000    112.63    61.93  -175.82  -165.95   -69.31   -75.89   170.71  -146.39     0.00
1006    0.000   -174.10   -74.58   178.29   170.98   170.94  -152.14   161.32  -156.64     0.00
1007    0.000    156.38  -164.46   160.48  -165.70    94.96  -143.13   164.39  -144.25     0.00
1008    0.000    -63.25   152.89    24.58   178.49   117.42    64.67   -53.22  -134.79     0.00
1009    0.000    137.18   -23.27   102.20   135.99   -52.24  -101.76  -154.61   -80.59     0.00
1010    0.000    -68.08  -165.61   118.29    75.48   -65.50   -80.48   154.28   -51.34     0.00
1011    0.000   -174.56  -142.82   171.75   169.04  -125.24  -135.11   166.34  -148.88     0.00
1012    0.000    -70.66   -77.95    67.89    76.92  -126.45   -60.41   -75.73   -58.69     0.00
1013    0.000    -52.48   -77.59    60.40    62.36   -98.65   -62.51   173.74    46.09     0.00
1014    0.000    159.16    77.65   -72.75   -63.38   147.08   -75.38    60.48  -158.82     0.00
1015    0.000    124.97   166.75  -161.78   -78.36    29.95  -149.17   -68.49  -149.13     0.00
1016    0.000   -105.67   -64.55  -176.46  -162.39   -25.65  -145.27    30.21   118.36     0.00
1017    0.000    -24.59   151.31    72.59    84.12   -49.05   -64.06    76.22    34.37     0.00
1018    0.000    101.47    58.78  -136.82   -69.73   175.76   151.89    63.15    50.34     0.00
1019    0.000    110.45    71.10   173.63  -114.87    19.54    79.75    72.46    95.42     0.00
1020    0.000   -102.17   -69.20  -167.64  -139.22  -160.00  -135.56   142.31  -156.64     0.00
1021    0.000    114.88  -178.88   -31.29  -167.04  -119.13   -79.72    48.22  -162.95     0.00
1022    0.000    111.16   167.70   -66.34   -81.27    53.39    50.37   -71.04   -44.10     0.00
1023    0.000    -44.22   156.78   170.46    78.76   -56.62  -120.23   -49.96  -150.24     0.00
1024    0.000   -141.65   -75.40    71.75   163.09   -84.23  -152.77   -69.86   -48.38     0.00
