 The sequence   : YGGFM
 sequence length:   5
 No. of atoms   :  75

**********CLUSTERING MINIMIZED STRUCTURES**************

  0.4094551     sigma =  0.1527053      0.2567498       523776.0    
 global cluster cutoff =   0.2567498    
 No. of clusters =           20
      REMARK  CN  NM  Energy    PACKD   CUTOF   RMSD    RRMSD     CRMS    CRRMS
REMARK   1  17  -63.68    0.42    0.15    0.40    0.10    5.56    2.01    0.65
REMARK   2  10  -62.06    0.38    0.14    0.38    0.10    5.58    2.47    0.83
REMARK   3 185  -61.85    0.20    0.18    0.75    0.19    6.15    2.89    0.90
REMARK   4  77  -61.70    0.31    0.17    0.60    0.15    5.92    2.55    0.80
REMARK   5   8  -61.51    0.30    0.13    0.47    0.12    6.46    2.24    0.71
REMARK   6  28  -60.31    0.42    0.16    0.45    0.11    6.09    2.54    0.78
REMARK   7   7  -58.77    0.37    0.16    0.49    0.13    6.34    2.18    0.72
REMARK   8   9  -49.51    0.42    0.13    0.34    0.09    6.12    2.51    0.85
REMARK   9   4  -43.56    0.34    0.15    0.50    0.12    5.77    1.68    0.46
REMARK  10  13  -40.78    0.32    0.15    0.58    0.13    6.59    2.27    0.62
REMARK  11  52  -39.73    0.33    0.15    0.57    0.12    6.79    2.59    0.70
REMARK  12   2  -35.65    0.16    0.16    0.73    0.16    5.65    1.99    0.52
REMARK  13   1  -31.70     NaN     NaN     NaN     NaN    3.74    0.00    0.00
REMARK  14   2  -27.58    0.51    0.14    0.36    0.08    4.24    0.25    0.06
REMARK  15  18  -25.81    0.23    0.18    1.00    0.17    7.36    2.48    0.52
REMARK  16 18013586.27    0.23    0.17    0.69    0.17    6.08    2.91    0.92
REMARK  17  6720155.97    0.28    0.18    0.64    0.16    6.19    2.49    0.77
REMARK  18  2662033.96    0.26    0.17    0.77    0.16    6.38    3.32    0.88
REMARK  19  49********    0.24    0.17    0.97    0.17    7.75    3.83    0.82

                         Job ended on 07-Mar-23

                               at 17:06:30

 cpu time = :    1.329248    
