QMC_MINIMIZED_Structure: 15 -65.826
QMC_MINIMIZED_Structure: 1 -58.788
QMC_MINIMIZED_Structure: 16 -61.273
QMC_MINIMIZED_Structure: 7 75579.68
QMC_MINIMIZED_Structure: 18 -33.988
QMC_MINIMIZED_Structure: 24 -27.39
QMC_MINIMIZED_Structure: 23 -60.598
QMC_MINIMIZED_Structure: 20 -65.528
QMC_MINIMIZED_Structure: 27 -60.948
QMC_MINIMIZED_Structure: 4 -38.025
QMC_MINIMIZED_Structure: 19 -62.564
QMC_MINIMIZED_Structure: 26 -56.719
QMC_MINIMIZED_Structure: 22 -66.873
QMC_MINIMIZED_Structure: 28 -60.5
QMC_MINIMIZED_Structure: 10 -62.812
QMC_MINIMIZED_Structure: 25 -62.224
QMC_MINIMIZED_Structure: 12 -60.667
QMC_MINIMIZED_Structure: 0 -63.038
QMC_MINIMIZED_Structure: 13 -63.696
QMC_MINIMIZED_Structure: 17 -61.448
QMC_MINIMIZED_Structure: 31 -63.878
QMC_MINIMIZED_Structure: 9 -52.69
QMC_MINIMIZED_Structure: 14 -43.158
QMC_MINIMIZED_Structure: 5 -39.583
QMC_MINIMIZED_Structure: 11 -59.523
QMC_MINIMIZED_Structure: 29 -41.009
QMC_MINIMIZED_Structure: 3 -39.207
QMC_MINIMIZED_Structure: 8 -25.065
QMC_MINIMIZED_Structure: 6 -64.021
QMC_MINIMIZED_Structure: 21 -63.013
QMC_MINIMIZED_Structure: 30 -57.921
QMC_MINIMIZED_Structure: 2 -62.547
QMC_MINIMIZED_Structure: 641 -55.383
QMC_MINIMIZED_Structure: 624 -60.74
QMC_MINIMIZED_Structure: 439 -66.35
QMC_MINIMIZED_Structure: 442 -63.974
QMC_MINIMIZED_Structure: 441 -61.534
QMC_MINIMIZED_Structure: 653 -64.543
QMC_MINIMIZED_Structure: 219 -63.03
QMC_MINIMIZED_Structure: 15 -61.557
QMC_MINIMIZED_Structure: 1 -60.932
QMC_MINIMIZED_Structure: 644 -62.001
QMC_MINIMIZED_Structure: 425 -65.029
QMC_MINIMIZED_Structure: 16 -38.849
QMC_MINIMIZED_Structure: 105 -41.589
QMC_MINIMIZED_Structure: 112 -63.398
QMC_MINIMIZED_Structure: 401 -61.814
QMC_MINIMIZED_Structure: 270 -62.125
QMC_MINIMIZED_Structure: 261 -53.464
QMC_MINIMIZED_Structure: 535 -62.301
QMC_MINIMIZED_Structure: 496 -43.467
QMC_MINIMIZED_Structure: 78 -62.109
QMC_MINIMIZED_Structure: 930 -60.809
QMC_MINIMIZED_Structure: 410 1354286.6
QMC_MINIMIZED_Structure: 948 -28.391
QMC_MINIMIZED_Structure: 836 -65.219
QMC_MINIMIZED_Structure: 118 -63.75
QMC_MINIMIZED_Structure: 400 -54.842
QMC_MINIMIZED_Structure: 7 -66.903
QMC_MINIMIZED_Structure: 18 -38.886
QMC_MINIMIZED_Structure: 500 -66.392
QMC_MINIMIZED_Structure: 24 -63.55
QMC_MINIMIZED_Structure: 256 -62.789
QMC_MINIMIZED_Structure: 736 -61.184
QMC_MINIMIZED_Structure: 705 -57.462
QMC_MINIMIZED_Structure: 303 -65.095
QMC_MINIMIZED_Structure: 613 -40.178
QMC_MINIMIZED_Structure: 746 -64.626
QMC_MINIMIZED_Structure: 201 -61.125
QMC_MINIMIZED_Structure: 671 -65.429
QMC_MINIMIZED_Structure: 874 -64.352
QMC_MINIMIZED_Structure: 881 -29.985
QMC_MINIMIZED_Structure: 998 -27.588
QMC_MINIMIZED_Structure: 85 -36.642
QMC_MINIMIZED_Structure: 343 -32.492
QMC_MINIMIZED_Structure: 233 -62.646
QMC_MINIMIZED_Structure: 424 -51.44
QMC_MINIMIZED_Structure: 784 -39.486
QMC_MINIMIZED_Structure: 819 -56.446
QMC_MINIMIZED_Structure: 330 -62.235
QMC_MINIMIZED_Structure: 388 -39.492
QMC_MINIMIZED_Structure: 430 -55.579
QMC_MINIMIZED_Structure: 794 -60.666
QMC_MINIMIZED_Structure: 544 -61.634
QMC_MINIMIZED_Structure: 611 -62.359
QMC_MINIMIZED_Structure: 637 -63.531
QMC_MINIMIZED_Structure: 72 -29.063
QMC_MINIMIZED_Structure: 985 -63.887
QMC_MINIMIZED_Structure: 23 -61.126
QMC_MINIMIZED_Structure: 906 -62.628
QMC_MINIMIZED_Structure: 264 -67.403
QMC_MINIMIZED_Structure: 652 1603011.0
QMC_MINIMIZED_Structure: 391 -62.395
QMC_MINIMIZED_Structure: 812 -62.925
QMC_MINIMIZED_Structure: 714 -54.837
QMC_MINIMIZED_Structure: 984 -29.066
QMC_MINIMIZED_Structure: 35 -61.465
QMC_MINIMIZED_Structure: 946 -42.861
QMC_MINIMIZED_Structure: 763 -63.654
QMC_MINIMIZED_Structure: 297 -61.838
QMC_MINIMIZED_Structure: 907 -63.716
QMC_MINIMIZED_Structure: 545 -55.333
QMC_MINIMIZED_Structure: 593 -28.682
QMC_MINIMIZED_Structure: 929 -61.94
QMC_MINIMIZED_Structure: 50 -33.904
QMC_MINIMIZED_Structure: 236 -57.242
QMC_MINIMIZED_Structure: 597 -65.273
QMC_MINIMIZED_Structure: 825 -64.981
QMC_MINIMIZED_Structure: 183 -57.665
QMC_MINIMIZED_Structure: 709 -62.391
QMC_MINIMIZED_Structure: 103 -57.239
QMC_MINIMIZED_Structure: 516 -66.401
QMC_MINIMIZED_Structure: 599 -26.463
QMC_MINIMIZED_Structure: 434 -65.193
QMC_MINIMIZED_Structure: 20 -27.187
QMC_MINIMIZED_Structure: 27 -60.457
QMC_MINIMIZED_Structure: 262 -60.788
QMC_MINIMIZED_Structure: 42 -39.801
QMC_MINIMIZED_Structure: 89 -61.92
QMC_MINIMIZED_Structure: 142 -36.506
QMC_MINIMIZED_Structure: 420 -42.463
QMC_MINIMIZED_Structure: 557 2456601.7
QMC_MINIMIZED_Structure: 109 -58.987
QMC_MINIMIZED_Structure: 950 -57.67
QMC_MINIMIZED_Structure: 501 -39.17
QMC_MINIMIZED_Structure: 813 -63.333
QMC_MINIMIZED_Structure: 130 -60.222
QMC_MINIMIZED_Structure: 931 -54.848
QMC_MINIMIZED_Structure: 823 -31.769
QMC_MINIMIZED_Structure: 970 -54.903
QMC_MINIMIZED_Structure: 269 -28.756
QMC_MINIMIZED_Structure: 263 -26.579
QMC_MINIMIZED_Structure: 428 -28.05
QMC_MINIMIZED_Structure: 667 -65.552
QMC_MINIMIZED_Structure: 686 -62.097
QMC_MINIMIZED_Structure: 584 -61.446
QMC_MINIMIZED_Structure: 59 -61.45
QMC_MINIMIZED_Structure: 4 -62.084
QMC_MINIMIZED_Structure: 468 -66.802
QMC_MINIMIZED_Structure: 320 -43.46
QMC_MINIMIZED_Structure: 663 -66.556
QMC_MINIMIZED_Structure: 665 -66.833
QMC_MINIMIZED_Structure: 299 -44.606
QMC_MINIMIZED_Structure: 129 -27.436
QMC_MINIMIZED_Structure: 534 -65.172
QMC_MINIMIZED_Structure: 240 -61.333
QMC_MINIMIZED_Structure: 285 -63.984
QMC_MINIMIZED_Structure: 381 -47.887
QMC_MINIMIZED_Structure: 523 -38.402
QMC_MINIMIZED_Structure: 920 -26.911
QMC_MINIMIZED_Structure: 678 -65.384
QMC_MINIMIZED_Structure: 287 -64.378
QMC_MINIMIZED_Structure: 117 -56.474
QMC_MINIMIZED_Structure: 1015 -62.065
QMC_MINIMIZED_Structure: 602 -63.894
QMC_MINIMIZED_Structure: 295 -62.193
QMC_MINIMIZED_Structure: 172 -26.961
QMC_MINIMIZED_Structure: 512 -36.718
QMC_MINIMIZED_Structure: 392 -61.36
QMC_MINIMIZED_Structure: 95 -57.297
QMC_MINIMIZED_Structure: 590 -43.019
QMC_MINIMIZED_Structure: 1010 -60.981
QMC_MINIMIZED_Structure: 149 -66.041
QMC_MINIMIZED_Structure: 96 -60.783
QMC_MINIMIZED_Structure: 19 -44.867
QMC_MINIMIZED_Structure: 772 -51.813
QMC_MINIMIZED_Structure: 179 -56.068
QMC_MINIMIZED_Structure: 493 -62.157
QMC_MINIMIZED_Structure: 814 -60.371
QMC_MINIMIZED_Structure: 658 -51.305
QMC_MINIMIZED_Structure: 942 -60.499
QMC_MINIMIZED_Structure: 75 -44.145
QMC_MINIMIZED_Structure: 122 -48.971
QMC_MINIMIZED_Structure: 423 -58.905
QMC_MINIMIZED_Structure: 935 -32.605
QMC_MINIMIZED_Structure: 873 -56.961
QMC_MINIMIZED_Structure: 890 -58.995
QMC_MINIMIZED_Structure: 140 -59.644
QMC_MINIMIZED_Structure: 952 -64.185
QMC_MINIMIZED_Structure: 642 -64.617
QMC_MINIMIZED_Structure: 800 -65.621
QMC_MINIMIZED_Structure: 662 -39.398
QMC_MINIMIZED_Structure: 510 -63.95
QMC_MINIMIZED_Structure: 726 -61.955
QMC_MINIMIZED_Structure: 622 -26.975
QMC_MINIMIZED_Structure: 134 -65.624
QMC_MINIMIZED_Structure: 120 -54.765
QMC_MINIMIZED_Structure: 445 -63.919
QMC_MINIMIZED_Structure: 73 -63.939
QMC_MINIMIZED_Structure: 26 -59.329
QMC_MINIMIZED_Structure: 778 -56.878
QMC_MINIMIZED_Structure: 892 -67.982
QMC_MINIMIZED_Structure: 918 -60.666
QMC_MINIMIZED_Structure: 215 -61.486
QMC_MINIMIZED_Structure: 230 -63.857
QMC_MINIMIZED_Structure: 807 -54.032
QMC_MINIMIZED_Structure: 329 -61.836
QMC_MINIMIZED_Structure: 114 -61.529
QMC_MINIMIZED_Structure: 146 -45.788
QMC_MINIMIZED_Structure: 164 -59.419
QMC_MINIMIZED_Structure: 260 -64.32
QMC_MINIMIZED_Structure: 757 -55.378
QMC_MINIMIZED_Structure: 251 -64.47
QMC_MINIMIZED_Structure: 22 -41.106
QMC_MINIMIZED_Structure: 28 -67.81
QMC_MINIMIZED_Structure: 350 -62.878
QMC_MINIMIZED_Structure: 841 -61.236
QMC_MINIMIZED_Structure: 257 -25.899
QMC_MINIMIZED_Structure: 866 -62.039
QMC_MINIMIZED_Structure: 526 -60.665
QMC_MINIMIZED_Structure: 966 -60.669
QMC_MINIMIZED_Structure: 799 -67.371
QMC_MINIMIZED_Structure: 70 -59.005
QMC_MINIMIZED_Structure: 190 -30.547
QMC_MINIMIZED_Structure: 258 -55.312
QMC_MINIMIZED_Structure: 956 -58.296
QMC_MINIMIZED_Structure: 973 -62.723
QMC_MINIMIZED_Structure: 177 -37.085
QMC_MINIMIZED_Structure: 538 -62.939
QMC_MINIMIZED_Structure: 876 -26.819
QMC_MINIMIZED_Structure: 515 -58.987
QMC_MINIMIZED_Structure: 871 -62.6
QMC_MINIMIZED_Structure: 979 -56.933
QMC_MINIMIZED_Structure: 632 -61.006
QMC_MINIMIZED_Structure: 387 -36.047
QMC_MINIMIZED_Structure: 51 -60.525
QMC_MINIMIZED_Structure: 284 -64.341
QMC_MINIMIZED_Structure: 712 -27.334
QMC_MINIMIZED_Structure: 972 -39.194
QMC_MINIMIZED_Structure: 389 -63.867
QMC_MINIMIZED_Structure: 575 -56.535
QMC_MINIMIZED_Structure: 609 -61.512
QMC_MINIMIZED_Structure: 143 -61.079
QMC_MINIMIZED_Structure: 533 -30.834
QMC_MINIMIZED_Structure: 630 -41.188
QMC_MINIMIZED_Structure: 855 -31.214
QMC_MINIMIZED_Structure: 771 -30.487
QMC_MINIMIZED_Structure: 414 -56.776
QMC_MINIMIZED_Structure: 243 -62.194
QMC_MINIMIZED_Structure: 661 -66.074
QMC_MINIMIZED_Structure: 492 -65.216
QMC_MINIMIZED_Structure: 1008 -64.706
QMC_MINIMIZED_Structure: 844 -56.949
QMC_MINIMIZED_Structure: 760 -67.008
QMC_MINIMIZED_Structure: 655 -64.633
QMC_MINIMIZED_Structure: 603 -60.664
QMC_MINIMIZED_Structure: 968 -60.77
QMC_MINIMIZED_Structure: 181 -64.648
QMC_MINIMIZED_Structure: 451 -30.234
QMC_MINIMIZED_Structure: 470 -44.74
QMC_MINIMIZED_Structure: 939 -68.548
QMC_MINIMIZED_Structure: 393 -58.149
QMC_MINIMIZED_Structure: 596 -63.992
QMC_MINIMIZED_Structure: 739 -61.233
QMC_MINIMIZED_Structure: 941 -59.654
QMC_MINIMIZED_Structure: 864 -42.476
QMC_MINIMIZED_Structure: 915 -31.333
QMC_MINIMIZED_Structure: 394 -64.467
QMC_MINIMIZED_Structure: 680 -27.828
QMC_MINIMIZED_Structure: 154 -67.699
QMC_MINIMIZED_Structure: 214 -46.52
QMC_MINIMIZED_Structure: 673 -62.646
QMC_MINIMIZED_Structure: 879 -45.316
QMC_MINIMIZED_Structure: 923 1021.919
QMC_MINIMIZED_Structure: 711 -65.444
QMC_MINIMIZED_Structure: 914 -63.216
QMC_MINIMIZED_Structure: 83 -58.591
QMC_MINIMIZED_Structure: 699 -36.551
QMC_MINIMIZED_Structure: 666 -44.573
QMC_MINIMIZED_Structure: 245 -58.017
QMC_MINIMIZED_Structure: 10 -62.43
QMC_MINIMIZED_Structure: 815 -33.348
QMC_MINIMIZED_Structure: 993 -38.913
QMC_MINIMIZED_Structure: 629 -61.658
QMC_MINIMIZED_Structure: 824 -62.773
QMC_MINIMIZED_Structure: 582 -61.537
QMC_MINIMIZED_Structure: 737 -29.823
QMC_MINIMIZED_Structure: 614 -37.596
QMC_MINIMIZED_Structure: 324 -64.261
QMC_MINIMIZED_Structure: 674 -43.902
QMC_MINIMIZED_Structure: 718 -62.1
QMC_MINIMIZED_Structure: 842 -53.165
QMC_MINIMIZED_Structure: 406 -55.367
QMC_MINIMIZED_Structure: 858 -62.394
QMC_MINIMIZED_Structure: 721 -60.008
QMC_MINIMIZED_Structure: 731 -59.074
QMC_MINIMIZED_Structure: 327 -61.007
QMC_MINIMIZED_Structure: 728 -55.404
QMC_MINIMIZED_Structure: 239 -62.388
QMC_MINIMIZED_Structure: 924 -57.782
QMC_MINIMIZED_Structure: 62 -64.692
QMC_MINIMIZED_Structure: 598 -61.964
QMC_MINIMIZED_Structure: 189 -58.357
QMC_MINIMIZED_Structure: 216 -59.707
QMC_MINIMIZED_Structure: 67 -63.202
QMC_MINIMIZED_Structure: 780 -37.944
QMC_MINIMIZED_Structure: 151 -64.677
QMC_MINIMIZED_Structure: 833 -60.138
QMC_MINIMIZED_Structure: 567 -62.152
QMC_MINIMIZED_Structure: 580 -55.77
QMC_MINIMIZED_Structure: 390 -57.483
QMC_MINIMIZED_Structure: 354 -61.869
QMC_MINIMIZED_Structure: 212 -38.614
QMC_MINIMIZED_Structure: 196 -26.297
QMC_MINIMIZED_Structure: 318 -62.842
QMC_MINIMIZED_Structure: 696 -28.896
QMC_MINIMIZED_Structure: 137 -63.202
QMC_MINIMIZED_Structure: 194 -63.114
QMC_MINIMIZED_Structure: 1007 -63.681
QMC_MINIMIZED_Structure: 491 -58.62
QMC_MINIMIZED_Structure: 787 -62.734
QMC_MINIMIZED_Structure: 865 -66.121
QMC_MINIMIZED_Structure: 280 -39.705
QMC_MINIMIZED_Structure: 786 -65.564
QMC_MINIMIZED_Structure: 846 -64.184
QMC_MINIMIZED_Structure: 971 -59.776
QMC_MINIMIZED_Structure: 540 -55.962
QMC_MINIMIZED_Structure: 325 -37.792
QMC_MINIMIZED_Structure: 685 262874.0
QMC_MINIMIZED_Structure: 160 -45.894
QMC_MINIMIZED_Structure: 413 -65.97
QMC_MINIMIZED_Structure: 402 -64.874
QMC_MINIMIZED_Structure: 1018 -62.006
QMC_MINIMIZED_Structure: 776 -62.362
QMC_MINIMIZED_Structure: 809 -26.897
QMC_MINIMIZED_Structure: 566 -67.338
QMC_MINIMIZED_Structure: 250 -62.565
QMC_MINIMIZED_Structure: 569 -42.39
QMC_MINIMIZED_Structure: 982 -64.933
QMC_MINIMIZED_Structure: 386 -61.09
QMC_MINIMIZED_Structure: 265 -61.547
QMC_MINIMIZED_Structure: 1006 -27.467
QMC_MINIMIZED_Structure: 777 -28.245
QMC_MINIMIZED_Structure: 396 -60.822
QMC_MINIMIZED_Structure: 404 -65.542
QMC_MINIMIZED_Structure: 184 -65.394
QMC_MINIMIZED_Structure: 141 -62.469
QMC_MINIMIZED_Structure: 723 -61.684
QMC_MINIMIZED_Structure: 592 -62.451
QMC_MINIMIZED_Structure: 349 -63.076
QMC_MINIMIZED_Structure: 253 -42.96
QMC_MINIMIZED_Structure: 691 -42.929
QMC_MINIMIZED_Structure: 25 -64.24
QMC_MINIMIZED_Structure: 12 -62.359
QMC_MINIMIZED_Structure: 168 -52.899
QMC_MINIMIZED_Structure: 830 -62.948
QMC_MINIMIZED_Structure: 87 -62.383
QMC_MINIMIZED_Structure: 0 -50.369
QMC_MINIMIZED_Structure: 379 -55.004
QMC_MINIMIZED_Structure: 279 -60.838
QMC_MINIMIZED_Structure: 764 -64.219
QMC_MINIMIZED_Structure: 293 -56.577
QMC_MINIMIZED_Structure: 465 -65.376
QMC_MINIMIZED_Structure: 698 -64.603
QMC_MINIMIZED_Structure: 581 -39.083
QMC_MINIMIZED_Structure: 579 -59.435
QMC_MINIMIZED_Structure: 362 -61.946
QMC_MINIMIZED_Structure: 562 -58.199
QMC_MINIMIZED_Structure: 246 -39.116
QMC_MINIMIZED_Structure: 643 -60.732
QMC_MINIMIZED_Structure: 571 -63.36
QMC_MINIMIZED_Structure: 944 -29.719
QMC_MINIMIZED_Structure: 981 -25.815
QMC_MINIMIZED_Structure: 53 -65.178
QMC_MINIMIZED_Structure: 808 -63.844
QMC_MINIMIZED_Structure: 339 -40.643
QMC_MINIMIZED_Structure: 36 -62.17
QMC_MINIMIZED_Structure: 765 -61.782
QMC_MINIMIZED_Structure: 165 -66.91
QMC_MINIMIZED_Structure: 758 -63.835
QMC_MINIMIZED_Structure: 314 -66.694
QMC_MINIMIZED_Structure: 616 -58.788
QMC_MINIMIZED_Structure: 55 -61.232
QMC_MINIMIZED_Structure: 587 -41.238
QMC_MINIMIZED_Structure: 311 6455182.2
QMC_MINIMIZED_Structure: 234 -65.05
QMC_MINIMIZED_Structure: 801 -63.585
QMC_MINIMIZED_Structure: 867 -62.199
QMC_MINIMIZED_Structure: 507 -59.63
QMC_MINIMIZED_Structure: 626 -59.964
QMC_MINIMIZED_Structure: 274 -65.295
QMC_MINIMIZED_Structure: 572 -61.588
QMC_MINIMIZED_Structure: 487 -32.291
QMC_MINIMIZED_Structure: 171 -61.177
QMC_MINIMIZED_Structure: 272 -59.039
QMC_MINIMIZED_Structure: 554 -62.396
QMC_MINIMIZED_Structure: 161 -63.396
QMC_MINIMIZED_Structure: 13 -41.14
QMC_MINIMIZED_Structure: 352 -46.094
QMC_MINIMIZED_Structure: 903 -30.289
QMC_MINIMIZED_Structure: 17 -64.035
QMC_MINIMIZED_Structure: 509 -64.664
QMC_MINIMIZED_Structure: 676 -62.264
QMC_MINIMIZED_Structure: 444 -60.152
QMC_MINIMIZED_Structure: 639 -63.047
QMC_MINIMIZED_Structure: 831 -22.672
QMC_MINIMIZED_Structure: 769 -42.657
QMC_MINIMIZED_Structure: 372 -33.554
QMC_MINIMIZED_Structure: 323 -62.421
QMC_MINIMIZED_Structure: 294 -28.189
QMC_MINIMIZED_Structure: 522 -57.783
QMC_MINIMIZED_Structure: 870 -63.816
QMC_MINIMIZED_Structure: 595 -62.222
QMC_MINIMIZED_Structure: 170 -35.645
QMC_MINIMIZED_Structure: 197 -66.322
QMC_MINIMIZED_Structure: 793 -67.633
QMC_MINIMIZED_Structure: 681 -63.866
QMC_MINIMIZED_Structure: 64 -62.691
QMC_MINIMIZED_Structure: 853 -66.487
QMC_MINIMIZED_Structure: 309 -63.045
QMC_MINIMIZED_Structure: 271 -45.523
QMC_MINIMIZED_Structure: 363 -59.745
QMC_MINIMIZED_Structure: 461 -25.042
QMC_MINIMIZED_Structure: 505 -40.729
QMC_MINIMIZED_Structure: 958 -62.912
QMC_MINIMIZED_Structure: 940 -65.799
QMC_MINIMIZED_Structure: 334 -58.988
QMC_MINIMIZED_Structure: 633 -43.095
QMC_MINIMIZED_Structure: 463 -44.669
QMC_MINIMIZED_Structure: 211 -63.887
QMC_MINIMIZED_Structure: 802 -46.235
QMC_MINIMIZED_Structure: 397 -30.056
QMC_MINIMIZED_Structure: 551 -37.649
QMC_MINIMIZED_Structure: 742 -62.765
QMC_MINIMIZED_Structure: 889 -61.899
QMC_MINIMIZED_Structure: 659 -45.253
QMC_MINIMIZED_Structure: 376 -61.475
QMC_MINIMIZED_Structure: 798 -62.035
QMC_MINIMIZED_Structure: 31 -55.946
QMC_MINIMIZED_Structure: 68 -51.581
QMC_MINIMIZED_Structure: 649 -67.285
QMC_MINIMIZED_Structure: 448 -60.469
QMC_MINIMIZED_Structure: 732 -62.071
QMC_MINIMIZED_Structure: 436 -45.983
QMC_MINIMIZED_Structure: 835 -27.457
QMC_MINIMIZED_Structure: 452 -38.839
QMC_MINIMIZED_Structure: 688 -27.214
QMC_MINIMIZED_Structure: 886 -58.871
QMC_MINIMIZED_Structure: 767 -63.738
QMC_MINIMIZED_Structure: 839 -58.76
QMC_MINIMIZED_Structure: 672 -62.381
QMC_MINIMIZED_Structure: 322 -27.026
QMC_MINIMIZED_Structure: 79 -61.239
QMC_MINIMIZED_Structure: 447 -43.3
QMC_MINIMIZED_Structure: 774 -54.479
QMC_MINIMIZED_Structure: 360 -29.167
QMC_MINIMIZED_Structure: 101 -41.74
QMC_MINIMIZED_Structure: 1017 -38.439
QMC_MINIMIZED_Structure: 859 -63.432
QMC_MINIMIZED_Structure: 955 -59.097
QMC_MINIMIZED_Structure: 499 -28.857
QMC_MINIMIZED_Structure: 525 -61.67
QMC_MINIMIZED_Structure: 832 -27.789
QMC_MINIMIZED_Structure: 145 -59.877
QMC_MINIMIZED_Structure: 978 -43.27
QMC_MINIMIZED_Structure: 700 -62.989
QMC_MINIMIZED_Structure: 9 -57.201
QMC_MINIMIZED_Structure: 315 -40.038
QMC_MINIMIZED_Structure: 282 -62.153
QMC_MINIMIZED_Structure: 862 -60.331
QMC_MINIMIZED_Structure: 398 -41.257
QMC_MINIMIZED_Structure: 542 -60.835
QMC_MINIMIZED_Structure: 690 -54.112
QMC_MINIMIZED_Structure: 604 -59.367
QMC_MINIMIZED_Structure: 905 -26.987
QMC_MINIMIZED_Structure: 453 -65.045
QMC_MINIMIZED_Structure: 553 -43.262
QMC_MINIMIZED_Structure: 817 -62.924
QMC_MINIMIZED_Structure: 104 -56.752
QMC_MINIMIZED_Structure: 44 -62.98
QMC_MINIMIZED_Structure: 342 -37.134
QMC_MINIMIZED_Structure: 683 -38.386
QMC_MINIMIZED_Structure: 561 -62.874
QMC_MINIMIZED_Structure: 1022 -40.57
QMC_MINIMIZED_Structure: 91 -61.76
QMC_MINIMIZED_Structure: 248 -57.919
QMC_MINIMIZED_Structure: 416 -58.201
QMC_MINIMIZED_Structure: 484 -61.008
QMC_MINIMIZED_Structure: 899 -62.369
QMC_MINIMIZED_Structure: 331 -38.098
QMC_MINIMIZED_Structure: 612 -55.282
QMC_MINIMIZED_Structure: 727 -63.274
QMC_MINIMIZED_Structure: 810 -62.975
QMC_MINIMIZED_Structure: 816 -65.491
QMC_MINIMIZED_Structure: 790 -62.195
QMC_MINIMIZED_Structure: 84 -55.109
QMC_MINIMIZED_Structure: 380 -62.722
QMC_MINIMIZED_Structure: 670 -62.147
QMC_MINIMIZED_Structure: 594 -64.67
QMC_MINIMIZED_Structure: 606 -65.065
QMC_MINIMIZED_Structure: 788 -61.323
QMC_MINIMIZED_Structure: 14 -20.882
QMC_MINIMIZED_Structure: 645 -42.25
QMC_MINIMIZED_Structure: 128 -41.832
QMC_MINIMIZED_Structure: 220 -60.924
QMC_MINIMIZED_Structure: 895 -43.988
QMC_MINIMIZED_Structure: 266 -34.789
QMC_MINIMIZED_Structure: 508 -58.61
QMC_MINIMIZED_Structure: 43 -60.581
QMC_MINIMIZED_Structure: 175 -63.462
QMC_MINIMIZED_Structure: 537 -62.688
QMC_MINIMIZED_Structure: 358 -63.356
QMC_MINIMIZED_Structure: 887 -29.662
QMC_MINIMIZED_Structure: 188 -30.88
QMC_MINIMIZED_Structure: 754 -60.884
QMC_MINIMIZED_Structure: 497 -30.95
QMC_MINIMIZED_Structure: 735 -59.166
QMC_MINIMIZED_Structure: 378 -29.803
QMC_MINIMIZED_Structure: 82 -56.544
QMC_MINIMIZED_Structure: 427 -62.669
QMC_MINIMIZED_Structure: 910 -60.212
QMC_MINIMIZED_Structure: 382 -36.964
QMC_MINIMIZED_Structure: 132 -40.221
QMC_MINIMIZED_Structure: 857 -65.663
QMC_MINIMIZED_Structure: 63 -58.951
QMC_MINIMIZED_Structure: 238 -39.772
QMC_MINIMIZED_Structure: 503 -63.324
QMC_MINIMIZED_Structure: 1023 -63.845
QMC_MINIMIZED_Structure: 191 -63.934
QMC_MINIMIZED_Structure: 692 -43.373
QMC_MINIMIZED_Structure: 990 -69.462
QMC_MINIMIZED_Structure: 969 -63.316
QMC_MINIMIZED_Structure: 1011 -34.845
QMC_MINIMIZED_Structure: 224 -24.663
QMC_MINIMIZED_Structure: 926 -25.008
QMC_MINIMIZED_Structure: 806 -62.938
QMC_MINIMIZED_Structure: 166 -57.621
QMC_MINIMIZED_Structure: 843 -41.387
QMC_MINIMIZED_Structure: 605 -38.623
QMC_MINIMIZED_Structure: 100 -62.941
QMC_MINIMIZED_Structure: 80 -62.643
QMC_MINIMIZED_Structure: 745 -58.856
QMC_MINIMIZED_Structure: 300 -59.777
QMC_MINIMIZED_Structure: 574 -59.99
QMC_MINIMIZED_Structure: 752 -31.321
QMC_MINIMIZED_Structure: 898 -62.227
QMC_MINIMIZED_Structure: 796 -26.617
QMC_MINIMIZED_Structure: 943 -64.391
QMC_MINIMIZED_Structure: 54 -62.812
QMC_MINIMIZED_Structure: 615 -62.608
QMC_MINIMIZED_Structure: 888 -59.638
QMC_MINIMIZED_Structure: 514 -29.178
QMC_MINIMIZED_Structure: 600 -25.542
QMC_MINIMIZED_Structure: 228 -27.042
QMC_MINIMIZED_Structure: 555 -25.086
QMC_MINIMIZED_Structure: 47 -42.25
QMC_MINIMIZED_Structure: 965 -26.681
QMC_MINIMIZED_Structure: 563 -42.316
QMC_MINIMIZED_Structure: 5 -38.309
QMC_MINIMIZED_Structure: 565 -62.238
QMC_MINIMIZED_Structure: 1005 -38.227
QMC_MINIMIZED_Structure: 277 -62.284
QMC_MINIMIZED_Structure: 147 -62.402
QMC_MINIMIZED_Structure: 153 57229.98
QMC_MINIMIZED_Structure: 961 -27.109
QMC_MINIMIZED_Structure: 543 -28.603
QMC_MINIMIZED_Structure: 1020 -42.412
QMC_MINIMIZED_Structure: 124 -65.007
QMC_MINIMIZED_Structure: 768 -62.157
QMC_MINIMIZED_Structure: 139 -58.941
QMC_MINIMIZED_Structure: 840 -67.517
QMC_MINIMIZED_Structure: 619 -54.409
QMC_MINIMIZED_Structure: 927 -29.418
QMC_MINIMIZED_Structure: 880 -62.445
QMC_MINIMIZED_Structure: 837 -62.952
QMC_MINIMIZED_Structure: 917 -60.074
QMC_MINIMIZED_Structure: 650 -61.579
QMC_MINIMIZED_Structure: 41 -64.648
QMC_MINIMIZED_Structure: 627 -64.159
QMC_MINIMIZED_Structure: 471 -61.879
QMC_MINIMIZED_Structure: 707 -65.146
QMC_MINIMIZED_Structure: 232 -41.381
QMC_MINIMIZED_Structure: 625 -55.351
QMC_MINIMIZED_Structure: 475 -43.201
QMC_MINIMIZED_Structure: 994 -29.24
QMC_MINIMIZED_Structure: 986 -33.653
QMC_MINIMIZED_Structure: 298 -25.592
QMC_MINIMIZED_Structure: 478 -40.389
QMC_MINIMIZED_Structure: 443 -64.607
QMC_MINIMIZED_Structure: 900 -60.263
QMC_MINIMIZED_Structure: 697 -64.31
QMC_MINIMIZED_Structure: 421 -27.544
QMC_MINIMIZED_Structure: 435 -33.085
QMC_MINIMIZED_Structure: 49 -34.316
QMC_MINIMIZED_Structure: 852 -28.467
QMC_MINIMIZED_Structure: 822 -61.123
QMC_MINIMIZED_Structure: 743 -63.427
QMC_MINIMIZED_Structure: 353 -64.309
QMC_MINIMIZED_Structure: 336 -37.336
QMC_MINIMIZED_Structure: 669 -58.546
QMC_MINIMIZED_Structure: 199 -61.349
QMC_MINIMIZED_Structure: 185 -28.503
QMC_MINIMIZED_Structure: 805 -36.382
QMC_MINIMIZED_Structure: 506 -53.66
QMC_MINIMIZED_Structure: 152 -67.198
QMC_MINIMIZED_Structure: 283 -26.875
QMC_MINIMIZED_Structure: 321 -61.456
QMC_MINIMIZED_Structure: 964 -62.453
QMC_MINIMIZED_Structure: 338 -49.648
QMC_MINIMIZED_Structure: 480 -60.833
QMC_MINIMIZED_Structure: 229 -62.232
QMC_MINIMIZED_Structure: 586 -67.624
QMC_MINIMIZED_Structure: 163 -59.52
QMC_MINIMIZED_Structure: 222 -27.268
QMC_MINIMIZED_Structure: 138 -44.517
QMC_MINIMIZED_Structure: 92 -62.77
QMC_MINIMIZED_Structure: 462 -63.748
QMC_MINIMIZED_Structure: 861 -63.828
QMC_MINIMIZED_Structure: 304 -65.148
QMC_MINIMIZED_Structure: 781 -55.942
QMC_MINIMIZED_Structure: 860 -61.334
QMC_MINIMIZED_Structure: 495 -55.113
QMC_MINIMIZED_Structure: 851 -34.784
QMC_MINIMIZED_Structure: 11 -58.6
QMC_MINIMIZED_Structure: 108 -60.75
QMC_MINIMIZED_Structure: 399 -26.578
QMC_MINIMIZED_Structure: 901 -28.907
QMC_MINIMIZED_Structure: 377 -54.776
QMC_MINIMIZED_Structure: 974 -34.905
QMC_MINIMIZED_Structure: 759 -61.257
QMC_MINIMIZED_Structure: 45 -29.609
QMC_MINIMIZED_Structure: 750 -59.607
QMC_MINIMIZED_Structure: 933 -43.005
QMC_MINIMIZED_Structure: 734 -61.953
QMC_MINIMIZED_Structure: 668 -62.498
QMC_MINIMIZED_Structure: 638 -65.776
QMC_MINIMIZED_Structure: 69 -61.943
QMC_MINIMIZED_Structure: 738 -62.758
QMC_MINIMIZED_Structure: 412 -43.247
QMC_MINIMIZED_Structure: 275 -61.38
QMC_MINIMIZED_Structure: 656 -25.46
QMC_MINIMIZED_Structure: 203 -42.251
QMC_MINIMIZED_Structure: 173 -62.257
QMC_MINIMIZED_Structure: 237 -54.834
QMC_MINIMIZED_Structure: 536 -39.29
QMC_MINIMIZED_Structure: 583 -63.198
QMC_MINIMIZED_Structure: 192 -63.203
QMC_MINIMIZED_Structure: 29 -62.889
QMC_MINIMIZED_Structure: 32 -61.07
QMC_MINIMIZED_Structure: 635 -66.098
QMC_MINIMIZED_Structure: 770 -44.91
QMC_MINIMIZED_Structure: 755 -59.644
QMC_MINIMIZED_Structure: 651 -63.037
QMC_MINIMIZED_Structure: 433 -60.845
QMC_MINIMIZED_Structure: 252 -62.705
QMC_MINIMIZED_Structure: 429 -38.206
QMC_MINIMIZED_Structure: 405 -62.119
QMC_MINIMIZED_Structure: 208 -60.764
QMC_MINIMIZED_Structure: 33 -64.608
QMC_MINIMIZED_Structure: 205 -61.933
QMC_MINIMIZED_Structure: 366 -68.436
QMC_MINIMIZED_Structure: 623 -37.242
QMC_MINIMIZED_Structure: 1014 -62.494
QMC_MINIMIZED_Structure: 460 -58.927
QMC_MINIMIZED_Structure: 464 -29.494
QMC_MINIMIZED_Structure: 546 -61.663
QMC_MINIMIZED_Structure: 422 -58.688
QMC_MINIMIZED_Structure: 316 -63.703
QMC_MINIMIZED_Structure: 636 -58.701
QMC_MINIMIZED_Structure: 169 -52.086
QMC_MINIMIZED_Structure: 740 -60.427
QMC_MINIMIZED_Structure: 174 -61.095
QMC_MINIMIZED_Structure: 281 -39.611
QMC_MINIMIZED_Structure: 375 -62.28
QMC_MINIMIZED_Structure: 710 -60.657
QMC_MINIMIZED_Structure: 1013 -61.816
QMC_MINIMIZED_Structure: 474 -41.66
QMC_MINIMIZED_Structure: 922 -37.325
QMC_MINIMIZED_Structure: 795 -59.693
QMC_MINIMIZED_Structure: 531 -60.691
QMC_MINIMIZED_Structure: 231 -52.657
QMC_MINIMIZED_Structure: 983 -64.294
QMC_MINIMIZED_Structure: 568 -58.76
QMC_MINIMIZED_Structure: 225 -26.336
QMC_MINIMIZED_Structure: 249 -58.358
QMC_MINIMIZED_Structure: 713 -61.803
QMC_MINIMIZED_Structure: 703 -42.597
QMC_MINIMIZED_Structure: 949 -27.381
QMC_MINIMIZED_Structure: 302 -45.485
QMC_MINIMIZED_Structure: 158 -65.663
QMC_MINIMIZED_Structure: 882 -58.353
QMC_MINIMIZED_Structure: 218 -61.966
QMC_MINIMIZED_Structure: 467 -59.385
QMC_MINIMIZED_Structure: 995 -65.891
QMC_MINIMIZED_Structure: 550 -62.752
QMC_MINIMIZED_Structure: 826 -62.158
QMC_MINIMIZED_Structure: 1012 -60.423
QMC_MINIMIZED_Structure: 591 -42.01
QMC_MINIMIZED_Structure: 187 -43.839
QMC_MINIMIZED_Structure: 791 -57.579
QMC_MINIMIZED_Structure: 648 -62.541
QMC_MINIMIZED_Structure: 518 -65.967
QMC_MINIMIZED_Structure: 52 -60.954
QMC_MINIMIZED_Structure: 332 -62.293
QMC_MINIMIZED_Structure: 576 -60.784
QMC_MINIMIZED_Structure: 340 -29.709
QMC_MINIMIZED_Structure: 751 -42.777
QMC_MINIMIZED_Structure: 186 -64.819
QMC_MINIMIZED_Structure: 519 -64.915
QMC_MINIMIZED_Structure: 278 -58.944
QMC_MINIMIZED_Structure: 789 -38.554
QMC_MINIMIZED_Structure: 344 -57.624
QMC_MINIMIZED_Structure: 60 -61.701
QMC_MINIMIZED_Structure: 106 -39.007
QMC_MINIMIZED_Structure: 370 -60.95
QMC_MINIMIZED_Structure: 797 2293644.3
QMC_MINIMIZED_Structure: 601 -38.254
QMC_MINIMIZED_Structure: 549 -62.596
QMC_MINIMIZED_Structure: 936 -65.184
QMC_MINIMIZED_Structure: 682 -61.086
QMC_MINIMIZED_Structure: 875 -56.401
QMC_MINIMIZED_Structure: 756 -63.648
QMC_MINIMIZED_Structure: 520 -28.505
QMC_MINIMIZED_Structure: 704 -41.623
QMC_MINIMIZED_Structure: 996 -63.843
QMC_MINIMIZED_Structure: 88 -64.005
QMC_MINIMIZED_Structure: 987 -29.424
QMC_MINIMIZED_Structure: 951 -64.283
QMC_MINIMIZED_Structure: 341 -66.79
QMC_MINIMIZED_Structure: 125 -38.441
QMC_MINIMIZED_Structure: 761 -62.523
QMC_MINIMIZED_Structure: 156 -65.515
QMC_MINIMIZED_Structure: 872 -56.605
QMC_MINIMIZED_Structure: 741 -59.735
QMC_MINIMIZED_Structure: 548 -60.815
QMC_MINIMIZED_Structure: 1001 -31.777
QMC_MINIMIZED_Structure: 356 -58.376
QMC_MINIMIZED_Structure: 58 -63.42
QMC_MINIMIZED_Structure: 335 -39.368
QMC_MINIMIZED_Structure: 94 -43.031
QMC_MINIMIZED_Structure: 558 -61.212
QMC_MINIMIZED_Structure: 476 -38.454
QMC_MINIMIZED_Structure: 135 -62.99
QMC_MINIMIZED_Structure: 912 -62.482
QMC_MINIMIZED_Structure: 725 -62.847
QMC_MINIMIZED_Structure: 1003 -62.248
QMC_MINIMIZED_Structure: 963 -55.056
QMC_MINIMIZED_Structure: 308 -60.946
QMC_MINIMIZED_Structure: 783 -36.948
QMC_MINIMIZED_Structure: 909 -37.584
QMC_MINIMIZED_Structure: 446 -31.699
QMC_MINIMIZED_Structure: 61 -57.458
QMC_MINIMIZED_Structure: 684 -61.104
QMC_MINIMIZED_Structure: 473 -49.196
QMC_MINIMIZED_Structure: 570 -33.42
QMC_MINIMIZED_Structure: 916 -64.18
QMC_MINIMIZED_Structure: 3 -61.564
QMC_MINIMIZED_Structure: 107 -62.732
QMC_MINIMIZED_Structure: 902 -65.191
QMC_MINIMIZED_Structure: 310 -62.676
QMC_MINIMIZED_Structure: 432 -68.751
QMC_MINIMIZED_Structure: 868 -59.662
QMC_MINIMIZED_Structure: 904 -64.718
QMC_MINIMIZED_Structure: 937 -62.941
QMC_MINIMIZED_Structure: 617 -39.028
QMC_MINIMIZED_Structure: 677 10702.56
QMC_MINIMIZED_Structure: 111 -26.574
QMC_MINIMIZED_Structure: 934 -63.36
QMC_MINIMIZED_Structure: 384 -63.629
QMC_MINIMIZED_Structure: 395 -60.994
QMC_MINIMIZED_Structure: 469 -35.961
QMC_MINIMIZED_Structure: 368 -34.804
QMC_MINIMIZED_Structure: 489 -66.48
QMC_MINIMIZED_Structure: 223 -59.545
QMC_MINIMIZED_Structure: 244 -61.209
QMC_MINIMIZED_Structure: 997 -55.904
QMC_MINIMIZED_Structure: 374 -40.895
QMC_MINIMIZED_Structure: 847 -55.09
QMC_MINIMIZED_Structure: 8 -63.856
QMC_MINIMIZED_Structure: 209 -62.033
QMC_MINIMIZED_Structure: 766 -59.547
QMC_MINIMIZED_Structure: 296 -62.084
QMC_MINIMIZED_Structure: 450 -62.329
QMC_MINIMIZED_Structure: 77 -66.577
QMC_MINIMIZED_Structure: 207 -63.026
QMC_MINIMIZED_Structure: 144 -66.744
QMC_MINIMIZED_Structure: 477 -58.156
QMC_MINIMIZED_Structure: 346 -63.197
QMC_MINIMIZED_Structure: 241 -66.362
QMC_MINIMIZED_Structure: 957 -25.435
QMC_MINIMIZED_Structure: 93 -32.483
QMC_MINIMIZED_Structure: 155 -42.791
QMC_MINIMIZED_Structure: 449 -62.648
QMC_MINIMIZED_Structure: 733 1998009.9
QMC_MINIMIZED_Structure: 458 -65.383
QMC_MINIMIZED_Structure: 456 -64.995
QMC_MINIMIZED_Structure: 528 -64.312
QMC_MINIMIZED_Structure: 159 -61.66
QMC_MINIMIZED_Structure: 702 -65.051
QMC_MINIMIZED_Structure: 708 -54.879
QMC_MINIMIZED_Structure: 242 -61.904
QMC_MINIMIZED_Structure: 701 -40.561
QMC_MINIMIZED_Structure: 980 -59.415
QMC_MINIMIZED_Structure: 498 -68.606
QMC_MINIMIZED_Structure: 1019 -41.671
QMC_MINIMIZED_Structure: 919 -62.962
QMC_MINIMIZED_Structure: 472 -25.372
QMC_MINIMIZED_Structure: 502 -59.957
QMC_MINIMIZED_Structure: 291 -53.849
QMC_MINIMIZED_Structure: 361 -60.903
QMC_MINIMIZED_Structure: 98 -62.574
QMC_MINIMIZED_Structure: 367 -61.389
QMC_MINIMIZED_Structure: 608 5012631.2
QMC_MINIMIZED_Structure: 921 -50.533
QMC_MINIMIZED_Structure: 195 -59.398
QMC_MINIMIZED_Structure: 724 -25.938
QMC_MINIMIZED_Structure: 749 -59.602
QMC_MINIMIZED_Structure: 46 -65.655
QMC_MINIMIZED_Structure: 34 -51.799
QMC_MINIMIZED_Structure: 845 -57.812
QMC_MINIMIZED_Structure: 235 -65.683
QMC_MINIMIZED_Structure: 494 -43.747
QMC_MINIMIZED_Structure: 897 -62.31
QMC_MINIMIZED_Structure: 556 -60.262
QMC_MINIMIZED_Structure: 657 -61.57
QMC_MINIMIZED_Structure: 210 -61.059
QMC_MINIMIZED_Structure: 893 -61.109
QMC_MINIMIZED_Structure: 585 -42.787
QMC_MINIMIZED_Structure: 647 -64.352
QMC_MINIMIZED_Structure: 131 -61.195
QMC_MINIMIZED_Structure: 988 -62.34
QMC_MINIMIZED_Structure: 850 -23.687
QMC_MINIMIZED_Structure: 785 -60.982
QMC_MINIMIZED_Structure: 306 -60.529
QMC_MINIMIZED_Structure: 719 -31.959
QMC_MINIMIZED_Structure: 945 -59.481
QMC_MINIMIZED_Structure: 227 -58.707
QMC_MINIMIZED_Structure: 913 -61.696
QMC_MINIMIZED_Structure: 908 -63.193
QMC_MINIMIZED_Structure: 136 -64.098
QMC_MINIMIZED_Structure: 116 -60.077
QMC_MINIMIZED_Structure: 717 -58.692
QMC_MINIMIZED_Structure: 206 -65.074
QMC_MINIMIZED_Structure: 385 -63.008
QMC_MINIMIZED_Structure: 628 -55.731
QMC_MINIMIZED_Structure: 885 -26.871
QMC_MINIMIZED_Structure: 326 -27.987
QMC_MINIMIZED_Structure: 426 -68.243
QMC_MINIMIZED_Structure: 182 -64.221
QMC_MINIMIZED_Structure: 925 -62.141
QMC_MINIMIZED_Structure: 928 -61.113
QMC_MINIMIZED_Structure: 133 -63.713
QMC_MINIMIZED_Structure: 991 -60.912
QMC_MINIMIZED_Structure: 1016 -59.641
QMC_MINIMIZED_Structure: 455 -63.132
QMC_MINIMIZED_Structure: 56 -64.966
QMC_MINIMIZED_Structure: 1009 -57.684
QMC_MINIMIZED_Structure: 357 -59.259
QMC_MINIMIZED_Structure: 1004 -63.128
QMC_MINIMIZED_Structure: 828 -64.022
QMC_MINIMIZED_Structure: 38 -62.374
QMC_MINIMIZED_Structure: 333 -44.432
QMC_MINIMIZED_Structure: 288 -61.787
QMC_MINIMIZED_Structure: 856 -60.92
QMC_MINIMIZED_Structure: 646 -59.675
QMC_MINIMIZED_Structure: 1002 -61.244
QMC_MINIMIZED_Structure: 529 -65.592
QMC_MINIMIZED_Structure: 65 -45.486
QMC_MINIMIZED_Structure: 247 -63.599
QMC_MINIMIZED_Structure: 744 -65.144
QMC_MINIMIZED_Structure: 113 -34.185
QMC_MINIMIZED_Structure: 437 -62.621
QMC_MINIMIZED_Structure: 610 -60.393
QMC_MINIMIZED_Structure: 419 -64.254
QMC_MINIMIZED_Structure: 541 -62.574
QMC_MINIMIZED_Structure: 123 -61.795
QMC_MINIMIZED_Structure: 254 -67.085
QMC_MINIMIZED_Structure: 618 -63.001
QMC_MINIMIZED_Structure: 217 -57.489
QMC_MINIMIZED_Structure: 660 -42.181
QMC_MINIMIZED_Structure: 418 -57.979
QMC_MINIMIZED_Structure: 977 -36.334
QMC_MINIMIZED_Structure: 126 -62.712
QMC_MINIMIZED_Structure: 267 -63.839
QMC_MINIMIZED_Structure: 730 -66.246
QMC_MINIMIZED_Structure: 720 -51.701
QMC_MINIMIZED_Structure: 364 -58.249
QMC_MINIMIZED_Structure: 6 -59.344
QMC_MINIMIZED_Structure: 896 -59.599
QMC_MINIMIZED_Structure: 821 -59.161
QMC_MINIMIZED_Structure: 259 -64.356
QMC_MINIMIZED_Structure: 607 -62.722
QMC_MINIMIZED_Structure: 121 -60.843
QMC_MINIMIZED_Structure: 967 -61.065
QMC_MINIMIZED_Structure: 578 -62.466
QMC_MINIMIZED_Structure: 198 -63.86
QMC_MINIMIZED_Structure: 490 -62.358
QMC_MINIMIZED_Structure: 359 -62.455
QMC_MINIMIZED_Structure: 289 -39.309
QMC_MINIMIZED_Structure: 631 -26.301
QMC_MINIMIZED_Structure: 521 -65.634
QMC_MINIMIZED_Structure: 273 -45.267
QMC_MINIMIZED_Structure: 148 -29.421
QMC_MINIMIZED_Structure: 1021 -37.398
QMC_MINIMIZED_Structure: 301 -62.979
QMC_MINIMIZED_Structure: 524 -65.541
QMC_MINIMIZED_Structure: 97 -64.844
QMC_MINIMIZED_Structure: 482 -63.755
QMC_MINIMIZED_Structure: 481 -48.673
QMC_MINIMIZED_Structure: 820 -62.917
QMC_MINIMIZED_Structure: 307 -62.416
QMC_MINIMIZED_Structure: 407 -37.694
QMC_MINIMIZED_Structure: 932 -61.873
QMC_MINIMIZED_Structure: 527 -42.707
QMC_MINIMIZED_Structure: 415 -62.986
QMC_MINIMIZED_Structure: 276 -63.178
QMC_MINIMIZED_Structure: 694 -64.226
QMC_MINIMIZED_Structure: 962 -63.461
QMC_MINIMIZED_Structure: 954 -61.361
QMC_MINIMIZED_Structure: 365 -39.055
QMC_MINIMIZED_Structure: 938 -60.887
QMC_MINIMIZED_Structure: 803 -59.27
QMC_MINIMIZED_Structure: 369 -63.667
QMC_MINIMIZED_Structure: 792 -62.165
QMC_MINIMIZED_Structure: 150 -25.832
QMC_MINIMIZED_Structure: 782 -64.414
QMC_MINIMIZED_Structure: 102 -61.338
QMC_MINIMIZED_Structure: 878 -31.347
QMC_MINIMIZED_Structure: 373 -41.668
QMC_MINIMIZED_Structure: 409 -65.255
QMC_MINIMIZED_Structure: 689 -38.904
QMC_MINIMIZED_Structure: 854 -28.268
QMC_MINIMIZED_Structure: 90 -57.662
QMC_MINIMIZED_Structure: 588 -46.069
QMC_MINIMIZED_Structure: 466 -60.311
QMC_MINIMIZED_Structure: 811 -40.769
QMC_MINIMIZED_Structure: 408 -58.669
QMC_MINIMIZED_Structure: 748 -60.405
QMC_MINIMIZED_Structure: 328 -62.069
QMC_MINIMIZED_Structure: 454 -42.902
QMC_MINIMIZED_Structure: 457 -27.513
QMC_MINIMIZED_Structure: 753 -62.854
QMC_MINIMIZED_Structure: 999 -30.298
QMC_MINIMIZED_Structure: 110 -44.171
QMC_MINIMIZED_Structure: 869 -45.193
QMC_MINIMIZED_Structure: 640 -62.44
QMC_MINIMIZED_Structure: 226 -59.806
QMC_MINIMIZED_Structure: 115 -26.248
QMC_MINIMIZED_Structure: 40 -66.544
QMC_MINIMIZED_Structure: 178 -60.555
QMC_MINIMIZED_Structure: 564 -61.872
QMC_MINIMIZED_Structure: 319 -63.202
QMC_MINIMIZED_Structure: 775 -53.059
QMC_MINIMIZED_Structure: 488 -59.563
QMC_MINIMIZED_Structure: 371 -39.223
QMC_MINIMIZED_Structure: 290 -62.059
QMC_MINIMIZED_Structure: 883 -63.025
QMC_MINIMIZED_Structure: 1000 -60.688
QMC_MINIMIZED_Structure: 337 -62.056
QMC_MINIMIZED_Structure: 127 -63.206
QMC_MINIMIZED_Structure: 348 -57.73
QMC_MINIMIZED_Structure: 976 -39.601
QMC_MINIMIZED_Structure: 37 -57.15
QMC_MINIMIZED_Structure: 440 -64.942
QMC_MINIMIZED_Structure: 620 -61.526
QMC_MINIMIZED_Structure: 21 -33.01
QMC_MINIMIZED_Structure: 119 -62.23
QMC_MINIMIZED_Structure: 959 -29.435
QMC_MINIMIZED_Structure: 479 -60.347
QMC_MINIMIZED_Structure: 975 -29.526
QMC_MINIMIZED_Structure: 716 -67.126
QMC_MINIMIZED_Structure: 589 -64.812
QMC_MINIMIZED_Structure: 347 -55.241
QMC_MINIMIZED_Structure: 679 -62.797
QMC_MINIMIZED_Structure: 317 -66.468
QMC_MINIMIZED_Structure: 504 -63.421
QMC_MINIMIZED_Structure: 834 -59.075
QMC_MINIMIZED_Structure: 552 -40.095
QMC_MINIMIZED_Structure: 747 -60.471
QMC_MINIMIZED_Structure: 848 8995535.9
QMC_MINIMIZED_Structure: 403 -61.601
QMC_MINIMIZED_Structure: 559 -44.092
QMC_MINIMIZED_Structure: 202 -62.908
QMC_MINIMIZED_Structure: 351 -63.898
QMC_MINIMIZED_Structure: 687 -62.632
QMC_MINIMIZED_Structure: 204 -57.89
QMC_MINIMIZED_Structure: 57 -65.965
QMC_MINIMIZED_Structure: 517 -64.75
QMC_MINIMIZED_Structure: 706 -62.043
QMC_MINIMIZED_Structure: 573 -59.2
QMC_MINIMIZED_Structure: 459 -64.33
QMC_MINIMIZED_Structure: 722 -60.577
QMC_MINIMIZED_Structure: 30 -59.756
QMC_MINIMIZED_Structure: 654 -45.93
QMC_MINIMIZED_Structure: 485 -43.964
QMC_MINIMIZED_Structure: 486 -63.471
QMC_MINIMIZED_Structure: 483 -63.367
QMC_MINIMIZED_Structure: 884 -58.532
QMC_MINIMIZED_Structure: 577 -66.309
QMC_MINIMIZED_Structure: 286 -54.653
QMC_MINIMIZED_Structure: 255 -63.463
QMC_MINIMIZED_Structure: 438 -63.238
QMC_MINIMIZED_Structure: 200 -66.44
QMC_MINIMIZED_Structure: 180 -59.417
QMC_MINIMIZED_Structure: 292 -44.991
QMC_MINIMIZED_Structure: 894 -60.967
QMC_MINIMIZED_Structure: 838 -62.637
QMC_MINIMIZED_Structure: 176 -62.635
QMC_MINIMIZED_Structure: 863 -42.805
QMC_MINIMIZED_Structure: 877 -64.216
QMC_MINIMIZED_Structure: 621 -29.45
QMC_MINIMIZED_Structure: 305 -60.211
QMC_MINIMIZED_Structure: 693 2325949.6
QMC_MINIMIZED_Structure: 48 -63.752
QMC_MINIMIZED_Structure: 891 -30.304
QMC_MINIMIZED_Structure: 71 -26.538
QMC_MINIMIZED_Structure: 715 -25.878
QMC_MINIMIZED_Structure: 355 -62.873
QMC_MINIMIZED_Structure: 547 -61.864
QMC_MINIMIZED_Structure: 818 -61.861
QMC_MINIMIZED_Structure: 157 -26.115
QMC_MINIMIZED_Structure: 539 -65.341
QMC_MINIMIZED_Structure: 312 -60.832
QMC_MINIMIZED_Structure: 762 -58.735
QMC_MINIMIZED_Structure: 74 -60.855
QMC_MINIMIZED_Structure: 66 -40.455
QMC_MINIMIZED_Structure: 849 -63.944
QMC_MINIMIZED_Structure: 911 -37.83
QMC_MINIMIZED_Structure: 513 -37.139
QMC_MINIMIZED_Structure: 213 -27.656
QMC_MINIMIZED_Structure: 99 -61.396
QMC_MINIMIZED_Structure: 431 -63.864
QMC_MINIMIZED_Structure: 695 -61.946
QMC_MINIMIZED_Structure: 634 -61.361
QMC_MINIMIZED_Structure: 167 -32.664
QMC_MINIMIZED_Structure: 827 -28.07
QMC_MINIMIZED_Structure: 417 -27.098
QMC_MINIMIZED_Structure: 960 -61.647
QMC_MINIMIZED_Structure: 675 -44.818
QMC_MINIMIZED_Structure: 76 -25.163
QMC_MINIMIZED_Structure: 268 -60.361
QMC_MINIMIZED_Structure: 162 10798.23
QMC_MINIMIZED_Structure: 2 -60.911
QMC_MINIMIZED_Structure: 81 -64.42
QMC_MINIMIZED_Structure: 953 -43.953
QMC_MINIMIZED_Structure: 345 -63.282
QMC_MINIMIZED_Structure: 411 -65.899
QMC_MINIMIZED_Structure: 193 -65.374
QMC_MINIMIZED_Structure: 86 -34.849
QMC_MINIMIZED_Structure: 773 -30.87
QMC_MINIMIZED_Structure: 779 -63.048
QMC_MINIMIZED_Structure: 804 -27.122
QMC_MINIMIZED_Structure: 383 -59.167
QMC_MINIMIZED_Structure: 221 -37.836
QMC_MINIMIZED_Structure: 511 -62.852
QMC_MINIMIZED_Structure: 992 -60.993
QMC_MINIMIZED_Structure: 829 -62.236
QMC_MINIMIZED_Structure: 664 -65.69
QMC_MINIMIZED_Structure: 947 -37.555
QMC_MINIMIZED_Structure: 313 -63.744
QMC_MINIMIZED_Structure: 989 -27.827
QMC_MINIMIZED_Structure: 39 -65.11
QMC_MINIMIZED_Structure: 532 -62.896
QMC_MINIMIZED_Structure: 729 -61.167
QMC_MINIMIZED_Structure: 530 -57.575
QMC_MINIMIZED_Structure: 560 -53.873
