 The sequence   : AAAAAAAAAA
 sequence length:  10
 No. of atoms   : 103

**********CLUSTERING MINIMIZED STRUCTURES**************

  0.5838062     sigma =  0.1223717      0.4614345       130816.0    
 global cluster cutoff =   0.4614345    
 No. of clusters =           22
      REMARK  CN  NM  Energy    PACKD   CUTOF   RMSD    RRMSD     CRMS    CRRMS
REMARK   1  89 -131.43    0.17    0.38    2.27    0.38   10.60    4.37    0.93
REMARK   2  33 -130.59    0.17    0.40    2.39    0.40   10.57    4.04    0.87
REMARK   3  15 -130.55    0.26    0.35    1.74    0.30    9.80    3.80    0.84
REMARK   4  22 -130.40    0.18    0.36    2.13    0.36   11.21    4.22    0.91
REMARK   5  58 -129.06    0.15    0.39    2.39    0.41   10.68    4.21    0.91
REMARK   6  43 -126.62    0.18    0.40    2.39    0.40   10.54    4.17    0.89
REMARK   7  14 -126.60    0.28    0.40    1.87    0.32   11.05    3.81    0.83
REMARK   8  72 -125.67    0.16    0.41    2.52    0.42   10.88    4.18    0.87
REMARK   9  28 -124.57    0.17    0.39    2.34    0.39    9.48    3.94    0.83
REMARK  10   6 -124.27    0.17    0.40    2.23    0.39    7.73    3.65    0.77
REMARK  11  47 -123.55    0.19    0.39    2.26    0.38   11.15    4.25    0.90
REMARK  12   7 -123.31    0.26    0.38    1.86    0.33   10.38    3.53    0.78
REMARK  13  10 -121.09    0.20    0.36    2.24    0.38    9.80    4.29    0.91
REMARK  14   5 -113.47    0.18    0.40    2.18    0.36   10.61    4.01    0.82
REMARK  15   7 -112.70    0.22    0.40    2.39    0.38    9.06    4.03    0.81
REMARK  16   7 -104.67    0.19    0.38    2.45    0.37   10.52    4.41    0.85
REMARK  17   4  -98.40    0.15    0.40    2.95    0.41   11.40    4.99    0.88
REMARK  18  32  -91.99    0.19    0.38    3.17    0.37   12.53    4.73    0.68
REMARK  19   6  -87.06    0.14    0.39    3.27    0.42   11.95    5.02    0.82
REMARK  20  19  -76.05    0.20    0.35    3.07    0.33   13.14    6.74    0.91
REMARK  21   3********    0.14    0.42    2.67    0.46    7.21    4.45    0.87

                         Job ended on 16-Mar-23

                               at 17:35:04

 cpu time = :   0.3750010    
