0 -116.2 155.11 -79.9 128.98 -87.47 -39.75 -119.11 -26.82 -79.54 -166.94 -81.83 -39.81 -154.64 -50.71 -164.26 129.73 -132.29 30.44 80.45 0.0
1 -131.8 -84.45 -72.99 143.07 -140.91 -3.51 58.83 41.39 -120.0 -17.18 57.67 47.54 -80.19 -35.23 -138.41 -41.9 -140.25 -38.43 -148.79 0.0
2 -141.88 167.71 -49.35 -48.99 -86.03 -90.44 -91.23 -70.67 -100.91 -92.97 -146.34 -23.69 -142.0 6.99 59.0 43.44 -134.86 -46.55 -109.39 0.0
3 -142.79 162.07 -50.69 -51.38 -88.25 -84.74 -90.48 -74.65 -108.34 -88.48 -148.2 16.41 58.41 42.76 -131.3 -33.29 -141.22 -40.1 -138.7 0.0
4 -86.58 -103.05 -82.97 -17.54 -135.78 155.08 -169.54 160.95 -104.05 -124.51 60.13 47.61 -103.3 -43.69 -161.43 -47.48 -166.22 98.3 78.71 0.0
5 -121.51 119.28 57.92 178.64 64.02 72.96 -57.7 -27.78 -64.81 -20.96 -146.56 -32.04 -137.58 -12.08 58.55 116.24 -150.37 -64.01 -101.49 0.0
6 -114.89 165.73 -138.79 -147.53 -60.25 125.96 46.63 -121.68 57.87 155.38 -72.72 -75.37 54.97 112.41 58.32 34.64 -153.46 42.84 66.61 0.0
7 -127.68 -179.17 -71.61 125.56 57.53 104.68 66.18 132.19 -59.76 166.8 -130.46 -42.24 -134.35 11.52 58.75 39.3 -146.08 42.86 63.74 0.0
8 -138.66 -112.83 -77.35 128.03 53.82 123.86 53.42 129.21 58.08 85.45 65.31 129.71 64.97 39.34 -144.25 24.87 57.27 80.75 -68.78 0.0
9 -134.77 -176.5 -131.35 -148.23 -58.29 -48.76 -108.04 -47.43 -75.83 -155.98 -104.11 -66.3 -119.07 -76.63 -162.28 48.81 60.43 84.88 -57.99 0.0
10 -112.5 -84.76 -141.98 134.94 -91.88 178.69 -113.74 16.99 -85.19 179.47 -127.92 24.98 -145.69 -42.2 -143.43 178.91 -138.73 166.56 -151.62 0.0
11 -135.89 -120.15 -68.99 129.43 60.4 109.82 62.44 69.71 -100.39 -24.11 59.42 39.64 -90.66 -42.57 -138.63 23.1 61.58 51.07 -144.49 0.0
12 -130.02 -97.79 -65.66 140.03 55.68 63.92 -92.47 -23.39 67.98 80.31 68.33 51.26 -111.44 -40.81 -133.25 13.34 68.25 33.15 -153.07 0.0
13 -124.06 -168.95 -77.87 119.78 -146.42 -0.92 56.6 52.86 -94.91 -34.08 -139.49 -41.36 -139.3 -2.09 63.1 97.02 72.45 19.21 -100.71 0.0
14 -135.5 -86.9 40.63 81.19 60.57 70.05 -86.86 -51.74 -130.49 -17.91 55.5 37.36 -120.66 -30.62 -137.22 21.71 62.67 57.59 -139.94 0.0
15 -140.75 -133.08 -72.18 105.87 58.65 154.25 53.85 86.2 60.01 93.75 -120.46 -53.88 -102.59 -43.12 -151.71 -41.48 -150.86 -51.33 -88.5 0.0
16 -129.38 -86.84 -69.89 142.78 -138.83 -15.29 56.15 44.23 -151.9 -36.81 -91.53 -34.23 58.67 32.87 -81.07 -41.35 -126.99 -45.57 -151.62 0.0
17 -126.2 -167.79 71.7 -104.43 -159.86 55.04 61.86 52.1 -105.66 -35.02 -112.63 -22.97 56.05 36.57 -125.45 -33.78 -143.16 44.88 57.3 0.0
18 -120.17 -135.59 -73.48 136.23 53.83 102.23 -74.71 -59.31 -103.69 -54.05 -123.79 -50.03 -147.91 -45.18 -153.37 -39.3 -147.03 42.85 89.25 0.0
19 -134.7 -178.7 -130.35 -148.4 -58.15 -49.72 -107.28 -46.92 -75.4 -157.89 -106.01 -65.57 -110.73 -79.75 -164.99 53.86 61.41 86.01 -60.08 0.0
20 -133.36 -92.17 -57.57 143.57 55.11 117.12 56.92 90.58 62.61 108.4 -131.01 -1.42 58.57 40.35 -123.04 -41.99 -148.85 -52.44 -120.54 0.0
21 -66.74 -177.51 -107.56 160.56 -157.71 145.53 52.18 32.92 -153.93 49.02 -149.63 27.77 -79.56 -19.72 58.26 30.38 -150.73 156.06 -154.3 0.0
22 -119.99 -88.7 45.73 -118.45 -145.15 20.92 -123.58 -34.22 58.51 67.23 -90.18 10.87 68.63 64.87 66.79 48.77 -134.95 -49.58 -105.73 0.0
23 -121.88 145.99 -136.86 -62.27 -75.8 -140.91 -65.66 -40.13 -76.57 -165.86 -71.67 -59.96 -88.34 -116.36 -86.78 -65.36 -155.68 58.73 86.19 0.0
24 -84.74 -174.31 -76.54 177.63 -73.41 -105.82 61.34 141.13 -154.71 -172.25 -127.75 146.6 -174.68 141.25 61.32 95.32 59.37 69.17 -77.04 0.0
25 -110.08 -157.98 -78.65 136.44 -110.52 -9.12 -45.62 122.64 57.52 0.54 -95.66 -35.02 -124.95 -61.38 -154.87 -72.03 -159.21 174.48 66.21 0.0
26 -132.91 -64.35 -63.18 -46.7 -90.4 -82.39 -153.7 13.67 -88.91 -36.45 66.44 55.11 -83.15 -50.99 -163.25 -46.49 -149.86 -48.76 -74.06 0.0
27 -113.22 -88.65 -74.32 146.21 -133.28 -10.38 62.9 58.25 -62.51 165.89 -108.72 -15.09 -156.4 -41.87 -147.16 160.35 63.2 -174.46 -142.27 0.0
28 -131.17 -97.24 -90.48 98.13 61.21 148.51 58.49 75.54 60.73 111.02 -81.05 -81.75 -156.52 48.59 64.91 153.49 62.95 158.44 -107.84 0.0
29 -130.13 -83.1 44.45 -111.59 -159.87 44.3 58.9 54.56 -149.32 -16.74 -127.28 -11.98 55.73 43.54 -113.1 50.87 60.2 77.75 65.01 0.0
30 -121.3 -128.67 -70.6 129.7 56.9 105.98 -45.52 -59.39 -130.93 -54.06 -129.87 145.63 -57.8 137.42 -145.5 -38.98 -142.3 35.13 69.43 0.0
31 -123.82 -176.01 -75.43 124.5 -151.91 15.23 66.33 77.63 68.59 56.68 -102.56 -31.35 -139.39 10.49 62.36 41.17 -140.72 39.84 74.27 0.0
32 -128.76 -95.28 -63.13 136.26 57.14 71.05 -107.87 -9.49 65.81 68.07 63.51 60.22 -116.09 -26.78 -144.58 -43.3 -144.05 32.53 71.85 0.0
33 -123.33 156.13 68.79 7.26 57.77 44.04 -101.25 -33.55 -143.49 -2.41 54.3 46.85 -79.63 -24.27 -141.38 -44.82 -151.01 -46.85 -137.92 0.0
34 -78.43 -69.85 83.09 168.96 59.24 -32.57 -139.47 128.8 -57.64 -75.15 -86.06 -140.01 -158.91 60.59 63.11 155.35 -157.98 -175.11 -109.39 0.0
35 -137.26 152.67 -54.22 -41.63 -73.23 -165.25 -67.9 -47.15 -90.35 -125.53 -158.71 129.62 54.22 38.91 -98.48 -33.69 -146.97 -47.73 -118.38 0.0
36 -122.16 -79.64 41.15 75.76 -55.87 -55.24 -112.39 -56.73 -137.05 -54.03 -163.35 137.82 -120.6 -11.18 59.81 32.9 -143.64 39.72 66.1 0.0
37 -77.67 -102.73 -67.67 163.44 -73.25 -69.5 59.89 152.17 -74.46 152.81 -158.36 144.69 61.51 143.92 -134.56 18.41 74.82 6.09 -122.95 0.0
38 -120.13 -169.48 -81.44 133.65 -130.3 -23.03 55.27 40.29 -152.07 -39.62 -150.19 43.91 -45.05 141.7 -100.27 -30.13 -145.68 -47.68 -116.8 0.0
39 -131.35 138.98 -57.29 -45.21 -67.3 161.21 43.15 -147.73 -90.41 -69.41 -71.7 -168.26 -79.89 155.55 -113.63 -46.16 -126.0 -60.51 -116.84 0.0
40 -122.68 -84.87 40.97 77.15 63.74 81.21 -137.66 0.68 65.21 118.33 -69.53 149.63 -121.45 18.96 72.17 34.04 -136.93 37.28 59.31 0.0
41 -72.71 -171.75 -81.52 159.25 -152.71 174.67 -68.9 143.04 -94.92 -35.13 -149.97 177.99 -136.41 -53.63 -110.68 -178.1 -131.67 -50.96 -103.15 0.0
42 -123.33 -98.68 -96.93 152.54 57.24 66.08 -135.87 -46.98 51.83 41.11 -143.27 108.55 54.82 34.82 -150.15 -168.05 -106.57 -33.24 -150.62 0.0
43 -139.23 155.97 -50.79 -53.1 -91.42 -83.23 -101.53 -83.7 -168.39 45.99 55.59 46.42 -106.69 -33.16 -115.76 21.46 62.22 32.49 -152.36 0.0
44 -123.34 -93.62 -65.41 137.97 58.27 70.18 -114.33 7.63 -41.31 139.39 67.15 -8.85 -96.89 -36.75 -124.93 -151.82 -139.03 32.27 -145.15 0.0
45 -68.37 177.08 -85.52 171.83 -73.81 -64.91 -149.75 172.74 51.26 45.04 -75.97 143.97 -72.06 150.5 -160.1 142.86 62.6 155.49 -156.66 0.0
46 -118.7 156.86 -66.8 -171.59 -54.09 -48.6 -100.69 -89.28 -137.02 153.36 -60.75 153.45 -101.42 -36.02 -142.53 -42.3 -156.49 -47.01 -95.2 0.0
47 -121.47 -47.42 -67.38 -169.29 -55.12 -35.67 -66.88 145.07 -66.69 -56.04 -70.44 -48.87 58.21 65.72 -146.31 -39.35 -144.29 -47.4 -114.74 0.0
48 -137.43 165.38 -51.14 -47.46 -84.05 -93.51 -92.9 -81.94 -115.31 -23.66 85.09 87.34 62.58 40.39 -143.26 -30.63 -145.3 40.05 66.07 0.0
49 -118.61 -74.41 47.24 72.13 -85.64 -160.5 45.29 -135.36 -78.72 -27.64 -146.51 -57.94 -155.12 159.44 -148.14 -48.05 -144.92 32.35 70.28 0.0
50 -114.88 149.07 -66.37 103.55 -146.82 -30.05 -122.46 12.88 -57.48 -4.15 -59.3 101.74 55.94 32.95 -137.87 -165.41 -153.34 46.14 -126.36 0.0
51 -129.7 -66.17 36.58 98.29 57.41 119.12 52.87 117.77 60.96 90.56 66.53 105.66 -145.84 6.25 61.43 74.39 75.54 119.87 62.79 0.0
52 -120.47 -132.4 -72.62 129.14 59.48 95.67 -42.83 -62.72 -102.28 -128.12 -81.38 -24.28 -132.5 179.89 -74.16 137.21 -163.06 52.92 75.72 0.0
53 -111.0 -152.77 62.15 -90.08 61.34 53.0 -95.93 -28.35 -133.29 -47.67 -135.73 -11.54 62.18 94.06 68.87 113.56 72.92 70.39 63.86 0.0
54 -127.85 -101.88 -90.65 115.47 61.84 136.43 61.49 68.71 -130.16 -46.6 53.26 37.16 -156.84 -48.42 -155.46 112.89 63.33 164.8 -109.4 0.0
55 -116.35 -88.67 34.65 67.98 -82.35 -68.4 -152.03 123.12 62.75 -35.78 66.73 149.93 -99.65 -44.98 -158.01 -38.33 -159.92 -42.48 -71.05 0.0
56 -114.96 120.44 48.68 -153.01 58.17 50.46 -152.47 -58.62 -176.26 41.34 -91.03 -53.84 -103.55 -49.76 -154.65 -49.95 -136.45 -6.64 -146.38 0.0
57 -116.49 118.97 49.44 -154.33 55.22 57.65 -120.86 -42.15 -165.78 -51.81 -170.65 34.37 -76.83 -42.04 -131.03 -46.76 -127.12 -45.15 -131.62 0.0
58 -100.04 -158.56 -65.35 159.31 -70.79 -100.05 58.52 163.55 -52.53 155.47 -87.83 -40.6 -112.05 -53.13 -151.55 -41.17 -153.11 -42.93 -91.47 0.0
59 -67.2 -174.21 -86.26 160.5 -135.46 10.75 61.55 161.46 -73.79 -30.27 -146.59 160.28 -150.02 -48.55 -151.36 167.46 -148.79 165.22 -149.17 0.0
60 -121.97 145.44 -130.05 -62.6 -71.3 -169.9 -64.79 -16.71 -59.51 169.71 -69.45 -163.69 50.6 -152.9 -146.89 163.31 57.16 77.75 -67.55 0.0
61 -114.7 -125.9 64.2 -85.28 61.53 50.54 -138.38 -32.27 -138.38 23.9 -49.9 -20.22 -63.84 -21.22 -136.82 -21.88 -137.73 -86.3 -156.45 0.0
62 -121.45 156.98 -98.56 158.73 -81.03 -38.18 -123.65 -6.13 -115.71 -171.09 -82.12 -1.57 74.71 132.37 -144.82 14.5 60.13 67.57 16.59 0.0
63 -125.41 -77.69 51.8 102.44 52.56 30.32 -165.07 76.56 51.8 168.99 -76.07 -164.96 -134.15 6.09 64.84 42.47 -149.16 -52.21 -121.81 0.0
64 -136.72 -141.94 -74.46 120.55 56.8 154.66 -52.86 166.22 67.14 125.21 55.88 92.26 62.3 135.67 63.7 83.43 65.35 71.21 -88.66 0.0
65 -111.97 -77.56 56.39 -154.48 -152.81 66.41 67.86 142.43 -70.08 172.47 90.89 125.7 71.94 24.35 -143.23 34.4 62.5 106.24 50.41 0.0
66 -135.32 -123.28 -71.62 120.99 61.36 125.86 61.87 67.13 72.46 110.5 -158.95 -40.07 -133.59 12.26 63.24 46.15 -132.56 36.04 71.65 0.0
67 -92.25 -100.62 58.48 -161.64 -156.16 154.86 -151.99 148.58 -88.33 168.85 -142.45 7.81 56.18 41.36 -138.57 -27.68 -148.34 -46.49 -103.74 0.0
68 -129.68 168.53 -146.28 -159.44 -63.43 -34.26 -72.77 -171.44 -61.52 -66.38 53.45 157.14 -99.17 -98.04 -149.67 18.11 -132.63 -60.68 -106.12 0.0
69 -118.38 -107.46 60.12 -82.95 66.63 47.21 -94.96 -19.77 58.9 44.49 -101.0 -20.6 56.67 30.63 -97.59 -30.58 -141.05 -50.74 -151.31 0.0
70 -118.46 -87.01 -65.68 148.55 -80.65 -44.71 -133.76 -75.61 -179.52 58.44 -82.23 -42.69 -145.06 -53.02 -149.58 11.27 64.0 101.8 -59.08 0.0
71 -113.53 -56.75 -86.97 -148.35 -58.73 -47.64 -104.6 -65.99 -85.44 -112.8 -169.42 93.69 60.31 152.02 -58.11 128.64 -133.32 41.08 68.28 0.0
72 -122.76 -92.19 -89.53 125.21 -145.29 -6.47 56.36 40.19 -93.34 -21.5 54.05 69.68 62.21 27.23 -121.83 49.74 70.37 168.14 -124.88 0.0
73 -114.56 127.4 -132.48 61.32 54.29 -66.79 -77.07 -115.44 -79.23 -90.95 44.06 70.65 -149.02 -32.39 -142.14 19.81 70.9 15.94 -90.02 0.0
74 -120.7 -111.08 -69.79 133.35 55.47 95.13 -46.89 -66.08 -149.32 47.85 66.63 153.37 -55.66 135.21 -133.95 25.83 71.85 18.09 -140.49 0.0
75 -107.49 -100.15 -48.44 145.67 -147.96 -53.82 -139.75 -8.27 69.47 127.42 52.18 28.89 -176.62 65.21 64.39 119.7 61.21 108.88 46.42 0.0
76 -122.21 159.0 -53.86 -57.85 -81.3 -105.99 58.21 -178.14 -71.51 -129.7 -75.92 -73.81 -78.71 -138.97 -104.14 133.03 -149.25 47.92 77.8 0.0
77 -125.42 166.66 -132.54 -149.32 -55.37 -43.15 -107.09 -125.41 56.83 161.35 -94.93 -77.95 -161.24 153.22 63.44 32.63 -120.34 -50.71 -115.82 0.0
78 -139.53 -167.24 -65.97 124.67 58.66 98.09 68.87 129.61 67.25 59.18 -130.04 -46.34 -86.92 -11.44 65.08 40.6 -151.58 -50.83 -119.72 0.0
79 -128.71 -73.38 -144.48 153.75 -56.94 -34.08 -72.77 -14.87 -132.11 23.8 51.4 122.18 -137.12 -60.67 -149.61 15.15 61.64 81.06 -86.26 0.0
80 -117.21 -138.21 53.91 -134.83 -165.91 128.23 60.21 55.88 -114.61 20.33 70.05 68.24 62.06 37.36 -88.69 -26.66 -145.3 -47.29 -109.05 0.0
81 -95.23 -91.56 63.3 -174.54 57.76 152.62 -148.15 -52.19 -74.78 -162.89 60.14 48.93 -131.25 9.65 62.54 45.08 -145.01 -50.72 -117.69 0.0
82 -138.49 156.7 -48.31 -49.64 -89.38 -83.13 -87.37 -81.38 -108.78 -93.64 -159.72 23.46 -127.35 -16.5 63.44 114.78 76.12 -4.0 -125.67 0.0
83 -141.1 -121.19 -79.74 104.22 60.54 151.0 55.04 79.97 61.67 98.54 -116.98 -56.12 -112.42 -41.03 -137.04 -51.73 -153.1 -50.78 -74.35 0.0
84 -135.58 -86.47 -117.8 111.72 -150.3 -48.91 -118.01 -15.04 59.48 51.33 -109.74 -42.39 -140.87 5.87 58.67 34.38 -141.92 -59.72 -86.2 0.0
85 -123.1 147.14 -53.13 -38.6 -55.51 166.55 -75.7 154.95 59.44 -56.31 -64.15 155.46 -165.51 45.16 -135.81 -29.56 -154.01 -46.58 -122.17 0.0
86 -131.81 -108.83 -73.71 129.99 60.26 117.9 58.32 68.24 -58.23 -46.84 -120.88 -73.49 -157.46 28.36 -98.42 -143.53 -118.2 16.84 -143.95 0.0
87 -138.78 -167.59 -67.22 127.08 59.48 95.97 69.86 125.48 69.29 61.84 -123.99 -45.26 -91.34 -14.79 72.27 6.04 -116.94 -3.53 -159.33 0.0
88 -116.11 -73.15 -92.89 -150.27 -57.74 -56.07 -98.0 -116.39 56.53 74.17 57.36 77.73 -76.89 -55.6 -117.82 -46.99 -138.77 -51.54 -108.28 0.0
89 -135.01 154.42 -49.65 -51.58 -92.56 -53.22 61.58 66.5 -129.74 17.47 63.99 73.58 63.56 46.18 -75.21 -41.72 -137.58 -53.08 -135.85 0.0
90 -128.53 -176.74 -82.62 131.25 -128.53 1.78 58.85 52.23 -128.21 -36.11 -96.95 -47.83 -139.59 4.27 58.67 39.8 -163.63 -43.89 -98.27 0.0
91 -124.01 154.06 84.18 -26.21 64.25 44.01 -114.08 -3.7 54.38 42.44 -117.04 -28.6 -121.0 -59.94 -157.29 -38.2 -153.54 57.45 53.16 0.0
92 -123.17 -77.48 -144.57 92.24 58.53 -42.86 -146.33 -74.67 36.89 55.79 56.29 95.74 59.73 111.84 -64.35 146.86 152.17 95.58 58.71 0.0
93 -137.06 -63.56 -78.28 -53.86 -86.25 -87.72 -170.04 57.31 -116.8 -63.91 -90.31 -15.57 72.62 28.78 -138.17 -71.24 -110.0 -75.72 -72.74 0.0
94 -119.11 -85.01 -64.27 156.84 -69.84 -171.88 75.13 79.86 56.13 48.14 -143.68 -4.39 -131.4 -63.02 -162.29 -36.68 -143.36 42.88 81.84 0.0
95 -67.43 -177.83 -88.4 160.16 -154.63 166.24 -77.98 40.42 -146.13 16.39 -88.74 -21.62 -150.2 156.58 -154.27 167.18 -149.85 161.5 -150.05 0.0
96 -120.89 152.23 -37.71 150.95 -58.73 -51.06 -96.48 -49.66 -79.96 -169.95 -68.12 -58.76 -161.85 155.71 -125.56 7.15 73.15 -1.71 -131.57 0.0
97 -121.05 164.94 -90.62 138.93 57.63 141.27 52.57 77.5 -48.67 120.67 178.59 120.84 -47.33 171.04 72.81 65.89 -151.78 -53.95 -104.46 0.0
98 -138.11 -141.02 -98.18 127.56 52.52 32.36 -169.79 56.29 59.51 84.6 -90.62 -48.19 -150.42 -42.76 -148.54 15.37 60.53 65.05 27.64 0.0
99 -117.98 -86.96 -118.33 128.48 -148.02 -29.51 68.75 145.58 61.05 30.51 -140.37 -47.71 66.17 153.93 70.89 69.65 80.85 0.05 -96.55 0.0
100 -129.27 -106.39 -72.72 130.89 59.67 114.68 60.54 69.57 -59.62 -53.28 -110.83 -47.29 -155.06 -55.39 -168.56 70.7 -139.45 31.36 65.65 0.0
101 -125.97 -85.2 -69.92 146.88 -135.9 -53.17 -119.23 0.74 69.78 62.99 58.68 36.76 -94.22 -25.05 -145.3 -55.17 -148.93 -8.68 -159.98 0.0
102 -135.0 -88.56 36.71 -96.28 -134.08 17.15 65.65 42.49 -91.21 -46.41 -118.44 -18.36 63.26 24.91 -131.68 -79.74 -85.02 -67.01 -89.37 0.0
103 -132.52 142.19 -51.63 -48.15 -88.77 -87.78 -97.06 -55.57 -64.58 165.52 -139.1 15.88 -143.93 -47.94 -100.97 -122.09 -149.39 119.86 -161.9 0.0
104 -132.34 -91.09 -114.84 123.59 -155.01 -43.9 -132.17 -52.22 -143.06 -8.38 55.55 47.12 -135.67 -30.76 -124.15 7.74 68.8 5.28 -80.1 0.0
105 -124.02 -89.01 -74.05 137.73 57.35 108.12 61.8 72.45 -57.01 -66.5 -147.55 20.63 63.98 -8.0 -73.66 154.07 -126.91 94.34 -99.59 0.0
106 -127.29 -90.99 -65.07 145.03 -118.45 -19.31 59.86 43.14 -92.04 -46.89 -114.18 -23.97 57.37 35.51 -118.97 -25.74 -144.62 -43.27 -138.86 0.0
107 -126.6 -96.6 -68.54 142.09 54.44 63.8 -84.6 -35.24 68.87 140.53 66.26 39.15 60.84 57.37 -84.52 -42.21 -150.9 -52.94 -142.15 0.0
108 -136.99 -123.58 -68.71 126.53 61.17 116.96 62.39 68.25 -126.19 -29.61 58.63 48.5 -135.41 -27.94 -126.34 -40.43 -151.69 -51.21 -129.67 0.0
109 -105.72 -114.27 -87.07 -175.26 -53.16 -34.75 -65.3 110.15 50.94 87.92 -64.28 -56.82 -79.25 -163.95 -75.76 -56.93 -135.23 -53.28 -117.01 0.0
110 -112.56 -132.62 -73.31 131.15 55.65 112.06 -75.64 -63.42 -86.49 -30.77 72.86 89.49 71.95 154.27 71.79 45.63 75.12 35.17 -156.67 0.0
111 -136.04 -136.33 -100.84 127.53 51.19 33.01 -169.76 54.92 57.8 86.23 -93.38 -25.13 60.28 43.77 -141.92 -37.73 -142.62 -42.18 -139.35 0.0
112 -121.77 -79.78 -73.83 -34.48 -105.41 165.9 -56.26 -49.79 -78.57 -45.2 56.42 56.95 -139.77 -37.15 -131.83 22.03 65.6 33.8 -151.37 0.0
113 -81.47 -175.46 -116.66 -134.37 -58.04 -64.48 -86.88 -97.68 -152.89 152.83 -82.8 175.11 -147.0 152.63 -139.52 167.16 -143.63 44.21 78.24 0.0
114 -134.58 157.78 -51.49 -51.31 -95.45 -74.51 -104.55 -102.72 -175.22 50.99 -102.13 -51.63 -152.63 -61.82 -153.88 47.11 70.32 36.94 -122.9 0.0
115 -133.49 159.48 -52.57 -54.05 -85.54 -114.23 46.93 -171.27 -89.84 -46.69 63.63 58.08 -108.58 -37.84 -146.67 -41.21 -143.57 -36.99 -137.0 0.0
116 -129.16 173.38 -149.27 -128.48 -60.27 -39.25 -77.05 -154.0 -103.82 -58.05 -93.32 -50.06 68.74 128.32 64.54 31.67 -152.63 -53.71 -141.2 0.0
117 -111.5 152.1 -45.39 -57.7 -87.8 -67.2 59.43 148.69 75.02 -25.52 -124.85 157.34 -67.73 -56.12 -128.03 -39.19 -146.68 -46.48 -97.22 0.0
118 -115.04 -72.37 35.62 -113.87 -136.61 30.17 63.27 70.47 -79.65 -155.13 -145.53 121.17 53.08 38.86 -92.91 -162.32 -142.98 29.27 -144.73 0.0
119 -133.18 -147.79 -115.23 141.81 62.87 76.2 57.51 44.34 -140.85 48.38 -32.5 160.91 73.47 71.42 -147.49 -40.94 -138.37 -50.89 -118.44 0.0
120 -141.32 -167.43 -67.64 136.56 55.73 63.85 64.78 155.7 66.2 76.09 68.99 131.72 65.75 65.33 -141.4 -43.48 -133.46 -53.03 -120.5 0.0
121 -131.9 173.12 -74.04 134.59 55.97 109.03 62.05 128.38 55.39 74.25 -55.07 -60.08 -96.23 -53.6 -150.49 -52.16 -135.51 -17.75 -124.72 0.0
122 -126.57 161.94 -81.96 85.06 43.94 -124.82 -73.9 -16.13 -70.06 163.26 -70.34 -38.91 -69.57 -174.35 -141.83 152.2 -151.27 -53.15 -103.77 0.0
123 -83.19 -135.2 -64.85 126.01 57.61 143.44 -151.07 -57.45 -152.95 170.87 -139.9 153.83 -145.17 31.83 -88.21 170.71 -128.73 -46.32 -110.42 0.0
124 -94.9 175.57 -95.26 138.06 43.13 -141.15 -78.73 -128.34 -166.88 151.57 -89.05 -152.44 -83.96 -25.62 65.52 90.97 59.17 71.67 -76.62 0.0
125 -135.76 -111.03 -117.6 124.93 51.21 32.74 -166.24 50.53 57.78 98.97 -140.27 -40.41 -88.33 -54.8 -159.52 -52.76 -143.36 19.69 -157.68 0.0
126 -115.38 -73.33 48.32 -132.09 -135.29 39.3 66.6 160.99 74.43 17.14 -118.99 -75.89 57.34 40.51 -145.29 -28.94 -155.72 -45.3 -85.0 0.0
127 -132.37 -119.69 -134.88 149.77 64.48 74.69 58.36 46.5 -143.45 8.53 -100.65 -53.1 -128.66 -61.74 -159.79 -46.39 -140.56 23.0 -150.99 0.0
128 -131.3 151.44 -76.56 149.07 54.31 53.85 61.65 -173.39 58.95 79.37 64.27 130.24 -80.02 -155.03 64.6 28.51 -171.67 75.33 54.94 0.0
129 -128.46 -155.19 -72.12 140.91 55.92 59.57 -143.23 6.53 58.51 58.34 -85.51 -15.74 66.32 39.47 -103.82 16.87 65.16 31.56 -157.48 0.0
130 -125.92 -85.36 45.75 -115.89 -151.49 44.38 60.39 61.15 -96.2 -5.62 67.29 77.21 67.61 41.6 -79.82 -48.26 -146.72 43.24 54.28 0.0
131 -77.05 -97.23 -83.14 -118.3 -45.51 149.19 58.04 100.99 -138.38 176.6 62.35 148.8 -165.5 -52.8 -149.82 159.43 -138.75 23.23 75.32 0.0
132 -116.57 127.9 65.85 118.43 -69.36 -46.35 -131.35 -60.91 -155.89 90.39 61.09 156.99 65.88 42.98 -104.45 33.08 79.64 -10.18 -153.94 0.0
133 -135.09 -171.4 -64.72 133.88 56.88 74.72 66.9 148.49 65.6 71.95 71.24 95.79 -110.51 -49.09 -147.72 17.35 65.78 123.9 66.68 0.0
134 -98.09 -101.21 -80.44 -143.69 -63.47 -79.38 -63.08 171.55 57.21 99.43 57.5 104.52 59.54 146.65 -100.17 -166.37 -122.21 -61.95 -101.09 0.0
135 -132.91 156.74 -76.61 125.55 -118.69 -39.35 -107.59 -25.01 58.53 51.74 -102.5 -33.18 -142.87 -50.73 -149.73 15.01 58.74 55.06 23.53 0.0
136 -128.1 151.19 -140.09 -115.71 -62.23 -40.13 -61.15 167.37 -79.3 -69.96 -85.07 -67.59 -98.12 -118.41 -130.77 -6.06 -146.76 -50.89 -92.67 0.0
137 -81.29 -172.66 -75.62 160.2 -135.75 -155.59 -146.18 150.41 -140.57 -177.81 -96.89 12.75 -145.15 -154.55 66.19 31.49 -93.42 -53.75 -109.07 0.0
138 -138.84 166.58 -51.07 -49.5 -85.52 -86.53 -94.62 -82.87 -102.37 -43.69 66.5 53.63 -124.06 -34.56 -126.52 17.06 63.8 37.6 -149.99 0.0
139 -89.75 -177.17 -85.27 166.09 -144.83 162.78 56.74 -176.35 -158.06 167.82 -59.29 152.98 -91.87 -45.27 -140.4 -45.09 -140.45 -49.67 -107.23 0.0
140 -122.69 -150.61 -95.2 143.05 -118.28 -45.13 -117.14 -10.04 78.41 126.99 70.4 56.18 60.95 38.66 -99.62 -40.03 -143.19 33.74 71.32 0.0
141 -140.4 157.35 -51.45 -52.71 -93.07 -77.24 -96.03 -88.72 -159.36 24.4 54.85 44.64 -84.28 -38.0 -152.81 -52.94 -152.48 30.65 -155.28 0.0
142 -108.82 118.28 51.58 -163.51 56.3 41.16 -98.88 -20.0 50.99 40.71 -90.02 -8.48 59.85 95.91 64.01 108.17 62.09 128.31 -151.75 0.0
143 -111.48 177.27 -82.37 174.13 -67.29 -53.71 -99.94 -92.48 -117.56 -49.64 -106.21 -43.51 -152.46 -93.61 -160.73 117.54 63.52 19.48 -148.32 0.0
144 -73.37 155.62 -46.19 -55.54 -80.26 -170.62 -149.22 162.52 -86.96 20.87 52.4 -142.25 -86.13 153.26 -148.42 158.3 -151.32 167.55 -148.62 0.0
145 -123.82 -89.11 -135.94 129.61 -169.96 -32.08 -118.82 1.08 71.19 65.32 76.96 142.52 70.58 25.11 -123.96 12.85 62.49 29.76 -150.18 0.0
146 -133.58 -135.65 -65.63 121.88 60.5 122.22 61.29 65.2 -92.57 -52.73 -124.63 -4.25 70.41 102.09 64.01 28.09 -148.26 47.24 76.04 0.0
147 -89.21 -175.27 -93.68 -140.08 -52.84 162.7 56.62 -179.19 -68.73 -89.17 45.17 76.08 -159.42 153.08 60.15 157.56 -144.81 -50.55 -104.88 0.0
148 -109.82 -80.83 40.42 107.15 -137.3 -43.97 50.43 64.81 -118.63 -43.45 -153.12 -56.71 -82.9 -175.78 -88.99 -18.13 52.01 82.68 -50.38 0.0
149 -120.53 120.01 62.35 170.54 -60.52 168.26 46.72 -140.35 -75.04 -73.91 55.59 165.89 -71.64 -151.99 -151.99 143.54 -151.56 -53.24 -120.86 0.0
150 -139.06 -84.3 43.36 80.59 63.22 92.52 70.05 91.63 -138.41 -46.77 -89.37 -24.8 70.33 118.91 61.48 37.11 -148.93 -48.43 -149.32 0.0
151 -131.07 -138.41 -68.07 115.21 60.85 139.37 58.62 69.28 67.63 103.22 -162.31 -37.58 -140.81 -28.59 -92.41 -15.38 66.42 96.61 75.26 0.0
152 -126.25 172.87 -74.31 133.35 57.77 116.06 60.03 112.68 55.68 95.01 -56.73 -61.24 -135.96 -1.2 68.71 129.0 72.79 0.22 -151.84 0.0
153 -131.36 -77.53 44.63 60.43 -104.95 -52.11 -96.8 -40.82 -127.56 -117.06 -164.57 32.94 -106.68 -11.25 60.37 43.41 -165.86 -42.81 -111.56 0.0
154 -123.03 -86.54 -68.28 146.43 -121.51 -43.17 -110.97 -47.91 -155.82 -43.55 -135.15 -11.99 67.95 142.82 68.18 81.03 76.0 23.13 -157.98 0.0
155 -115.8 -90.51 -99.25 -139.24 -61.51 -61.18 -84.1 -120.31 60.39 108.86 59.12 51.79 -127.97 -1.41 64.8 100.7 63.94 67.72 -97.25 0.0
156 -60.84 -97.03 59.96 -170.09 -162.32 125.97 57.32 170.64 -135.68 -33.42 -140.7 -175.07 -70.18 172.82 -70.21 151.59 -154.49 161.87 -150.03 0.0
157 -129.86 176.66 -70.16 122.52 -95.5 -41.79 -111.49 -41.83 -129.86 -62.9 -156.55 -52.74 -117.67 -59.9 -143.47 28.82 75.44 25.6 -91.02 0.0
158 -109.49 148.36 -145.98 -60.15 -77.48 -125.57 -74.53 -66.74 -70.71 -163.39 -90.33 -108.39 -158.76 15.41 -144.0 23.67 69.41 25.91 -143.14 0.0
159 -122.42 -134.89 -158.73 -109.38 -46.04 149.84 52.68 56.35 57.99 137.68 60.76 137.17 -56.74 166.56 -100.24 -46.15 -137.85 -49.37 -103.58 0.0
160 -136.43 127.37 61.05 177.03 -69.36 -61.35 -79.26 -145.23 62.16 149.33 -78.53 -66.77 -86.92 -80.78 -110.15 -110.28 -88.32 -19.91 -124.65 0.0
161 -131.38 153.23 -71.5 102.23 -143.27 13.83 56.59 47.64 -116.14 -13.15 59.3 56.31 -92.55 13.34 63.14 27.85 -154.69 52.9 56.79 0.0
162 -98.42 120.98 51.94 -176.41 -56.25 -31.43 -67.32 109.24 52.59 73.33 56.25 121.88 -61.14 -53.45 -21.6 143.92 -93.52 -59.38 -102.91 0.0
163 -111.46 -68.39 71.54 160.16 55.1 165.87 -61.7 -34.52 -69.71 105.35 58.15 160.66 -64.34 177.05 65.62 145.96 -82.0 -111.77 -76.67 0.0
164 -131.68 -161.44 -80.86 136.83 58.29 111.54 58.24 88.07 -83.6 -66.1 -94.35 -43.55 -136.39 -56.75 -144.58 -39.38 -132.96 -69.17 -94.54 0.0
165 -123.64 -150.1 -71.47 140.36 56.68 64.32 -143.5 8.28 55.19 51.23 -106.9 -42.79 -86.36 -54.67 -158.79 -53.2 -163.59 133.59 79.32 0.0
166 -115.06 147.35 -50.51 -40.91 -77.36 -160.62 62.48 132.39 55.62 85.72 64.08 138.39 58.5 161.85 -156.52 157.84 66.59 39.27 -156.6 0.0
167 -129.36 116.12 57.38 160.33 -66.08 -63.2 -95.93 -50.04 -71.61 169.24 52.34 168.79 -70.63 -70.14 -152.9 122.19 -163.98 -51.96 -106.29 0.0
168 -139.82 -77.69 42.15 84.99 65.42 66.22 -139.67 -23.76 59.6 48.52 -106.3 -34.94 -100.87 -54.45 -156.2 -55.33 -150.99 15.84 -151.8 0.0
169 -106.83 120.95 74.23 97.91 -127.98 45.62 59.16 49.34 58.69 27.04 -74.33 -27.7 -152.22 -172.25 48.55 -100.22 75.32 11.9 -78.33 0.0
170 -133.35 162.21 -56.35 -45.99 -82.29 -125.05 -76.03 -77.99 -170.24 125.18 -107.7 -31.06 57.39 28.81 -105.93 -37.06 -136.42 -50.02 -149.21 0.0
171 -106.89 -80.91 -157.98 157.15 45.48 -119.22 -66.4 1.38 -141.41 57.97 -58.31 -55.04 -47.07 139.82 -81.38 -60.28 -122.92 -59.33 -98.34 0.0
172 -114.65 -97.64 -77.56 131.12 60.41 110.21 -142.95 21.88 -52.49 -25.86 -67.4 -12.58 -134.41 14.77 62.94 144.67 -152.7 157.32 -105.89 0.0
173 -132.42 -90.13 -129.88 133.92 -145.88 -51.46 -139.4 -4.39 54.26 42.28 -139.01 10.62 59.2 36.41 -92.22 -40.97 -140.01 33.77 59.57 0.0
174 -134.36 -77.8 46.4 64.21 -146.36 -47.56 -99.96 -31.5 57.74 49.08 -134.71 -37.11 -133.16 -8.36 64.52 129.39 71.59 8.55 -127.13 0.0
175 -132.83 178.92 -78.21 110.65 57.88 150.78 56.2 89.41 63.03 118.24 -61.39 171.04 -117.39 -1.3 65.29 42.67 -152.5 -50.33 -116.59 0.0
176 -129.01 171.92 -68.46 116.18 -91.88 -40.38 -111.91 -45.75 -122.97 -69.62 -158.76 -52.91 -107.04 -28.57 74.7 41.83 -142.1 44.88 80.52 0.0
177 -133.69 -89.41 -69.03 142.87 57.98 73.19 -147.29 -40.2 -95.28 -57.02 -132.35 -10.85 58.25 36.27 -116.08 -36.07 -145.76 -42.43 -129.07 0.0
178 -122.64 -153.42 50.93 -101.53 -163.44 116.92 60.34 45.24 -146.1 45.05 65.23 95.79 70.73 130.74 59.58 46.67 -155.06 -57.79 -142.61 0.0
179 -110.16 152.35 63.27 -90.59 -84.34 -25.15 -145.24 140.61 57.08 146.66 -65.56 -37.37 60.19 56.38 -155.15 -43.28 -154.37 54.92 71.49 0.0
180 -106.69 -104.37 -82.7 -141.65 -42.23 151.98 61.84 75.46 -168.63 173.57 -73.23 -21.13 87.8 37.6 -84.06 -50.41 -168.74 -48.28 -67.67 0.0
181 -139.68 155.07 -51.65 -51.74 -95.95 -71.87 -97.14 -89.33 -150.78 -5.03 -99.39 -25.33 59.01 42.4 -135.95 6.89 61.99 87.33 -88.08 0.0
182 -121.57 -89.38 -131.84 111.56 51.49 36.57 -159.84 73.3 -47.88 164.27 -134.06 -116.32 -75.22 -23.42 -126.46 176.05 -93.86 123.4 -158.26 0.0
183 -71.33 -175.31 -81.39 176.09 -64.57 175.87 -154.89 156.18 -71.3 160.39 -119.33 -13.93 60.21 154.85 -154.57 -50.02 -147.65 170.21 -145.38 0.0
184 -108.43 -162.47 -84.44 -147.3 -51.09 161.19 58.85 155.11 -75.93 -57.59 66.65 112.03 67.39 38.9 -140.15 20.23 57.94 80.81 -67.76 0.0
185 -108.87 -125.57 -81.88 139.96 -137.19 -20.03 -68.02 168.62 -82.72 163.18 -63.68 -6.92 -90.3 -4.05 -141.81 -175.89 -151.27 120.61 -162.75 0.0
186 -111.31 -147.85 -72.16 141.58 -84.29 -62.38 -154.48 153.07 52.16 -71.84 -146.32 32.54 67.07 148.05 -113.74 -49.81 -128.89 -57.72 -114.78 0.0
187 -130.51 -84.77 36.87 -98.83 -138.04 -8.34 -123.37 -51.91 -92.86 -8.88 64.87 -41.04 -82.52 -107.74 48.36 -174.33 -84.38 -73.73 -89.38 0.0
188 -120.25 -123.76 -145.06 155.57 54.53 3.35 -174.87 117.21 53.58 89.5 62.37 136.77 -148.0 -29.14 -140.98 19.87 65.93 28.09 -90.76 0.0
189 -142.16 176.09 -51.72 -48.83 -81.4 -79.27 -90.31 -102.59 -87.89 -61.66 -102.05 -105.1 -116.85 -54.57 -136.36 -21.16 -141.56 -53.78 -131.88 0.0
190 -127.01 -178.94 -71.99 134.27 -107.28 -41.25 -121.4 -26.28 55.21 46.48 -130.7 -26.51 -88.5 -54.77 -158.79 -50.73 -147.7 9.71 -154.34 0.0
191 -130.81 148.15 -52.31 -44.52 -80.26 -131.74 -64.47 -68.23 -85.89 -139.69 -67.84 -70.42 -75.37 -163.62 -147.78 -14.15 64.18 101.83 59.95 0.0
192 -130.33 172.34 -67.64 146.98 53.67 64.66 67.01 157.89 59.91 73.77 61.99 126.57 74.27 134.94 81.6 17.31 -152.26 11.37 85.12 0.0
193 -111.27 -141.59 -74.67 124.06 56.97 142.57 -61.94 -54.39 -92.91 -117.58 -77.75 -63.72 -91.7 -135.54 67.22 47.86 -100.53 -53.74 -98.86 0.0
194 -133.26 -96.07 -64.91 139.41 55.69 65.66 -98.38 -19.93 61.11 48.95 -85.69 -38.32 -145.58 -47.82 -151.04 14.29 59.73 63.35 31.14 0.0
195 -138.29 -147.28 -69.7 119.74 59.11 132.79 -47.25 168.01 71.07 85.1 64.17 92.12 -87.76 -52.38 -116.71 -44.18 -144.82 -58.09 -89.96 0.0
196 -103.82 -173.36 -77.32 150.59 -145.34 19.53 -153.29 -176.58 61.05 52.39 -119.12 -21.87 -110.13 -59.58 -159.68 -52.58 -145.41 24.26 -158.73 0.0
197 -118.19 151.67 -49.79 -52.96 -91.44 -54.6 62.99 134.21 -55.34 151.37 -149.96 -46.54 -146.98 106.5 58.67 -179.69 -132.53 151.23 -165.04 0.0
198 -123.74 152.88 -65.07 117.5 -164.29 -35.13 -117.36 -7.31 61.11 43.89 -90.07 -6.8 70.11 157.0 66.88 49.55 71.26 38.58 -123.69 0.0
199 -129.78 -151.06 -84.22 118.81 59.97 136.65 55.59 84.33 -43.54 160.87 -122.4 0.55 66.01 46.62 -124.32 18.07 67.12 42.39 -157.66 0.0
200 -117.45 -122.2 62.48 -88.17 60.88 55.47 -116.03 -49.78 -167.2 -49.34 -169.76 27.25 -77.75 -38.86 -135.03 -44.44 -128.19 -46.86 -129.91 0.0
201 -123.5 158.08 57.88 -91.82 -99.46 -119.25 -60.35 -162.87 57.61 65.68 63.45 74.86 -131.63 -45.19 -135.5 9.43 59.17 61.39 31.28 0.0
202 -126.34 -153.29 -81.32 120.49 -150.58 11.38 65.27 81.09 64.98 57.73 -107.96 -22.01 -101.64 -58.45 -161.93 -51.69 -147.32 29.79 -156.5 0.0
203 -124.32 -87.98 -69.34 142.95 59.95 86.99 -85.78 -129.53 -145.97 34.54 60.83 172.72 56.81 37.63 -144.86 -175.86 -104.91 -43.07 -144.9 0.0
204 -124.36 -79.82 40.46 78.68 65.2 139.26 -133.38 -53.5 -155.06 -51.53 -85.49 -165.02 66.59 165.28 -156.57 -33.92 -139.65 -49.24 -81.37 0.0
205 -137.21 178.67 -67.3 111.98 -130.06 -40.74 -137.33 -38.0 -129.96 -60.76 -116.13 -12.73 66.47 11.15 -122.29 -73.47 -88.23 -70.37 -99.74 0.0
206 -130.13 -161.69 -84.32 131.49 -135.18 -43.36 -128.43 -44.62 -106.93 -30.52 59.95 42.19 -115.99 3.0 61.12 41.86 -147.09 -48.98 -117.8 0.0
207 -104.06 154.14 56.48 -172.16 53.48 3.87 52.9 24.67 -140.76 -173.21 52.49 57.23 -144.26 -32.34 -138.12 17.03 73.88 11.73 -95.71 0.0
208 -118.2 -102.33 -127.16 154.67 69.04 111.96 -37.23 -35.52 -57.79 -20.0 -140.85 30.66 -144.93 -147.37 -124.64 27.44 75.59 18.86 -133.34 0.0
209 -139.55 168.91 -50.78 -48.34 -82.58 -88.41 -93.26 -76.69 -112.35 -82.98 -138.48 5.74 68.39 141.4 59.87 28.48 -151.44 -55.08 -153.52 0.0
210 -102.03 -177.32 -75.49 161.7 -80.15 -58.43 -118.66 -14.78 64.88 13.91 -94.76 171.58 57.23 53.06 -114.42 -35.25 -146.58 -49.01 -100.85 0.0
211 -100.56 -98.66 -84.65 -129.57 -43.78 153.92 57.99 73.73 -171.53 163.78 -61.35 162.1 -84.23 -47.79 -129.47 -49.75 -140.59 -48.14 -103.02 0.0
212 -123.57 -80.7 -126.59 102.1 -137.92 -45.27 -136.38 6.26 58.8 57.43 59.13 29.01 -87.65 63.63 59.73 31.54 -147.66 -152.9 -140.25 0.0
213 -123.5 -108.0 -134.63 108.16 36.79 -93.27 -64.69 168.77 56.04 89.46 55.9 71.8 59.72 156.22 -70.31 176.81 -144.63 -52.07 -100.27 0.0
214 -114.31 117.17 52.06 -171.91 53.21 72.24 62.32 59.11 -103.88 -40.43 -143.37 -106.13 -162.47 25.77 -100.73 -50.94 -151.57 -46.42 -141.54 0.0
215 -118.24 130.57 62.05 53.68 -88.73 -30.95 -90.42 -165.02 -76.48 -12.74 -120.69 177.95 -153.77 157.3 -114.78 4.9 74.01 1.37 -81.26 0.0
216 -125.65 156.32 -53.56 -43.21 -82.71 -123.6 -81.2 -79.17 -149.71 131.56 -53.28 142.39 -118.27 7.17 58.73 36.86 -149.89 42.0 77.3 0.0
217 -131.47 -112.33 -148.27 139.27 53.71 103.14 54.21 85.08 -85.02 -78.91 -105.2 -37.55 -122.6 -54.79 -152.93 -41.0 -139.05 -57.96 -96.03 0.0
218 -123.58 166.6 -132.99 -139.02 -59.01 -51.19 -95.11 -130.7 59.03 145.83 -82.07 -67.05 -88.89 -74.01 -153.6 -36.56 -134.22 38.42 86.37 0.0
219 -96.74 -118.2 -73.92 139.62 53.01 -173.63 -51.84 157.81 58.98 160.71 -68.43 -62.32 62.35 128.52 -71.85 174.4 -129.8 -54.22 -104.84 0.0
220 -125.38 -89.45 -49.83 130.21 -145.19 -50.35 -134.3 -15.05 -131.84 -130.39 -158.89 39.01 -112.14 -16.2 65.72 126.86 75.07 1.45 -126.24 0.0
221 -126.81 -135.51 -68.31 133.23 55.72 101.91 -67.28 -57.32 -99.19 -51.34 -141.89 -53.11 -140.93 2.92 62.92 44.19 -134.46 -43.39 -101.81 0.0
222 -119.15 -171.77 71.77 -69.17 63.11 56.59 -82.33 -43.61 -115.85 -25.52 57.64 37.47 -158.11 -42.78 -144.01 -5.24 -152.49 -51.73 -145.59 0.0
223 -131.07 152.91 -50.85 -55.07 -87.43 -49.65 71.74 61.08 -86.81 -38.18 -143.21 -93.7 -168.68 35.43 -125.96 10.08 66.13 33.7 -136.71 0.0
224 -128.77 149.14 -48.83 -48.96 -88.15 -85.38 -88.13 -89.83 -111.41 -93.99 -172.19 45.08 -163.93 -44.22 -161.26 124.36 64.62 43.22 57.82 0.0
225 -89.23 -162.87 -69.38 167.7 -54.79 -58.49 -43.1 149.13 63.16 16.99 -159.58 169.0 -65.81 160.33 -116.65 -2.78 74.63 -2.04 -101.97 0.0
226 -130.37 -97.77 -43.76 112.58 -158.16 -47.11 -108.58 -27.34 56.34 45.51 -108.63 -28.58 -148.05 -70.16 -168.91 -32.31 -148.09 30.93 -135.89 0.0
227 -137.56 157.72 -51.81 -50.04 -94.64 -78.58 -102.92 -97.21 -175.26 51.46 -95.01 -52.94 -153.35 -57.19 -163.28 -39.36 -143.52 17.02 -148.47 0.0
228 -140.35 157.44 -50.84 -51.37 -91.85 -84.6 -89.41 -53.45 64.82 58.02 -123.37 -33.69 -119.6 -5.33 56.17 44.67 -166.99 -41.0 -103.43 0.0
229 -112.61 -167.93 -75.14 131.69 56.48 118.03 57.32 114.33 -66.03 -45.3 -72.53 -170.83 -69.64 -58.5 -143.07 -48.87 -154.13 56.47 80.22 0.0
230 -136.7 -75.48 44.83 66.34 -149.63 -45.45 -108.2 -54.71 -128.01 -19.36 57.25 49.55 -133.58 -38.91 -154.96 -54.41 -149.75 9.17 -153.49 0.0
231 -122.87 146.2 -100.79 -156.0 -59.19 -41.88 -81.35 -161.25 -64.09 -43.11 -43.02 174.37 55.89 60.27 -118.94 -35.15 -142.9 -49.01 -102.73 0.0
232 -138.93 -101.09 -69.93 139.29 59.46 96.08 64.93 77.32 -96.9 -53.45 -130.65 -8.84 58.56 37.29 -107.44 -31.63 -147.88 -40.24 -143.66 0.0
233 -113.01 160.93 -106.25 159.14 -144.83 -45.88 -144.94 141.71 51.38 -128.12 56.42 -157.95 62.77 46.18 -132.61 25.53 74.28 9.68 -91.48 0.0
234 -109.04 -102.27 -105.95 -0.08 -137.85 153.44 -47.63 -71.75 47.63 50.46 -144.28 -177.91 -72.9 -42.8 -154.99 117.65 -163.48 -174.56 -114.37 0.0
235 -132.22 -85.65 -79.11 155.56 -139.09 -48.59 -138.16 -36.48 -112.83 -21.87 59.39 53.18 -127.68 9.07 59.72 45.07 -156.49 -47.36 -127.58 0.0
236 -119.89 -90.13 -83.43 -170.33 -50.4 -45.91 -102.27 -93.36 -85.02 -87.38 -153.93 133.77 -56.0 138.79 -98.67 -38.55 -133.87 -40.51 -145.65 0.0
237 -126.0 154.89 -139.52 -114.86 -64.95 -70.27 -88.35 -110.52 52.55 101.73 54.87 57.2 -150.32 -36.46 -128.69 -50.35 -145.71 -58.26 -103.1 0.0
238 -138.43 -176.89 -64.43 126.4 56.73 106.98 65.48 107.07 68.25 72.41 -100.58 -12.34 66.35 36.16 -123.52 -0.55 57.78 86.0 -70.19 0.0
239 -130.61 -100.22 -64.19 138.14 56.18 71.63 -91.11 -53.47 -97.93 -25.97 61.18 39.84 -138.63 23.7 57.51 47.86 -142.21 40.49 71.66 0.0
240 -121.37 -93.98 -91.05 128.74 58.81 139.82 -68.56 -58.87 -76.17 -57.14 28.96 82.95 -129.77 -58.05 -100.89 179.82 59.0 -168.48 -124.49 0.0
241 -137.1 -76.31 43.74 72.61 -122.49 -48.17 -130.05 -38.16 -121.29 -26.27 57.42 51.45 -128.9 14.46 60.75 47.25 -159.35 -44.07 -134.7 0.0
242 -122.27 -173.06 -74.14 124.61 53.66 29.38 -173.29 93.4 -48.49 164.26 66.53 145.57 50.66 79.28 -148.0 163.65 -147.93 51.63 88.87 0.0
243 -140.26 -133.62 -70.96 105.71 59.16 150.34 55.5 84.49 62.09 92.64 -106.9 -51.82 -99.2 -42.94 -152.63 -43.96 -152.51 -50.58 -80.03 0.0
244 -106.21 155.17 64.27 177.18 -71.4 4.09 -79.83 -33.72 -159.34 95.63 -56.16 -45.0 -93.76 -38.36 61.82 116.34 64.92 90.73 61.68 0.0
245 -121.88 153.09 -54.92 -41.56 -55.17 167.6 -53.54 -67.96 -97.55 -68.65 -69.02 -165.64 65.47 136.85 55.14 80.23 81.33 98.68 54.29 0.0
246 -137.15 -142.03 -75.17 119.04 55.77 160.85 -54.86 170.55 68.84 114.48 55.87 102.58 59.87 126.98 58.49 87.25 66.11 74.45 -84.43 0.0
247 -117.15 152.61 66.93 -85.01 -80.88 171.07 48.95 71.07 -53.17 -47.89 -82.15 -48.18 72.59 124.59 66.48 32.92 -156.44 -47.93 -143.4 0.0
248 -121.55 -86.18 -121.94 40.26 176.1 94.15 56.75 144.83 -72.7 -49.29 -81.96 -74.52 -160.8 -46.03 -160.06 9.4 -156.53 -46.48 -110.86 0.0
249 -136.15 -69.2 53.73 -130.3 -69.77 -42.89 -104.21 -128.51 -95.16 -20.49 -68.96 -177.91 -82.66 -81.27 -97.73 -81.91 -79.87 -91.41 -79.87 0.0
250 -133.25 -81.86 -129.25 73.15 -133.91 -43.08 -108.78 -4.94 67.37 70.77 63.65 39.24 -88.32 -43.12 -148.43 18.33 66.97 8.18 -65.47 0.0
251 -116.09 -95.94 -165.76 162.51 -98.14 -54.98 -139.59 -58.95 -104.18 -175.39 59.59 168.36 54.52 35.04 -88.95 -81.06 -106.33 -53.47 -104.65 0.0
252 -132.31 154.67 -51.0 -52.01 -91.71 -92.5 -87.54 -46.85 67.52 52.94 -140.59 3.75 54.58 46.15 -126.16 45.93 72.5 61.92 65.97 0.0
253 -122.73 -78.04 -140.78 126.11 52.7 60.39 -60.05 -31.69 54.98 28.21 -144.25 49.83 60.88 159.15 -73.23 148.18 -151.6 43.07 54.54 0.0
254 -123.87 -165.81 -67.73 136.28 -87.03 -42.79 -120.08 -45.82 -150.03 -42.5 -121.71 -25.04 67.93 106.69 66.67 24.08 -151.23 51.32 73.31 0.0
255 -126.42 149.73 -107.93 -175.89 -59.72 -38.26 -99.92 -43.05 -65.25 141.18 -74.7 -61.95 -84.23 -95.54 -153.3 142.64 -141.05 -52.48 -97.03 0.0
256 -78.65 -93.76 61.67 -164.28 -154.86 -177.55 -74.06 -22.07 -145.31 171.26 -64.03 -31.03 58.34 24.74 -154.95 77.33 73.49 165.07 -103.66 0.0
257 -129.15 164.21 -129.98 -149.21 -61.9 -36.38 -81.45 -158.57 -64.47 -53.97 -153.53 156.5 -91.86 -46.08 -143.61 -50.44 -133.97 -28.8 -129.81 0.0
258 -119.98 -170.89 -79.44 137.72 -122.94 -22.91 54.95 41.68 -150.67 -44.28 -151.91 44.41 -38.86 134.34 -96.18 -32.32 -145.12 -46.91 -117.24 0.0
259 -95.98 -170.53 -105.75 164.52 59.64 -12.36 -150.74 115.36 -77.3 -42.33 -71.23 29.2 -150.9 114.63 -84.68 -123.27 -128.02 -65.42 -96.75 0.0
260 -135.0 -179.18 -74.26 133.7 55.48 101.31 64.61 129.69 -59.38 -179.63 72.39 80.73 -137.1 -3.08 60.61 89.68 67.62 74.36 -107.43 0.0
261 -129.47 164.19 -70.72 117.84 -148.95 -42.19 -136.3 11.16 66.2 83.0 62.48 48.88 -95.89 -32.51 -147.73 -41.62 -157.83 59.05 68.05 0.0
262 -118.19 161.85 45.89 -135.42 -75.2 -93.46 -76.28 -78.9 51.67 87.21 65.27 141.97 58.15 30.41 -144.12 -92.2 -166.48 134.43 56.94 0.0
263 -132.37 -77.34 -78.39 140.73 61.35 145.5 -44.76 -30.05 -53.13 119.98 50.27 67.55 60.09 129.83 -154.28 175.31 -109.91 -32.61 -142.67 0.0
264 -128.52 129.24 58.43 -174.03 -70.36 -69.22 -79.09 -144.85 62.82 160.57 -74.93 -58.32 -101.2 -117.04 -121.44 -19.03 -133.5 32.66 89.02 0.0
265 -130.61 -118.93 -66.19 133.74 57.24 72.47 -84.56 -50.9 -111.84 -54.59 -149.67 0.66 59.04 45.73 -159.69 -31.07 -134.84 47.02 80.14 0.0
266 -125.75 -82.15 42.07 76.57 59.95 87.33 -65.9 -49.54 61.22 142.67 58.31 3.82 -151.86 169.44 -151.24 131.45 -155.89 -49.83 -140.32 0.0
267 -120.37 -71.26 47.38 74.71 -98.32 6.69 81.66 -3.38 -71.82 173.29 -160.55 49.57 -107.15 -11.02 67.17 11.39 -127.7 15.0 -159.58 0.0
268 -126.46 143.73 -83.09 126.12 49.55 40.36 59.63 -28.18 -80.99 -135.63 55.51 174.84 -79.85 -84.64 -86.01 -115.8 61.13 154.18 -64.41 0.0
269 -134.52 -118.64 -81.45 102.2 59.5 150.06 60.98 83.17 69.56 88.86 -134.48 -55.3 -136.94 7.43 67.13 127.22 67.38 19.66 -157.58 0.0
270 -134.84 171.37 -77.64 109.78 57.74 153.99 54.56 78.68 65.45 133.93 -61.11 178.6 78.94 82.0 -154.48 -38.76 -142.75 -49.61 -108.07 0.0
271 -135.4 -171.64 -83.66 101.34 56.3 166.06 54.88 82.33 63.46 114.88 -57.38 167.6 -94.46 -43.22 -133.59 -39.39 -151.58 -47.68 -102.54 0.0
272 -92.83 129.36 49.41 -168.19 -129.38 132.41 -162.88 165.69 -40.19 139.14 -137.97 -30.44 -136.61 3.29 59.23 45.51 -154.44 -45.12 -99.84 0.0
273 -133.15 -129.27 -135.23 152.33 66.56 73.18 58.25 46.64 -144.21 -0.38 -90.41 -31.39 61.52 44.11 -145.42 -49.83 -144.09 1.52 -159.37 0.0
274 -125.56 -168.01 -77.76 129.96 -136.02 9.21 65.72 72.19 64.42 54.05 -90.02 -15.92 63.2 37.71 -92.28 -32.53 -157.02 -47.0 -122.66 0.0
275 -72.42 -175.23 -82.68 161.44 -151.33 177.34 -137.44 150.1 -151.26 160.38 52.58 -143.66 -146.3 166.21 -73.15 175.15 -112.12 -50.1 -125.23 0.0
276 -81.22 179.23 60.4 -139.31 -87.8 -11.8 64.36 -52.31 51.95 -138.99 -146.86 -179.24 61.32 41.69 -108.34 -26.83 -146.36 -49.69 -112.47 0.0
277 -135.86 -82.77 41.23 78.65 63.16 76.55 -127.12 1.64 64.94 63.69 63.39 56.33 -81.03 -31.37 -138.1 -51.73 -145.88 -4.03 -160.55 0.0
278 -121.75 -70.12 -109.7 -103.41 -68.21 -51.71 -92.45 -94.43 -93.97 -53.43 75.64 108.91 70.47 121.63 65.47 28.18 -146.8 -63.55 -158.84 0.0
279 -133.34 169.26 -54.51 -44.45 -79.28 -123.36 -70.98 -92.26 53.91 -170.03 -95.87 -95.22 -145.79 -27.19 -149.57 24.6 66.72 29.76 -83.23 0.0
280 -133.49 153.56 -50.26 -52.47 -94.66 -80.49 -93.54 -84.77 -161.06 37.2 66.65 85.21 64.94 45.76 -122.21 38.13 77.33 66.41 60.62 0.0
281 -116.66 165.89 -148.81 -134.24 -60.77 -44.75 -61.59 159.97 -66.2 -53.47 -87.12 -76.37 -150.06 162.92 -32.62 121.05 -145.4 45.98 76.64 0.0
282 -136.82 176.33 -49.69 -46.54 -81.52 -89.51 -92.9 -88.03 -100.59 -50.07 65.87 54.47 -150.89 -28.58 -141.72 -38.22 -145.5 31.46 68.74 0.0
283 -140.64 -172.43 -52.04 -47.26 -81.83 -76.55 -93.85 -102.2 -86.69 -69.67 -113.57 -92.2 -156.5 42.92 67.43 50.61 -141.0 -50.36 -112.16 0.0
284 -117.24 172.54 -162.53 -94.4 -64.93 -94.18 44.94 163.28 -76.51 -66.23 -91.47 154.83 -135.19 10.36 62.62 41.59 -151.03 -46.37 -112.65 0.0
285 -129.08 132.27 59.78 -176.12 -72.18 -75.95 -86.18 -38.53 -67.73 176.42 -90.62 -87.22 -169.33 47.6 -127.07 15.67 68.0 9.1 -108.97 0.0
286 -136.86 -135.78 -65.27 118.75 59.72 129.99 58.94 58.47 -80.03 -51.81 -124.76 -54.76 -156.36 -32.17 -140.23 11.4 63.66 84.14 -62.18 0.0
287 -128.66 -67.4 -142.52 166.25 -39.39 136.48 60.92 1.02 -137.34 40.34 -66.03 176.71 71.67 151.23 70.17 18.39 -162.48 -63.99 -140.74 0.0
288 -107.8 129.62 -105.78 26.17 -153.99 56.06 59.83 174.47 52.99 73.68 -55.28 137.14 -173.91 113.75 -75.82 176.75 73.5 17.94 -167.04 0.0
289 -134.89 155.21 -47.79 -53.26 -86.09 -63.53 69.54 59.13 -149.51 -2.28 -132.07 -46.97 -119.71 -53.8 -151.93 18.49 72.55 -4.81 -61.9 0.0
290 -128.89 -142.78 -89.57 133.54 52.08 33.45 -167.72 50.56 -151.01 -39.44 72.6 88.46 69.21 37.13 -94.14 -41.53 -149.22 -51.22 -124.61 0.0
291 -122.19 -81.28 -63.23 159.8 -60.3 -55.95 -146.78 -52.13 -147.81 137.56 62.21 158.99 -80.28 152.48 -161.43 -32.74 -138.07 67.18 56.82 0.0
292 -119.69 157.29 -72.05 110.22 -113.05 -32.89 -137.63 -45.18 -117.83 -30.78 67.07 109.42 61.14 38.34 -133.43 -35.34 -127.32 28.87 84.2 0.0
293 -114.15 158.96 -79.16 146.41 -104.1 -43.64 -140.02 15.99 -141.43 -160.8 -103.83 141.17 -65.96 152.18 -138.75 16.34 70.47 13.74 -74.87 0.0
294 -114.15 -97.51 -63.01 146.43 -149.08 -105.14 -177.31 27.7 -105.3 -52.28 -133.68 -55.43 -146.28 -41.87 -119.62 6.25 68.51 9.15 -72.5 0.0
295 -135.45 161.19 -70.35 119.32 -133.56 -40.95 -101.9 -15.22 63.15 51.61 -82.54 -37.91 -133.21 5.37 57.49 35.53 -157.86 -49.63 -91.83 0.0
296 -140.55 145.06 -56.24 -49.95 -83.3 -64.8 -83.44 -163.58 -68.02 -51.94 -88.48 -129.49 -153.72 146.9 57.06 50.77 -145.98 -51.4 -144.84 0.0
297 -136.82 170.06 -55.41 -56.17 -88.38 -95.81 -77.81 -131.41 53.52 -164.32 -90.62 -77.62 -112.06 -82.97 -155.03 -0.86 -162.08 -47.09 -103.73 0.0
298 -117.23 160.38 56.79 -109.87 -68.78 -161.17 51.5 57.76 -126.2 -10.05 59.31 54.04 -102.85 4.11 61.72 41.1 -152.73 -51.26 -142.26 0.0
299 -118.33 161.73 -84.87 161.04 -136.0 -47.04 -151.59 76.22 61.87 -176.91 -114.59 171.73 -85.47 -8.46 61.8 40.98 -153.13 -40.47 -146.51 0.0
300 -134.23 157.52 -74.9 103.43 -147.41 7.03 55.66 49.23 -128.56 4.14 58.57 46.8 -110.17 38.49 64.72 94.94 69.89 109.37 59.01 0.0
301 -131.87 -84.52 -74.06 148.16 -132.75 -5.17 60.32 40.21 -125.62 -17.34 54.32 44.44 -84.33 -32.05 -134.38 -45.07 -137.8 -40.15 -146.82 0.0
302 -117.89 -163.61 -78.17 130.38 -167.75 -54.72 -178.15 46.93 -85.55 -43.31 -113.79 -46.58 -152.32 -74.3 -162.18 21.26 -150.47 -46.73 -126.67 0.0
303 -112.88 -119.41 -91.22 2.99 -135.96 144.5 -111.99 -49.84 -125.49 -34.48 -147.98 -52.88 -145.94 -1.86 67.45 129.78 71.21 -10.15 -117.67 0.0
304 -129.89 160.54 -124.21 -128.47 -60.74 -54.79 -92.57 -144.48 66.79 151.88 -77.68 -58.26 -86.5 -108.45 -114.41 -33.05 -131.06 -55.56 -97.82 0.0
305 -130.14 -110.72 -70.84 137.1 60.5 96.76 66.18 78.72 -131.16 -10.83 57.26 47.17 -131.67 -35.4 -125.71 7.94 68.76 118.4 66.93 0.0
306 -125.8 -155.15 -87.2 114.53 -150.33 6.31 64.3 104.55 59.98 49.23 -118.47 -25.44 -103.48 -46.47 -156.62 -38.77 -157.81 -44.34 -84.17 0.0
307 -98.32 -173.21 -73.26 158.15 -72.96 -56.79 59.06 34.99 -162.63 154.96 -88.4 -46.0 -126.88 3.06 63.63 39.25 -148.89 -47.66 -109.22 0.0
308 -128.25 -94.34 -67.83 149.85 -140.97 -51.0 -144.89 -0.32 53.25 47.91 -131.72 -30.03 -83.58 -44.16 -147.78 -58.47 -151.22 17.24 -157.0 0.0
309 -128.58 -173.15 -75.7 126.9 59.12 149.41 60.75 -19.56 -160.74 127.97 -64.95 178.41 70.61 125.53 61.75 53.0 -148.16 -51.52 -97.91 0.0
310 -94.48 -95.2 59.87 -161.24 -151.84 178.16 -147.81 153.74 66.81 134.48 68.24 64.18 64.13 47.29 -126.25 -39.81 -145.54 39.5 78.26 0.0
311 -74.86 -175.07 -79.69 171.49 -72.53 -163.42 -145.04 105.89 -154.15 -177.62 -73.21 -172.16 -90.17 -82.44 -159.51 164.64 -149.71 -48.85 -99.89 0.0
312 -131.31 -75.57 46.46 73.89 67.9 136.04 -55.9 131.38 -177.16 -47.63 -145.43 137.22 -154.65 166.8 -93.37 -43.3 -132.37 -50.99 -135.91 0.0
313 -131.43 -166.32 -85.51 141.7 -124.98 -3.2 60.53 40.47 -123.7 -13.82 55.2 45.01 -85.36 -31.6 -133.27 -44.84 -142.09 -41.78 -141.08 0.0
314 -116.77 75.04 70.56 117.21 53.96 81.64 62.19 80.99 -74.18 -59.27 -140.85 -9.42 64.42 112.6 57.63 107.76 63.0 93.35 -114.27 0.0
315 -131.36 155.57 -49.53 -57.54 -78.58 -66.47 -87.34 -160.36 -72.05 -68.36 -77.08 -60.6 -125.91 -127.88 -137.11 19.32 -146.65 46.08 83.0 0.0
316 -137.69 -173.49 -78.06 137.83 55.61 97.45 65.14 131.2 -61.27 -175.12 71.77 84.19 64.77 88.53 -95.43 -52.93 -121.66 -47.83 -119.23 0.0
317 -131.28 -168.28 -65.6 126.63 56.66 89.65 68.07 140.85 64.95 58.15 -91.27 -29.57 60.86 38.97 -142.31 21.06 65.42 138.84 62.3 0.0
318 -138.43 -123.21 -70.97 125.3 60.14 120.24 61.78 60.58 -107.47 -27.84 61.7 41.09 -89.42 -38.34 -148.51 -57.65 -148.74 4.97 -153.41 0.0
319 -130.66 -158.39 -73.75 139.51 57.63 103.57 58.87 119.53 -70.49 -56.2 -80.88 -37.99 61.81 50.12 -143.18 -40.81 -135.43 -40.35 -139.58 0.0
320 -84.91 -170.48 -72.15 152.73 -84.15 -27.55 68.08 18.69 63.59 161.8 -151.17 144.8 -164.47 -13.0 -144.84 27.66 59.27 81.06 -64.82 0.0
321 -129.79 113.72 -163.48 -80.03 -107.53 -42.72 -76.6 -10.83 65.54 22.21 -66.75 167.83 -72.0 -58.44 -98.95 -42.24 -79.82 -177.13 -85.06 0.0
322 -118.67 158.7 56.39 -103.5 -68.09 -166.93 51.89 51.16 -151.85 -38.62 -109.43 -32.16 57.54 40.32 -113.36 -28.27 -145.0 -47.35 -128.87 0.0
323 -136.91 -80.24 -109.86 126.67 -152.16 -41.52 -121.75 -45.81 -127.98 -19.73 60.39 42.72 -109.43 -35.7 -155.06 -46.76 -142.96 -45.31 -112.51 0.0
324 -122.41 -97.01 53.75 -116.27 -135.23 -1.38 56.88 44.77 -96.17 -39.56 -114.77 -17.13 65.75 105.26 63.52 35.25 -153.69 -48.39 -125.41 0.0
325 -88.93 116.85 56.58 -174.81 50.54 57.04 -59.59 140.59 37.56 -95.59 -145.07 16.31 -167.41 172.17 69.87 -34.79 59.6 -166.75 57.97 0.0
326 -115.86 144.6 -75.25 111.72 -94.06 -24.99 63.2 147.41 61.19 -23.62 -91.67 -29.76 -114.03 -143.6 -117.86 15.79 65.8 39.8 -140.42 0.0
327 -129.0 139.93 -51.82 -53.11 -83.31 -129.98 -73.32 -72.34 -79.97 -140.01 -76.4 162.65 -156.67 -28.78 -99.63 9.39 67.21 18.37 -135.04 0.0
328 -129.3 -93.27 -52.56 129.14 59.4 98.17 64.58 83.67 -58.31 -64.83 -147.67 -55.8 -157.0 -48.01 -74.01 167.81 -136.22 125.94 -104.05 0.0
329 -125.27 154.59 -51.01 -52.1 -85.17 -60.8 -37.95 138.71 -109.08 -57.54 -98.1 168.21 -63.03 145.71 -129.77 -49.53 -145.7 36.48 66.34 0.0
330 -71.76 -166.9 -72.99 174.89 -59.53 175.47 -79.5 -168.54 -135.53 175.05 -75.15 -179.81 65.06 58.55 -138.86 160.17 -150.14 -50.73 -99.08 0.0
331 -129.74 -105.73 -39.51 127.81 56.24 65.02 -85.94 -37.05 67.24 146.86 67.15 30.7 57.35 60.12 -82.57 -42.1 -149.9 -52.75 -140.41 0.0
332 -141.27 158.48 -50.38 -48.95 -87.43 -93.06 -86.62 -76.25 -109.89 -84.84 -165.12 48.73 57.52 47.45 -144.83 -33.34 -130.27 39.63 66.65 0.0
333 -128.94 -163.73 -74.97 141.06 -148.56 -53.71 -157.22 19.34 56.05 54.71 -102.1 -37.77 -89.93 -45.87 -152.7 -53.14 -146.56 7.28 -153.91 0.0
334 -118.17 135.09 51.92 174.8 39.05 -135.29 -85.12 -57.12 48.23 68.22 -114.98 -30.53 -141.28 -46.85 -148.03 11.88 59.54 62.97 30.39 0.0
335 -131.45 -165.12 -80.47 138.65 -122.09 -4.17 60.32 40.35 -122.14 -16.64 55.77 44.9 -82.33 -33.41 -133.68 -41.07 -143.1 -40.81 -145.54 0.0
336 -95.69 -106.41 -64.72 144.16 55.76 102.13 -164.65 150.55 -76.76 157.13 -133.19 -16.88 -139.13 -85.9 -162.91 84.71 68.63 23.89 -146.51 0.0
337 -108.95 152.35 -150.6 -89.2 -72.05 -150.95 58.03 172.8 -76.72 -76.53 -81.25 -61.9 -42.45 156.49 -142.68 22.18 65.68 110.43 57.59 0.0
338 -121.3 -112.91 52.36 -117.81 -89.54 -28.56 62.28 49.78 -114.5 7.93 64.73 71.73 63.31 41.86 -78.5 -41.91 -131.42 -54.35 -141.85 0.0
339 -127.37 -98.75 -64.06 139.38 55.94 69.16 -91.68 -52.79 -100.25 -43.65 -143.98 -80.93 -172.75 103.28 65.66 32.91 -94.59 -57.96 -119.99 0.0
340 -125.6 -96.46 -65.45 138.74 54.38 69.82 -94.73 -19.93 64.84 42.09 -79.01 -23.97 59.7 35.45 -135.67 36.1 64.9 -177.55 65.77 0.0
341 -114.72 -170.73 -88.65 143.36 -126.0 9.26 67.39 78.84 63.53 63.52 -62.08 168.58 -74.73 -19.8 -149.24 19.34 -147.65 -117.78 -148.38 0.0
342 -129.57 -67.35 -71.4 161.85 -69.2 145.38 51.86 31.65 -142.87 58.74 58.26 84.5 62.26 93.88 -121.11 -3.32 56.32 75.66 -71.51 0.0
343 -123.72 -88.11 -68.1 148.29 -80.59 -45.14 -130.79 -72.22 -171.74 70.8 58.51 60.79 -84.8 -36.06 -131.71 -38.16 -155.59 -46.1 -111.47 0.0
344 -82.76 -176.76 -84.09 -162.36 -59.45 -68.63 -100.41 -117.79 -72.27 175.65 -94.71 -15.93 -155.0 176.95 -62.24 164.6 -140.2 -47.68 -100.7 0.0
345 -135.93 -124.92 -68.01 126.31 59.79 118.42 64.04 67.99 -142.87 -19.61 59.23 46.6 -121.96 -32.26 -108.7 10.46 67.03 26.65 -148.78 0.0
346 -118.59 -93.73 -58.72 128.72 -160.01 -36.28 57.64 47.24 -112.01 137.26 59.26 -8.93 60.65 170.8 57.67 27.49 -158.52 169.53 -128.09 0.0
347 -135.2 155.45 -49.65 -54.43 -87.53 -49.71 74.79 59.03 -94.19 -21.82 57.29 42.97 -103.13 -49.14 -160.43 -53.45 -158.82 40.65 -153.73 0.0
348 -119.93 173.23 -153.34 -110.17 -64.84 -56.14 59.68 76.43 -91.53 -41.95 -116.38 -12.99 60.92 42.76 -147.95 23.45 59.52 89.86 -74.09 0.0
349 -117.94 173.27 -138.2 -133.71 -59.19 -51.67 -103.33 -90.1 -146.2 151.96 -140.71 12.66 69.39 123.82 78.35 14.65 -131.06 29.53 51.73 0.0
350 -100.05 -129.21 -66.13 136.23 58.12 126.08 -152.69 172.83 -156.99 154.96 -89.17 -30.95 57.9 41.3 -134.93 13.87 67.15 114.25 68.83 0.0
351 -122.86 -170.0 -73.56 133.2 -81.85 -41.52 -132.87 -78.7 173.57 66.22 -98.3 -51.54 -136.0 1.74 62.96 79.76 64.37 79.36 -69.28 0.0
352 -136.58 -90.32 48.45 -101.91 -74.54 -73.75 -99.58 -82.92 -99.14 -70.36 -110.93 -84.17 -156.42 39.49 66.15 46.16 -133.78 -47.62 -105.76 0.0
353 -116.96 152.4 -124.01 -76.87 -79.75 -75.62 -97.91 -105.39 -70.12 -68.66 -107.04 -73.49 59.36 53.76 -125.09 -35.76 -145.5 49.3 79.72 0.0
354 -128.57 -163.36 -78.2 129.02 53.35 32.94 -173.38 63.45 59.09 84.48 -88.23 -19.13 74.96 83.55 69.34 35.13 -143.44 37.99 69.06 0.0
355 -103.96 -117.92 -63.49 142.32 56.96 96.53 -164.79 -46.57 -146.03 165.21 -98.07 -18.53 62.44 38.05 -129.47 14.34 73.34 5.49 -100.08 0.0
356 -120.17 -134.76 -69.24 124.57 56.23 105.02 -37.82 -64.61 -143.55 -59.1 -85.53 -175.89 -77.88 132.53 -136.39 -3.82 63.36 113.62 63.29 0.0
357 -128.49 -115.61 -120.19 122.33 52.66 24.71 -172.46 109.97 -57.5 174.36 72.83 120.61 -60.49 151.82 -111.12 -50.47 -105.04 -55.27 -133.98 0.0
358 -120.1 -173.07 77.31 -65.21 67.45 56.87 -109.21 -23.78 -111.61 -58.17 -145.89 -52.62 -141.49 10.41 62.5 30.81 -152.76 58.66 85.34 0.0
359 -123.51 -139.79 -72.78 132.51 54.92 104.88 -66.14 -58.53 59.05 50.53 -93.31 -40.95 -104.98 -52.41 -146.07 -51.62 -146.14 -48.85 -86.26 0.0
360 -123.94 -80.52 52.3 -52.12 67.54 66.85 63.33 48.15 -131.59 13.03 58.46 68.5 -94.95 4.76 62.93 29.51 -151.75 49.78 58.48 0.0
361 -128.0 170.16 -74.58 141.78 53.16 78.25 64.61 158.87 57.09 80.72 -126.4 166.62 -92.55 -44.87 -156.44 -52.09 -148.65 27.07 -162.68 0.0
362 -138.95 -135.15 -65.14 123.14 57.86 122.03 60.97 63.36 -95.53 -57.01 -128.11 -9.48 56.07 37.61 -92.63 -45.27 -124.28 -42.64 -142.72 0.0
363 6100060.5 96.9 7.26 124.35 -156.07 32.56 -25.95 5.77 -160.13 -58.34 -118.85 8.49 117.91 -161.77 68.69 122.43 -130.53 62.61 -120.69 0.0
364 -113.4 -64.72 -72.14 -36.48 58.51 57.02 -80.06 -172.73 -77.1 -8.53 -150.2 171.92 56.4 -101.41 64.82 137.9 -162.95 -43.85 -141.17 0.0
365 -69.18 -105.44 -73.36 -176.25 -63.14 -174.45 -97.87 -7.44 -88.02 25.87 -149.34 151.35 -79.01 -179.05 -158.24 91.99 64.37 135.8 -161.04 0.0
366 -113.86 -178.7 -77.36 128.93 -97.04 -23.18 66.69 151.4 67.3 -40.04 64.48 162.64 -130.79 1.24 58.47 42.04 -160.29 -44.94 -104.51 0.0
367 -133.59 -95.36 -68.38 142.97 55.81 67.31 -96.33 -54.23 -124.09 -10.45 58.23 46.48 -97.86 4.66 62.73 41.84 -147.54 -46.76 -141.85 0.0
368 -112.56 167.66 57.51 -146.71 -154.98 40.21 63.42 64.68 60.73 40.95 -81.26 61.96 58.48 36.77 -130.7 -151.89 -135.45 12.49 -157.28 0.0
369 -139.19 -142.32 -64.69 113.93 58.98 136.95 60.06 82.13 69.14 84.78 -85.34 -25.04 64.61 43.82 -133.66 -55.55 -148.03 9.63 -159.59 0.0
370 -104.73 -96.39 -72.41 168.97 -56.44 156.91 -133.66 -42.91 -137.91 -61.44 -92.52 -154.58 -132.9 -47.04 -152.71 -27.91 -149.53 62.0 75.48 0.0
371 -117.01 163.59 56.4 -107.48 -78.69 -132.51 53.24 63.45 -102.98 -13.33 60.28 44.04 -89.7 -42.02 -137.03 25.38 63.07 41.34 -150.1 0.0
372 -139.18 152.63 -50.78 -47.18 -85.61 -91.32 -95.65 -68.74 -103.36 -99.9 -152.79 39.1 65.25 156.99 61.51 26.21 -147.55 -61.64 -158.14 0.0
373 -118.88 163.14 56.65 -105.06 -77.83 -139.5 50.78 58.1 -104.89 -37.36 -124.04 -16.14 58.25 41.14 -138.26 43.86 67.73 35.44 -149.65 0.0
374 -120.28 -168.03 -77.34 122.1 -144.69 0.27 56.6 52.28 -92.09 -54.69 -163.07 -55.38 -167.69 5.6 -82.72 -50.15 -123.11 -52.73 -121.3 0.0
375 -122.81 -179.82 -76.78 124.8 -118.75 -45.73 -113.08 -24.08 58.06 40.9 -157.38 -29.4 -153.25 -25.88 -92.76 -56.03 -146.08 29.25 81.49 0.0
376 -119.93 -100.29 -88.13 -128.81 -48.3 153.52 62.18 151.31 -65.29 -179.91 62.31 121.23 56.49 109.16 60.39 60.71 -165.94 -56.53 -111.19 0.0
377 -142.15 148.69 -50.13 -51.68 -94.62 -79.15 -92.74 -45.94 64.25 61.98 -131.69 -35.18 -121.37 -0.96 59.43 47.61 -154.64 -42.77 -136.18 0.0
378 -114.2 161.53 -123.78 -121.86 -59.46 -63.57 -91.86 -93.28 58.44 108.71 67.07 53.26 -111.47 -2.91 68.38 118.24 71.39 7.1 -160.11 0.0
379 -131.86 -149.53 -66.96 123.26 58.44 128.65 -48.17 167.94 70.62 92.38 65.56 83.98 -87.16 -48.0 -151.92 -40.13 -156.53 58.88 85.54 0.0
380 -131.89 149.64 -58.91 -65.67 -179.48 62.89 -122.68 -41.16 -91.32 -13.01 62.35 34.98 -95.8 1.2 61.22 32.42 -148.23 -55.31 -83.64 0.0
381 -131.04 -94.68 -66.31 139.64 55.95 69.83 -100.13 -19.87 59.16 46.29 -77.01 -36.61 -122.42 -56.41 -161.15 -46.35 -150.9 42.85 -142.21 0.0
382 -130.41 -89.13 -105.89 101.73 61.04 44.09 -94.07 -47.3 -117.19 -31.54 58.21 46.9 -137.31 -38.09 -148.76 21.0 68.08 2.18 -59.98 0.0
383 -125.44 -161.53 -75.87 127.29 -142.74 1.71 57.56 52.23 -122.78 -36.49 -84.19 -40.12 -142.91 -65.75 -165.45 -42.29 -138.87 26.71 -150.08 0.0
384 -139.25 -122.4 -69.39 129.61 60.43 113.92 62.97 71.38 -111.86 -53.95 -115.91 -19.66 56.64 43.91 -151.57 -40.41 -124.88 -32.65 -145.88 0.0
385 -129.69 -84.67 -63.42 142.73 54.41 105.0 60.76 80.56 -73.46 -66.51 -146.89 142.15 52.6 -81.96 -152.37 72.11 -146.61 163.42 -74.95 0.0
386 -99.47 -167.25 -72.39 167.65 -65.61 174.94 -155.5 154.14 -52.38 144.89 -135.8 -31.53 -100.7 -55.24 -150.55 -46.85 -139.82 -43.93 -105.88 0.0
387 -132.25 -166.91 -74.26 128.75 57.12 119.94 56.46 94.73 -72.29 -60.77 -86.38 -55.78 -141.58 -55.2 -154.81 18.64 66.15 82.74 -50.83 0.0
388 -123.66 155.94 -140.35 -108.6 -68.68 -73.49 -84.79 -113.26 57.25 113.53 52.4 50.36 -139.35 5.99 61.24 35.4 -150.12 51.69 72.02 0.0
389 -128.6 -170.06 -74.8 141.76 -120.3 -47.87 -143.26 20.42 66.3 82.12 67.35 54.72 -77.57 -38.19 -134.95 -44.11 -135.95 -44.23 -137.83 0.0
390 -126.56 138.16 -58.06 -33.18 -54.58 166.02 -54.55 144.92 45.35 -113.47 -76.22 -59.6 58.03 166.63 -76.61 -46.0 -135.68 -104.59 -63.86 0.0
391 -120.1 -88.72 -126.81 59.75 -88.26 -8.39 62.04 52.95 67.06 166.43 67.65 19.36 50.93 75.44 -79.93 -36.15 -147.42 45.16 51.55 0.0
392 -133.46 163.43 -49.61 -55.35 -84.8 -94.94 -82.46 -58.4 61.42 68.01 -138.07 9.8 64.19 101.61 70.15 27.64 -127.87 40.53 51.01 0.0
393 -124.89 -79.88 -94.26 115.83 61.29 130.8 -75.94 -70.35 -79.51 -70.61 -74.8 -40.24 73.51 111.23 68.73 28.13 -155.46 65.44 66.65 0.0
394 -141.07 -167.88 -68.4 139.97 55.94 64.57 64.09 159.8 65.36 74.27 66.74 93.04 -81.99 -44.87 -124.65 -41.66 -151.56 -52.47 -89.22 0.0
395 -127.01 -137.67 -88.35 143.23 -146.33 -47.45 -150.01 -33.28 -112.62 -19.41 66.24 93.92 66.25 43.22 -128.1 23.24 72.45 17.04 -141.85 0.0
396 -134.39 -121.79 -76.66 107.45 61.25 144.73 59.58 67.26 67.27 106.45 -149.43 -48.71 -142.4 -47.45 -146.11 -33.77 -133.91 33.87 65.38 0.0
397 -65.39 -176.55 -78.48 153.08 -147.16 -1.85 -73.7 -31.38 -145.45 168.48 -144.89 159.64 60.97 169.1 -161.35 160.02 65.52 155.1 -154.07 0.0
398 -137.52 -128.48 -68.61 122.39 61.03 123.22 61.51 64.47 -120.71 -29.6 59.25 44.75 -85.31 -37.61 -151.09 -55.14 -152.01 24.82 -156.03 0.0
399 -114.43 148.52 -70.96 128.84 -94.15 -44.11 -147.74 21.38 -66.81 154.31 -114.23 1.49 -145.97 -158.05 -67.97 134.19 -153.51 -179.8 -131.41 0.0
400 -69.51 -111.75 55.81 -153.42 -151.77 123.7 -151.39 167.21 -85.75 161.78 -144.77 161.55 -99.42 -34.21 -137.64 170.72 -150.37 -44.58 -95.92 0.0
401 -140.46 -125.96 -67.43 128.63 60.83 110.32 61.85 70.76 -92.62 -45.01 -135.79 -43.72 -144.14 -2.02 63.87 104.2 58.36 69.98 -82.06 0.0
402 -101.81 -175.64 -74.75 156.46 -67.77 -43.37 59.0 46.55 -145.67 -48.81 -99.61 -171.98 60.45 44.38 -90.86 -39.44 -132.23 -47.01 -120.99 0.0
403 -93.29 -81.19 77.77 167.88 57.86 157.43 64.08 32.07 42.35 79.58 -154.85 -56.13 -158.04 155.26 -89.47 -77.06 -129.84 9.42 87.71 0.0
404 -136.96 -133.55 -37.2 113.66 58.31 114.88 62.38 87.04 71.62 100.95 -121.21 -41.33 -130.52 3.31 59.0 40.54 -146.02 37.35 103.94 0.0
405 -114.24 -86.12 -64.01 138.6 -163.93 -44.99 -136.34 1.64 60.74 55.67 -77.24 -17.77 74.78 154.67 68.24 42.36 72.5 46.99 -141.86 0.0
406 -124.28 159.36 -52.39 -57.73 -79.63 -176.08 52.81 -165.11 -68.9 -76.76 54.91 108.0 55.67 48.56 -152.37 -39.6 -147.32 47.19 75.37 0.0
407 -131.32 -85.65 -136.41 134.78 -146.91 -31.47 58.67 44.75 -144.92 -23.28 -139.5 -10.53 54.19 46.21 -123.21 28.03 57.95 70.74 -149.15 0.0
408 -137.19 -174.81 -72.76 128.92 55.76 104.52 65.68 136.86 -56.78 174.2 72.05 76.69 -133.98 -53.22 -130.76 -46.9 -140.59 -52.28 -97.04 0.0
409 -129.5 -118.05 -71.64 123.48 59.88 123.21 65.4 64.09 -129.05 -36.27 50.42 62.03 -140.84 -54.09 -162.84 90.28 69.4 163.83 -132.19 0.0
410 -110.8 -164.07 -66.87 138.01 -77.39 -51.65 50.56 28.03 -155.91 69.98 64.79 146.52 -160.79 179.25 66.34 36.5 -120.98 -48.02 -124.11 0.0
411 -136.55 -82.98 -76.6 144.39 -152.49 -56.78 -145.42 14.54 65.29 76.52 60.53 39.76 -139.93 -14.66 -139.62 32.1 62.54 70.23 -117.5 0.0
412 -107.56 -100.64 -67.39 164.61 -60.98 -44.51 -126.73 -75.08 51.83 152.74 -146.92 -52.51 -146.26 123.41 56.79 -174.27 66.5 160.23 -140.13 0.0
413 -70.42 -85.37 71.56 165.05 57.33 144.58 -147.58 167.8 -150.54 165.52 -77.69 173.02 -82.86 -169.26 -160.91 103.33 64.08 30.69 -156.79 0.0
414 -101.53 -88.41 -69.69 158.95 -140.1 -99.08 -160.04 162.27 -91.09 -44.77 -114.03 -14.44 59.35 40.77 -147.79 -30.46 -137.49 31.66 69.67 0.0
415 -111.22 159.88 -109.8 -165.68 -61.59 -35.26 -82.38 -141.96 -71.58 -67.6 -150.01 154.66 -145.03 -4.28 58.46 115.56 62.56 110.67 -141.54 0.0
416 -74.31 -175.88 -87.57 169.66 -137.21 160.81 -154.55 171.1 -66.74 162.48 -152.73 130.65 62.12 143.41 -145.7 178.29 -136.99 -51.4 -103.36 0.0
417 -124.9 175.16 -71.83 110.27 -148.4 10.87 58.63 48.03 -126.2 -7.57 56.08 51.46 -116.15 -14.9 -147.75 25.34 65.82 116.78 64.09 0.0
418 -122.59 115.34 -45.53 163.21 48.21 -136.22 -98.8 -112.3 -167.59 146.73 51.59 35.36 176.73 65.44 69.62 111.55 52.82 75.1 -68.93 0.0
419 -89.44 -163.93 -92.12 -114.3 -43.45 158.74 -61.67 174.46 -159.55 100.04 -137.97 -172.59 -95.64 -21.32 64.45 91.74 60.16 71.31 -78.97 0.0
420 -132.16 -173.85 -80.27 106.4 57.91 154.57 55.85 93.42 62.18 106.19 -59.92 171.48 -133.71 -36.2 -129.93 12.22 73.17 11.65 -91.15 0.0
421 -132.16 -108.08 -83.08 131.26 54.96 136.41 53.38 112.13 58.4 90.33 64.17 113.05 -142.3 -3.79 62.17 36.4 -158.78 -51.18 -118.36 0.0
422 -122.37 -170.39 -80.91 139.97 -107.24 -26.33 55.61 37.47 -149.01 -37.83 -143.61 34.9 -51.14 142.23 -95.3 -36.36 -131.95 -43.39 -141.81 0.0
423 -131.32 -166.1 -83.25 140.94 -122.5 -3.49 60.15 40.32 -121.46 -14.96 55.78 43.76 -89.43 -31.58 -132.95 -45.11 -141.16 -40.6 -145.11 0.0
424 -133.76 -153.34 -76.96 124.23 51.98 31.9 -167.54 57.36 58.4 90.26 70.6 143.43 66.55 54.81 -152.49 -42.96 -148.06 32.91 79.47 0.0
425 -66.46 -179.4 -90.21 170.39 -136.14 168.88 -150.99 -51.01 -77.59 65.04 -137.87 15.59 -147.25 173.79 -115.33 165.31 -147.76 171.52 -144.72 0.0
426 -115.36 -78.71 -69.58 161.66 -150.51 171.86 -87.12 -46.58 -143.42 -47.95 -147.44 -37.79 -87.05 -18.08 61.6 39.31 -141.44 -51.77 -110.5 0.0
427 -126.56 -78.4 45.46 83.08 64.02 70.42 -135.84 -69.11 -162.06 -56.4 -164.81 16.34 -104.25 -41.26 -130.29 23.42 70.21 95.73 66.74 0.0
428 -133.17 -153.86 -67.2 -26.52 -61.42 -174.27 -61.83 -47.98 -86.01 -147.02 60.94 166.95 -87.85 -75.1 -111.14 -98.62 -116.43 19.13 -144.75 0.0
429 -133.59 162.88 -51.41 -54.69 -86.12 -112.11 47.29 -172.08 -88.32 -52.23 61.06 59.59 -150.26 -29.45 -118.43 -40.62 -154.47 -52.17 -123.8 0.0
430 -132.66 -81.66 43.11 82.47 64.14 72.48 -135.14 -27.96 61.58 52.19 -141.71 -31.32 -149.43 -38.67 -126.31 -54.13 -141.77 29.31 76.17 0.0
431 -68.47 -95.14 59.7 -167.12 -162.37 155.76 -134.41 -78.76 -75.25 166.66 -130.24 -50.88 -151.08 155.07 -67.78 159.53 -138.8 -47.76 -100.74 0.0
432 -127.73 -175.96 -61.31 131.76 55.16 74.6 63.2 160.91 55.57 117.25 63.26 102.26 59.13 69.05 -139.35 -0.07 60.83 103.13 63.26 0.0
433 -76.85 -78.81 -88.32 57.91 156.86 110.83 -156.29 -7.87 -124.25 5.83 -144.89 155.3 -163.08 155.44 -129.57 -51.36 -141.53 -51.59 -99.7 0.0
434 -126.46 135.65 66.45 130.75 -69.59 -54.73 -90.58 -146.84 61.12 169.59 -84.3 -15.56 -50.42 145.45 -99.73 -74.97 -83.29 -83.89 -76.61 0.0
435 -128.49 -157.45 -72.39 140.72 -135.88 -47.09 -140.81 14.3 64.05 73.32 71.51 62.38 -73.16 -37.37 -131.36 -46.71 -139.16 -37.86 -140.36 0.0
436 -135.29 -109.33 -46.0 132.8 58.38 91.87 66.82 86.51 -106.61 -49.1 -107.28 -9.2 75.01 93.67 63.67 31.6 -148.77 46.45 84.03 0.0
437 -128.99 -89.14 -71.55 150.21 -132.32 -49.19 -140.47 -46.12 -159.38 -18.71 -102.27 -30.66 56.42 43.49 -153.68 -49.61 -146.57 11.46 -163.48 0.0
438 -114.21 -92.11 -73.21 147.25 -150.23 -39.54 53.45 44.54 -131.33 151.18 52.85 -75.78 -146.28 18.55 -74.34 171.15 -117.21 -17.86 -143.18 0.0
439 -123.95 135.51 69.04 82.64 63.77 152.05 61.41 -25.95 -160.17 116.37 -92.71 177.05 -116.16 -4.42 63.36 41.44 -151.72 -47.8 -120.56 0.0
440 -78.36 -99.52 -68.96 169.08 -72.65 -175.69 -150.06 161.27 -65.95 -40.61 63.82 -37.55 -74.05 -177.7 -108.03 -4.39 62.85 26.71 -84.23 0.0
441 -137.57 -122.33 -75.1 114.3 61.19 138.06 59.46 62.7 69.93 110.47 -151.68 -40.81 -119.87 -41.67 -125.62 9.18 70.77 18.4 -118.23 0.0
442 -86.51 -82.16 -71.27 158.12 -151.88 122.3 -157.63 -171.34 -78.55 -153.09 -55.8 160.37 -116.16 2.15 62.55 40.95 -147.97 -46.95 -107.41 0.0
443 -108.5 130.59 -81.29 140.11 -53.52 116.41 51.03 18.66 50.66 35.69 -81.3 -8.03 65.22 151.03 60.12 149.15 61.64 169.5 -139.99 0.0
444 -139.05 147.81 -54.73 -43.65 -79.16 -135.4 -76.25 -78.39 -160.29 132.04 55.66 50.6 -82.56 -39.11 -127.41 -47.77 -136.09 -41.59 -141.16 0.0
445 -123.93 155.57 -68.42 125.11 -148.53 -40.52 -132.74 -20.96 -118.91 -146.11 -161.47 37.52 -104.46 -51.29 -144.45 8.8 62.21 22.47 -74.41 0.0
446 -139.7 -167.56 -65.73 122.84 59.22 107.02 68.81 109.17 70.03 68.06 -102.29 -47.43 -118.84 -10.99 66.45 10.59 -110.61 6.0 -157.59 0.0
447 -106.21 126.15 -68.8 -165.51 -144.48 49.84 63.61 -176.91 -72.12 32.8 -70.17 -27.42 -139.81 173.57 -161.53 92.41 -154.51 -43.02 -142.92 0.0
448 -141.27 -171.99 -65.35 133.2 56.11 75.22 68.51 150.02 64.95 71.3 67.69 95.37 -86.8 -44.52 -124.32 -41.12 -154.29 -51.67 -87.61 0.0
449 -131.84 -95.29 -52.73 130.39 57.73 94.58 63.81 137.75 53.29 82.17 -141.27 179.77 -108.99 -4.4 63.27 39.89 -131.66 37.31 79.95 0.0
450 -113.24 -77.19 -148.57 139.18 -65.48 -5.67 -70.88 65.05 -136.67 -171.76 -66.64 -27.55 -148.87 -59.09 -154.98 153.91 -151.41 26.15 49.1 0.0
451 -131.52 173.17 -46.5 -47.65 -83.33 -91.72 -77.6 -179.93 45.69 -153.45 -71.74 -72.89 51.11 147.25 -151.51 35.74 61.73 85.71 -59.9 0.0
452 -103.01 -144.07 -73.6 133.36 55.44 119.31 -77.54 -104.05 -158.39 -179.85 64.85 159.0 56.19 38.83 -126.65 -36.26 -148.7 -46.54 -104.5 0.0
453 -117.88 137.89 -120.97 88.64 44.73 -103.71 -73.59 -39.44 -75.57 -170.61 -66.41 -83.74 42.69 71.75 -107.33 -43.57 -119.68 -47.55 -128.61 0.0
454 -91.06 150.9 -51.6 -62.3 -74.95 166.36 48.95 -165.5 33.84 83.48 -60.18 -50.23 60.14 38.91 -157.59 177.35 -143.06 160.48 -152.47 0.0
455 -137.5 -142.07 -65.25 111.01 60.46 135.87 60.09 86.33 66.56 85.17 -83.73 -47.84 -146.76 -70.91 -161.93 17.99 -158.91 -43.3 -109.43 0.0
456 -121.14 162.71 -143.7 -93.7 -71.65 -69.38 -97.92 -55.93 55.06 67.05 -134.53 -36.29 -123.99 -8.09 65.34 111.51 72.1 3.83 -111.11 0.0
457 -61.15 -85.2 63.3 -154.92 53.65 75.9 -154.1 153.8 48.95 57.08 -143.08 138.68 60.72 145.79 58.84 169.81 -144.56 -175.84 -140.54 0.0
458 -137.85 -172.74 -66.2 126.62 57.89 100.06 70.23 116.42 68.9 64.39 -93.53 -23.12 64.22 40.63 -123.96 22.99 65.86 36.74 -151.32 0.0
459 -123.51 160.75 -140.12 -93.14 -70.76 -68.44 -98.3 -51.99 57.12 71.25 -113.63 -31.79 -101.52 -63.9 -162.67 -48.25 -146.36 32.21 -156.33 0.0
460 -135.16 -126.85 -70.27 124.4 61.09 123.7 60.59 59.37 -78.98 -49.15 -96.74 -58.54 -165.88 -57.13 -166.24 40.63 -153.06 -47.25 -105.48 0.0
461 -123.58 144.37 -50.94 -51.46 48.96 69.29 -62.84 -36.8 -128.25 -52.68 -134.83 -53.02 -147.25 154.46 -130.34 -47.52 -143.58 -48.43 -107.46 0.0
462 -135.77 -147.95 -67.63 124.71 58.42 127.05 -46.36 164.42 71.14 93.22 73.13 83.25 -106.95 -2.45 68.23 41.78 -156.48 -47.81 -118.96 0.0
463 -113.06 167.77 63.43 -94.83 -87.25 -142.81 46.68 59.21 -50.19 -46.37 -83.01 -71.99 -148.97 3.79 72.29 128.11 63.36 90.86 62.33 0.0
464 -71.26 -104.17 -67.36 165.65 -69.48 -67.93 57.8 12.83 -158.35 142.18 -157.69 161.56 -77.97 163.64 -149.15 -43.95 -139.77 164.14 -151.02 0.0
465 -126.4 150.78 -73.52 102.99 -144.75 16.72 55.94 44.54 -95.12 -40.19 -112.03 -57.94 -137.59 -5.31 63.41 17.93 -135.77 15.95 -155.66 0.0
466 -107.23 -57.26 -74.0 -142.96 -47.12 155.91 56.29 -177.15 -65.26 -47.88 50.76 73.18 -97.51 -69.67 -149.48 133.16 63.38 178.18 -116.88 0.0
467 -117.41 -72.94 -93.95 31.23 54.81 21.56 42.24 42.69 56.64 62.12 64.34 29.34 -83.03 -25.58 68.79 153.96 65.54 37.12 -151.37 0.0
468 -108.91 -89.02 -85.86 -5.76 -137.81 160.33 56.92 60.33 -68.1 -46.95 57.12 121.35 59.74 101.31 86.04 168.37 -145.01 33.27 -147.75 0.0
469 -117.0 151.85 -124.04 -75.45 -80.73 -79.39 -93.56 -105.17 -70.46 -67.76 -109.23 -74.68 60.64 53.55 -142.11 -34.08 -145.22 51.37 80.89 0.0
470 -129.33 -82.42 -89.07 127.97 57.09 123.25 -63.95 -52.19 -76.12 -43.4 62.14 51.01 -136.4 16.71 58.91 51.64 -147.74 -49.06 -145.13 0.0
471 -126.43 -93.91 49.54 -131.47 -165.55 35.96 -127.28 -51.44 -104.38 -74.01 -157.22 -39.21 -129.62 2.86 61.68 18.18 -96.84 -64.65 -95.09 0.0
472 -128.33 -74.22 -123.44 152.42 62.15 77.38 -51.4 -42.21 -64.89 -23.41 -100.62 -37.58 -146.29 18.6 47.17 94.54 -162.81 -77.1 -103.56 0.0
473 -135.32 -84.68 -117.34 115.05 -151.6 -49.29 -125.09 -10.88 58.43 51.54 -116.44 -46.0 -138.63 6.87 58.69 31.33 -135.6 -61.25 -86.55 0.0
474 -132.06 -118.94 -71.47 131.12 59.21 116.59 63.58 64.93 -116.6 1.07 68.65 81.44 66.46 49.34 -115.4 -53.46 -147.42 47.65 69.78 0.0
475 -137.3 -124.36 -68.58 125.21 60.69 118.95 61.59 62.79 -84.98 -51.87 -115.74 -15.7 59.43 40.96 -133.5 35.04 68.22 41.54 -149.96 0.0
476 -121.13 156.71 -85.05 174.65 -62.78 -35.8 -71.8 164.5 58.3 -11.3 58.96 -61.67 -69.35 171.04 54.2 -168.94 61.69 151.76 -82.89 0.0
477 -140.33 -165.82 -67.69 136.86 55.91 62.74 64.31 158.72 65.3 73.7 67.76 132.64 65.02 67.87 -133.19 -63.16 -137.03 3.06 -155.86 0.0
478 -131.89 154.15 -47.79 -52.04 -89.19 -56.2 65.91 65.31 -110.18 -33.23 -89.5 -50.65 -158.12 -59.68 -164.83 -38.66 -137.38 30.32 -153.23 0.0
479 -91.43 -169.25 -74.48 158.49 -132.55 -153.55 -78.08 -178.46 -104.17 17.17 -151.62 -160.93 64.48 44.48 -89.53 -38.01 -149.14 -47.17 -103.06 0.0
480 -117.8 -147.24 -80.01 -6.93 -141.39 144.76 59.61 113.09 -124.73 -1.56 61.84 52.82 69.55 156.53 65.57 0.15 -150.22 47.32 47.44 0.0
481 -134.87 -162.04 -65.84 125.5 56.19 100.0 59.75 156.04 62.37 96.95 58.25 67.37 -141.77 -65.01 -147.27 22.0 57.86 83.11 -67.27 0.0
482 -139.77 -170.99 -65.57 135.37 56.64 71.88 65.58 151.07 65.92 72.58 73.17 100.53 -123.47 8.76 65.24 42.23 -155.6 -48.08 -122.32 0.0
483 -130.8 173.95 -82.11 124.79 52.32 31.64 -167.25 41.0 59.81 151.72 59.15 111.99 56.87 84.21 -152.15 177.48 -129.23 -52.88 -108.87 0.0
484 -135.29 153.59 -53.59 -52.85 -83.27 -66.51 -83.67 -159.42 -69.63 -69.15 -78.09 -152.69 -87.39 156.66 -132.94 32.44 73.74 3.35 -129.78 0.0
485 -127.3 -85.59 -135.51 132.98 57.33 35.16 -89.08 -47.28 -115.02 -15.71 55.37 81.29 61.76 29.02 -135.82 50.17 71.8 163.91 -132.52 0.0
486 -135.69 149.43 -34.41 -73.76 -90.77 -73.36 -81.98 -137.73 -68.32 -57.81 -95.26 -110.61 -87.31 -65.01 -134.25 -33.22 -150.0 -50.24 -88.93 0.0
487 -72.71 -171.43 -69.72 162.08 -58.29 -77.27 44.38 63.97 -70.81 159.29 -155.63 154.1 -110.97 159.91 178.41 110.27 64.4 95.91 66.52 0.0
488 -110.83 -164.22 -85.35 157.86 -137.72 -17.93 57.33 36.4 -152.16 66.34 62.24 163.81 57.87 57.14 -98.59 -32.95 -149.92 -44.32 -101.56 0.0
489 -132.81 -177.03 -60.24 131.07 54.23 76.25 62.83 161.44 59.05 122.27 60.16 91.35 62.04 78.69 -139.45 -60.33 -145.05 -44.96 -94.94 0.0
490 -137.89 -104.53 -43.12 130.55 59.07 66.67 -116.44 -54.52 -123.45 -20.3 54.07 41.67 -83.22 -32.64 -130.31 -61.79 -151.36 12.5 -153.26 0.0
491 -117.97 -168.22 -77.81 123.9 179.91 -49.93 -177.61 52.85 -79.3 -18.48 65.2 37.81 -93.08 0.71 61.28 43.66 -149.46 -50.04 -157.05 0.0
492 -119.33 175.96 61.35 -150.33 -165.76 46.33 -89.18 -23.27 62.49 37.71 -95.25 -11.16 62.24 30.82 -87.57 -45.62 -146.35 -28.16 -146.85 0.0
493 -88.19 -88.07 69.31 164.43 53.46 177.92 -67.9 -171.9 -128.09 14.4 -51.72 155.25 -138.97 -29.86 -138.08 14.44 68.12 18.33 -87.24 0.0
494 -124.78 -90.42 -76.47 130.34 56.74 118.27 -56.76 -48.12 -86.18 -69.56 -167.57 -14.66 -126.83 -13.34 69.96 129.28 71.99 -11.27 -125.96 0.0
495 -134.89 -100.21 -66.46 142.54 54.36 62.34 -90.0 -50.3 -112.05 -28.1 56.41 41.68 -96.96 -33.67 -149.45 -48.19 -141.42 -24.05 -146.32 0.0
496 -98.47 -165.97 -77.46 129.89 55.22 124.66 51.24 93.53 -69.57 -74.66 -156.46 105.57 61.07 -71.09 -77.64 178.94 -132.99 -60.56 -94.29 0.0
497 -135.09 -124.89 -68.09 128.98 59.6 112.11 62.61 67.12 -95.7 -17.06 73.49 66.78 66.7 33.79 -86.12 -35.5 -152.33 -47.33 -139.25 0.0
498 -101.35 -140.65 -68.81 128.92 58.18 129.22 -148.12 174.24 -165.24 152.11 65.35 107.46 63.78 39.33 -134.61 16.36 66.69 107.74 54.19 0.0
499 -116.66 152.76 60.43 152.78 44.26 -141.7 -81.91 -62.63 44.96 89.86 -75.63 -43.94 -105.08 -64.97 -135.52 -49.16 -135.6 -56.48 -91.89 0.0
500 -128.4 -107.59 -144.04 138.75 50.69 34.06 -167.6 -40.84 -160.08 112.8 -58.04 161.44 -101.48 -40.37 -134.14 -37.23 -153.21 -49.84 -103.0 0.0
501 -134.46 -99.41 -62.3 138.78 55.2 65.82 -88.71 -52.15 -106.96 -29.53 58.26 45.98 -136.68 -37.58 -133.81 4.87 60.16 62.8 30.8 0.0
502 -97.12 -125.92 -77.5 138.55 52.02 -170.14 -27.14 132.34 -63.91 -65.75 -144.15 -170.51 58.28 -170.16 63.95 37.92 -129.91 -48.13 -102.56 0.0
503 -138.17 -102.47 -46.17 133.84 60.76 62.02 -127.34 -20.44 56.26 47.41 -143.96 -29.32 -91.53 -51.61 -151.79 -54.75 -148.23 1.97 -158.29 0.0
504 -126.69 -88.37 -139.69 123.07 51.66 33.4 -162.76 62.57 -59.78 162.53 -121.54 8.68 63.62 -8.05 -121.08 8.02 -161.28 157.07 -93.11 0.0
505 -80.82 -170.7 -75.76 168.8 -78.45 -141.45 -148.64 153.08 -141.32 167.48 -153.83 -45.95 -162.24 158.68 66.03 119.55 69.35 -5.04 -99.36 0.0
506 -121.14 -165.44 -79.33 122.67 -146.61 17.52 66.84 77.87 62.54 57.68 -110.37 -23.54 -143.92 -53.76 -161.59 -27.37 -141.63 32.9 74.35 0.0
507 -128.54 -84.98 -75.99 151.47 -131.56 -48.67 -120.61 4.54 68.67 38.46 -89.74 -25.79 66.35 111.62 60.84 37.18 -159.26 -48.01 -139.65 0.0
508 -127.6 164.14 -105.75 -117.86 -71.28 -82.71 -75.67 -166.83 58.55 165.37 55.77 104.01 61.48 102.12 62.87 81.67 61.14 76.47 -109.91 0.0
509 -130.17 -87.99 -105.99 120.96 -145.27 -49.94 -127.01 -3.28 58.56 53.34 -87.98 -50.64 -157.88 -62.08 -166.82 10.96 -156.23 -54.05 -88.21 0.0
510 -128.56 176.66 -77.47 120.46 -133.48 -1.87 59.07 49.2 -85.01 -44.92 -128.56 -15.19 56.89 41.8 -153.16 -44.53 -129.16 -21.9 -143.63 0.0
511 -136.05 176.58 -80.33 126.23 51.53 31.79 -168.38 54.78 59.87 114.56 70.3 80.28 -107.02 -1.98 65.08 40.94 -157.65 -48.01 -123.59 0.0
