QMC_MINIMIZED_Structure: 439 -116.2
QMC_MINIMIZED_Structure: 442 -131.802
QMC_MINIMIZED_Structure: 441 -141.876
QMC_MINIMIZED_Structure: 219 -142.793
QMC_MINIMIZED_Structure: 15 -86.585
QMC_MINIMIZED_Structure: 1 -121.507
QMC_MINIMIZED_Structure: 425 -114.886
QMC_MINIMIZED_Structure: 16 -127.679
QMC_MINIMIZED_Structure: 105 -138.661
QMC_MINIMIZED_Structure: 112 -134.767
QMC_MINIMIZED_Structure: 401 -112.496
QMC_MINIMIZED_Structure: 270 -135.891
QMC_MINIMIZED_Structure: 261 -130.02
QMC_MINIMIZED_Structure: 496 -124.062
QMC_MINIMIZED_Structure: 78 -135.503
QMC_MINIMIZED_Structure: 410 -140.747
QMC_MINIMIZED_Structure: 118 -129.379
QMC_MINIMIZED_Structure: 400 -126.201
QMC_MINIMIZED_Structure: 7 -120.174
QMC_MINIMIZED_Structure: 18 -134.699
QMC_MINIMIZED_Structure: 500 -133.357
QMC_MINIMIZED_Structure: 24 -66.737
QMC_MINIMIZED_Structure: 256 -119.99
QMC_MINIMIZED_Structure: 303 -121.875
QMC_MINIMIZED_Structure: 201 -84.738
QMC_MINIMIZED_Structure: 85 -110.082
QMC_MINIMIZED_Structure: 343 -132.909
QMC_MINIMIZED_Structure: 233 -113.221
QMC_MINIMIZED_Structure: 424 -131.172
QMC_MINIMIZED_Structure: 330 -130.132
QMC_MINIMIZED_Structure: 388 -121.301
QMC_MINIMIZED_Structure: 430 -123.816
QMC_MINIMIZED_Structure: 72 -128.76
QMC_MINIMIZED_Structure: 23 -123.335
QMC_MINIMIZED_Structure: 264 -78.429
QMC_MINIMIZED_Structure: 391 -137.261
QMC_MINIMIZED_Structure: 35 -122.16
QMC_MINIMIZED_Structure: 297 -77.667
QMC_MINIMIZED_Structure: 50 -120.13
QMC_MINIMIZED_Structure: 236 -131.347
QMC_MINIMIZED_Structure: 183 -122.679
QMC_MINIMIZED_Structure: 103 -72.711
QMC_MINIMIZED_Structure: 434 -123.326
QMC_MINIMIZED_Structure: 20 -139.231
QMC_MINIMIZED_Structure: 27 -123.336
QMC_MINIMIZED_Structure: 262 -68.372
QMC_MINIMIZED_Structure: 42 -118.7
QMC_MINIMIZED_Structure: 89 -121.467
QMC_MINIMIZED_Structure: 142 -137.426
QMC_MINIMIZED_Structure: 420 -118.61
QMC_MINIMIZED_Structure: 109 -114.875
QMC_MINIMIZED_Structure: 501 -129.695
QMC_MINIMIZED_Structure: 130 -120.469
QMC_MINIMIZED_Structure: 269 -111.003
QMC_MINIMIZED_Structure: 263 -127.853
QMC_MINIMIZED_Structure: 428 -116.349
QMC_MINIMIZED_Structure: 59 -114.961
QMC_MINIMIZED_Structure: 4 -116.494
QMC_MINIMIZED_Structure: 468 -100.039
QMC_MINIMIZED_Structure: 320 -67.196
QMC_MINIMIZED_Structure: 299 -121.974
QMC_MINIMIZED_Structure: 129 -114.703
QMC_MINIMIZED_Structure: 240 -121.448
QMC_MINIMIZED_Structure: 285 -125.413
QMC_MINIMIZED_Structure: 381 -136.719
QMC_MINIMIZED_Structure: 287 -111.968
QMC_MINIMIZED_Structure: 117 -135.324
QMC_MINIMIZED_Structure: 295 -92.254
QMC_MINIMIZED_Structure: 172 -129.683
QMC_MINIMIZED_Structure: 392 -118.384
QMC_MINIMIZED_Structure: 95 -118.455
QMC_MINIMIZED_Structure: 149 -113.529
QMC_MINIMIZED_Structure: 96 -122.756
QMC_MINIMIZED_Structure: 19 -114.558
QMC_MINIMIZED_Structure: 179 -120.701
QMC_MINIMIZED_Structure: 493 -107.49
QMC_MINIMIZED_Structure: 75 -122.207
QMC_MINIMIZED_Structure: 122 -125.419
QMC_MINIMIZED_Structure: 423 -139.529
QMC_MINIMIZED_Structure: 140 -128.71
QMC_MINIMIZED_Structure: 510 -117.214
QMC_MINIMIZED_Structure: 134 -95.234
QMC_MINIMIZED_Structure: 120 -138.495
QMC_MINIMIZED_Structure: 445 -141.104
QMC_MINIMIZED_Structure: 73 -135.582
QMC_MINIMIZED_Structure: 26 -123.102
QMC_MINIMIZED_Structure: 215 -131.811
QMC_MINIMIZED_Structure: 230 -138.783
QMC_MINIMIZED_Structure: 329 -116.115
QMC_MINIMIZED_Structure: 114 -135.011
QMC_MINIMIZED_Structure: 146 -128.528
QMC_MINIMIZED_Structure: 164 -124.012
QMC_MINIMIZED_Structure: 260 -123.174
QMC_MINIMIZED_Structure: 251 -137.06
QMC_MINIMIZED_Structure: 22 -119.106
QMC_MINIMIZED_Structure: 28 -67.429
QMC_MINIMIZED_Structure: 350 -120.892
QMC_MINIMIZED_Structure: 257 -121.053
QMC_MINIMIZED_Structure: 70 -138.112
QMC_MINIMIZED_Structure: 190 -117.984
QMC_MINIMIZED_Structure: 258 -129.275
QMC_MINIMIZED_Structure: 177 -125.966
QMC_MINIMIZED_Structure: 387 -134.997
QMC_MINIMIZED_Structure: 51 -132.524
QMC_MINIMIZED_Structure: 284 -132.343
QMC_MINIMIZED_Structure: 389 -124.018
QMC_MINIMIZED_Structure: 143 -127.293
QMC_MINIMIZED_Structure: 414 -126.602
QMC_MINIMIZED_Structure: 243 -136.991
QMC_MINIMIZED_Structure: 492 -105.723
QMC_MINIMIZED_Structure: 181 -112.561
QMC_MINIMIZED_Structure: 451 -136.037
QMC_MINIMIZED_Structure: 470 -121.766
QMC_MINIMIZED_Structure: 393 -81.471
QMC_MINIMIZED_Structure: 394 -134.579
QMC_MINIMIZED_Structure: 154 -133.488
QMC_MINIMIZED_Structure: 214 -129.16
QMC_MINIMIZED_Structure: 83 -111.5
QMC_MINIMIZED_Structure: 245 -115.04
QMC_MINIMIZED_Structure: 10 -133.183
QMC_MINIMIZED_Structure: 324 -141.319
QMC_MINIMIZED_Structure: 406 -131.9
QMC_MINIMIZED_Structure: 327 -126.573
QMC_MINIMIZED_Structure: 239 -83.192
QMC_MINIMIZED_Structure: 62 -94.897
QMC_MINIMIZED_Structure: 189 -135.765
QMC_MINIMIZED_Structure: 216 -115.384
QMC_MINIMIZED_Structure: 67 -132.373
QMC_MINIMIZED_Structure: 151 -131.304
QMC_MINIMIZED_Structure: 390 -128.457
QMC_MINIMIZED_Structure: 354 -125.919
QMC_MINIMIZED_Structure: 212 -77.046
QMC_MINIMIZED_Structure: 196 -116.571
QMC_MINIMIZED_Structure: 318 -135.09
QMC_MINIMIZED_Structure: 137 -98.086
QMC_MINIMIZED_Structure: 194 -132.914
QMC_MINIMIZED_Structure: 491 -128.103
QMC_MINIMIZED_Structure: 280 -81.294
QMC_MINIMIZED_Structure: 325 -138.839
QMC_MINIMIZED_Structure: 160 -89.748
QMC_MINIMIZED_Structure: 413 -122.688
QMC_MINIMIZED_Structure: 402 -140.404
QMC_MINIMIZED_Structure: 250 -108.818
QMC_MINIMIZED_Structure: 386 -111.481
QMC_MINIMIZED_Structure: 265 -73.37
QMC_MINIMIZED_Structure: 396 -123.82
QMC_MINIMIZED_Structure: 404 -133.576
QMC_MINIMIZED_Structure: 184 -89.212
QMC_MINIMIZED_Structure: 141 -109.815
QMC_MINIMIZED_Structure: 349 -120.525
QMC_MINIMIZED_Structure: 253 -139.061
QMC_MINIMIZED_Structure: 25 -131.071
QMC_MINIMIZED_Structure: 12 -126.255
QMC_MINIMIZED_Structure: 168 -131.364
QMC_MINIMIZED_Structure: 87 -123.032
QMC_MINIMIZED_Structure: 0 -115.804
QMC_MINIMIZED_Structure: 379 -60.843
QMC_MINIMIZED_Structure: 279 -129.861
QMC_MINIMIZED_Structure: 293 -109.486
QMC_MINIMIZED_Structure: 465 -122.417
QMC_MINIMIZED_Structure: 362 -136.426
QMC_MINIMIZED_Structure: 246 -131.377
QMC_MINIMIZED_Structure: 53 -98.424
QMC_MINIMIZED_Structure: 339 -111.462
QMC_MINIMIZED_Structure: 36 -131.685
QMC_MINIMIZED_Structure: 165 -123.643
QMC_MINIMIZED_Structure: 314 -115.058
QMC_MINIMIZED_Structure: 55 -129.359
QMC_MINIMIZED_Structure: 311 -139.815
QMC_MINIMIZED_Structure: 234 -106.826
QMC_MINIMIZED_Structure: 507 -133.35
QMC_MINIMIZED_Structure: 274 -106.89
QMC_MINIMIZED_Structure: 487 -114.654
QMC_MINIMIZED_Structure: 171 -132.424
QMC_MINIMIZED_Structure: 272 -134.356
QMC_MINIMIZED_Structure: 161 -132.826
QMC_MINIMIZED_Structure: 13 -129.011
QMC_MINIMIZED_Structure: 352 -133.694
QMC_MINIMIZED_Structure: 17 -122.635
QMC_MINIMIZED_Structure: 509 -110.162
QMC_MINIMIZED_Structure: 444 -106.69
QMC_MINIMIZED_Structure: 372 -139.678
QMC_MINIMIZED_Structure: 323 -121.574
QMC_MINIMIZED_Structure: 294 -71.327
QMC_MINIMIZED_Structure: 170 -108.429
QMC_MINIMIZED_Structure: 197 -108.866
QMC_MINIMIZED_Structure: 64 -111.309
QMC_MINIMIZED_Structure: 309 -130.512
QMC_MINIMIZED_Structure: 271 -120.255
QMC_MINIMIZED_Structure: 363 -142.157
QMC_MINIMIZED_Structure: 461 -127.012
QMC_MINIMIZED_Structure: 505 -130.811
QMC_MINIMIZED_Structure: 334 -130.33
QMC_MINIMIZED_Structure: 463 -111.274
QMC_MINIMIZED_Structure: 211 -133.255
QMC_MINIMIZED_Structure: 397 -138.289
QMC_MINIMIZED_Structure: 376 -103.823
QMC_MINIMIZED_Structure: 31 -118.191
QMC_MINIMIZED_Structure: 68 -123.738
QMC_MINIMIZED_Structure: 448 -129.78
QMC_MINIMIZED_Structure: 436 -117.454
QMC_MINIMIZED_Structure: 452 -123.498
QMC_MINIMIZED_Structure: 322 -126.336
QMC_MINIMIZED_Structure: 79 -124.318
QMC_MINIMIZED_Structure: 447 -124.355
QMC_MINIMIZED_Structure: 360 -137.205
QMC_MINIMIZED_Structure: 101 -130.129
QMC_MINIMIZED_Structure: 499 -104.063
QMC_MINIMIZED_Structure: 145 -118.196
QMC_MINIMIZED_Structure: 9 -139.547
QMC_MINIMIZED_Structure: 315 -102.026
QMC_MINIMIZED_Structure: 282 -100.556
QMC_MINIMIZED_Structure: 398 -123.565
QMC_MINIMIZED_Structure: 453 -123.502
QMC_MINIMIZED_Structure: 104 -114.313
QMC_MINIMIZED_Structure: 44 -118.236
QMC_MINIMIZED_Structure: 342 -125.647
QMC_MINIMIZED_Structure: 91 -131.467
QMC_MINIMIZED_Structure: 248 -123.584
QMC_MINIMIZED_Structure: 416 -96.737
QMC_MINIMIZED_Structure: 484 -125.379
QMC_MINIMIZED_Structure: 331 -126.812
QMC_MINIMIZED_Structure: 84 -119.147
QMC_MINIMIZED_Structure: 380 -131.075
QMC_MINIMIZED_Structure: 14 -128.766
QMC_MINIMIZED_Structure: 128 -89.226
QMC_MINIMIZED_Structure: 220 -130.368
QMC_MINIMIZED_Structure: 266 -137.561
QMC_MINIMIZED_Structure: 508 -140.347
QMC_MINIMIZED_Structure: 43 -112.606
QMC_MINIMIZED_Structure: 175 -136.698
QMC_MINIMIZED_Structure: 358 -122.867
QMC_MINIMIZED_Structure: 188 -138.925
QMC_MINIMIZED_Structure: 497 -113.006
QMC_MINIMIZED_Structure: 378 -109.035
QMC_MINIMIZED_Structure: 82 -132.216
QMC_MINIMIZED_Structure: 427 -119.893
QMC_MINIMIZED_Structure: 382 -125.998
QMC_MINIMIZED_Structure: 132 -138.43
QMC_MINIMIZED_Structure: 63 -130.612
QMC_MINIMIZED_Structure: 238 -121.373
QMC_MINIMIZED_Structure: 503 -137.101
QMC_MINIMIZED_Structure: 191 -122.266
QMC_MINIMIZED_Structure: 224 -140.261
QMC_MINIMIZED_Structure: 166 -106.212
QMC_MINIMIZED_Structure: 100 -121.878
QMC_MINIMIZED_Structure: 80 -137.148
QMC_MINIMIZED_Structure: 300 -117.148
QMC_MINIMIZED_Structure: 54 -121.554
QMC_MINIMIZED_Structure: 228 -136.146
QMC_MINIMIZED_Structure: 47 -133.247
QMC_MINIMIZED_Structure: 5 -116.092
QMC_MINIMIZED_Structure: 277 -132.308
QMC_MINIMIZED_Structure: 147 -122.731
QMC_MINIMIZED_Structure: 153 -123.87
QMC_MINIMIZED_Structure: 124 -126.419
QMC_MINIMIZED_Structure: 139 -78.648
QMC_MINIMIZED_Structure: 41 -129.151
QMC_MINIMIZED_Structure: 471 -119.977
QMC_MINIMIZED_Structure: 232 -95.978
QMC_MINIMIZED_Structure: 475 -135.001
QMC_MINIMIZED_Structure: 298 -129.469
QMC_MINIMIZED_Structure: 478 -118.19
QMC_MINIMIZED_Structure: 443 -132.369
QMC_MINIMIZED_Structure: 421 -128.52
QMC_MINIMIZED_Structure: 435 -130.614
QMC_MINIMIZED_Structure: 49 -125.745
QMC_MINIMIZED_Structure: 353 -120.371
QMC_MINIMIZED_Structure: 336 -126.459
QMC_MINIMIZED_Structure: 199 -134.521
QMC_MINIMIZED_Structure: 185 -134.838
QMC_MINIMIZED_Structure: 506 -135.398
QMC_MINIMIZED_Structure: 152 -92.835
QMC_MINIMIZED_Structure: 283 -133.148
QMC_MINIMIZED_Structure: 321 -125.556
QMC_MINIMIZED_Structure: 338 -72.424
QMC_MINIMIZED_Structure: 480 -81.222
QMC_MINIMIZED_Structure: 229 -135.859
QMC_MINIMIZED_Structure: 163 -121.749
QMC_MINIMIZED_Structure: 222 -133.34
QMC_MINIMIZED_Structure: 138 -133.486
QMC_MINIMIZED_Structure: 92 -116.662
QMC_MINIMIZED_Structure: 462 -136.815
QMC_MINIMIZED_Structure: 304 -140.644
QMC_MINIMIZED_Structure: 495 -117.238
QMC_MINIMIZED_Structure: 11 -129.077
QMC_MINIMIZED_Structure: 108 -136.857
QMC_MINIMIZED_Structure: 399 -128.663
QMC_MINIMIZED_Structure: 377 -107.8
QMC_MINIMIZED_Structure: 45 -134.889
QMC_MINIMIZED_Structure: 69 -128.89
QMC_MINIMIZED_Structure: 412 -122.193
QMC_MINIMIZED_Structure: 275 -119.691
QMC_MINIMIZED_Structure: 203 -114.151
QMC_MINIMIZED_Structure: 173 -114.155
QMC_MINIMIZED_Structure: 237 -135.451
QMC_MINIMIZED_Structure: 192 -140.547
QMC_MINIMIZED_Structure: 29 -136.818
QMC_MINIMIZED_Structure: 32 -117.226
QMC_MINIMIZED_Structure: 433 -118.329
QMC_MINIMIZED_Structure: 252 -134.234
QMC_MINIMIZED_Structure: 429 -131.867
QMC_MINIMIZED_Structure: 405 -117.886
QMC_MINIMIZED_Structure: 208 -112.884
QMC_MINIMIZED_Structure: 33 -129.893
QMC_MINIMIZED_Structure: 205 -130.138
QMC_MINIMIZED_Structure: 366 -125.796
QMC_MINIMIZED_Structure: 460 -98.32
QMC_MINIMIZED_Structure: 464 -128.253
QMC_MINIMIZED_Structure: 422 -128.579
QMC_MINIMIZED_Structure: 316 -94.48
QMC_MINIMIZED_Structure: 169 -74.864
QMC_MINIMIZED_Structure: 174 -131.313
QMC_MINIMIZED_Structure: 281 -131.431
QMC_MINIMIZED_Structure: 375 -116.767
QMC_MINIMIZED_Structure: 474 -131.362
QMC_MINIMIZED_Structure: 231 -137.687
QMC_MINIMIZED_Structure: 225 -131.28
QMC_MINIMIZED_Structure: 249 -138.429
QMC_MINIMIZED_Structure: 302 -130.657
QMC_MINIMIZED_Structure: 158 -84.906
QMC_MINIMIZED_Structure: 218 -129.787
QMC_MINIMIZED_Structure: 467 -118.669
QMC_MINIMIZED_Structure: 187 -136.906
QMC_MINIMIZED_Structure: 52 -122.414
QMC_MINIMIZED_Structure: 332 -88.935
QMC_MINIMIZED_Structure: 340 -115.855
QMC_MINIMIZED_Structure: 186 -129.001
QMC_MINIMIZED_Structure: 278 -129.303
QMC_MINIMIZED_Structure: 344 -125.274
QMC_MINIMIZED_Structure: 60 -71.765
QMC_MINIMIZED_Structure: 106 -129.739
QMC_MINIMIZED_Structure: 370 -141.27
QMC_MINIMIZED_Structure: 88 -128.944
QMC_MINIMIZED_Structure: 341 -118.17
QMC_MINIMIZED_Structure: 125 -131.445
QMC_MINIMIZED_Structure: 156 -95.692
QMC_MINIMIZED_Structure: 356 -108.948
QMC_MINIMIZED_Structure: 58 -121.304
QMC_MINIMIZED_Structure: 335 -127.371
QMC_MINIMIZED_Structure: 94 -125.603
QMC_MINIMIZED_Structure: 476 -114.725
QMC_MINIMIZED_Structure: 135 -129.573
QMC_MINIMIZED_Structure: 308 -123.724
QMC_MINIMIZED_Structure: 446 -82.761
QMC_MINIMIZED_Structure: 61 -135.934
QMC_MINIMIZED_Structure: 473 -118.594
QMC_MINIMIZED_Structure: 3 -135.203
QMC_MINIMIZED_Structure: 107 -119.928
QMC_MINIMIZED_Structure: 310 -117.937
QMC_MINIMIZED_Structure: 432 -100.047
QMC_MINIMIZED_Structure: 111 -122.861
QMC_MINIMIZED_Structure: 384 -136.58
QMC_MINIMIZED_Structure: 395 -116.962
QMC_MINIMIZED_Structure: 469 -128.571
QMC_MINIMIZED_Structure: 368 -103.959
QMC_MINIMIZED_Structure: 489 -120.172
QMC_MINIMIZED_Structure: 223 -128.485
QMC_MINIMIZED_Structure: 244 -120.104
QMC_MINIMIZED_Structure: 374 -123.508
QMC_MINIMIZED_Structure: 8 -123.945
QMC_MINIMIZED_Structure: 209 -127.995
QMC_MINIMIZED_Structure: 296 -138.95
QMC_MINIMIZED_Structure: 450 6100060.5
QMC_MINIMIZED_Structure: 77 -113.404
QMC_MINIMIZED_Structure: 207 -69.18
QMC_MINIMIZED_Structure: 144 -113.855
QMC_MINIMIZED_Structure: 477 -133.594
QMC_MINIMIZED_Structure: 346 -112.559
QMC_MINIMIZED_Structure: 241 -139.19
QMC_MINIMIZED_Structure: 93 -104.727
QMC_MINIMIZED_Structure: 155 -117.007
QMC_MINIMIZED_Structure: 449 -139.184
QMC_MINIMIZED_Structure: 458 -118.877
QMC_MINIMIZED_Structure: 456 -120.279
QMC_MINIMIZED_Structure: 159 -122.808
QMC_MINIMIZED_Structure: 242 -119.929
QMC_MINIMIZED_Structure: 498 -142.151
QMC_MINIMIZED_Structure: 472 -114.203
QMC_MINIMIZED_Structure: 502 -131.862
QMC_MINIMIZED_Structure: 291 -131.893
QMC_MINIMIZED_Structure: 361 -131.045
QMC_MINIMIZED_Structure: 98 -130.414
QMC_MINIMIZED_Structure: 367 -125.439
QMC_MINIMIZED_Structure: 195 -139.254
QMC_MINIMIZED_Structure: 46 -129.686
QMC_MINIMIZED_Structure: 34 -99.469
QMC_MINIMIZED_Structure: 235 -132.254
QMC_MINIMIZED_Structure: 494 -123.664
QMC_MINIMIZED_Structure: 210 -128.598
QMC_MINIMIZED_Structure: 131 -126.558
QMC_MINIMIZED_Structure: 306 -120.103
QMC_MINIMIZED_Structure: 227 -133.465
QMC_MINIMIZED_Structure: 136 -124.892
QMC_MINIMIZED_Structure: 116 -141.07
QMC_MINIMIZED_Structure: 206 -127.013
QMC_MINIMIZED_Structure: 385 -134.393
QMC_MINIMIZED_Structure: 326 -65.388
QMC_MINIMIZED_Structure: 426 -137.518
QMC_MINIMIZED_Structure: 182 -114.428
QMC_MINIMIZED_Structure: 133 -69.511
QMC_MINIMIZED_Structure: 455 -140.462
QMC_MINIMIZED_Structure: 56 -101.813
QMC_MINIMIZED_Structure: 357 -93.295
QMC_MINIMIZED_Structure: 38 -136.961
QMC_MINIMIZED_Structure: 333 -114.239
QMC_MINIMIZED_Structure: 288 -124.28
QMC_MINIMIZED_Structure: 65 -131.316
QMC_MINIMIZED_Structure: 247 -137.19
QMC_MINIMIZED_Structure: 113 -129.497
QMC_MINIMIZED_Structure: 437 -110.798
QMC_MINIMIZED_Structure: 419 -136.551
QMC_MINIMIZED_Structure: 123 -107.556
QMC_MINIMIZED_Structure: 254 -70.419
QMC_MINIMIZED_Structure: 217 -101.528
QMC_MINIMIZED_Structure: 418 -111.221
QMC_MINIMIZED_Structure: 126 -74.314
QMC_MINIMIZED_Structure: 267 -124.905
QMC_MINIMIZED_Structure: 364 -122.586
QMC_MINIMIZED_Structure: 6 -89.443
QMC_MINIMIZED_Structure: 259 -132.161
QMC_MINIMIZED_Structure: 121 -132.162
QMC_MINIMIZED_Structure: 198 -122.368
QMC_MINIMIZED_Structure: 490 -131.319
QMC_MINIMIZED_Structure: 359 -133.755
QMC_MINIMIZED_Structure: 289 -66.458
QMC_MINIMIZED_Structure: 273 -115.359
QMC_MINIMIZED_Structure: 148 -126.563
QMC_MINIMIZED_Structure: 301 -133.171
QMC_MINIMIZED_Structure: 97 -133.586
QMC_MINIMIZED_Structure: 482 -132.664
QMC_MINIMIZED_Structure: 481 -68.468
QMC_MINIMIZED_Structure: 307 -127.726
QMC_MINIMIZED_Structure: 407 -76.845
QMC_MINIMIZED_Structure: 415 -126.456
QMC_MINIMIZED_Structure: 276 -128.493
QMC_MINIMIZED_Structure: 365 -135.29
QMC_MINIMIZED_Structure: 369 -128.991
QMC_MINIMIZED_Structure: 150 -114.213
QMC_MINIMIZED_Structure: 102 -123.951
QMC_MINIMIZED_Structure: 373 -78.363
QMC_MINIMIZED_Structure: 409 -137.569
QMC_MINIMIZED_Structure: 90 -86.508
QMC_MINIMIZED_Structure: 466 -108.504
QMC_MINIMIZED_Structure: 408 -139.053
QMC_MINIMIZED_Structure: 328 -123.926
QMC_MINIMIZED_Structure: 454 -139.699
QMC_MINIMIZED_Structure: 457 -106.209
QMC_MINIMIZED_Structure: 110 -141.271
QMC_MINIMIZED_Structure: 226 -131.837
QMC_MINIMIZED_Structure: 115 -113.237
QMC_MINIMIZED_Structure: 40 -131.52
QMC_MINIMIZED_Structure: 178 -103.008
QMC_MINIMIZED_Structure: 319 -117.875
QMC_MINIMIZED_Structure: 488 -91.064
QMC_MINIMIZED_Structure: 371 -137.498
QMC_MINIMIZED_Structure: 290 -121.145
QMC_MINIMIZED_Structure: 337 -61.146
QMC_MINIMIZED_Structure: 127 -137.845
QMC_MINIMIZED_Structure: 348 -123.512
QMC_MINIMIZED_Structure: 37 -135.158
QMC_MINIMIZED_Structure: 440 -123.576
QMC_MINIMIZED_Structure: 21 -135.775
QMC_MINIMIZED_Structure: 119 -113.055
QMC_MINIMIZED_Structure: 479 -71.262
QMC_MINIMIZED_Structure: 347 -126.403
QMC_MINIMIZED_Structure: 317 -107.229
QMC_MINIMIZED_Structure: 504 -117.407
QMC_MINIMIZED_Structure: 403 -108.914
QMC_MINIMIZED_Structure: 202 -116.997
QMC_MINIMIZED_Structure: 351 -129.333
QMC_MINIMIZED_Structure: 204 -126.433
QMC_MINIMIZED_Structure: 57 -128.329
QMC_MINIMIZED_Structure: 459 -135.319
QMC_MINIMIZED_Structure: 30 -132.063
QMC_MINIMIZED_Structure: 485 -137.302
QMC_MINIMIZED_Structure: 486 -121.126
QMC_MINIMIZED_Structure: 483 -140.33
QMC_MINIMIZED_Structure: 286 -131.893
QMC_MINIMIZED_Structure: 255 -91.427
QMC_MINIMIZED_Structure: 438 -117.798
QMC_MINIMIZED_Structure: 200 -134.874
QMC_MINIMIZED_Structure: 180 -139.766
QMC_MINIMIZED_Structure: 292 -130.802
QMC_MINIMIZED_Structure: 176 -135.295
QMC_MINIMIZED_Structure: 305 -127.303
QMC_MINIMIZED_Structure: 48 -135.69
QMC_MINIMIZED_Structure: 71 -72.711
QMC_MINIMIZED_Structure: 355 -110.829
QMC_MINIMIZED_Structure: 157 -132.808
QMC_MINIMIZED_Structure: 312 -137.891
QMC_MINIMIZED_Structure: 74 -117.975
QMC_MINIMIZED_Structure: 66 -119.329
QMC_MINIMIZED_Structure: 213 -88.188
QMC_MINIMIZED_Structure: 99 -124.783
QMC_MINIMIZED_Structure: 431 -134.888
QMC_MINIMIZED_Structure: 167 -98.471
QMC_MINIMIZED_Structure: 417 -135.093
QMC_MINIMIZED_Structure: 76 -101.347
QMC_MINIMIZED_Structure: 268 -116.663
QMC_MINIMIZED_Structure: 162 -128.395
QMC_MINIMIZED_Structure: 2 -134.461
QMC_MINIMIZED_Structure: 81 -97.119
QMC_MINIMIZED_Structure: 345 -138.174
QMC_MINIMIZED_Structure: 411 -126.691
QMC_MINIMIZED_Structure: 193 -80.819
QMC_MINIMIZED_Structure: 86 -121.135
QMC_MINIMIZED_Structure: 383 -128.542
QMC_MINIMIZED_Structure: 221 -127.6
QMC_MINIMIZED_Structure: 511 -130.171
QMC_MINIMIZED_Structure: 313 -128.556
QMC_MINIMIZED_Structure: 39 -136.054
