 The sequence   : AAAAAAAAAA
 sequence length:  10
 No. of atoms   : 103

**********CLUSTERING MINIMIZED STRUCTURES**************

  0.5090598     sigma =  0.1093835      0.3996763       130816.0    
 global cluster cutoff =   0.3996763    
 No. of clusters =           39
      REMARK  CN  NM  Energy    PACKD   CUTOF   RMSD    RRMSD     CRMS    CRRMS
REMARK   1   5 -497.56    0.14    0.35    2.34    0.37    8.06    2.87    0.52
REMARK   2   3 -496.76    0.14    0.37    2.20    0.38    6.51    2.98    0.63
REMARK   3   5 -494.01    0.14    0.37    2.38    0.36    8.36    4.76    0.91
REMARK   4   8 -492.80    0.13    0.36    2.48    0.37    9.82    4.55    0.86
REMARK   5   9 -492.55    0.17    0.35    2.52    0.35    9.94    3.96    0.68
REMARK   6  92 -491.71    0.13    0.37    2.96    0.39   11.34    5.11    0.86
REMARK   7   3 -490.93    0.14    0.31    2.25    0.39    7.51    4.07    0.71
REMARK   8   4 -490.63    0.18    0.38    2.29    0.35    7.05    4.27    0.82
REMARK   9  36 -490.51    0.13    0.36    2.77    0.39    9.69    4.64    0.82
REMARK  10  79 -490.46    0.12    0.36    2.99    0.39   10.58    5.48    0.91
REMARK  11  16 -490.36    0.11    0.37    2.74    0.43    9.36    4.23    0.84
REMARK  12   6 -490.26    0.18    0.35    2.29    0.34    8.96    4.50    0.86
REMARK  13   2 -490.07    0.14    0.38    2.40    0.38    9.20    3.99    0.75
REMARK  14  21 -489.75    0.13    0.36    2.78    0.38   11.41    5.58    0.96
REMARK  15   4 -489.66    0.16    0.36    2.03    0.33    7.62    3.57    0.67
REMARK  16  26 -489.18    0.14    0.35    2.84    0.38   11.60    4.65    0.78
REMARK  17  14 -488.58    0.13    0.35    2.83    0.40    9.21    4.25    0.74
REMARK  18  17 -488.25    0.17    0.37    2.70    0.34   12.41    5.51    0.89
REMARK  19   7 -488.03    0.13    0.34    2.55    0.39    8.42    3.40    0.58
REMARK  20   5 -487.73    0.16    0.36    2.20    0.35    7.92    3.72    0.71
REMARK  21   8 -487.71    0.17    0.36    2.42    0.33   10.43    4.15    0.71
REMARK  22   3 -487.69    0.18    0.35    2.12    0.31    6.21    4.09    0.76
REMARK  23   3 -487.64    0.13    0.34    1.82    0.31    7.00    3.67    0.78
REMARK  24   3 -487.64    0.13    0.33    1.82    0.31    7.00    1.21    0.21
REMARK  25  18 -487.60    0.16    0.35    2.55    0.36    9.04    4.47    0.79
REMARK  26  63 -487.09    0.14    0.37    2.95    0.37   12.01    6.01    0.94
REMARK  27  12 -487.07    0.13    0.34    2.74    0.38   10.04    4.17    0.73
REMARK  28  46 -486.46    0.13    0.36    2.93    0.39   10.42    5.38    0.91
REMARK  29   4 -486.20    0.18    0.39    2.34    0.32   10.49    5.19    0.92
REMARK  30  11 -486.11    0.18    0.37    2.45    0.35   10.22    5.02    0.90
REMARK  31  11 -486.11    0.18    0.36    2.45    0.35   10.22    5.17    0.92
REMARK  32  11 -486.11    0.18    0.37    2.45    0.35   10.22    5.06    0.90
REMARK  33  12 -485.70    0.12    0.36    2.79    0.40   10.24    4.31    0.79
REMARK  34  56 -485.43    0.14    0.37    2.99    0.38   12.13    5.78    0.93
REMARK  35 122 -485.33    0.14    0.36    3.12    0.38   12.23    5.71    0.87
REMARK  36   3 -485.08    0.14    0.35    2.44    0.35    8.97    4.27    0.74
REMARK  37  22 -482.70    0.15    0.36    2.89    0.36   12.23    5.19    0.82
REMARK  38   4 -480.17    0.20    0.37    2.18    0.33    7.71    4.02    0.72

                         Job ended on 16-Mar-23

                               at 17:09:06

 cpu time = :   0.4004800    
