   1    0.000    141.95    46.54  -122.29    50.60    28.68   -94.13   -19.94    58.90   163.88    60.86   -41.05  -153.47   150.30    54.81    45.91   -68.16   157.94  -151.02     0.00
   2    0.000    -63.16    64.21   151.95    50.84    45.44  -160.38   174.97   -58.44   -38.28   -96.19   106.63   -70.27   138.47    51.63  -133.74    64.71   143.91    59.50     0.00
   3    0.000    112.08    56.36   114.07    54.59   171.48  -138.10    -8.35    53.87    25.97  -154.10   151.18  -160.47   178.75  -163.10   136.22  -157.21   -50.31  -106.17     0.00
   4    0.000    138.89   -59.35    -5.36   -60.00   -27.79  -157.38   -32.93    64.13   -56.92   -65.07   150.00  -150.11   -51.80  -139.15    13.39  -158.29   140.35    50.64     0.00
   5    0.000    157.24    57.71  -160.63   -66.09   143.17    48.18   -96.80    61.33    -3.69   -58.98   141.06   -70.69   120.97    49.37    35.82   -76.63   150.36   -72.04     0.00
   6    0.000   -169.32   -51.80   -50.92   -83.94    54.77  -136.98   -60.12    51.08    80.42   -64.68    -9.30   -91.00     0.93    69.60   143.61  -158.96  -156.26    74.83     0.00
   7    0.000   -113.50   -62.91   146.13  -149.61   169.68    63.98   -53.37    58.66  -135.51    60.24   161.50    53.05    35.96  -135.73   164.69  -142.37  -154.92   -55.34     0.00
   8    0.000    129.41    63.73   152.01   -85.19   153.36   -57.18   -14.29   -64.43    38.77  -164.51    17.01    54.29    22.92   -80.95   162.34    60.20    34.75    61.31     0.00
   9    0.000    150.07    58.55   -73.48   -80.63   164.80    54.97    22.97    54.25  -159.29    62.04   165.72  -165.48   -82.39    56.94  -106.28  -157.12    90.76  -158.26     0.00
  10    0.000    154.81   -68.24    73.43  -176.65   -29.78  -136.73    40.76   -77.04   172.49   -65.56   156.55  -158.84  -174.08   -78.97   151.20    55.73    40.85  -155.03     0.00
  11    0.000    147.08    62.69   -27.48   -62.51    91.69  -162.83   -51.22    47.57    39.62   -73.46    16.16   -86.96   -16.90    63.16   167.39  -157.96    48.77    50.54     0.00
  12    0.000    106.93    52.68  -178.36    55.18    60.33   -59.76   121.81   -79.07    60.23  -141.86    41.04   -77.22    50.19  -129.77   172.31    66.58    88.61    51.65     0.00
  13    0.000    107.84    53.55  -157.89   -68.27  -170.25  -136.52   154.66  -161.22  -176.86    65.55   135.62  -150.17  -179.33    61.54    -6.60    63.26   178.67    66.87     0.00
  14    0.000    123.13  -171.10   -37.98  -132.03   143.87   -74.79    65.81    50.70  -131.13  -150.87   158.55   -58.67     6.31   -69.65    67.41    63.08    38.72   -62.88     0.00
  15    0.000     86.17   -63.25   151.26    66.17     2.24    53.34   -94.40   -64.49   -38.42    48.60    42.64   -76.37    43.13  -157.41  -162.73   -60.26   149.06   -62.75     0.00
  16    0.000    176.88   -58.37   139.29  -105.48   136.62   -60.86   -35.29  -148.72   138.94   -66.57   -25.76    48.78  -118.45  -146.62     8.99  -162.42   174.15    70.32     0.00
  17    0.000    146.03    63.45   148.45   -73.97   -21.29   -84.58  -119.50    50.84  -112.67   -63.85   -24.41   -64.01    -9.78   -63.61   -23.09   -78.50   -45.13  -158.63     0.00
  18    0.000   -157.30  -145.89   -41.58   -85.87   -52.53  -161.43   167.59   -65.10   145.41  -156.10   -32.35  -157.84  -179.04   -56.48   -23.21  -136.99    27.69    51.72     0.00
  19    0.000   -138.88    50.06  -102.86   -86.72     7.38   -54.32   117.41  -154.16   160.92    58.98   -20.60  -153.85   -39.54    60.20   -73.11  -164.96   136.72  -156.94     0.00
  20    0.000    142.91    52.55    35.56  -158.52   100.21    53.74   -91.68  -143.52    32.12   -73.78    98.35    59.04   176.25   -61.50   131.91   -77.44    73.91  -155.99     0.00
  21    0.000   -159.28    60.99   -23.37   -86.81   -42.42  -160.16   167.38   -91.75   -30.49  -149.57   -70.06    50.97  -117.04   -81.78     5.53    62.31   -60.64   -67.24     0.00
  22    0.000    106.85    57.48   155.37    58.48   137.51  -155.39   147.28  -126.16   131.80   -75.19   133.10    55.51  -105.39  -152.64   170.27  -142.80   -54.59   -90.57     0.00
  23    0.000    125.19   -58.28   127.06   -87.37   -21.62  -135.40   136.27   -73.95   137.80    61.81   147.28    60.79   -34.80    58.37   -11.86  -166.51   -30.39    55.67     0.00
  24    0.000    -51.13   -64.25   166.39   -67.18   -19.15   -93.10   107.95    50.71  -123.24   -73.77   -72.60  -122.35   -32.52  -163.35  -172.75   -62.70   -41.07  -151.85     0.00
  25    0.000    134.05    53.38  -100.01   -65.11   -17.57  -155.04   168.35    62.44   134.17    58.09   -25.55  -102.15   114.03  -154.24   146.94  -158.12    44.09  -163.03     0.00
  26    0.000    -58.15   -70.91  -178.40   -58.05   145.62    59.53   -13.86   -62.59    -8.18   -59.23   -47.32   -87.57   -27.41    52.06   -95.37  -155.05    79.56  -161.05     0.00
  27    0.000    160.02   -77.61   161.57    54.89    48.80  -141.65    21.29   -93.39    25.76    53.27    25.80  -157.44   146.17    55.97    24.40   -77.03   -51.39   -86.84     0.00
  28    0.000    -54.37    54.12  -163.73    49.01   -92.24   -77.26   -15.57  -143.90   112.20    49.69    68.54   -61.95   -18.92    52.57  -128.11    55.25    38.24    66.51     0.00
  29    0.000    123.82  -171.91   -71.33    54.51    50.11   -76.25   154.26   -68.65    14.21   -60.24   106.18    53.39    23.93   -74.48    26.56   -86.77    29.75  -153.66     0.00
  30    0.000   -166.13   -77.34  -150.46   -61.44   -51.95    52.09  -148.64   -61.54   112.73   -64.02   -37.62  -160.31  -164.39   -73.31   -46.78  -158.59   -51.32   -98.28     0.00
  31    0.000    152.63    56.39  -164.14   -67.55    31.60  -140.64   120.46   -57.17   -36.96   -81.70   -11.85    57.57   150.27  -161.70   147.15   -71.06   159.42    55.69     0.00
  32    0.000    -68.63   -49.02   -47.15   -76.60    41.02    52.21    22.59  -148.68   152.06    53.80    56.08   -74.04  -172.94   -92.52   -34.93    54.46    31.48  -144.03     0.00
  33    0.000     61.30   -68.97   123.95   -74.00   -34.88  -155.39  -161.33   -71.91    67.48   -60.92    86.82    45.40    44.74    61.49   -57.43    65.44   -39.82  -171.53     0.00
  34    0.000    158.00   -74.45   -17.19   -56.92   122.34  -148.93   143.42    48.83    27.69   -65.94   -52.37  -163.32   173.62   -55.74   -30.39  -123.78    29.90    46.72     0.00
  35    0.000     67.38   -75.89    55.69   -59.95   -29.32   -68.72   -29.24   -83.89   -20.32  -162.84   131.74  -109.70     3.71  -167.80   -63.08    56.53   -14.45    57.78     0.00
  36    0.000     71.25    68.47    37.45   -96.94   -18.97   144.36    37.36   177.74   -89.07  -112.01  -106.41   -57.13   149.47    20.01    74.45    52.56   -52.04    41.32     0.00
  37    0.000   -173.22    64.87   -38.65   -70.30   152.33   -69.57   141.05  -163.58   141.49  -102.97    37.34   -58.16   147.39   -79.15   149.85    50.71    46.94  -138.77     0.00
  38    0.000    -54.06   -60.97   144.40    58.56   -43.02  -160.33   179.67    58.48    56.63   -73.28   -18.86    52.81  -155.51   -74.07   -33.56  -163.75    45.90   -69.81     0.00
  39    0.000    160.58   -53.88   -30.57  -146.50   137.54  -159.24   158.08   -52.80   -28.40  -152.66   123.35  -166.23   143.98  -163.94   159.01  -148.93   -87.20   -75.65     0.00
  40    0.000    176.66   -66.90    64.01  -153.66   -21.66  -165.27  -172.77    61.15    34.54   -55.03   -29.51   -62.19    -8.28  -148.49    42.70  -144.08   174.38  -151.04     0.00
  41    0.000   -179.83   -62.81   -24.28  -141.42   174.61   -75.83    73.11    53.95    70.92    67.89   148.94  -157.48   -45.62   -97.36  -155.40   -58.78   -15.19  -112.51     0.00
  42    0.000    113.74    45.56  -158.29   -75.82   -13.12    62.34   156.23  -150.65   175.52    62.66   -45.67    51.72    42.44  -154.08   -36.73  -159.87   -65.37  -159.05     0.00
  43    0.000    156.22  -130.22   -15.49   -67.74   -16.33  -151.45  -171.87   -55.37   158.80   -47.60   -44.94  -132.76    44.06    51.69   -95.89  -152.89   -39.30    55.39     0.00
  44    0.000    141.81   -51.94   -61.87   -79.26    26.50   -72.25   -43.10  -155.97   146.53    55.65   -76.36  -141.42   -63.91  -160.89   -59.14   -79.58    42.03    52.88     0.00
  45    0.000    -79.88   -87.16   -31.28    59.52     5.95   -95.46    32.05  -140.09   -38.23   -68.81   140.62  -100.39   100.99  -145.21   -43.32    60.61   -37.69   -70.46     0.00
  46    0.000    171.93  -103.70   -65.51   -99.69   -24.67   -72.36   179.26  -121.46   131.87   -69.78    48.95  -148.93   -27.85  -136.55    50.96  -131.40   108.88    61.11     0.00
  47    0.000     99.63    56.96  -173.11  -146.64    46.98    53.90  -177.30    53.90   -90.68  -158.30   162.01  -132.86   157.84   -65.77   169.48   -70.84    22.79    78.55     0.00
  48    0.000    169.19   -82.39   139.98  -130.02    66.03    57.86     1.80  -156.15   160.38  -148.79   159.08   -72.26    33.44   -86.24   133.46    55.70    33.25    73.08     0.00
  49    0.000    163.41   -58.29   -53.39    34.77    14.46  -160.20   -55.07  -158.53   -51.65    55.16   -80.94    60.69   -42.15   -77.10    42.84  -159.08   147.04   -82.56     0.00
  50    0.000    139.95   -74.61   143.35   -76.88    66.20  -158.64   159.97   -72.72   -26.99    61.84   170.78  -148.54   154.34    60.65    26.38    63.17   161.76  -151.42     0.00
  51    0.000    147.80    66.02   148.93    55.90  -175.14   -73.29   -62.69    50.53  -164.12    67.89   130.83    57.67   -20.79   -63.74   -59.67  -166.81   -42.92  -152.76     0.00
  52    0.000     92.26   -55.48   134.89    58.28   -40.41   -68.65   -14.35  -120.85    35.29   -58.63   -22.19  -144.62   168.34  -162.07   -46.85   -78.37   148.56    54.06     0.00
  53    0.000    117.07    52.22  -140.13    64.33   -50.62    53.17    38.84   -63.45   117.28    49.77  -147.27   -73.00   135.06   -60.39   149.82  -141.62     0.38  -157.57     0.00
  54    0.000    127.57    62.72   -47.05   -97.82   128.73   -74.28   -44.85   -66.15    -1.97    52.83  -117.96   -68.50   -12.04    47.28  -137.11   -96.24    42.49    58.14     0.00
  55    0.000    -72.33    61.64   -55.11   -71.54   168.83   -83.82    51.15  -150.66   179.80  -152.24   -40.51    48.51    38.84    54.44    17.43  -144.34     6.94  -147.52     0.00
  56    0.000   -100.69  -154.78   118.69  -158.50    -5.07    56.94  -159.76    57.23    38.27  -149.94    42.89   -68.26   -37.60  -159.71   149.00  -155.03   -12.05    57.40     0.00
  57    0.000    138.25  -168.50   -47.42  -151.85   162.44   -75.54   156.28   -67.87   -17.21  -142.22   145.44   -62.15   145.63  -154.31   146.49  -157.57   -50.68   -72.92     0.00
  58    0.000    147.16  -157.61   -47.41   -60.85   148.14   -59.46   139.90   -75.52    83.26  -135.53   168.04    56.56    63.83    61.57  -125.61    64.75    -6.77    48.22     0.00
  59    0.000   -139.04    58.39    13.76    61.88    75.15   -76.88    20.52   -77.10    -3.01  -120.17  -165.64   -54.75   -17.22   -51.81   121.57    59.90   -25.02    51.09     0.00
  60    0.000    139.15   -62.19   113.50  -168.94  -175.22   -77.29    24.61    60.21   -61.38   -71.21   147.00    62.25   -21.81    51.07  -112.40    59.96   -47.83    51.65     0.00
  61    0.000    113.27   -78.19    22.64    57.86   144.09    53.36  -169.65   -89.28    45.34   -63.77     7.32  -117.88    15.91  -156.88   -52.64  -142.72    -9.62    50.52     0.00
  62    0.000    -94.05   -88.01   -52.03  -103.55   165.97   -73.73    65.00   -69.67   -37.90    57.89   -26.72    61.29   -57.50  -156.03    -8.42   -91.52     6.06    52.10     0.00
  63    0.000    172.52   -76.32    38.75  -142.12   135.94    60.14   -53.09  -159.72   -94.31    41.48    63.55  -136.96  -112.27    60.97   175.09  -130.06   -10.27  -158.77     0.00
  64    0.000     74.64    50.22  -131.44    55.90   -94.94  -144.16    14.79    57.18   -17.94    59.19   -20.60  -134.14   119.98  -159.48  -143.87    65.27   -53.05  -103.72     0.00
  65    0.000   -167.03    51.71  -145.13  -151.45  -170.17   -57.95   -19.06   -53.88   -17.19    65.58   171.43   -77.74   -37.43   -79.52    57.12   -82.18   153.90  -149.38     0.00
  66    0.000    152.85   -66.40    79.63  -152.36  -153.53   -48.85   142.94    58.63    -3.83   -74.65   175.99   -58.70   149.19  -159.56   155.35    50.94  -109.04  -132.70     0.00
  67    0.000    178.19   -85.16     8.92    59.79   -56.78   -69.69   -22.97  -132.15   137.68   -75.51   -44.35    48.05    35.22    59.36   -60.83    53.30    83.02    56.91     0.00
  68    0.000   -144.67   -75.28   -41.60  -163.10   -41.48    63.67   -57.27  -160.85   169.28   -53.68   143.96    47.93   -99.91  -151.44    32.70  -150.67   166.65   -60.98     0.00
  69    0.000    157.72   -85.25    41.40    50.67    26.22   -60.93   145.71   -52.23   -32.56   -65.80   -36.53    53.46   167.95  -158.41    21.07   -72.47   157.40   -89.56     0.00
  70    0.000    134.18   -53.38   -37.74   -69.81   -28.54   -79.69   -40.81  -162.84   151.28   -66.41   -55.66  -160.72  -156.11  -114.60   -41.92  -144.71  -134.19   -53.24     0.00
  71    0.000    -65.42   -77.31  -159.93    57.14    43.30  -153.00   160.18   -70.11   150.24   -85.99  -154.89   -68.02    20.15  -165.72   165.10    58.69  -162.48  -150.33     0.00
  72    0.000    -60.45    64.22   160.01  -157.49   -38.93   -69.81   113.24   -67.16   177.33    56.52  -104.91    48.67  -111.48  -153.75   161.56   -78.94   167.53    55.83     0.00
  73    0.000    -62.01  -147.58   134.93    50.51  -136.13    61.85   -41.95   -89.79   117.42  -108.17    -5.65  -143.75   153.73    56.53    30.46  -120.26  -163.71  -125.75     0.00
  74    0.000    165.87   -67.54   130.63   -75.68     0.27  -154.14  -150.59    65.08   -10.70    63.30   146.11  -135.31    73.89  -140.19     4.03  -159.19   159.21    54.54     0.00
  75    0.000    122.23    61.31   142.56    62.77   118.82    56.44   153.73   -69.00   -13.37  -153.18  -175.11   -70.37    32.04  -165.70   160.67  -132.03   -52.22  -154.63     0.00
  76    0.000     81.57    62.72   -62.91   -82.04   136.24  -152.51   171.07   -70.07   105.12   -66.80   149.43   -60.60   169.19   -72.25  -159.07   -68.93   152.18    65.91     0.00
  77    0.000    -66.07  -129.15   119.26  -167.08   127.82   -66.07   -24.56  -154.44   162.36   -63.28   146.38   -74.14  -170.30   -57.03   114.18   -69.00   147.37  -153.59     0.00
  78    0.000   -128.07  -144.57   147.73    48.98    30.76   -49.54   -39.63   -95.54   -60.22  -154.38    34.92    48.52  -128.52    54.97   -86.83  -159.08  -135.40    61.33     0.00
  79    0.000    145.21   -91.68   -27.33  -145.01   112.03   -70.22   126.93  -148.69   147.60   -68.25   137.97    60.59   -27.74   -72.59   -11.49    61.98   -23.14    52.52     0.00
  80    0.000    154.75    57.65  -143.84   -61.62   154.67    62.54   -31.32    52.29    35.62  -153.13   134.85   -84.60     0.21    66.21   -50.63   -70.54    70.96    62.56     0.00
  81    0.000    169.31    51.19    55.83   -68.90    98.02   -76.28   147.69   -62.68   -33.07    48.65  -126.39   -88.43   -55.48  -160.85   156.56    43.79    45.12   -67.28     0.00
  82    0.000    151.25    62.77   -45.27    54.35     6.07   -83.35   156.12   -71.66    17.19   -53.86   -29.84    63.17   -49.96  -155.57     8.18   -71.72    10.79    53.25     0.00
  83    0.000    104.56    48.66    45.42    61.09   -77.32  -163.89   -43.74  -130.38   114.50  -164.17  -164.24   -67.77    58.21    66.19   133.04   -75.34    72.51  -133.08     0.00
  84    0.000    128.87  -162.48   168.35   -73.56  -176.31   -67.29    67.92  -138.89   171.83   -53.43   -35.13    61.88    -9.36   -68.46   153.68    54.38  -145.62  -151.44     0.00
  85    0.000    -69.10    51.08  -147.22   -73.69    61.87    59.65   -26.87    63.64   144.84   -62.49   131.00   -80.37    33.27   -64.15   154.39   -65.36   -13.44  -147.89     0.00
  86    0.000    169.01   -76.00  -114.96   -75.17    45.92  -161.24    40.89  -147.42    60.49    57.28    63.77    60.30  -100.15  -144.52    23.26   -83.06    57.93  -164.48     0.00
  87    0.000    136.49  -154.14     2.08    52.53  -130.18   -73.11    48.83   -76.06    45.69    60.63   117.08   -79.49    41.72   -59.45   109.94    51.95    41.48  -134.34     0.00
  88    0.000   -161.53   -97.17    57.45  -158.69   175.06   -60.97   111.25   -77.00    26.84  -144.88   -82.61    65.75   147.88   -83.45    39.23    57.45   -45.90   -75.11     0.00
  89    0.000    -38.05    55.88    25.94   -84.77   143.67   -75.09   -12.77  -145.90   122.23   -77.18    41.96    55.17    15.63    56.77   -41.14   -65.30   167.07   -62.13     0.00
  90    0.000    118.33    53.75  -145.48   -59.95   162.52  -160.34   175.29  -135.13    98.61    54.78   178.83   -78.46    29.63   -83.53   164.91   -71.85    -5.86  -135.97     0.00
  91    0.000    146.62    62.93   -60.15   -78.99   172.60   -60.13   -78.72  -140.96   -64.37    55.86  -156.11  -140.95   177.37   -65.37   -20.88  -134.22  -113.90   -66.30     0.00
  92    0.000    172.80   -57.71   142.23    58.32     4.93   -65.70   -33.02    50.96  -165.50    58.53   -10.50   -78.88    44.67  -155.61   163.24  -145.59   124.00    54.53     0.00
  93    0.000    168.12    60.20    54.64    61.07  -171.35  -164.51   -37.80    59.14    32.43   -75.83   178.80   -65.74   -36.40    60.21   -56.67   -90.09     5.45  -155.19     0.00
  94    0.000   -170.91    55.91  -113.72   -67.82    -8.13  -155.42   149.24   -77.76   134.57  -159.90   170.50    63.29   -38.29   -65.28     9.22   -77.60   -23.68  -129.65     0.00
  95    0.000    -47.47   -62.35   119.79  -150.29  -139.67    52.05  -116.82   -80.24     0.35   -67.07   169.15  -153.73    69.32  -147.69   153.97   -64.31   166.43    68.30     0.00
  96    0.000    154.64    49.02  -125.68   -59.54   -22.99    55.02    22.56    62.78   159.32   -62.39   -21.88    52.35    37.98  -156.88   177.81   -59.60   -35.45  -114.35     0.00
  97    0.000    163.95    62.51   -54.03   -60.71   148.99  -154.73   169.78  -144.76   154.56  -148.50   156.69   -67.14   147.13   -64.84   129.70  -160.00   171.77   -81.22     0.00
  98    0.000    -73.50   -69.37   -57.84  -139.81   -40.39    62.49   167.29   -56.10   128.08   -82.32  -169.91   -56.18   124.85    56.56     0.02    61.57   163.49  -161.92     0.00
  99    0.000    159.59    53.83    25.77  -157.20   167.95   -61.85   154.30   -78.11   139.81  -161.12   -31.05    55.63  -111.64    50.47    53.64    64.58     4.47    51.88     0.00
 100    0.000    154.00    54.48    33.28    58.77   -20.79   -63.23   -27.10  -154.71   147.77  -162.12   179.53  -121.55   -69.19    53.58    36.36   -72.60   -47.99   -89.38     0.00
 101    0.000    128.53    54.39  -177.75    60.23   -75.91  -162.37  -173.34   -59.65  -179.02   -58.04   177.83   -52.13   134.72   -76.67   158.60   -77.68  -126.73   -84.57     0.00
 102    0.000     68.82   -67.67   141.22   -80.06    44.90  -166.45  -153.49   -87.41  -121.34   -72.91    39.17    75.91  -159.26   -61.32   138.92    60.94   -69.02  -157.77     0.00
 103    0.000    -74.90  -138.01  -107.04    56.74    62.74   -52.05   131.04  -148.42   165.29    50.67  -124.86   -85.67    23.78   -64.93   -37.14    53.03    66.79    69.37     0.00
 104    0.000    145.17   -93.18   -72.88   -84.19   170.83  -137.34   140.94  -158.08   163.73  -145.72   158.79   -76.88    68.79  -155.86   -48.90  -139.46    26.13    50.85     0.00
 105    0.000    -63.31  -152.77   158.05    51.34    49.44   -73.22    56.45   -70.56   123.25    48.97  -126.64    59.20   178.26   -71.61    45.10   -71.66    12.29    61.18     0.00
 106    0.000    119.35    56.21   -84.55   -70.63  -167.97    70.33   -39.86  -124.77   -78.41    61.10   -46.25  -158.71   161.73  -146.03    89.11    62.31   -49.50  -139.25     0.00
 107    0.000     96.80  -160.53   171.96   -63.92   123.91  -133.30   152.72    63.07   167.07    60.71    12.82  -150.62   138.33    56.92  -174.01  -147.71   109.78  -165.78     0.00
 108    0.000    -54.19  -137.03   130.08    47.68  -133.69  -136.02   141.45  -147.62   166.58    51.80    30.83    57.28   -78.76  -160.25    29.00  -145.65  -162.04   -82.89     0.00
 109    0.000     68.96   -66.71   155.39   -73.49   -44.48  -156.85   -29.15   -92.10   111.52  -145.80   -49.93    61.00   -70.70    52.81   179.17    61.06   -16.25  -143.41     0.00
 110    0.000   -168.75    57.21   -88.97   -76.00   -23.14   -78.49    44.45   -70.44    20.52  -158.36   164.05    47.40    51.03   -81.48     5.37    63.48   116.24    49.71     0.00
 111    0.000   -177.59   -69.59    39.60   -80.65    83.77   -61.75   -47.41   -65.00   147.38   -73.55    41.23   -58.06   -23.37  -142.50    33.89  -145.63  -173.21  -141.33     0.00
 112    0.000    123.36  -159.84    57.28  -158.59   175.80   -64.43   160.63   -71.38    25.79  -171.25   -32.24    59.48  -176.68  -138.92    10.23  -165.59  -171.25   -58.84     0.00
 113    0.000   -160.75   -84.32   -91.75   -69.47   147.73    57.23     5.00    62.26   -31.70   -68.45    51.44    54.16    17.35    56.22   -19.31  -148.51   -66.41  -149.68     0.00
 114    0.000    -41.94  -147.35   179.90    54.54    38.21   -60.81   -17.96    51.62  -113.08  -142.56   -97.72   -77.19    57.82   -62.68    -9.90    52.92    40.28  -134.45     0.00
 115    0.000     84.16  -161.52   -54.03   -78.45   173.45   -60.96   115.52   -74.25   130.89   -72.32   111.93   -72.19    -5.93   -60.55   105.75    57.74   -61.51    50.86     0.00
 116    0.000    -55.96   -67.37   150.03  -161.69   -43.21   -76.09    66.84  -141.80   160.66   -86.12  -155.19   -58.24   126.29  -144.03    76.65    53.17    58.52    60.78     0.00
 117    0.000    108.95  -156.30  -157.00   -70.20    -5.52    61.52    21.88   -65.99   150.17   -63.70   144.47   -76.54   -45.05   -89.49   124.79    55.09  -107.06  -153.97     0.00
 118    0.000    179.55  -152.49   -75.19   -75.27  -177.44    60.36    37.11   -93.22     9.52   -69.83    30.81   -68.76   -25.07    54.95   -69.16    59.65   -45.01  -154.57     0.00
 119    0.000    -80.83   -60.18   -35.99  -165.75   151.63   173.07   -34.75  -157.44   -83.43   -75.50   -19.46    57.10  -149.79    56.54   -95.30   -70.94   -43.59  -139.70     0.00
 120    0.000     67.62  -160.96   158.65    46.67    48.10  -157.11   -58.02  -162.40  -167.93    66.67   -52.43    61.48   165.67    54.11    25.66  -141.09    -8.15  -156.02     0.00
 121    0.000   -119.55    52.04  -142.18   -60.52   -28.23   -75.28    40.25  -170.64   -30.05   -81.56   120.98   -79.21  -153.71   -58.25   127.76    61.46   -55.86  -155.14     0.00
 122    0.000   -152.63   -67.09    97.01    59.79   168.97  -163.26   155.34  -114.31   178.15   -70.62    44.12    64.31   145.78  -156.74    37.42  -148.90    39.96    54.98     0.00
 123    0.000    -67.65  -106.12    97.73  -161.81  -173.17    52.67    52.43   -65.91   160.20   -56.48     9.56   -49.87   109.27    60.15   -59.34  -159.98   106.69  -153.20     0.00
 124    0.000   -138.59   -72.19   -39.71   -90.09  -152.18   -57.25   176.09   -65.76   -34.28  -148.46   132.90   -73.20   148.15   -72.98    71.01  -151.74   177.92  -138.63     0.00
 125    0.000   -165.42  -165.95   -36.06  -137.87   163.55  -107.04   139.85    64.06   -23.72   -73.91    56.21    55.25    24.99  -147.11   154.33   -83.75   -26.59  -168.49     0.00
 126    0.000    166.50   -55.06   -33.21  -143.57   -67.36  -157.59   157.92   -63.19   -32.25  -146.48   157.47    57.43    46.49   -64.76    74.13  -131.09   -19.34    57.02     0.00
 127    0.000    157.28    61.94   170.27    56.59  -109.24   -92.95   -55.26    44.88    39.55   -76.02    40.58   -77.64   124.04   -82.48    -5.57    66.20    25.25  -139.89     0.00
 128    0.000    -66.85   -86.94   -29.44  -145.79   147.70  -156.31    24.68   -58.68   124.52    53.02    16.48   -89.10    41.93  -158.79  -168.78   -65.39    97.09   -72.35     0.00
 129    0.000    115.97  -163.03   148.85  -160.25   146.59   -67.20   -26.30    58.54   -14.13  -153.51   162.02   -69.95    43.85  -154.43   -28.66    56.20    21.59   -71.89     0.00
 130    0.000    139.91    51.76  -147.25    58.93    22.21  -144.39    82.49   -61.31   -26.21   -59.98   114.65   -82.25    85.68  -145.28   107.31    62.42   -16.04  -154.84     0.00
 131    0.000     53.68   -91.70    69.17    48.80    39.34  -100.01    17.45   -78.41   132.45    63.54   129.14    57.95   -46.64    63.53   -31.97  -162.25   160.13    53.98     0.00
 132    0.000    -55.88    63.68   171.00   -71.34    60.20    63.48   132.92   -78.91    19.91   -83.70    77.66  -140.85   160.02  -143.66   -52.92  -155.47   154.96    50.26     0.00
 133    0.000     73.93   -71.62   165.15   -81.59   -47.88  -162.41   116.97  -165.85  -177.05   -55.74   150.48  -151.19   145.33  -127.56   -61.45  -156.98   169.29    55.73     0.00
 134    0.000    171.26   -75.30    46.15    60.99  -172.02    56.05  -129.15   -66.38   -15.34    61.11   -39.44   -63.73   -23.24   -75.52     3.80  -128.90  -140.86    67.27     0.00
 135    0.000    163.07    52.44    51.13  -150.79   107.40  -179.82   -45.91  -150.16  -179.70   -59.85   -56.91    42.75   -80.26  -153.42  -176.51    66.41   -35.97  -151.06     0.00
 136    0.000    126.08   -68.87   168.52    61.24   115.89   -64.74  -178.99    62.39    38.79  -137.02    99.20   -65.87   173.48    73.12   -14.20   -73.60    40.96    51.36     0.00
 137    0.000    138.31  -154.01   179.76   -52.99   125.25    56.02   -35.51   -73.17    53.47  -156.52    30.05   -77.27   136.02  -149.67  -140.06    62.03  -115.21  -108.21     0.00
 138    0.000    163.53    57.45  -136.10   -50.80   138.68   -66.55   155.90   -76.29    43.67   -58.92   145.76   -78.71  -102.21   -74.24    49.03  -160.55     9.12  -111.74     0.00
 139    0.000   -177.93   -75.80    73.66    62.49   -44.18  -144.03   141.24  -164.99  -163.56   -50.14   -36.73    59.37    21.09   -61.19   -22.78  -151.24   -32.84  -154.23     0.00
 140    0.000    -53.01   -68.87   104.00   -72.78    63.67  -143.06    26.61    59.88   -36.87  -154.80   140.75  -156.69   135.62   -54.69   -22.86  -147.10    42.08  -144.72     0.00
 141    0.000   -146.22    61.96   -96.65   -70.05   167.95   -61.29   142.85    61.24   -17.63    66.59    17.96   -60.20   -17.59    50.55    46.47  -156.24    29.08  -158.73     0.00
 142    0.000    -83.09   -58.33   151.15  -143.87   148.64    61.53   -59.50  -127.59  -164.50    62.39   -11.57    63.86   -54.12    58.12   174.97    56.25  -150.91  -142.28     0.00
 143    0.000    -68.54    59.48   169.93  -132.26   -16.34  -141.12   168.04   -75.92   110.86  -155.86    84.76   -85.72   -36.71   -79.30   171.55   -71.61    -6.93  -153.43     0.00
 144    0.000    -42.87  -137.79   -58.68    59.62    -8.75    66.08   158.57   -63.15   132.36    60.12   -26.48   -73.33   -16.58   -63.54   128.10    59.67   177.27    55.03     0.00
 145    0.000    -14.98  -147.34    71.25   -83.04    36.11    52.72   -85.19  -157.06    13.09  -154.22   161.77    56.95   -73.23    59.72   -51.03    49.97    40.08  -163.05     0.00
 146    0.000     84.44    51.61    27.94  -148.59   126.62    59.64   126.51    64.76   161.09   -80.73    41.10   -64.19   -18.90  -125.29   146.98   -89.40    -0.85  -158.38     0.00
 147    0.000    -82.37   -69.07  -179.52   -66.93    77.09   -78.57   167.21   -56.79   -38.75    66.81   158.48   -73.50    54.34  -135.14    50.47  -159.20   163.10   -85.41     0.00
 148    0.000    145.45  -159.57   155.48   -62.02   143.96    56.69    15.79    58.01  -177.31  -134.34    45.39  -156.28   131.59  -153.32   148.50    61.50   -30.31  -151.83     0.00
 149    0.000    -64.91    -1.25    91.43    60.08     5.28  -123.71  -142.60    60.78    39.34   -56.38   -29.52  -126.17   119.12   -82.06    54.87    60.97  -175.96    53.59     0.00
 150    0.000   -143.30   -64.05   141.89  -159.70   138.80   -72.97   166.67  -146.86   -32.74    62.65   153.38   -96.34   136.92    59.69   -28.16  -136.56   113.90   -73.96     0.00
 151    0.000    165.21   -65.92   -61.17  -164.40    43.69  -159.99   146.23  -157.20    60.59  -101.59   128.41    52.16    34.01   -75.95   155.06   -72.40   170.46   -78.77     0.00
 152    0.000    -59.63    49.67    36.53  -162.03  -168.69   -66.11    66.98    55.82  -136.76    62.59   155.72  -162.48   170.54    63.42    27.65   -72.63    27.67    57.86     0.00
 153    0.000    161.89   -60.26   -20.56    61.67   -48.46    54.58    15.71   -77.73   122.68    52.91    26.49    58.02   -71.07    49.31    53.86   -58.42   168.12    58.59     0.00
 154    0.000    -85.18   -63.68   147.85   -94.30   134.30  -160.47   -42.56   -87.98   155.15  -134.61   173.13  -133.78   123.21  -158.76   156.11   -70.62   -33.92  -154.83     0.00
 155    0.000    115.94  -165.43   159.34    51.06    36.21   -59.92   -39.93    51.10  -110.01  -139.94    31.56   -66.18     1.87   -62.81   -34.03  -150.19   -16.34  -147.23     0.00
 156    0.000    168.89    53.19  -132.18   -79.86   136.07  -146.29    -1.44    52.76  -121.56   -90.49    -7.42    60.92  -101.60    61.20   -42.97   -72.36   173.98   -96.20     0.00
 157    0.000     48.10  -156.30   155.85   -80.19    38.24  -109.20    22.17   -60.99   132.32  -160.24   174.18    62.08   -53.29   -78.31    29.03    51.28    44.88   -70.36     0.00
 158    0.000    121.47  -165.58   103.79    61.20   164.86    55.19  -152.64  -149.50   170.08   -56.04   -25.56  -135.83    27.96   -73.38    63.91  -131.76  -179.78  -151.40     0.00
 159    0.000    -72.27  -160.24  -163.12   -62.96   -23.83   -57.39   125.48  -159.40    24.76   -60.32   146.28   -59.21   -19.24  -128.44   122.86  -155.49   160.30  -149.78     0.00
 160    0.000    -71.73    47.57  -137.30  -144.89  -112.26   -64.05   -35.81    56.90   108.80   -61.25   132.44  -153.45    43.33   -54.81   112.53  -168.64    58.00    53.79     0.00
 161    0.000    142.72  -157.58   170.71   -79.06    57.96    61.72   -45.38   -68.51   179.59    61.06    28.33   -73.53    55.62   -69.89   147.43   -78.99    59.66    71.28     0.00
 162    0.000     98.30  -158.73    43.89    62.83   168.44  -157.69   171.84    60.80   -26.19  -150.32   159.77   -73.58    60.17   -58.20   145.62  -154.30   132.67  -163.58     0.00
 163    0.000    -58.10  -133.06   123.05   -81.11     4.56    56.83    59.22    63.00   178.84    59.11     0.04  -147.34   169.98   -65.83   145.59   -74.14   147.00  -150.29     0.00
 164    0.000    157.67    61.34    27.17    53.95   -88.34  -156.42   165.52    61.57   -18.82    56.01    38.02   -61.00   149.71   -62.30   -51.32    59.98   -46.63  -152.90     0.00
 165    0.000    105.89   -60.85   149.35  -134.11   139.97    48.28  -132.29   -81.61    -9.09    50.59  -152.49    62.72   156.87  -145.92   150.61  -145.11    52.48    64.87     0.00
 166    0.000     69.09   -62.79   -35.39    49.80   -90.84  -128.34   -40.91   -73.78    70.90   -66.38   -37.83  -165.19   -41.94   -80.81   164.21   -69.83   175.36  -149.67     0.00
 167    0.000    -89.56    56.20   -78.65    63.17   -44.05   -81.27     0.70    60.99   160.23    54.73    -2.83  -156.34   168.87    55.87    21.58   -71.21   -25.31    61.14     0.00
 168    0.000    176.29   -69.54   120.06  -162.28   162.37   -66.61   161.04    54.26  -104.53    63.62   -40.61  -145.91    18.54  -159.13  -175.68    65.89   -47.21  -150.00     0.00
 169    0.000     81.13    51.21    60.20    67.30   162.11    59.70   156.29  -160.05   133.75  -103.07   -21.44  -156.71   169.87    63.12   -41.82    54.24    28.63  -145.51     0.00
 170    0.000    110.71  -159.22    14.31    55.96  -156.26  -128.22   174.41   -82.22  -173.97   -70.68   156.45    60.86   165.58   -74.23   162.18  -160.72    62.01    57.77     0.00
 171    0.000     70.97   -83.03   173.42    62.28     1.96   -62.93   -24.88  -151.74   -37.34  -146.73  -172.47  -146.33   -45.63    60.54   -38.41  -143.37   -63.38  -153.59     0.00
 172    0.000   -164.60   -54.91   -10.59  -142.62   129.92  -169.40   -42.64  -161.09  -178.82   -50.20   132.68    55.43     4.75    52.29    53.24    68.88   157.92    63.06     0.00
 173    0.000   -100.98   -81.76   -33.85  -126.53   149.55  -175.41   156.92  -149.23   154.42  -155.42   -37.58  -149.97   145.83  -158.57    -9.78  -162.82   -55.79   -79.62     0.00
 174    0.000    -63.06   -74.23   153.89   -68.19   167.21   -71.71    53.53  -153.79   -55.79    49.18    34.56    51.75   -80.46  -137.63     8.32  -147.68    95.42   -86.41     0.00
 175    0.000     36.25  -147.08   127.83    61.85   144.88    51.31    29.13   -67.55   -30.06  -143.31   -52.14  -100.13   154.28   -71.24   133.47    53.03  -147.91    40.17     0.00
 176    0.000    107.59   -78.61    30.26    54.73  -171.02    60.20   -21.67    57.49   146.32  -149.62     4.70  -153.15   169.28    58.45   171.99    47.02  -111.69  -139.29     0.00
 177    0.000    -79.46   -58.62   138.94  -158.91   -19.61    51.34    34.28   -75.08   153.52   -78.63   167.75    55.84  -166.00   -75.93    31.54    55.08  -138.38    63.37     0.00
 178    0.000    143.83   -62.48   144.28  -149.24  -136.23   -72.19   160.07    60.33   173.57   -64.23   -31.41  -174.58  -176.93   -91.98   -41.24  -150.16   -12.41  -153.17     0.00
 179    0.000    146.19    59.49   -65.04   -67.27   153.18  -145.79   -28.48  -127.62   152.88  -159.77     0.25    62.26   141.53  -157.23   103.93    49.89  -125.52   -94.53     0.00
 180    0.000   -156.08   -61.97   145.01    61.58   153.53    50.90    48.50   -64.49   138.89   -70.25    -4.76   -64.25    91.84   -65.84   150.86    60.20   -82.64  -147.27     0.00
 181    0.000     64.82   -97.33  -156.48    62.32  -157.83   -71.26    30.85  -129.76   126.87   -77.41    39.55   -79.16    61.58    52.77  -117.96  -153.20   -51.61    48.74     0.00
 182    0.000    -51.78   -56.88   165.06  -138.15   128.74   -65.25   132.20  -142.88   137.02    52.55    19.45   -79.08   153.96   -71.99   -26.21  -155.56   161.71    55.28     0.00
 183    0.000    -60.99  -152.65   -76.80    52.29    52.63    64.10    13.96    61.03   171.73    62.74   -33.81   -72.65   -59.82    56.83   -21.60    58.26    -7.10  -145.06     0.00
 184    0.000    160.91   -70.41    48.73   -91.25   163.33    54.02  -104.06   -75.59   -17.29    59.93   177.30  -156.43   158.48  -138.85    79.10  -145.01   159.63    51.41     0.00
 185    0.000     67.55  -151.04   166.80   -88.79  -136.04   -71.72    52.29   -66.77   111.55  -151.19   147.99   -63.15    10.37   -71.10    71.46    57.69    40.79  -159.24     0.00
 186    0.000    -43.25    52.08  -115.99   -63.65   -22.27   -73.26   -19.72    53.21   -72.68  -152.19   -39.16   -72.91     9.90  -144.27   158.90  -167.30   -39.95   -59.72     0.00
 187    0.000    143.56  -129.86   -28.14    49.70  -135.56    54.84    25.19  -150.97  -164.08   -69.61    37.76    57.67  -148.47    64.28   166.22    58.41   175.90  -142.63     0.00
 188    0.000    -63.07    63.07   -70.01  -159.68   156.51   -60.22   148.60   -63.00   -40.29  -141.98   -46.15  -148.96   -12.60   -67.69   134.65  -147.96   175.43    62.81     0.00
 189    0.000    -36.14  -114.55  -142.56    62.12   -76.18  -124.53    42.89  -142.59   -14.84    60.76   124.14  -155.18   175.74   -73.31    61.63  -159.95   161.89   -71.81     0.00
 190    0.000    119.42  -155.11   116.58    51.77    18.02  -171.22   141.47  -144.27   -45.54    52.36   -96.12    59.94   170.26    50.60    78.05    66.92  -153.00  -150.66     0.00
 191    0.000    117.81    51.18  -165.02    62.99   -27.12  -147.15  -167.80   -53.03   105.96  -165.88   -99.58  -162.30   160.03   -70.29   108.44   -71.45   -33.52  -143.78     0.00
 192    0.000    -61.40    59.84    -9.82   -62.40   -20.67  -147.48   165.75   -70.25   172.08   -59.92    -3.43   -65.51   -23.95   -68.66   123.72   -64.85   -37.65  -150.61     0.00
 193    0.000    166.99   -72.80    47.12   -87.85  -173.31   -68.08    23.56  -156.89   139.38    60.81   -10.46    54.80    17.72    62.95   -19.46  -163.30   -59.72  -163.55     0.00
 194    0.000     43.67    56.76   167.24  -151.84   -56.84    60.41   149.45  -141.12   -23.27   -75.88   153.28   -77.08    -8.60  -148.30   149.74    56.68  -125.45  -152.36     0.00
 195    0.000    134.06  -154.50   155.15   -77.75   151.85    53.03  -153.78  -143.10  -160.60  -134.20   -53.19  -150.25  -148.11    64.29   -16.35  -161.15   170.99   -90.23     0.00
 196    0.000    165.16    55.54  -167.67   -92.32   -11.03   -65.03   -33.01    50.52  -110.73   -81.08   -63.99  -160.67    40.41  -140.31  -173.50    59.99   -61.61    68.37     0.00
 197    0.000    154.41    62.71   -50.82    59.02  -178.01  -149.21   153.41  -148.35   -24.36   -70.46   121.48    57.55   -85.85    59.21   -22.48    61.67   -33.18  -153.60     0.00
 198    0.000    159.12    59.97   -67.10    55.11  -160.42  -155.01   165.73    58.19   -76.19  -163.17   171.06   -83.36    51.40    62.26   -47.54   -71.71   157.43   -71.93     0.00
 199    0.000    -65.75   -82.14  -142.15   -56.02   141.18  -154.92  -175.30  -138.87  -177.26    63.63   -43.76   -68.32   -32.62  -138.35   160.71  -112.65     3.84  -159.49     0.00
 200    0.000     43.00  -161.46     3.49   -74.29    33.01   -86.03   100.22    53.15  -153.91   -81.40   -29.01  -147.35    20.63    54.40    31.30  -156.60   -67.17   -79.14     0.00
 201    0.000    179.63   -58.57   162.01   -72.38    83.69  -145.00   -68.84    55.19   176.58   -75.15    45.11   -75.39    35.72  -159.41  -179.43   -60.97   -38.35  -153.63     0.00
 202    0.000   -109.45  -148.37   155.14    54.60  -157.49    63.02   166.45    56.39  -104.24    62.32   176.34  -146.56   -34.66   -80.00  -170.24   -60.93   -22.69  -148.94     0.00
 203    0.000    174.41   -90.51   179.35    54.87  -179.18  -140.11    32.20    55.14    52.88    61.77    16.28    58.79    20.76   -97.45   156.26   -76.75    47.30  -141.45     0.00
 204    0.000    128.82   -81.46   154.51  -155.53   152.46    59.37   123.94    62.74   -32.02    59.54   178.18  -158.36    31.78  -139.88     5.22  -136.61   175.38   -77.72     0.00
 205    0.000    134.43    56.48   -20.07    60.30   -55.95   -65.36   130.64    59.04   -37.08   -76.97    82.91  -154.01   160.27    56.08    23.24   -75.61    71.27    64.34     0.00
 206    0.000    -63.91  -154.17   -37.63   -85.47    29.22    63.26   127.14  -144.92   128.35   -67.55   137.61   -72.44    42.88    60.88   -29.97   -84.40    29.48  -164.02     0.00
 207    0.000    171.63   -74.67   177.59    57.00    53.64    65.51   104.49   -59.79   -33.40  -147.51   -31.88  -148.90  -171.37   -55.96   168.74   -70.96    95.45  -157.64     0.00
 208    0.000    147.68  -128.76     0.89    57.98   -22.85   -53.18   -28.45  -165.37   165.93  -137.74   -60.03  -159.51   -46.45   -80.43  -173.19    67.79   155.44  -158.47     0.00
 209    0.000    100.05    51.83  -178.92   -88.24   -63.08  -149.42   -62.02   -85.07  -175.98    62.16   106.96   -62.16   -38.64   -87.44  -167.61   -69.39   -23.85  -142.73     0.00
 210    0.000    138.28   -68.84   -14.42  -140.47   157.75  -162.54   -13.80    46.64    65.95    60.83   -79.29  -155.03    35.92   -63.71    -1.48  -131.79    13.81    62.40     0.00
 211    0.000   -159.34    55.90   -95.65   -67.27     0.59  -130.68    30.05    53.69  -127.72   -77.19    -3.11  -143.12  -168.76   -85.90    -8.54   -77.14  -154.11   -62.13     0.00
 212    0.000    153.07  -154.59   159.40  -144.23   -10.03    58.36   -16.75   -59.50   -40.66   -87.54   141.61    60.08    23.44  -163.34   -48.71    58.70     6.18   -71.61     0.00
 213    0.000   -158.83  -144.02   131.38    53.10    15.89   -71.71     8.83  -149.58   -55.13    59.33   176.20  -151.06   151.19  -151.50   136.46    63.54   140.29    53.23     0.00
 214    0.000    -76.42   -68.48   115.89    55.60    15.57  -148.91   133.94   -66.86   -42.14    53.47    42.07   -75.94    64.41   -72.56    60.11   -65.16   -37.37  -148.65     0.00
 215    0.000     78.35   -69.33    90.12   -67.38   -22.38  -155.03   169.05   -66.31   151.47   -82.59   170.56  -140.07    26.41   -72.37    34.55  -171.02   -79.82  -151.71     0.00
 216    0.000    112.59   -84.21   146.42    60.14   -19.77   -71.64    23.45    53.76    44.00   -73.96    38.33  -127.79     5.45   -88.01   125.83    49.05    40.38  -148.96     0.00
 217    0.000     61.09   -72.11   173.62   -70.46   -58.60    44.87    62.00   -64.96   177.90   -56.64   136.16    54.40    22.39  -148.48    32.79   -78.44    25.84  -149.54     0.00
 218    0.000    -74.41  -134.57    -8.97   -85.37   -14.65    49.39  -120.45    51.72  -140.41  -159.61   -66.57  -143.42  -148.53    66.64   -64.26   -76.95    -7.66  -151.67     0.00
 219    0.000     88.01    51.93  -161.31    56.41  -128.97   -66.77    70.60  -150.37   -42.48  -150.36   164.45    54.82    41.50  -139.37    -2.63  -150.40  -121.92   -73.78     0.00
 220    0.000    -46.42   -59.41   167.67   -58.93   130.46    47.98  -139.52  -153.47   146.08  -160.00   144.44    36.50  -106.74  -137.18    62.55   -66.71  -148.55    71.75     0.00
 221    0.000    -61.79  -154.97   -90.05    57.60   166.76  -135.93    64.71  -144.66   -26.82  -156.14    48.50  -152.25   166.27   -63.34   135.34    55.77    31.16   -70.04     0.00
 222    0.000    174.91   -60.38   -46.05    56.83  -162.04  -151.53    42.30  -150.08   160.61    47.24    83.65   -65.94    94.68  -137.31    -9.96  -157.09   -76.54  -137.45     0.00
 223    0.000    -52.58  -152.73   165.03  -148.13   158.55   -70.68   131.50    53.96  -164.95    57.82     2.09  -160.83  -170.78   -69.36    48.83   -71.57   157.90  -146.70     0.00
 224    0.000    -36.24   -64.17    11.87    52.07    33.53    54.80    27.65   -70.17    74.24    54.81  -170.90  -146.52   157.21  -137.44    85.31    60.04   156.01    49.81     0.00
 225    0.000    175.65  -138.32    38.92  -168.45   114.97  -146.70    23.19    60.50   -48.04   -59.06   -33.75   -68.06    -8.65    57.13     4.50  -160.45  -176.93   -87.09     0.00
 226    0.000   -179.85  -139.15     9.67  -160.52  -119.36   -60.22   171.58    61.34     6.55   -76.89   -40.91    57.99   -23.46  -161.91   166.79   -80.95   126.74  -155.64     0.00
 227    0.000    160.52  -155.79     6.77   -73.06    20.05    55.71  -164.90   -62.36   -28.05    49.57  -150.21   -78.11   136.80   -72.62   -30.94  -159.01  -125.87   -71.18     0.00
 228    0.000    100.73   -70.75   136.92   -77.80   -65.22  -162.28   139.65    49.51    40.66  -144.88   166.02    55.37    30.68   -64.16   160.96   -65.27    98.95  -157.85     0.00
 229    0.000     95.75   -68.19   158.53   -68.34   170.84   -50.70   -40.26    53.58  -160.00  -157.51   -47.68   -73.06   132.14   -79.93  -152.17  -137.27    66.00    62.11     0.00
 230    0.000   -176.43    54.76  -143.37   -74.19    65.16    50.55    35.38   -68.86   -30.07  -162.23   150.66  -155.94   153.37  -149.11   156.89    53.37    41.72  -162.76     0.00
 231    0.000    -53.00    61.06   -58.51   -71.27    76.19    57.69   172.81  -156.78   137.36   -84.15   150.00   -76.08    51.67    57.73     1.60    64.43   163.47  -157.03     0.00
 232    0.000    138.17  -153.60   138.02  -159.92    24.26    49.56  -145.89    55.09     0.63    59.87   166.01    58.10    21.75   -76.10   -70.40    46.90  -154.24    58.07     0.00
 233    0.000     85.77  -172.47   -30.39  -163.01  -141.67   -55.10   -27.78   -66.35    76.76   -87.06  -173.82  -119.38   -36.98  -158.21    53.62  -157.52  -165.86  -149.63     0.00
 234    0.000    -73.95    55.10   176.72   -81.81    27.46    55.05    15.00   -69.32    14.05  -158.47   121.56   -74.46    69.51  -139.58  -117.81   -60.88   146.70   -89.22     0.00
 235    0.000    -77.93  -145.59   147.28    53.58  -152.08   -76.15     8.26  -142.65    54.74   -65.04   -28.95  -163.99   162.59   -61.38   -30.77   -96.48   128.70  -156.50     0.00
 236    0.000    143.81    61.38   -39.47  -143.51   165.80   -59.99   128.47  -113.32   -52.07  -156.80    38.86    44.04   -99.61  -129.80    28.28    63.14   -26.28   -75.06     0.00
 237    0.000    148.85   -70.99    19.79  -154.56   146.17    60.13   121.65    59.95   -21.79   -76.05    36.96  -164.92   152.53   -72.88   -25.28    63.74   -35.06    52.01     0.00
 238    0.000    153.00   -60.15   -31.40  -116.91   -15.10   -92.80   147.73   -81.87   -29.97  -156.92    -8.52    54.42    45.50    60.70     4.49  -146.71  -108.82  -159.07     0.00
 239    0.000    173.35   -72.01    54.63  -153.36   126.84    52.75  -158.71   -77.01   148.41  -141.65   134.90    57.80   -42.52   -65.66   128.05  -140.61     7.73    69.13     0.00
 240    0.000   -162.13   -68.26    26.12  -148.85   134.07  -157.80   144.47   -86.85    72.92   -74.52    61.26   -55.14   -40.88  -127.25   -26.76  -152.59   156.76   -85.52     0.00
 241    0.000    116.83    56.96   168.74  -160.31   155.91  -149.52   117.61    65.87   136.47    49.67    25.87  -104.01   123.52   -74.69   178.03  -150.48   153.82    60.62     0.00
 242    0.000    -87.10   -56.46   132.12  -167.09   178.65    52.62    55.07   -53.55   144.62   -73.12   133.52  -146.41   -13.41  -149.51   164.08    54.92  -156.77  -131.83     0.00
 243    0.000    165.59    60.49  -176.50   -67.86    -7.59   -57.12   -41.86    54.89   -72.93    51.43   -96.98  -138.30   152.10   -61.29   -33.99    57.03   -26.41    59.33     0.00
 244    0.000    125.46   -72.50   176.46    61.79   -23.49   -93.66   148.93   -64.83   170.44    62.43    49.02  -139.50   142.75   -56.92   132.47    57.28   -20.82    50.47     0.00
 245    0.000    157.42  -155.99   -98.07  -114.32   -59.86    50.45  -106.59  -155.88  -177.16    66.16    10.53    54.02    35.57  -141.62    15.78   -64.04   119.16  -108.96     0.00
 246    0.000    161.20   -55.44   155.98    62.48  -147.41  -156.58  -167.34   -78.06    51.83    56.97    90.02    63.82   -29.55   -64.89   116.32  -168.56   174.40  -130.53     0.00
 247    0.000     63.80   -79.74   119.16    53.53  -169.16   -52.06   136.05   -55.10   -38.23  -111.74   -56.38  -164.55   153.33  -146.67  -142.03   -87.88   -12.31    57.82     0.00
 248    0.000   -128.39   -65.58   -34.94  -144.80   -70.35   -70.15  -161.08    63.16  -159.65    63.61   -79.09  -144.98   160.67    55.18    33.25  -148.20   141.15   -77.09     0.00
 249    0.000     87.63  -154.48    59.30    57.94   164.27  -155.37    44.92    57.52   -94.50    62.46   -66.54    50.08  -150.86   -69.57   -32.43  -160.23   144.49  -150.74     0.00
 250    0.000    129.79  -162.20  -159.24   -58.92   151.15    54.29  -140.85  -141.10   168.56   -90.32   -40.85  -139.30   126.98  -163.62    46.89    67.65  -150.69   -78.98     0.00
 251    0.000    -56.21    55.18  -165.01   -70.64   -10.12  -144.06   -80.34  -138.65    25.15    49.97  -119.40    48.40  -131.04   -69.56   -29.23    54.98   -68.33    53.20     0.00
 252    0.000    170.35   -68.52    29.28  -160.61   -45.84  -156.21   172.55  -157.37   171.67  -108.51  -102.89   -72.65    53.17  -163.95    11.44   -81.75   -28.67  -137.99     0.00
 253    0.000     96.40  -145.44   151.48   -66.77   -19.44  -157.25   172.14   -65.39   116.59   -77.96    41.38  -162.46   167.57   -60.95   -31.61  -164.66   -49.02   -76.97     0.00
 254    0.000    -74.28  -147.44   -45.45   -70.28   159.05   -71.53    33.36  -130.55   107.03  -163.07    73.24   -62.91   -40.03  -133.27   135.87   -86.00    -4.21   -79.80     0.00
 255    0.000    169.55    62.45    52.87    64.80   168.48  -170.15   -33.44    60.86   -31.33   -98.35  -111.14    56.40   179.83    63.03   -27.87  -155.68   149.39    51.37     0.00
 256    0.000    -68.54   -74.18   144.31   -85.42   -52.12   -61.78   -39.70   -74.45    68.15  -121.77   170.45   -96.78   -28.15   -60.03   170.09    64.42    29.61  -101.57     0.00
 257    0.000    120.69  -158.05   -54.85  -156.36   158.93    49.52    37.06   -66.06   -86.63  -160.70   149.33  -151.17   -47.05   -99.42   -26.04   -66.89   151.79   -85.18     0.00
 258    0.000    -58.33   -63.72   167.19   -62.22   154.21   -72.55   158.97  -161.11   153.00    56.23  -170.59    55.38    24.68   -67.25   112.43    52.55    26.79  -149.13     0.00
 259    0.000    168.41   -61.97   145.58  -165.53    85.01    52.50  -139.19   -73.14    74.63  -122.25   158.63    64.71   150.84   -79.63   178.56   -60.17   -10.72  -143.54     0.00
 260    0.000   -160.78    63.86   -55.54  -144.25   164.44  -139.18    -0.44  -157.87  -168.92    55.77  -119.14  -143.75   139.13  -144.11    40.73    52.11  -137.54    53.43     0.00
 261    0.000   -146.06    53.68  -152.26   -70.15   115.91  -155.52   -61.05    59.92   -23.85  -148.01   167.90  -155.83   158.97  -148.86   165.77   -86.21   -90.81   -66.08     0.00
 262    0.000    142.58    52.23  -162.99  -147.13   133.11   -92.47  -165.86   -68.13   -38.01   -77.91  -168.17   -65.91   -45.25  -160.15  -140.54   -64.77    -2.26  -135.39     0.00
 263    0.000    168.13   -63.00   -38.74  -153.04   165.54   -56.91   132.89  -120.14    10.46    49.43    65.18  -149.23   146.10   -66.82   108.19  -161.81   162.03   -83.33     0.00
 264    0.000     75.34  -162.34   170.78   -72.59    30.24    54.70   -91.65  -157.00   -41.54  -142.41  -107.78    55.85  -132.89    57.87    26.25  -146.95   -53.12  -145.87     0.00
 265    0.000    136.20    57.99  -168.52   -54.31   -58.55    41.59    29.38    51.23    25.09   -72.28   158.67  -132.57   143.05   -79.82   -36.53  -150.95   156.94    57.45     0.00
 266    0.000   -101.93   -78.65    35.47  -150.80   -50.41  -157.71   171.42   -72.72   121.41  -174.04   -31.01  -154.96   137.88  -162.69   143.04   -78.76    74.86    71.11     0.00
 267    0.000     45.93   -68.76   143.09    56.92    10.64   -60.93   134.31   -75.88     5.59  -155.23   161.65   -72.95    43.92  -154.61   102.94  -155.61   171.95  -128.17     0.00
 268    0.000    -81.85    46.76  -101.28  -151.82    54.12  -155.79   157.99   -68.64   150.97    48.39    48.60   -76.28    50.04    71.19     8.03  -142.86    22.52    56.06     0.00
 269    0.000    169.52   -60.57   178.34    67.93    24.43    61.87  -175.38    62.78   -33.39   -64.70   149.00   -58.92   126.63  -142.09   -56.47   -77.17  -179.40   -60.85     0.00
 270    0.000    157.42    51.93  -144.09   -77.10   133.53   -68.11   157.17  -158.52    32.31  -149.11   142.35    56.48    25.88    59.46    12.09   -76.71   -42.92  -163.70     0.00
 271    0.000    137.16  -154.22   161.64   -62.44   104.83    54.15   -78.52  -138.42    -4.32   -66.42    21.11  -138.53     3.97   -83.03  -158.24   -69.34   172.24   -56.94     0.00
 272    0.000   -153.16   -64.90   165.46    61.53   -70.58   -73.44    94.63  -147.11   173.44    55.89  -161.19   -61.11   173.38   -53.85   -27.15  -130.59   125.45  -170.25     0.00
 273    0.000   -160.05   -79.59   157.06    48.88  -133.50    56.39    32.49   -71.14  -178.44   -62.42   -19.39   -14.57    88.43   -83.67   -12.99  -150.74    36.65    67.77     0.00
 274    0.000   -163.38    58.10    16.61    59.89   -84.47    55.99  -163.15   -75.16   120.20   -57.24   134.51    57.37     9.99  -144.84    56.58  -139.60    77.17    58.44     0.00
 275    0.000    133.21    50.15  -171.31  -120.68    63.62   -67.88    -1.72    56.12  -158.93   -71.10    58.76   -66.95   -23.34    67.13   -32.23    49.97    90.60   -84.71     0.00
 276    0.000    179.50   -64.06   -17.35   -64.96    74.56    59.71   -69.39    56.16   -88.72   -72.33   -30.50   -74.51   176.83    61.57   170.58  -136.54   -11.62  -154.42     0.00
 277    0.000    -76.25  -152.18   109.34  -162.03    26.92    53.00  -163.15   -80.83    36.44    56.24  -103.72   -73.46    81.87  -154.65   156.99  -116.49   118.24    58.76     0.00
 278    0.000    151.20    59.57   -62.46   -85.45   161.96    45.21    50.34  -172.38   -45.86  -151.28   108.46  -160.41   155.64   -67.13    27.44  -157.34    -3.18    52.43     0.00
 279    0.000   -176.91   -72.34    74.62    62.66   157.38    61.46   165.32  -140.97   -13.62   -57.52   -30.69    57.90     8.78   -74.19    44.68   -76.91   -31.05  -155.64     0.00
 280    0.000    130.44   -57.08   158.72  -146.11   163.13    54.97    13.01    57.67    -8.93   -70.05   -10.46  -123.93   157.01  -155.45   155.57    53.32    39.92  -151.49     0.00
 281    0.000     75.43    58.36   134.04    58.07   147.80   -69.16   -17.62    65.12   -42.96   -70.89   -65.22    60.45   -66.14   -71.27   161.71    53.02  -130.37  -147.38     0.00
 282    0.000    164.00    60.41   -37.17   -69.26     3.25    60.45   -50.34   -62.89   -21.00  -138.34    83.12  -165.01   168.38    66.14   -71.87   -74.54   -46.04  -165.54     0.00
 283    0.000    115.18  -173.36   161.85   -75.30  -169.09    59.23    17.54  -140.32    13.80  -148.25   -61.18   -87.71   133.23  -159.16   137.14    56.64    10.42  -158.11     0.00
 284    0.000    107.24    54.49    29.24    60.18    -8.84   -73.60   -31.51   -61.03   149.51   -71.03   146.56  -135.60  -131.38    54.75    28.40  -134.80  -176.01   -70.54     0.00
 285    0.000    -64.96   -83.12  -126.14   -61.27   151.84   -74.43   129.83   -74.08   175.24   -75.13  -105.40    52.65    53.63   -52.23   -30.82  -147.90    39.15  -147.88     0.00
 286    0.000    -58.10  -143.46   130.40   -85.13   139.43  -165.79   -49.14   -62.97   -18.78  -150.55   153.07   -69.82   156.38  -138.70   164.66  -156.45   155.20    58.60     0.00
 287    0.000    164.68   -77.07   -15.24  -150.67   177.02   -54.56   -33.59  -142.96   -38.59    54.76    34.20  -149.59   159.44   -68.14   -50.34  -158.83   -56.72   -80.62     0.00
 288    0.000    150.21    53.94  -179.38    56.15   -99.34   -65.90   -15.41    62.59   -72.65   -89.57  -139.58   -79.79   -46.86    50.16    41.64   -77.50   -44.75  -139.05     0.00
 289    0.000    -90.18   -56.74   137.91  -175.13   143.95    51.97  -110.00    52.69    31.42  -153.88   136.53  -156.88   157.83  -154.51  -174.42   -71.41    85.35  -162.25     0.00
 290    0.000    159.66    54.30  -140.79   -56.17   140.23   -77.78    90.03    52.02  -127.43   -63.25   -23.45    58.07   -75.78  -150.45   -53.01  -158.53   139.15  -160.95     0.00
 291    0.000     80.16   -77.20   -18.91  -152.02  -176.04  -145.19   154.07   -71.81    70.12   -58.01   -44.26  -141.02   129.42  -141.14    46.76  -150.35    59.51    68.91     0.00
 292    0.000     78.54  -162.41   -14.69    62.27   141.74    47.78  -116.53    66.01   156.51   -63.40   -25.23   -51.59   -38.61  -134.44    33.95   -72.35   139.03  -159.78     0.00
 293    0.000    172.04   -86.61    41.43   -48.12   154.79  -132.15   160.11    56.42    34.13    63.62  -150.86    55.57  -170.15  -150.16  -175.66    56.31    28.40  -143.08     0.00
 294    0.000   -165.30    59.63    24.45    55.62   -78.28  -149.40    20.46   -80.08   -15.00    52.15  -129.47    58.56   -84.01   -71.56   -37.46   -95.68   173.52  -141.85     0.00
 295    0.000    144.83    62.65   145.77   -82.88    66.60   -73.19    52.24  -163.83   142.68   -97.97  -143.13   -57.11   -25.57    54.89    32.97  -140.11   143.52    50.10     0.00
 296    0.000    -59.74   -55.13   148.00   -70.77   -50.73  -146.26    -4.92   -71.39    43.59   -64.96   -16.46   -59.31   -27.51    59.89   -88.27    51.25  -140.68    65.46     0.00
 297    0.000    161.53    54.43    25.63   -70.28   155.34  -145.28   162.74    61.03   -72.75    60.26   -45.98   -79.84   134.13    54.49    30.89  -151.50  -177.33   -60.36     0.00
 298    0.000    135.76  -149.76  -149.67   -64.55   124.18    58.46   167.44   -60.29   -28.21    61.44   -14.01  -133.81   143.17  -148.71    37.00   -73.93  -152.35   -63.09     0.00
 299    0.000    144.39    56.19    81.03    59.44   171.39  -163.00   143.84    54.43    35.69   -67.83   -77.69  -172.24   -58.42  -166.08   -31.76  -156.93   -48.53   -77.81     0.00
 300    0.000    108.06    56.91    15.35  -164.84   160.27   -57.20   -20.51   -68.28    53.24  -150.85   -29.06  -150.35   -92.02  -154.28   -47.39   -79.45    55.86  -124.32     0.00
 301    0.000    117.66  -171.82   -48.49  -150.80    44.13  -127.97   138.22   -88.72   134.03  -150.16    59.84   -58.50   -44.11  -160.51   -60.83    56.42   174.27   -85.51     0.00
 302    0.000    -60.34    60.61   -27.00    60.33   -21.40   -71.25   168.16   -92.23   164.71    60.86   178.79   -65.43   -27.94    53.57  -147.59  -133.09   -72.56   -77.32     0.00
 303    0.000    138.57  -152.74   165.36   -57.37   -50.16  -165.69   155.49   -79.29    -9.86    51.54   -96.94   -72.72    46.14    60.36   -25.66   -67.71   -73.83  -163.51     0.00
 304    0.000    172.02   -74.51    54.02    57.74   -13.61  -124.65    21.78   -79.55    79.92    58.48   167.53   -74.93    37.19    56.94   -25.49    53.12  -140.06   -68.38     0.00
 305    0.000    159.07   -63.75   157.33    52.11    48.75   -58.90   -27.51    56.01    15.00  -166.39   125.90   -72.59   -33.93    59.71   -21.09  -155.66   137.33    51.69     0.00
 306    0.000     94.26    59.00   -83.85    55.48    32.69    53.13    27.89    62.59   -30.74  -168.09   174.16  -139.92  -118.00  -129.03    29.80  -147.07    47.00    55.46     0.00
 307    0.000    -61.32   -66.85   175.46   -63.23   121.48  -137.60    19.87   -67.40   -56.68  -168.28   157.84    59.09   -21.64   -68.24    -1.13    65.15   -25.89  -151.09     0.00
 308    0.000    142.21   -81.12   166.61   -59.16   -45.67  -108.33  -174.11   -55.55   -45.55    49.07    36.41  -159.29  -176.96   -61.49   -38.51  -149.51   -35.11  -160.15     0.00
 309    0.000    -71.43  -146.39    98.72  -154.44   167.46   -71.80    67.54    65.08   -29.17    63.10   -74.70  -146.14   145.72   -87.04   -41.51  -156.22    24.88  -158.90     0.00
 310    0.000    135.92   -67.49   -16.51    64.97   -41.14  -156.48   115.15  -160.89   153.23  -135.54   -32.35   -76.98    70.71  -142.34   168.89   -65.87   -21.08  -170.05     0.00
 311    0.000    141.17  -145.39  -143.95   -65.22   -32.11   -65.41    90.60  -148.94   123.02    59.63   -53.60    58.17   -69.81  -147.03     6.83  -129.77    19.14    57.50     0.00
 312    0.000   -176.94   -64.94   -38.18  -147.33   -70.79    46.60    83.88   -65.90   -20.24  -144.67   155.49  -151.91   -48.97   -82.39    28.12  -160.65   178.51   -61.55     0.00
 313    0.000     59.03  -159.04  -177.24    57.96  -176.24   -76.61    94.86    57.33   -59.30  -148.63   -38.56    59.73   -38.03  -103.32  -112.24    65.35   169.69  -153.21     0.00
 314    0.000   -176.61   -70.48    36.56  -135.24   -85.15    56.85   -23.96    47.30    47.76    60.90   117.59   -69.63  -179.25    62.54   -31.41    36.65  -102.73  -149.87     0.00
 315    0.000    148.59    63.62   -41.24  -113.33   163.20  -157.63   -25.41   -79.16    74.48   -60.42    -8.48  -146.86    51.48   -46.55   -37.54  -146.80    29.74    62.18     0.00
 316    0.000    -58.42    69.17   148.89    53.32  -152.84   -81.94   -22.19  -160.16   -32.74    51.20  -137.31   -62.89   131.40   -74.82    43.60  -154.72   154.68    60.82     0.00
 317    0.000    171.22  -132.95    32.58    56.99   -25.60   -56.67   168.18   -71.67    80.13    60.23   -62.26    59.00   159.21  -152.90   153.42    57.91    14.47  -135.85     0.00
 318    0.000     53.73  -162.59   146.90  -152.63   140.79   -81.86   -31.44  -157.07    -7.20    52.38    39.02   -57.84   119.71  -166.76   174.13  -140.74   162.53  -159.22     0.00
 319    0.000    -60.10    51.40    37.69  -153.15   -66.63   -68.98   146.78   -95.74   -22.29  -132.38   -45.51  -129.63   148.27  -158.09   128.27    53.65    36.97  -153.36     0.00
 320    0.000    -53.77  -148.89   147.57  -153.05   143.73  -107.46   -14.01  -139.86   172.59   -69.49    15.17   -66.40   157.38    58.15  -175.31  -147.42    22.94  -156.20     0.00
 321    0.000    -64.01   -68.06   157.41  -158.04  -172.45    64.90   164.69  -132.66    -0.80  -157.52   -59.24  -146.05  -178.88   -71.99    55.36  -128.04    52.35  -160.55     0.00
 322    0.000   -174.60    56.51    25.10   -66.68   158.40    60.39    66.40   -66.48   110.48  -139.87   -31.09   -57.77   -28.93  -149.50  -175.34  -145.12   153.84    58.91     0.00
 323    0.000    -66.67   -72.90   -50.10    54.75    24.16   -79.13   155.82    52.48    23.74    56.12   -46.75  -151.55   -43.30  -146.79   -35.38  -156.58    36.97    86.94     0.00
 324    0.000    -94.82   -54.46   157.20  -103.57     7.37    56.46  -156.78    54.90    21.37   -84.07  -167.91  -139.45   -37.53    60.28   -75.57    47.28  -120.81  -144.96     0.00
 325    0.000   -171.61    61.78   -20.35   -66.44   128.17   -82.93    65.58    56.64    19.57   -71.63   153.79   -60.62   146.42   -81.38   151.08  -147.63   169.57  -150.22     0.00
 326    0.000    142.72  -153.57  -172.01   -64.71   -10.87  -158.24   158.32  -156.12  -142.40   -59.03   -20.88    63.87   -45.05   -95.58  -126.82  -150.98    63.58    69.42     0.00
 327    0.000    102.69    61.33   -31.94    61.72   -48.05  -160.77   168.58   -63.13   125.16    52.79    57.68   -72.17    67.52   -62.18    -4.39  -141.06   161.52    59.21     0.00
 328    0.000    114.10    51.97  -135.39   -75.21    38.69    49.90    45.04   -65.82   -63.22  -153.70   150.13    56.83  -166.99  -136.81  -142.79   -63.51   -46.83  -114.27     0.00
 329    0.000    -80.42   -60.94   120.36   -81.62   -22.37  -151.73   139.84    54.94   -65.00  -153.40    -1.29  -153.16  -123.97    60.87    19.91  -132.11   106.54    61.57     0.00
 330    0.000   -153.88    53.00  -162.97   -69.24   -15.24   -65.58    97.86    58.58   -21.09   -79.58    98.47    57.85     4.06    58.95   -71.29  -164.40   -44.67  -150.83     0.00
 331    0.000    139.15    57.09   176.81    52.20  -107.71    57.66  -154.94    62.57    -8.51   -74.40    46.67   -63.82   -27.14   -79.13    23.06  -152.20  -175.55   -73.76     0.00
 332    0.000    -68.65   -76.62   100.73   -76.64    38.57    60.20   -16.41  -160.84   173.62    61.46  -154.89   -59.48   153.24    53.37    44.54   -73.82    62.28  -155.63     0.00
 333    0.000    147.83    51.48    58.16    59.27  -125.88    52.34    24.55   -77.35   -26.83    49.26    22.15    47.42    47.03    61.87   -57.28    58.55    15.72  -156.77     0.00
 334    0.000   -170.36    59.09   169.33   -76.11    26.29    52.21    27.95    56.20   -89.18    49.68    49.26    65.69    -4.84   -68.60   146.79   -69.84   -18.44    37.54     0.00
 335    0.000   -150.01  -164.07   -38.56  -139.72   167.38    64.03   139.25   -66.40   148.99   -68.24   147.88  -152.75    33.94   -73.62   -32.84    60.69   165.41    53.10     0.00
 336    0.000    -55.39   -57.37   167.42  -145.41   -61.42   -69.89   155.62  -153.23   -56.62    57.78   -77.32  -154.32  -156.88   -73.18    61.99    63.38   155.46  -159.97     0.00
 337    0.000    131.69   -68.10   148.65   -59.53   125.20   -74.49    25.47   -54.94   -47.81  -158.32   -44.56  -146.46   179.12    71.69   153.95   -86.75   -12.92  -153.08     0.00
 338    0.000    -74.82   -80.15   160.71  -155.47   170.52  -150.49   162.29    55.81  -165.79   -66.07     5.93   -77.15   -48.34   177.83    74.39  -142.78    18.44    62.53     0.00
 339    0.000   -125.64  -119.60    17.75  -106.48    85.43   -75.34    13.21   -73.62   155.39   -78.60    70.51    49.06  -136.52  -115.02     4.00  -137.34    33.22  -159.58     0.00
 340    0.000    168.25    58.91   165.51  -161.28    21.62    53.48    22.35   -72.00   -35.71    55.73    71.92   -74.12  -170.65   -55.50   -17.90  -128.47    39.08    68.87     0.00
 341    0.000    143.40    55.12    26.89    46.40  -121.81   -84.97    24.22   -71.90    56.11    54.43   -67.73  -151.63    37.93    50.91    57.44   -74.85    64.32    67.74     0.00
 342    0.000    -67.07   -75.67    29.76  -133.90    13.11    49.83  -161.20    53.44  -156.43   -81.35     6.76    59.01   165.09  -138.50  -170.57   -67.41   -50.97  -150.35     0.00
 343    0.000   -177.52    57.28  -178.67    53.00    14.30    49.88    26.68    47.82    33.38   -68.54    20.48  -151.66   141.16   -61.01   136.72  -127.57   144.47  -155.98     0.00
 344    0.000     48.15  -168.34   -50.02  -155.58   116.81  -162.38   142.77   -70.63    84.99  -151.90   169.99    52.06  -139.10   -81.55    23.29    51.41    26.94  -167.88     0.00
 345    0.000    170.02  -146.52  -100.36    61.93   -37.96  -130.53   164.91    59.64  -160.16    58.92    18.32   -75.87     8.59   -67.78   117.29   -69.17   -25.19  -149.17     0.00
 346    0.000   -131.43   -73.24   150.42   -74.19    -9.86   -72.27   176.47    58.43  -130.76   -68.79    18.36   -62.06   157.63    57.72    -2.62    57.73    44.93    68.36     0.00
 347    0.000    156.40    58.17    -4.37  -122.16   164.38   -70.12    95.43    59.29   150.65  -153.00   -70.33   -82.82   159.95  -162.65   -39.40   -69.21   160.53   -54.07     0.00
 348    0.000     59.56    55.92  -177.05  -155.25   -48.52   -73.05     9.29  -143.73   138.65   -73.31   135.00    54.79   -96.71  -143.55   129.04  -161.70   104.75    51.36     0.00
 349    0.000    117.51   -76.54    71.90   -71.72    51.91  -168.83    -8.24  -154.62   143.05   -77.17   147.99  -145.49   151.81   -68.43   -13.94  -149.20   164.56    49.14     0.00
 350    0.000    131.91  -156.71   165.34    47.41  -110.91   -57.75   -21.69   -63.80   -20.67    62.54  -176.72  -132.19   168.71  -149.67   -69.02  -155.98   118.12  -166.88     0.00
 351    0.000    161.07   -71.64    58.38  -155.39   -23.52   -74.82   -65.91    47.52    27.44  -151.08   158.69    53.04    39.14    60.43   -61.02    48.66    47.00   -66.05     0.00
 352    0.000    136.54  -146.85   127.19   -90.10   154.95    57.59   -97.06    59.72   -27.19    55.64    35.23    68.04   141.78    53.63  -112.67    59.29   -14.63  -138.73     0.00
 353    0.000    -60.48  -125.65   -41.68  -166.25   -63.63    59.86   -56.08  -159.42   165.50   -68.82    60.30  -151.80    24.20  -158.36   140.39  -167.68    78.56    60.50     0.00
 354    0.000    -61.56   -67.10   163.67   -72.53    48.17  -148.49    28.57  -148.18   172.82  -156.54   165.21    60.79  -175.25   -67.30   -30.98    52.49   -97.77  -135.97     0.00
 355    0.000   -149.42   -75.49   -36.21  -130.75  -136.69   -58.54   140.89   -78.13    -3.02    59.47   176.12    52.66    33.26   -70.29   -28.95    63.59   127.71    53.90     0.00
 356    0.000    178.46  -147.00  -167.67  -136.22   161.39    55.95    -1.44   -77.77   -14.16    60.45   -53.58   -59.39   136.55  -150.69  -160.27   -77.23   -22.85  -155.70     0.00
 357    0.000    102.91    52.02  -172.10   -58.20   -22.86   -67.98    26.91   -66.46   173.66   -70.16    45.64   -74.36    46.76  -145.28    44.81  -152.65   165.52   -71.38     0.00
 358    0.000    -54.77   -58.45   153.58   -88.04   -33.18    55.95  -173.83  -165.42    37.39    61.37   -73.52    41.17  -104.17  -130.27    25.19  -148.91     9.38    60.95     0.00
 359    0.000    145.41    59.34    20.76   -80.50   151.51    54.76  -111.29   -66.75   -20.52    54.54  -115.98    49.32    47.67    63.49   -16.67   -72.30   177.58    55.17     0.00
 360    0.000    135.78    53.39    34.28   -75.05   165.94  -143.43   151.87    49.05  -109.34   -76.71    -8.79    60.07   -72.10  -160.14   149.92  -147.11   -69.58   -73.88     0.00
 361    0.000     96.44   -60.96   111.54    56.33    28.05   -58.75   136.72   -78.29   -72.42   -67.08   -63.52  -160.26   141.17   -73.34  -165.62   -74.73    47.52    59.48     0.00
 362    0.000    -29.60    59.72   -74.59    50.26  -132.10   -70.74   128.16  -146.85  -178.76  -147.78  -172.84   -56.71   -32.20    61.52   -38.69    54.66    56.88  -155.29     0.00
 363    0.000   -100.18   -72.51  -128.57   -61.94   179.10   -61.86   152.72   -78.33    60.82    57.11    89.73    61.12   -64.91   -72.07   161.77  -151.19    31.19    73.10     0.00
 364    0.000    120.83    58.81  -172.26    51.17  -144.23   -56.81   -41.39  -163.34   -31.66  -132.45   133.09   -72.92    64.34  -148.94  -142.16    57.68  -133.12  -143.71     0.00
 365    0.000    167.00    63.41   -29.73   -69.40    20.25  -154.16   143.46   -59.55   -36.05   -90.74    41.74    59.93   -21.70  -158.87   -39.82    51.48    68.86    67.94     0.00
 366    0.000   -129.58    70.25   138.11  -171.52   -27.86  -161.53   179.13   -68.92  -108.17    52.03    42.65  -117.06  -152.80   -55.84   -32.54  -141.55   -57.93  -139.40     0.00
 367    0.000    153.96    56.76    43.04    64.79   161.71    59.43   -10.41  -153.67   136.66  -154.55    -1.20    55.02   -70.14  -143.02    85.41    55.37    38.65  -132.70     0.00
 368    0.000    138.22  -159.51   166.97   -55.03   -49.60  -159.42   -31.07   -61.40   101.96  -160.59    33.63    64.06   -40.53   -77.61    30.34   -73.09   112.58  -149.38     0.00
 369    0.000    173.99  -111.49   156.65  -135.39    40.65   -77.36    62.74  -150.16   152.23   -69.16    -6.78    66.09   -72.48  -154.75   152.90    52.78  -153.34    45.02     0.00
 370    0.000    127.27    60.86   148.87    57.40  -179.69   -72.87  -125.14    63.39   -14.11  -102.85   171.99   -62.09   119.12  -154.85   179.31  -146.37   -61.71  -106.37     0.00
 371    0.000   -134.16    61.32   129.79    62.00   -31.15  -152.50   160.55   -65.27   -31.65    52.79    31.74   -88.39   179.31  -140.80   -48.22  -122.27   -25.25  -127.60     0.00
 372    0.000    -78.43   -79.43   168.40   -73.52    88.90   -74.54   -35.46   -89.72   129.49   -68.39     7.10   -65.75    98.31   -65.14   -54.03    48.28  -137.11  -146.89     0.00
 373    0.000    148.78   -72.23    59.24  -155.33    10.16  -163.02   169.94   -59.80   -17.56   -57.71   113.79    60.61   -24.05   -72.88    -0.13  -150.68   170.84  -133.90     0.00
 374    0.000    151.86  -150.41   120.01   -82.09    53.04  -147.82  -118.59   -58.30   -35.74    60.49   -49.66   -60.26   -32.68  -135.39   -90.79  -158.22  -133.60   -76.59     0.00
 375    0.000   -134.11   -59.79   155.57  -152.57    70.91    48.66  -158.57  -146.40  -135.72   -62.24   -20.94  -112.93   160.61    58.62    -1.59    62.30   170.44  -164.57     0.00
 376    0.000    125.41   -67.04   -41.41    54.91  -168.44   -77.10    36.17  -144.58   178.19   -75.54    52.56    55.63    84.15   -51.33   -24.57  -155.93   -44.95  -162.63     0.00
 377    0.000    129.93  -160.08   147.78   -72.08   127.57  -155.20  -100.55    53.33    46.60   -75.67   138.07    40.35  -103.23   -76.91    65.72   -72.88    54.55   -70.97     0.00
 378    0.000     84.97  -156.86   -23.69  -109.14   113.15   -74.17    96.14  -156.69   157.35   -58.33   -27.32  -147.20   165.68    59.14    51.07   -60.73   -23.31  -145.75     0.00
 379    0.000    135.20    57.22   -94.70   -56.71   157.27    55.64     9.92   -75.38    62.83    49.54    46.52   -70.16    95.21   -76.23    83.03    60.29  -174.51    65.83     0.00
 380    0.000    -46.94    63.76   -37.47   -55.50   114.22    53.15    27.04   -63.55   -12.98    53.30    21.28    53.47    19.23   -78.06   -28.66   -63.65   145.26  -149.50     0.00
 381    0.000    135.20  -152.70   163.05   -88.17   -33.59   -65.59   141.71  -143.90   -51.90    59.83   -33.05   -97.97    -1.35   -77.54    76.85   -68.30   -22.61  -152.83     0.00
 382    0.000    -68.04   -65.27   168.67  -110.96   132.00    61.70   -58.39    55.61  -130.20   -60.41   164.22   -73.46     1.04    59.36  -161.24    62.35     9.95  -155.85     0.00
 383    0.000    -70.86  -141.73  -146.15   -82.97  -167.46    57.10    22.58  -100.11   -10.95  -146.44   131.55    48.88   -89.22  -156.26   -40.20  -120.34   131.23  -163.48     0.00
 384    0.000    152.12    62.12   153.87    54.44   -11.62   -71.81    84.45   -60.80   -24.03   -66.06   -20.37    50.85  -143.46  -135.63   159.94   -63.14   -36.37  -156.26     0.00
 385    0.000    -44.86    68.62   136.97    57.20   -64.54    70.97   132.03    60.14   -41.40  -159.53  -176.45   -93.30   -62.19    50.16  -112.29  -150.08    29.76    67.35     0.00
 386    0.000    -64.89    61.78   -81.84   -59.27   -23.36   -65.41   -14.36  -149.28   -23.97  -156.42   171.44   -87.74   -90.82    58.90   163.38    47.48  -122.16  -148.63     0.00
 387    0.000    121.49  -164.87  -163.77   -58.30   -47.85    59.38   178.69  -150.00   152.55  -156.68   -38.14   -68.18   169.46  -142.01   159.59    63.22   -59.00   -93.03     0.00
 388    0.000    120.93   -57.65   -38.56  -150.51  -147.84   -56.84   122.77    70.74   139.43   -72.54    86.80  -135.23  -159.38    57.57    24.19   -71.99   150.44   -79.33     0.00
 389    0.000    118.97    60.54   176.15    61.57   -61.26  -157.08    17.56  -104.60     8.23  -145.66   162.60  -141.98   174.80  -136.29   143.59    62.73   -78.58   -80.78     0.00
 390    0.000     85.67    55.70   179.05  -147.24   165.78   -74.92   166.56  -139.88   175.14    59.67   -11.00  -148.17  -174.78    56.02    26.11   -71.75   176.94    60.48     0.00
 391    0.000    144.51  -151.34   147.30  -147.25    33.48  -153.85   -47.08  -158.72   149.79  -157.22   135.88   -86.98    67.93    64.22   161.26  -150.93   -75.63   -91.51     0.00
 392    0.000    141.89   -67.35   155.61    58.07     7.83   -90.49   133.58   -80.60   113.57  -161.51   104.11  -146.59    29.16    60.17   -47.38   -72.91   157.54    53.76     0.00
 393    0.000    174.03  -123.04    -0.27   -56.08   -28.11   -77.15     2.17  -158.37    72.22   -57.04   -13.99   -59.15   -28.03    46.99   -97.05  -153.61   -43.00  -140.11     0.00
 394    0.000    140.88  -154.04    48.90    57.69   -94.52    55.36  -140.51   -63.83    93.80  -136.96     2.29  -146.97    36.49    61.95   120.70  -147.01    65.11    53.21     0.00
 395    0.000    131.83    52.77    23.15   -80.03    55.51    63.86   158.02   -60.01   -29.58   -61.02   -17.87   -62.91   -25.41    49.43    36.06   -76.80   173.13   -89.08     0.00
 396    0.000    175.23  -104.35   -69.99    53.10  -158.58  -155.19   156.36    66.82   139.31    59.30   161.53  -165.45   128.45  -167.53   -58.61  -157.31   -50.10    54.02     0.00
 397    0.000    -70.53   -79.26   -34.24   -68.35   144.72   -57.41   155.50   -75.98    43.74  -145.83   126.75  -148.04   167.73  -123.92   111.97    63.18   -65.56  -152.02     0.00
 398    0.000    -53.91  -151.29   158.65  -142.72   -89.53    59.80    -5.31   -74.19    66.50    60.43   -65.91    53.42    22.08   -64.66   -48.74  -158.05   129.87  -165.74     0.00
 399    0.000     67.95  -160.72   172.40   -54.10   142.75   -53.51   110.74    57.22    18.89   -64.83   136.82    58.84   -34.91   -78.41    69.68   -68.57    82.04    59.57     0.00
 400    0.000   -171.49  -157.81   -67.83   -64.05   164.69   -59.59   113.05   -87.41    88.44    54.19  -125.05    52.74    30.85    59.32   103.57   -64.62   -24.16  -149.16     0.00
 401    0.000    -75.75   -71.54  -174.03    53.31  -122.54    61.55   -10.58   -68.39   -33.02  -134.81    38.01    66.24  -103.27  -145.03  -149.75   -70.07   -77.35  -148.24     0.00
 402    0.000    155.93    59.19   177.56    63.15   -75.84    45.50    79.80   -79.64   -32.05  -153.97   170.10   -67.96   -44.89  -159.64   147.05   -93.30   111.48    61.23     0.00
 403    0.000    176.54    45.79  -112.91    55.59  -118.34    63.22   -50.37  -140.70   -13.16   -74.20   131.58   -80.41   133.07   -75.88   -26.90    52.33    31.44  -159.88     0.00
 404    0.000   -165.33    53.05    13.52    52.15    16.24   -82.11    53.76   -70.06    32.56  -164.89   -33.90    46.74    31.86   -67.15   161.09    58.93    18.11  -155.92     0.00
 405    0.000    165.13   -72.75   101.64  -157.29    -4.31    53.16    15.02    57.71     5.77  -159.76   141.39   -79.50  -149.32   -81.82  -123.94   -76.99   -44.06  -118.68     0.00
 406    0.000    107.07  -163.41  -158.61   -60.40   158.51   -53.32   -16.18  -134.57     8.74   -78.42    57.03  -157.73  -134.97   -66.15   163.19   -78.56   -38.64  -154.55     0.00
 407    0.000    -66.67  -145.20   -75.16    47.14  -105.19  -151.95    42.67  -156.67   158.76   -80.84    72.07    58.31   166.77   -72.12   119.09   -69.63   148.49  -158.18     0.00
 408    0.000    154.06    56.74   -11.08   -59.80   -12.38  -132.54    29.85    52.22    30.93    60.75    14.94  -108.17  -155.10  -104.98    19.61    64.37   -35.46   -73.07     0.00
 409    0.000    120.84    51.24  -137.79    54.86  -108.62  -166.78   173.73    53.62  -143.07  -137.44   -82.61  -169.60   148.02    50.24    54.07    60.75  -124.65    63.95     0.00
 410    0.000    -65.65   -72.42   162.31   -71.32  -175.58   -50.59   131.70   -80.40    57.44    62.67   -52.65   -58.56   137.36  -103.72  -149.26  -128.52  -125.97   -70.23     0.00
 411    0.000    154.90    46.36    49.75    54.46    69.79   -94.95  -163.87   -59.69   -21.16   -83.85    -8.46  -129.12    88.90   -75.89  -149.80    52.03    56.53  -141.56     0.00
 412    0.000    159.62  -141.71   127.64    45.01  -134.10    62.33   -26.24    51.05    48.08   -66.48     7.95  -140.64  -136.61   -58.70   146.43   -74.76    -6.84  -156.44     0.00
 413    0.000   -116.96   -64.13   166.44   -61.03   -25.54   -97.32    12.43  -143.56    45.13  -131.95    -7.59    60.20   -14.46    45.71    33.86   -85.24    62.45  -151.42     0.00
 414    0.000    -12.57    53.12  -153.94  -142.43  -163.64   -65.44    11.54  -157.93  -178.93    54.77    39.41   -68.16   174.94    61.91   -70.70    63.07   -33.14  -152.44     0.00
 415    0.000    -77.81  -153.83    42.12  -157.77   152.58  -151.98   141.38   -70.88   -37.38  -151.07   104.22   -77.20   135.85  -161.78  -165.35   -62.27   120.10  -152.90     0.00
 416    0.000    154.90   -59.80   135.30   -92.55   154.95   -61.97   100.95    59.99   -43.85  -143.25   145.70   -74.57   159.46   -73.35    63.67    60.37    -9.67   -82.26     0.00
 417    0.000     85.13    58.07  -162.57    59.25   -71.97  -138.18     3.09   -86.46    58.21    54.17   -98.64    59.99    84.59    56.44   -88.75    43.99  -115.73  -147.29     0.00
 418    0.000   -162.91   -97.54   -33.21   -67.61   158.64   -55.89   125.78   -65.70   163.25   -58.91   110.50    60.82   -33.39    57.18   -32.26    61.40   157.09    53.44     0.00
 419    0.000    136.67   -84.70   -34.00   -87.13   174.87    62.27   -17.72  -148.89   162.99  -112.07    60.17  -159.24   151.55  -145.58   120.14  -152.60   127.44    49.12     0.00
 420    0.000    152.45  -160.73   -51.67    58.00   -51.62   -82.38   -54.12  -167.08   145.07  -154.37   145.96   -66.40    99.84    60.52   134.28  -155.92   163.51    53.00     0.00
 421    0.000    141.97    52.73  -151.52    50.82    56.23    60.75     2.67    61.60   -20.70    62.77   -45.73   -84.06    77.71   -61.59   133.96  -152.71  -113.06   -70.63     0.00
 422    0.000    -58.51   -75.89    46.01    50.17  -151.53  -144.98   164.20   -76.26    34.73   -65.01    -2.52   -58.05   -23.71  -112.54   152.37    61.63   -25.59    59.82     0.00
 423    0.000    138.97    60.81   -45.64   -76.19    19.47    51.31  -111.95    52.89    42.35  -150.60   122.88  -136.96   156.28    58.24   -96.16   -67.43   -25.50    48.86     0.00
 424    0.000    -48.22  -146.87   153.49    55.15    40.01   -73.90    15.99  -127.41   132.78   -68.97   175.90   -52.71   -31.42  -133.81   137.83  -156.67  -143.23   -89.23     0.00
 425    0.000   -103.62    64.46   161.37    61.70   -59.65   -72.60    34.29    55.60  -168.58  -156.37   158.12  -130.32    32.95    45.86  -109.63  -150.66   -24.78  -150.75     0.00
 426    0.000    -61.85    65.36   136.22   -62.89   158.80   -51.97   -49.33   -98.92     7.75    49.41   -92.33    64.28   166.26  -155.90   -64.37   -74.77   152.73    51.99     0.00
 427    0.000   -176.41   -71.92    59.25  -133.73   -30.32  -155.71   172.39   -74.09    55.25    61.98   -15.99  -133.47   130.24    50.49    30.23  -143.10    28.38  -147.94     0.00
 428    0.000    -69.39   -75.71   145.64  -158.19  -103.28    51.29    43.99  -132.05   165.31   -72.87    69.89   -62.78   120.92  -148.68   167.61   -60.97   -15.16  -137.20     0.00
 429    0.000    128.39    57.37   -68.45   -81.52   158.94    61.87   142.42  -111.37  -124.69   -62.96   165.34    54.51    29.06   -59.04   -33.19  -123.95   -43.59  -149.81     0.00
 430    0.000     86.48  -161.42   156.13   -63.16   153.82    59.40     4.34   -78.90     2.41    55.59    65.89  -138.74   -83.29   -62.57   160.59  -154.07   140.50   -76.97     0.00
 431    0.000    -73.10  -102.84   -34.80    57.43   -78.86    56.88   -15.62   -63.76   -27.36    61.58   -38.06  -150.77   139.58  -143.65     3.14    50.36  -141.94    15.10     0.00
 432    0.000    -46.93   -77.70    76.99  -161.51   165.90   -65.82   -39.18   -72.04   -71.38    51.53    31.08   -72.68  -158.44   -60.45    -4.56  -146.90   157.13    72.84     0.00
 433    0.000    108.32   -65.39     7.17   -70.26    -1.16   -56.91   155.72   -63.23   164.75  -129.08    37.01  -155.73   -58.87   -74.31   155.87  -161.81   150.40  -157.10     0.00
 434    0.000    107.45  -154.92   -92.02   -59.06   157.93   -63.08   -11.98    61.28   104.14  -162.01   162.33   -71.88    -2.29   -67.40   140.89  -148.91   160.43    59.12     0.00
 435    0.000     88.73    63.59   153.53  -153.04   167.55   -59.16   -44.03  -126.19   -24.68    51.71  -172.38  -147.00   -50.42    61.10   -42.78   -71.06   -13.50  -144.14     0.00
 436    0.000    159.36   -83.45   -11.21   -55.25   167.43  -132.08   -28.39   -75.45    72.85  -138.98     4.84  -147.00   -47.93   -63.22   -28.92  -158.80   152.31    54.31     0.00
 437    0.000    130.71   -66.40   -23.92    60.83   -62.34   -68.45   -13.61  -148.53   157.53   -63.97   138.89    57.61   -67.16  -146.19   155.61  -138.40    54.91    62.44     0.00
 438    0.000    140.10    57.12  -165.47  -152.27   156.19   -85.99  -173.74    57.54    78.53    65.77    -8.83   -86.47   149.35  -164.29   167.00    51.73  -150.65    79.30     0.00
 439    0.000    166.88   -73.00    53.85  -139.93     1.59    61.49   161.74   -91.10    33.98   -66.61   -27.05  -149.41   146.61  -150.84   -81.38  -159.10    77.12    56.39     0.00
 440    0.000     76.85  -112.38    37.16    42.17   -95.22  -133.66   121.46   -77.93   150.39    68.73   131.53    60.08   -27.44  -129.25   178.02    37.90  -108.94    55.92     0.00
 441    0.000     53.16    51.57    22.50  -118.43   177.13   -69.45    42.50  -128.07    21.54    62.07    78.70   -80.26    17.71    61.33   168.04   -70.48   -40.31  -153.23     0.00
 442    0.000    155.88    59.67    98.08    57.32    17.67   -76.13    14.47    61.73   -41.28    63.93   163.40  -142.14   -31.53    60.44  -179.45    56.50  -100.93  -144.93     0.00
 443    0.000    148.10  -149.81   -49.28   -68.45   167.86   -63.79   -31.61   -83.66   157.15   -79.94   162.74  -147.31   -61.84    53.46    16.64  -161.18   151.57    50.20     0.00
 444    0.000    116.58    55.99    -2.00   -77.43   -41.53    51.64  -162.08  -162.91   174.23   -65.33   138.92    54.84    41.84   -70.48    83.63   -64.12   -46.20  -162.20     0.00
 445    0.000   -124.49   -81.64    92.27    58.06   165.50  -173.29   -64.96  -134.75   153.10  -106.33   165.28  -155.67   155.57  -153.11   -58.27   -74.69   156.97    46.42     0.00
 446    0.000    -50.87   -63.81   -31.37  -161.77  -159.24   -64.99   -23.05  -145.27  -174.23   -89.36   112.28    45.62  -137.39  -101.89    30.28   -85.43  -164.47   -64.09     0.00
 447    0.000     98.83   -73.19   159.44   -58.41   122.33  -103.10   -30.74   -72.95    67.73  -149.98   169.15   -76.97    66.56    64.44   -19.29    51.59  -149.49  -144.43     0.00
 448    0.000    122.24   -85.66   161.59  -145.05   145.11    59.87   -50.97   -70.98   149.65    48.76  -119.68    54.54  -164.64    67.14   137.85    51.29    53.48    65.28     0.00
 449    0.000    -67.66    52.21    51.02    65.72   115.82   -75.25    50.73  -150.45     6.17  -158.42   -44.21   -60.52   -36.85  -151.64  -172.79   -58.00   146.73   -88.68     0.00
 450    0.000   -103.24  -154.82   131.89    58.18   -52.51  -146.05   174.05    50.62   -97.36   -63.32     1.19   -59.10   -18.74   -56.03   -35.57    60.84   -26.34  -124.64     0.00
 451    0.000    129.39    58.09    96.10    61.37   153.92  -153.36     3.67  -169.28  -163.91   -58.57   -12.87    64.00  -164.46   -71.79    42.66  -144.82    17.03  -166.76     0.00
 452    0.000    127.67    54.51    22.23  -140.32   -64.77  -158.58  -168.41   -64.77    -8.07    58.20    39.29  -127.11    22.53    54.03   -81.29    62.56   127.92    53.41     0.00
 453    0.000    170.34   -60.89   172.59    59.48  -162.40  -122.30   -25.99  -151.06   172.36    67.66   149.53   -80.53    19.26    60.06   -40.63   -70.04  -179.76   -65.18     0.00
 454    0.000    -84.65   -67.06   156.84  -156.21   150.19    51.68  -133.95   -70.17    76.82  -155.75   179.12   -70.71    55.94   -76.61   -13.79  -157.53    60.20    52.94     0.00
 455    0.000   -157.70   -58.94   168.74   -58.90   -19.52  -145.49   147.34   -68.54   164.52   -57.52   127.43  -139.38   101.32    58.14   -45.95    59.35  -155.75  -163.27     0.00
 456    0.000    134.17    57.75   174.27   -91.85  -168.09   -60.90   141.18    49.27  -112.05    54.80  -157.83  -148.27   154.52  -162.41    51.85   -73.53   -36.51  -116.29     0.00
 457    0.000    127.51  -166.69   123.60    60.00   -66.66  -161.26   134.95  -102.74   -12.07  -152.81  -167.84   -65.21   161.30   -62.44   -29.95  -121.22    81.40  -149.89     0.00
 458    0.000     69.06    55.61   148.50  -159.44   -57.29    60.86   129.93  -164.37    95.97    59.75   -44.62   -73.68   169.86   -59.66   -24.69  -156.74   162.70  -157.75     0.00
 459    0.000    132.96    53.78  -129.68   -75.57    63.10  -140.34   160.30    58.32    27.87    44.74  -136.46  -151.31    45.72  -151.60   166.25  -115.23   167.86  -148.25     0.00
 460    0.000    155.20   -75.60   147.11    59.77   -12.52   -66.37   158.25   -54.51   122.21    49.98    33.75    60.89   -72.23  -179.85   158.88   -64.96   132.58   -87.11     0.00
 461    0.000    179.58   -64.90  -167.44   -77.17    52.15  -165.66  -168.76   -65.21   169.83  -134.72   -29.52   -91.18   121.69    62.32   159.02  -148.14    50.06  -151.69     0.00
 462    0.000    150.45  -150.03   149.00    46.82  -109.79   -92.83    71.83    63.71   -39.77    66.26   135.62  -161.86    28.22   -82.28    57.20    61.61   -24.37  -149.08     0.00
 463    0.000    171.47   -56.30   -35.19  -142.09   -78.91    53.61    38.54    55.59  -132.44  -148.18   -50.41  -115.30   -13.73  -153.44   150.59    63.18  -176.37  -134.99     0.00
 464    0.000    175.72   -57.22   139.59  -167.97   147.92   -73.02    42.27   -81.33    50.95    61.07   -72.46  -143.17   144.19    55.41  -167.20    62.98   -53.24   -70.97     0.00
 465    0.000    165.74  -151.76   148.38    47.05  -134.80   -76.73   130.88   -79.66   133.49   -73.15    80.39  -152.12   163.74    58.43    98.90    59.67    31.99  -156.53     0.00
 466    0.000    -58.94  -136.05   -50.05   -73.18   142.89  -101.32  -148.72   -77.37   165.20   -60.16   -25.86  -160.30   159.00    57.46  -176.38  -146.89   153.72  -160.51     0.00
 467    0.000    118.06   -79.49  -178.19    49.96   -91.65   -60.44   -29.71    56.84    20.25  -149.95  -171.63    53.19    35.91    60.40   -35.79  -169.52   -21.45    53.47     0.00
 468    0.000    142.83    59.54  -165.81  -145.47    25.66   -80.90   157.33    54.88   178.28  -149.30    16.14  -162.60   169.76   -68.57    63.17  -135.44     1.57   -80.32     0.00
 469    0.000    146.09   -84.28   -20.81   -56.82   -39.91  -109.28   111.36  -139.03   153.06  -112.25   -35.20   -87.31   146.76   -79.47  -159.46   -58.72   -46.82    50.44     0.00
 470    0.000    -63.16  -154.71   175.01   -61.28     6.58   -61.47   -29.96   -96.81  -115.01    58.30   -77.07    57.48    84.08   -70.29   172.31    65.79    -8.01   -82.65     0.00
 471    0.000    -82.69    57.48     4.80  -154.00  -136.42   -67.75    86.56  -147.49   157.55  -136.38   173.47    62.48   -42.31    43.92    47.90  -148.79   -32.03   -78.78     0.00
 472    0.000    117.12   -74.21    83.36    51.36  -156.54   -65.40    -0.05  -155.20   -93.97  -146.88    71.80  -156.03   174.64    66.12   167.18   -65.63   178.64   -65.27     0.00
 473    0.000    110.32    58.33   177.12   -85.39   -44.63   -79.88  -118.24    55.12   -94.80   -59.38   -29.07   -75.95    48.73   -83.35   -21.25   -87.79  -164.86   -70.64     0.00
 474    0.000    141.54   -58.54   -30.05  -148.61   158.33   -73.84   -47.65    57.22     2.38  -154.21  -151.52   -62.88   173.06   -68.54    49.68   -69.39   165.20  -144.61     0.00
 475    0.000   -133.30    54.47  -154.75    58.28   178.98    59.39   -17.77  -140.80   -37.75   -76.02   143.35  -145.73  -140.04   -62.20   125.96  -157.24   158.09   -69.17     0.00
 476    0.000    125.29   -81.21     2.98  -153.71   160.68   -78.77     6.16  -164.09   162.47    59.45   -39.01   -79.02   102.52    60.55  -132.38  -160.88  -175.86   -50.45     0.00
 477    0.000    149.51    51.92    45.26   -86.03   172.34   -60.64  -174.53   -56.63   151.39    60.61   -12.12    51.00   -78.47  -152.24    23.89  -153.12  -165.67   -67.09     0.00
 478    0.000    148.50   -69.49   111.85  -156.56    53.23    54.66  -176.51   -67.16    17.00    62.90   161.78   -70.47     4.53   -74.42    58.99  -142.67   142.56    50.03     0.00
 479    0.000    136.91   -69.40    77.09  -156.24   157.35    50.62  -133.32   -63.64     0.62  -100.53    -4.71  -159.54   -10.93   -73.34    41.32   -61.34   -29.45  -140.90     0.00
 480    0.000    -52.58   -65.66   -25.18    44.95  -104.51    61.11   -75.14    56.23    15.21    56.88   -60.14  -154.62    -3.69   -81.19    54.12    61.57   -15.42    47.59     0.00
 481    0.000   -148.93  -134.65  -175.99    59.10   -83.72  -144.30   -44.33  -151.88   140.46  -164.59    -2.83   -61.38   -43.42  -130.84   -15.80  -154.88   170.10    66.24     0.00
 482    0.000    137.95  -163.46  -128.47   -66.74    -9.14    57.92  -109.09  -146.80   149.81  -134.79   -72.70  -142.14  -169.85  -106.56   136.66    56.27    14.33  -159.61     0.00
 483    0.000    -75.87   -77.78   -77.34   -77.80  -171.82    56.70    74.67   -76.27  -109.55    60.34   -66.74    53.92    49.75    68.22   166.85    66.73   133.15    49.10     0.00
 484    0.000    158.20    60.40    47.43  -145.83    37.47   -75.33    57.77    54.94  -125.95    59.22    11.95   -73.92    58.58    50.11  -106.02  -135.84    37.89    70.59     0.00
 485    0.000    175.84  -125.45   124.30    52.40  -149.66    59.62  -173.11   -60.79   121.84  -152.33    34.06    65.48   140.14  -172.10   167.29    66.23    61.90    70.22     0.00
 486    0.000     83.32  -162.73   167.28   -61.99   151.03   -66.77   -21.22   -74.91    89.07    64.27   -54.99    52.83  -111.81    64.54   -35.31   -83.48  -168.77  -115.79     0.00
 487    0.000    157.06   -65.36   158.51   -52.37   -35.85   -55.41   -64.83   -75.62   -14.30   -74.08   -11.37    53.33    29.84   -66.54   -21.28  -134.24   161.01  -155.21     0.00
 488    0.000     75.15   -60.39   -42.84   -65.27   -11.93  -111.93    11.10  -148.68  -102.95  -153.85   169.81   -66.57    67.74   -61.91   118.73    48.57    42.25  -149.53     0.00
 489    0.000    153.52   -69.86    38.51  -153.31   150.38    52.68    27.95    55.71   -19.90    61.92   -36.36   -74.83  -175.87   -60.69   127.15  -104.86   166.58   -95.17     0.00
 490    0.000    137.37  -157.80   -60.10    51.43    34.00    56.93   -64.20  -147.11   -42.99  -153.94    28.95   -63.97     5.83   -60.23   -27.23  -149.22   174.64   -56.45     0.00
 491    0.000    -95.44   -52.64   135.33   -75.72    -3.80   -75.00    47.24    56.45  -108.05   -67.65   -26.99    53.03  -110.72    55.49    19.31  -134.10    -3.42  -156.74     0.00
 492    0.000   -151.82   -54.65   161.93   -60.05   -20.49  -147.87   179.22   -67.71    25.87   -60.12   -23.94   -73.92    44.95   -71.06   -16.52    64.37   -43.65   -83.18     0.00
 493    0.000    131.25  -149.52   166.71    47.83  -124.98   -72.36   -31.50  -169.81   -42.42    54.41    75.54   -63.88   -29.15  -140.98  -130.27    57.69  -154.58  -150.63     0.00
 494    0.000    -41.86   -65.70     3.99    54.73  -112.17   -64.23   -33.76   -86.95    42.25   -57.20   128.29   -77.59    56.11    58.87  -174.37   -81.53   125.51  -161.64     0.00
 495    0.000    167.32  -147.30   115.28    54.53   -66.57  -115.10    -3.76   -60.32   141.57   -76.58   120.43  -156.29  -152.55  -138.75   -61.68    55.63    66.93    61.39     0.00
 496    0.000    147.76    51.74    22.34    58.44   -43.20    51.54  -157.99    52.85    33.95   -67.76    15.57  -139.55   -20.67  -158.57  -171.01   -64.20   -26.95    52.54     0.00
 497    0.000    112.30  -175.57   -38.29    65.65   168.71  -138.77   -96.35  -126.50   -31.27    62.09   162.96    61.31   -40.06   -74.70   171.21   -60.89   -32.32  -134.40     0.00
 498    0.000     49.32  -156.69    85.64    53.05  -123.05   -64.41   -66.85    35.98    71.14    57.43    80.65  -111.13   -42.19    58.79   144.08  -150.22    13.02    56.92     0.00
 499    0.000    149.87   -67.76   149.81   -73.85   -24.51  -146.14  -117.06  -145.68  -132.36  -137.06   -72.79   -66.52   143.60    55.28    15.73   -76.44   173.14  -109.37     0.00
 500    0.000    -62.15    54.94   -61.07    61.35   -58.71  -126.25   152.83    57.51    82.23   -74.99    56.37  -153.10   139.51   -75.28   116.79  -147.05   -32.92    66.96     0.00
 501    0.000    174.18  -133.52    -8.48   -81.31   157.10   -57.40   148.69   -44.66    84.32  -162.49  -170.94   -78.04    -4.03    54.00  -147.87   -77.89    50.69  -148.82     0.00
 502    0.000    174.15  -151.47   154.04   -68.34   -37.75  -161.18   154.74    57.06   -23.56    52.19    26.02   -80.88   152.40    56.43    -2.22   -62.65   -46.67  -171.36     0.00
 503    0.000     86.31  -151.58   137.00    55.75   176.54  -132.93   164.85   -63.59   -30.70   -81.01   139.40    59.27   168.73   -95.93  -138.71   -68.05   -37.02   -86.11     0.00
 504    0.000    157.12    60.53  -164.62   -79.47    21.71  -148.30   146.81   -63.77   -49.56  -158.37  -179.08   -67.64   145.72   -78.68  -169.50    66.09   -50.24   -69.44     0.00
 505    0.000    139.13   -63.93   -20.55  -148.93   155.29   -86.59   -54.51    46.40    55.31    54.84   -88.78  -134.18   101.81  -100.57     0.97   -76.14    39.31    70.02     0.00
 506    0.000    108.61    57.16   176.64    60.66   -23.07    59.43   -68.64   -62.17   -11.70   -66.45   -10.65   -63.86   150.80   -65.11   136.64  -147.17   166.75  -155.13     0.00
 507    0.000    -66.70    52.12  -158.05  -150.73    43.40  -149.04   146.48   -57.55   119.60   -71.75   162.50  -152.07   143.43    56.72    -6.25   -72.65    22.33    57.31     0.00
 508    0.000    123.40   -74.58    53.67    56.16   167.20    50.21    30.50   -72.82   160.04  -151.65   170.10   -66.75   -29.73   -67.78   139.61    62.09   -32.40    73.74     0.00
 509    0.000    145.07   -64.51     5.77   -73.87    63.44  -158.40   148.51   -93.43    -5.46   -69.67     1.91    57.20   -63.78  -147.58   -44.36  -119.42    -9.85  -145.51     0.00
 510    0.000    138.21  -158.87   162.68   -71.48    94.53  -158.73   144.22  -157.59   -25.71    50.50  -155.93   -85.94    57.87    59.01   175.87  -149.85   154.21  -145.45     0.00
 511    0.000    133.64  -154.33   163.73   -97.12   120.73    52.20  -170.80  -135.71    32.76    60.52   -69.09   -82.92   131.21    45.61    52.95  -154.34   159.16  -147.67     0.00
 512    0.000     63.54   -72.26   -22.80    59.64   -32.50  -151.42    64.02   -69.25    20.90    53.44  -164.30   -64.92   155.36   -72.14   172.81  -154.87   109.54    57.02     0.00
