QMC_MINIMIZED_Structure: 439 -490.337
QMC_MINIMIZED_Structure: 442 -502.883
QMC_MINIMIZED_Structure: 441 -481.727
QMC_MINIMIZED_Structure: 219 -486.021
QMC_MINIMIZED_Structure: 15 -487.923
QMC_MINIMIZED_Structure: 1 -478.087
QMC_MINIMIZED_Structure: 425 -473.461
QMC_MINIMIZED_Structure: 16 -493.903
QMC_MINIMIZED_Structure: 105 -492.25
QMC_MINIMIZED_Structure: 112 -493.184
QMC_MINIMIZED_Structure: 401 -483.911
QMC_MINIMIZED_Structure: 270 -482.685
QMC_MINIMIZED_Structure: 261 -471.064
QMC_MINIMIZED_Structure: 496 -492.138
QMC_MINIMIZED_Structure: 78 -486.308
QMC_MINIMIZED_Structure: 410 -488.656
QMC_MINIMIZED_Structure: 118 -479.911
QMC_MINIMIZED_Structure: 400 -474.546
QMC_MINIMIZED_Structure: 7 -493.437
QMC_MINIMIZED_Structure: 18 -495.002
QMC_MINIMIZED_Structure: 500 -486.566
QMC_MINIMIZED_Structure: 24 -488.986
QMC_MINIMIZED_Structure: 256 -491.764
QMC_MINIMIZED_Structure: 303 -491.228
QMC_MINIMIZED_Structure: 201 -485.748
QMC_MINIMIZED_Structure: 85 -487.584
QMC_MINIMIZED_Structure: 343 -480.121
QMC_MINIMIZED_Structure: 233 -489.24
QMC_MINIMIZED_Structure: 424 -490.25
QMC_MINIMIZED_Structure: 330 -478.717
QMC_MINIMIZED_Structure: 388 -494.515
QMC_MINIMIZED_Structure: 430 -482.872
QMC_MINIMIZED_Structure: 72 -500.551
QMC_MINIMIZED_Structure: 23 -506.102
QMC_MINIMIZED_Structure: 264 -485.771
QMC_MINIMIZED_Structure: 391 3023654.0
QMC_MINIMIZED_Structure: 35 -493.591
QMC_MINIMIZED_Structure: 297 -497.92
QMC_MINIMIZED_Structure: 50 -489.672
QMC_MINIMIZED_Structure: 236 -482.392
QMC_MINIMIZED_Structure: 183 -488.424
QMC_MINIMIZED_Structure: 103 -492.977
QMC_MINIMIZED_Structure: 434 -480.731
QMC_MINIMIZED_Structure: 20 -494.444
QMC_MINIMIZED_Structure: 27 -498.825
QMC_MINIMIZED_Structure: 262 -492.464
QMC_MINIMIZED_Structure: 42 -480.641
QMC_MINIMIZED_Structure: 89 -483.579
QMC_MINIMIZED_Structure: 142 -490.15
QMC_MINIMIZED_Structure: 420 -496.262
QMC_MINIMIZED_Structure: 109 -482.682
QMC_MINIMIZED_Structure: 501 -499.013
QMC_MINIMIZED_Structure: 130 -479.041
QMC_MINIMIZED_Structure: 269 -492.536
QMC_MINIMIZED_Structure: 263 -482.927
QMC_MINIMIZED_Structure: 428 -490.476
QMC_MINIMIZED_Structure: 59 -480.069
QMC_MINIMIZED_Structure: 4 -498.701
QMC_MINIMIZED_Structure: 468 -503.618
QMC_MINIMIZED_Structure: 320 -497.74
QMC_MINIMIZED_Structure: 299 -484.452
QMC_MINIMIZED_Structure: 129 -494.438
QMC_MINIMIZED_Structure: 240 -472.124
QMC_MINIMIZED_Structure: 285 -479.127
QMC_MINIMIZED_Structure: 381 -491.397
QMC_MINIMIZED_Structure: 287 -500.638
QMC_MINIMIZED_Structure: 117 -489.687
QMC_MINIMIZED_Structure: 295 -484.428
QMC_MINIMIZED_Structure: 172 -480.225
QMC_MINIMIZED_Structure: 392 -489.308
QMC_MINIMIZED_Structure: 95 -484.151
QMC_MINIMIZED_Structure: 149 -491.758
QMC_MINIMIZED_Structure: 96 -491.44
QMC_MINIMIZED_Structure: 19 -490.216
QMC_MINIMIZED_Structure: 179 -483.75
QMC_MINIMIZED_Structure: 493 -487.043
QMC_MINIMIZED_Structure: 75 -491.729
QMC_MINIMIZED_Structure: 122 -484.156
QMC_MINIMIZED_Structure: 423 -488.84
QMC_MINIMIZED_Structure: 140 -490.882
QMC_MINIMIZED_Structure: 510 -486.436
QMC_MINIMIZED_Structure: 134 -504.561
QMC_MINIMIZED_Structure: 120 -486.706
QMC_MINIMIZED_Structure: 445 -497.712
QMC_MINIMIZED_Structure: 73 -490.847
QMC_MINIMIZED_Structure: 26 -480.599
QMC_MINIMIZED_Structure: 215 -480.874
QMC_MINIMIZED_Structure: 230 -490.035
QMC_MINIMIZED_Structure: 329 -489.682
QMC_MINIMIZED_Structure: 114 -493.738
QMC_MINIMIZED_Structure: 146 -473.524
QMC_MINIMIZED_Structure: 164 -478.993
QMC_MINIMIZED_Structure: 260 -474.326
QMC_MINIMIZED_Structure: 251 -506.114
QMC_MINIMIZED_Structure: 22 -498.117
QMC_MINIMIZED_Structure: 28 -480.517
QMC_MINIMIZED_Structure: 350 -471.58
QMC_MINIMIZED_Structure: 257 -498.145
QMC_MINIMIZED_Structure: 70 -494.827
QMC_MINIMIZED_Structure: 190 -500.943
QMC_MINIMIZED_Structure: 258 -470.374
QMC_MINIMIZED_Structure: 177 -472.179
QMC_MINIMIZED_Structure: 387 -485.948
QMC_MINIMIZED_Structure: 51 -482.837
QMC_MINIMIZED_Structure: 284 -488.405
QMC_MINIMIZED_Structure: 389 -493.649
QMC_MINIMIZED_Structure: 143 -497.444
QMC_MINIMIZED_Structure: 414 -486.517
QMC_MINIMIZED_Structure: 243 -490.624
QMC_MINIMIZED_Structure: 492 -495.194
QMC_MINIMIZED_Structure: 181 -487.363
QMC_MINIMIZED_Structure: 451 -493.6
QMC_MINIMIZED_Structure: 470 -486.972
QMC_MINIMIZED_Structure: 393 -501.981
QMC_MINIMIZED_Structure: 394 -508.839
QMC_MINIMIZED_Structure: 154 -480.74
QMC_MINIMIZED_Structure: 214 -500.595
QMC_MINIMIZED_Structure: 83 -485.563
QMC_MINIMIZED_Structure: 245 -495.624
QMC_MINIMIZED_Structure: 10 -481.799
QMC_MINIMIZED_Structure: 324 -484.202
QMC_MINIMIZED_Structure: 406 -485.84
QMC_MINIMIZED_Structure: 327 -490.053
QMC_MINIMIZED_Structure: 239 -483.526
QMC_MINIMIZED_Structure: 62 -493.32
QMC_MINIMIZED_Structure: 189 -490.359
QMC_MINIMIZED_Structure: 216 -483.054
QMC_MINIMIZED_Structure: 67 -488.213
QMC_MINIMIZED_Structure: 151 -467.165
QMC_MINIMIZED_Structure: 390 -505.805
QMC_MINIMIZED_Structure: 354 -486.338
QMC_MINIMIZED_Structure: 212 -501.36
QMC_MINIMIZED_Structure: 196 -487.712
QMC_MINIMIZED_Structure: 318 -483.037
QMC_MINIMIZED_Structure: 137 -481.938
QMC_MINIMIZED_Structure: 194 -490.36
QMC_MINIMIZED_Structure: 491 -491.719
QMC_MINIMIZED_Structure: 280 -492.743
QMC_MINIMIZED_Structure: 325 -491.563
QMC_MINIMIZED_Structure: 160 -484.418
QMC_MINIMIZED_Structure: 413 -509.92
QMC_MINIMIZED_Structure: 402 -479.402
QMC_MINIMIZED_Structure: 250 -487.544
QMC_MINIMIZED_Structure: 386 -489.929
QMC_MINIMIZED_Structure: 265 -485.892
QMC_MINIMIZED_Structure: 396 -493.313
QMC_MINIMIZED_Structure: 404 -481.002
QMC_MINIMIZED_Structure: 184 -484.937
QMC_MINIMIZED_Structure: 141 -487.883
QMC_MINIMIZED_Structure: 349 -474.436
QMC_MINIMIZED_Structure: 253 -492.596
QMC_MINIMIZED_Structure: 25 -485.009
QMC_MINIMIZED_Structure: 12 -491.784
QMC_MINIMIZED_Structure: 168 -479.285
QMC_MINIMIZED_Structure: 87 -489.164
QMC_MINIMIZED_Structure: 0 -487.963
QMC_MINIMIZED_Structure: 379 -487.633
QMC_MINIMIZED_Structure: 279 -475.779
QMC_MINIMIZED_Structure: 293 -495.737
QMC_MINIMIZED_Structure: 465 -472.883
QMC_MINIMIZED_Structure: 362 -491.747
QMC_MINIMIZED_Structure: 246 -473.483
QMC_MINIMIZED_Structure: 53 -506.467
QMC_MINIMIZED_Structure: 339 -461.172
QMC_MINIMIZED_Structure: 36 -479.759
QMC_MINIMIZED_Structure: 165 -491.742
QMC_MINIMIZED_Structure: 314 -472.392
QMC_MINIMIZED_Structure: 55 -489.441
QMC_MINIMIZED_Structure: 311 -495.151
QMC_MINIMIZED_Structure: 234 -511.844
QMC_MINIMIZED_Structure: 507 -481.604
QMC_MINIMIZED_Structure: 274 -482.721
QMC_MINIMIZED_Structure: 487 -476.939
QMC_MINIMIZED_Structure: 171 -487.218
QMC_MINIMIZED_Structure: 272 -490.951
QMC_MINIMIZED_Structure: 161 -496.642
QMC_MINIMIZED_Structure: 13 -486.278
QMC_MINIMIZED_Structure: 352 -501.243
QMC_MINIMIZED_Structure: 17 -475.334
QMC_MINIMIZED_Structure: 509 -492.171
QMC_MINIMIZED_Structure: 444 -483.263
QMC_MINIMIZED_Structure: 372 -493.343
QMC_MINIMIZED_Structure: 323 -499.888
QMC_MINIMIZED_Structure: 294 -477.478
QMC_MINIMIZED_Structure: 170 -510.314
QMC_MINIMIZED_Structure: 197 -488.695
QMC_MINIMIZED_Structure: 64 -496.313
QMC_MINIMIZED_Structure: 309 -500.218
QMC_MINIMIZED_Structure: 271 -484.1
QMC_MINIMIZED_Structure: 363 -496.234
QMC_MINIMIZED_Structure: 461 -483.032
QMC_MINIMIZED_Structure: 505 -501.196
QMC_MINIMIZED_Structure: 334 -489.164
QMC_MINIMIZED_Structure: 463 -500.195
QMC_MINIMIZED_Structure: 211 -483.17
QMC_MINIMIZED_Structure: 397 -486.283
QMC_MINIMIZED_Structure: 376 -487.553
QMC_MINIMIZED_Structure: 31 -486.728
QMC_MINIMIZED_Structure: 68 -487.92
QMC_MINIMIZED_Structure: 448 -499.649
QMC_MINIMIZED_Structure: 436 -487.425
QMC_MINIMIZED_Structure: 452 -492.285
QMC_MINIMIZED_Structure: 322 -481.647
QMC_MINIMIZED_Structure: 79 -488.993
QMC_MINIMIZED_Structure: 447 -480.452
QMC_MINIMIZED_Structure: 360 -487.506
QMC_MINIMIZED_Structure: 101 -477.513
QMC_MINIMIZED_Structure: 499 -482.307
QMC_MINIMIZED_Structure: 145 -481.552
QMC_MINIMIZED_Structure: 9 -484.225
QMC_MINIMIZED_Structure: 315 -496.388
QMC_MINIMIZED_Structure: 282 -499.106
QMC_MINIMIZED_Structure: 398 -461.073
QMC_MINIMIZED_Structure: 453 -487.52
QMC_MINIMIZED_Structure: 104 -489.326
QMC_MINIMIZED_Structure: 44 -486.249
QMC_MINIMIZED_Structure: 342 -492.775
QMC_MINIMIZED_Structure: 91 -478.305
QMC_MINIMIZED_Structure: 248 -485.258
QMC_MINIMIZED_Structure: 416 -487.271
QMC_MINIMIZED_Structure: 484 -492.723
QMC_MINIMIZED_Structure: 331 -491.79
QMC_MINIMIZED_Structure: 84 -487.962
QMC_MINIMIZED_Structure: 380 -482.529
QMC_MINIMIZED_Structure: 14 -479.125
QMC_MINIMIZED_Structure: 128 -484.387
QMC_MINIMIZED_Structure: 220 -473.672
QMC_MINIMIZED_Structure: 266 -484.594
QMC_MINIMIZED_Structure: 508 -491.254
QMC_MINIMIZED_Structure: 43 -497.598
QMC_MINIMIZED_Structure: 175 -480.664
QMC_MINIMIZED_Structure: 358 -491.02
QMC_MINIMIZED_Structure: 188 -489.297
QMC_MINIMIZED_Structure: 497 -491.294
QMC_MINIMIZED_Structure: 378 -497.215
QMC_MINIMIZED_Structure: 82 -484.244
QMC_MINIMIZED_Structure: 427 -494.054
QMC_MINIMIZED_Structure: 382 -492.36
QMC_MINIMIZED_Structure: 132 -473.852
QMC_MINIMIZED_Structure: 63 -490.211
QMC_MINIMIZED_Structure: 238 -493.776
QMC_MINIMIZED_Structure: 503 -488.0
QMC_MINIMIZED_Structure: 191 -487.661
QMC_MINIMIZED_Structure: 224 -491.57
QMC_MINIMIZED_Structure: 166 -478.085
QMC_MINIMIZED_Structure: 100 -476.911
QMC_MINIMIZED_Structure: 80 -492.128
QMC_MINIMIZED_Structure: 300 -489.262
QMC_MINIMIZED_Structure: 54 -484.876
QMC_MINIMIZED_Structure: 228 -481.051
QMC_MINIMIZED_Structure: 47 -479.123
QMC_MINIMIZED_Structure: 5 -482.212
QMC_MINIMIZED_Structure: 277 -494.837
QMC_MINIMIZED_Structure: 147 -483.095
QMC_MINIMIZED_Structure: 153 -488.692
QMC_MINIMIZED_Structure: 124 -486.005
QMC_MINIMIZED_Structure: 139 -482.869
QMC_MINIMIZED_Structure: 41 -493.001
QMC_MINIMIZED_Structure: 471 -488.232
QMC_MINIMIZED_Structure: 232 -475.554
QMC_MINIMIZED_Structure: 475 -493.403
QMC_MINIMIZED_Structure: 298 -495.824
QMC_MINIMIZED_Structure: 478 -496.077
QMC_MINIMIZED_Structure: 443 -475.908
QMC_MINIMIZED_Structure: 421 -487.73
QMC_MINIMIZED_Structure: 435 -488.522
QMC_MINIMIZED_Structure: 49 -501.665
QMC_MINIMIZED_Structure: 353 -492.839
QMC_MINIMIZED_Structure: 336 -493.61
QMC_MINIMIZED_Structure: 199 -487.477
QMC_MINIMIZED_Structure: 185 -491.775
QMC_MINIMIZED_Structure: 506 -498.25
QMC_MINIMIZED_Structure: 152 -476.213
QMC_MINIMIZED_Structure: 283 -495.119
QMC_MINIMIZED_Structure: 321 -483.647
QMC_MINIMIZED_Structure: 338 -490.087
QMC_MINIMIZED_Structure: 480 -496.038
QMC_MINIMIZED_Structure: 229 -486.814
QMC_MINIMIZED_Structure: 163 -481.783
QMC_MINIMIZED_Structure: 222 -481.244
QMC_MINIMIZED_Structure: 138 -489.498
QMC_MINIMIZED_Structure: 92 -484.879
QMC_MINIMIZED_Structure: 462 -485.745
QMC_MINIMIZED_Structure: 304 -493.062
QMC_MINIMIZED_Structure: 495 -488.542
QMC_MINIMIZED_Structure: 11 -502.084
QMC_MINIMIZED_Structure: 108 -493.953
QMC_MINIMIZED_Structure: 399 -487.935
QMC_MINIMIZED_Structure: 377 -468.992
QMC_MINIMIZED_Structure: 45 -476.81
QMC_MINIMIZED_Structure: 69 -475.245
QMC_MINIMIZED_Structure: 412 -494.338
QMC_MINIMIZED_Structure: 275 -504.545
QMC_MINIMIZED_Structure: 203 -510.379
QMC_MINIMIZED_Structure: 173 -483.223
QMC_MINIMIZED_Structure: 237 -450.702
QMC_MINIMIZED_Structure: 192 -494.989
QMC_MINIMIZED_Structure: 29 -492.109
QMC_MINIMIZED_Structure: 32 -478.894
QMC_MINIMIZED_Structure: 433 -499.735
QMC_MINIMIZED_Structure: 252 -479.022
QMC_MINIMIZED_Structure: 429 -481.503
QMC_MINIMIZED_Structure: 405 -489.682
QMC_MINIMIZED_Structure: 208 -480.676
QMC_MINIMIZED_Structure: 33 -491.205
QMC_MINIMIZED_Structure: 205 -484.518
QMC_MINIMIZED_Structure: 366 -491.725
QMC_MINIMIZED_Structure: 460 -508.961
QMC_MINIMIZED_Structure: 464 -491.656
QMC_MINIMIZED_Structure: 422 -494.526
QMC_MINIMIZED_Structure: 316 -484.889
QMC_MINIMIZED_Structure: 169 -496.269
QMC_MINIMIZED_Structure: 174 -491.037
QMC_MINIMIZED_Structure: 281 -476.615
QMC_MINIMIZED_Structure: 375 -481.375
QMC_MINIMIZED_Structure: 474 -485.204
QMC_MINIMIZED_Structure: 231 -489.774
QMC_MINIMIZED_Structure: 225 -474.913
QMC_MINIMIZED_Structure: 249 -486.851
QMC_MINIMIZED_Structure: 302 -504.577
QMC_MINIMIZED_Structure: 158 -483.28
QMC_MINIMIZED_Structure: 218 -494.728
QMC_MINIMIZED_Structure: 467 -470.757
QMC_MINIMIZED_Structure: 187 -451.885
QMC_MINIMIZED_Structure: 52 -471.589
QMC_MINIMIZED_Structure: 332 -471.317
QMC_MINIMIZED_Structure: 340 -490.147
QMC_MINIMIZED_Structure: 186 -501.941
QMC_MINIMIZED_Structure: 278 -485.91
QMC_MINIMIZED_Structure: 344 -477.23
QMC_MINIMIZED_Structure: 60 -496.563
QMC_MINIMIZED_Structure: 106 -481.199
QMC_MINIMIZED_Structure: 370 -503.14
QMC_MINIMIZED_Structure: 88 -486.78
QMC_MINIMIZED_Structure: 341 -474.415
QMC_MINIMIZED_Structure: 125 -468.251
QMC_MINIMIZED_Structure: 156 -491.0
QMC_MINIMIZED_Structure: 356 -487.043
QMC_MINIMIZED_Structure: 58 -493.031
QMC_MINIMIZED_Structure: 335 -487.033
QMC_MINIMIZED_Structure: 94 -490.749
QMC_MINIMIZED_Structure: 476 -492.262
QMC_MINIMIZED_Structure: 135 -486.526
QMC_MINIMIZED_Structure: 308 -495.974
QMC_MINIMIZED_Structure: 446 -485.221
QMC_MINIMIZED_Structure: 61 -489.553
QMC_MINIMIZED_Structure: 473 -495.449
QMC_MINIMIZED_Structure: 3 -488.482
QMC_MINIMIZED_Structure: 107 -495.712
QMC_MINIMIZED_Structure: 310 -493.744
QMC_MINIMIZED_Structure: 432 -494.749
QMC_MINIMIZED_Structure: 111 -478.322
QMC_MINIMIZED_Structure: 384 -487.102
QMC_MINIMIZED_Structure: 395 -489.941
QMC_MINIMIZED_Structure: 469 -491.389
QMC_MINIMIZED_Structure: 368 -497.037
QMC_MINIMIZED_Structure: 489 -487.688
QMC_MINIMIZED_Structure: 223 -482.175
QMC_MINIMIZED_Structure: 244 -490.109
QMC_MINIMIZED_Structure: 374 -497.453
QMC_MINIMIZED_Structure: 8 -470.066
QMC_MINIMIZED_Structure: 209 -484.316
QMC_MINIMIZED_Structure: 296 -479.958
QMC_MINIMIZED_Structure: 450 -489.812
QMC_MINIMIZED_Structure: 77 -484.482
QMC_MINIMIZED_Structure: 207 -480.361
QMC_MINIMIZED_Structure: 144 -491.98
QMC_MINIMIZED_Structure: 477 -488.607
QMC_MINIMIZED_Structure: 346 -479.379
QMC_MINIMIZED_Structure: 241 -501.164
QMC_MINIMIZED_Structure: 93 -493.042
QMC_MINIMIZED_Structure: 155 -486.825
QMC_MINIMIZED_Structure: 449 -500.072
QMC_MINIMIZED_Structure: 458 -488.502
QMC_MINIMIZED_Structure: 456 -474.908
QMC_MINIMIZED_Structure: 159 -492.919
QMC_MINIMIZED_Structure: 242 -493.784
QMC_MINIMIZED_Structure: 498 -491.595
QMC_MINIMIZED_Structure: 472 -483.095
QMC_MINIMIZED_Structure: 502 -497.582
QMC_MINIMIZED_Structure: 291 -484.312
QMC_MINIMIZED_Structure: 361 -484.47
QMC_MINIMIZED_Structure: 98 -501.044
QMC_MINIMIZED_Structure: 367 -493.692
QMC_MINIMIZED_Structure: 195 -472.486
QMC_MINIMIZED_Structure: 46 -489.219
QMC_MINIMIZED_Structure: 34 -477.197
QMC_MINIMIZED_Structure: 235 -482.718
QMC_MINIMIZED_Structure: 494 -493.112
QMC_MINIMIZED_Structure: 210 -485.41
QMC_MINIMIZED_Structure: 131 -493.676
QMC_MINIMIZED_Structure: 306 -489.401
QMC_MINIMIZED_Structure: 227 -491.116
QMC_MINIMIZED_Structure: 136 -476.175
QMC_MINIMIZED_Structure: 116 -507.705
QMC_MINIMIZED_Structure: 206 -465.815
QMC_MINIMIZED_Structure: 385 -502.402
QMC_MINIMIZED_Structure: 326 -482.768
QMC_MINIMIZED_Structure: 426 -492.154
QMC_MINIMIZED_Structure: 182 -469.191
QMC_MINIMIZED_Structure: 133 -489.187
QMC_MINIMIZED_Structure: 455 -490.329
QMC_MINIMIZED_Structure: 56 -491.01
QMC_MINIMIZED_Structure: 357 -486.173
QMC_MINIMIZED_Structure: 38 -471.71
QMC_MINIMIZED_Structure: 333 -493.501
QMC_MINIMIZED_Structure: 288 -476.533
QMC_MINIMIZED_Structure: 65 -480.223
QMC_MINIMIZED_Structure: 247 -484.822
QMC_MINIMIZED_Structure: 113 -484.763
QMC_MINIMIZED_Structure: 437 -500.098
QMC_MINIMIZED_Structure: 419 -490.349
QMC_MINIMIZED_Structure: 123 -485.448
QMC_MINIMIZED_Structure: 254 -486.355
QMC_MINIMIZED_Structure: 217 -491.503
QMC_MINIMIZED_Structure: 418 -491.091
QMC_MINIMIZED_Structure: 126 -479.57
QMC_MINIMIZED_Structure: 267 -492.002
QMC_MINIMIZED_Structure: 364 -493.283
QMC_MINIMIZED_Structure: 6 -495.718
QMC_MINIMIZED_Structure: 259 -494.126
QMC_MINIMIZED_Structure: 121 -495.216
QMC_MINIMIZED_Structure: 198 -494.701
QMC_MINIMIZED_Structure: 490 -502.78
QMC_MINIMIZED_Structure: 359 -481.674
QMC_MINIMIZED_Structure: 289 -487.084
QMC_MINIMIZED_Structure: 273 -498.161
QMC_MINIMIZED_Structure: 148 -484.103
QMC_MINIMIZED_Structure: 301 -504.317
QMC_MINIMIZED_Structure: 97 -477.836
QMC_MINIMIZED_Structure: 482 -487.794
QMC_MINIMIZED_Structure: 481 -490.706
QMC_MINIMIZED_Structure: 307 -501.381
QMC_MINIMIZED_Structure: 407 -488.715
QMC_MINIMIZED_Structure: 415 -489.6
QMC_MINIMIZED_Structure: 276 -482.127
QMC_MINIMIZED_Structure: 365 -501.582
QMC_MINIMIZED_Structure: 369 -494.412
QMC_MINIMIZED_Structure: 150 -483.231
QMC_MINIMIZED_Structure: 102 -489.087
QMC_MINIMIZED_Structure: 373 -488.88
QMC_MINIMIZED_Structure: 409 -477.661
QMC_MINIMIZED_Structure: 90 -486.507
QMC_MINIMIZED_Structure: 466 -495.034
QMC_MINIMIZED_Structure: 408 -478.469
QMC_MINIMIZED_Structure: 328 -495.279
QMC_MINIMIZED_Structure: 454 -484.942
QMC_MINIMIZED_Structure: 457 -500.224
QMC_MINIMIZED_Structure: 110 -495.186
QMC_MINIMIZED_Structure: 226 -498.349
QMC_MINIMIZED_Structure: 115 -476.082
QMC_MINIMIZED_Structure: 40 -481.955
QMC_MINIMIZED_Structure: 178 -472.547
QMC_MINIMIZED_Structure: 319 -490.297
QMC_MINIMIZED_Structure: 488 -478.271
QMC_MINIMIZED_Structure: 371 -487.099
QMC_MINIMIZED_Structure: 290 -492.148
QMC_MINIMIZED_Structure: 337 -486.002
QMC_MINIMIZED_Structure: 127 -480.616
QMC_MINIMIZED_Structure: 348 -488.435
QMC_MINIMIZED_Structure: 37 -489.025
QMC_MINIMIZED_Structure: 440 -479.791
QMC_MINIMIZED_Structure: 21 -489.598
QMC_MINIMIZED_Structure: 119 -489.652
QMC_MINIMIZED_Structure: 479 -488.698
QMC_MINIMIZED_Structure: 347 -489.609
QMC_MINIMIZED_Structure: 317 -486.179
QMC_MINIMIZED_Structure: 504 -499.856
QMC_MINIMIZED_Structure: 403 -469.505
QMC_MINIMIZED_Structure: 202 -484.056
QMC_MINIMIZED_Structure: 351 -494.193
QMC_MINIMIZED_Structure: 204 -484.45
QMC_MINIMIZED_Structure: 57 -497.079
QMC_MINIMIZED_Structure: 459 -485.34
QMC_MINIMIZED_Structure: 30 -486.995
QMC_MINIMIZED_Structure: 485 -488.369
QMC_MINIMIZED_Structure: 486 -481.185
QMC_MINIMIZED_Structure: 483 -472.72
QMC_MINIMIZED_Structure: 286 -495.742
QMC_MINIMIZED_Structure: 255 -502.409
QMC_MINIMIZED_Structure: 438 -487.615
QMC_MINIMIZED_Structure: 200 -460.58
QMC_MINIMIZED_Structure: 180 -490.59
QMC_MINIMIZED_Structure: 292 -477.533
QMC_MINIMIZED_Structure: 176 -473.021
QMC_MINIMIZED_Structure: 305 -492.715
QMC_MINIMIZED_Structure: 48 -490.025
QMC_MINIMIZED_Structure: 71 -489.382
QMC_MINIMIZED_Structure: 355 -505.379
QMC_MINIMIZED_Structure: 157 -493.904
QMC_MINIMIZED_Structure: 312 -492.566
QMC_MINIMIZED_Structure: 74 -483.764
QMC_MINIMIZED_Structure: 66 -483.466
QMC_MINIMIZED_Structure: 213 -497.642
QMC_MINIMIZED_Structure: 99 -495.383
QMC_MINIMIZED_Structure: 431 -487.788
QMC_MINIMIZED_Structure: 167 -491.994
QMC_MINIMIZED_Structure: 417 -482.27
QMC_MINIMIZED_Structure: 76 -469.784
QMC_MINIMIZED_Structure: 268 -469.075
QMC_MINIMIZED_Structure: 162 -472.864
QMC_MINIMIZED_Structure: 2 -496.919
QMC_MINIMIZED_Structure: 81 -498.378
QMC_MINIMIZED_Structure: 345 -493.623
QMC_MINIMIZED_Structure: 411 -485.537
QMC_MINIMIZED_Structure: 193 -502.668
QMC_MINIMIZED_Structure: 86 -486.333
QMC_MINIMIZED_Structure: 383 -491.939
QMC_MINIMIZED_Structure: 221 -486.572
QMC_MINIMIZED_Structure: 511 -495.769
QMC_MINIMIZED_Structure: 313 -480.006
QMC_MINIMIZED_Structure: 39 -489.525
