 The sequence   : AAAAAAAAAA
 sequence length:  10
 No. of atoms   : 103

**********CLUSTERING MINIMIZED STRUCTURES**************

  0.6044171     sigma =  0.1276594      0.4767577       2094081.    
 global cluster cutoff =   0.4767577    
 No. of clusters =           38
      REMARK  CN  NM  Energy    PACKD   CUTOF   RMSD    RRMSD     CRMS    CRRMS
REMARK   1  33  -41.97    0.16    0.41    2.34    0.42    9.55    4.07    0.92
REMARK   2  42  -41.28    0.17    0.40    2.36    0.40    9.51    4.09    0.87
REMARK   3  43  -41.21    0.17    0.41    2.36    0.40    9.43    4.33    0.93
REMARK   4 187  -41.05    0.16    0.44    2.65    0.42    9.89    4.72    0.95
REMARK   5 187  -41.05    0.16    0.42    2.65    0.42    9.89    4.72    0.95
REMARK   6  70  -41.00    0.19    0.43    2.32    0.38   10.23    4.54    0.94
REMARK   7  74  -40.91    0.14    0.38    2.58    0.44    9.43    3.96    0.85
REMARK   8 154  -40.51    0.16    0.43    2.57    0.41    9.41    4.73    0.95
REMARK   9  66  -40.36    0.18    0.41    2.35    0.40    9.52    4.42    0.96
REMARK  10  66  -40.36    0.18    0.40    2.35    0.40    9.52    4.03    0.88
REMARK  11  25  -40.25    0.18    0.41    2.28    0.40    9.23    3.97    0.88
REMARK  12  28  -40.20    0.20    0.42    2.25    0.37    9.81    4.54    0.95
REMARK  13 111  -40.13    0.15    0.41    2.55    0.43    9.33    4.55    0.96
REMARK  14  19  -39.88    0.19    0.42    2.12    0.38    8.18    3.72    0.86
REMARK  15  15  -39.69    0.18    0.41    2.23    0.39   11.08    3.67    0.83
REMARK  16  28  -39.44    0.16    0.42    2.52    0.43    9.66    3.88    0.84
REMARK  17  11  -39.26    0.19    0.40    1.95    0.36    9.36    3.96    0.93
REMARK  18  69  -37.89    0.19    0.41    2.42    0.38   10.18    4.57    0.91
REMARK  19 118  -37.22    0.18    0.42    2.57    0.40   10.95    4.64    0.92
REMARK  20  16  -36.48    0.12    0.42    2.54    0.45    7.93    4.14    0.93
REMARK  21  43  -35.39    0.19    0.41    2.31    0.40   10.61    4.25    0.92
REMARK  22  14  -35.31    0.24    0.40    1.97    0.35   10.23    4.05    0.91
REMARK  23  15  -31.33    0.20    0.40    2.27    0.39    9.97    4.19    0.91
REMARK  24  17  -18.71    0.15    0.41    2.86    0.43   10.70    4.73    0.91
REMARK  25  24  -14.02    0.17    0.41    3.18    0.43   10.99    4.74    0.82
REMARK  26  24  -11.32    0.14    0.39    2.91    0.40   11.88    4.71    0.81
REMARK  27 123   -9.44    0.15    0.38    3.22    0.39   11.81    5.77    0.89
REMARK  28 339   -0.14    0.20    0.36    3.15    0.33   13.88    6.26    0.83
REMARK  29  27 1810.35    0.16    0.41    2.51    0.42   10.47    4.26    0.91
REMARK  30  18 2731.92    0.14    0.40    2.72    0.45   10.87    4.28    0.89
REMARK  31 11431016.50    0.13    0.39    2.86    0.46   10.84    4.23    0.86
REMARK  32  4873733.10    0.18    0.42    2.88    0.38   12.45    5.78    0.96
REMARK  33   7********    0.13    0.42    2.21    0.38   10.36    4.40    0.96

                         Job ended on 10-Mar-23

                               at 18:52:15

 cpu time = :    5.369569    
