QMC_MINIMIZED_Structure: 641 -38.072
QMC_MINIMIZED_Structure: 624 -5.35
QMC_MINIMIZED_Structure: 439 -32.762
QMC_MINIMIZED_Structure: 1513 8.679
QMC_MINIMIZED_Structure: 442 -34.65
QMC_MINIMIZED_Structure: 1845 -14.749
QMC_MINIMIZED_Structure: 1169 -20.955
QMC_MINIMIZED_Structure: 1048 -39.406
QMC_MINIMIZED_Structure: 441 -12.43
QMC_MINIMIZED_Structure: 653 -33.934
QMC_MINIMIZED_Structure: 219 -7.799
QMC_MINIMIZED_Structure: 1693 -12.778
QMC_MINIMIZED_Structure: 2012 -34.957
QMC_MINIMIZED_Structure: 1967 8.025
QMC_MINIMIZED_Structure: 1984 -13.425
QMC_MINIMIZED_Structure: 1450 -38.573
QMC_MINIMIZED_Structure: 15 -42.397
QMC_MINIMIZED_Structure: 1 -42.433
QMC_MINIMIZED_Structure: 644 -45.136
QMC_MINIMIZED_Structure: 425 -41.34
QMC_MINIMIZED_Structure: 1587 -35.401
QMC_MINIMIZED_Structure: 1632 -37.946
QMC_MINIMIZED_Structure: 1591 -49.173
QMC_MINIMIZED_Structure: 16 -35.714
QMC_MINIMIZED_Structure: 105 -45.471
QMC_MINIMIZED_Structure: 112 -14.917
QMC_MINIMIZED_Structure: 401 -42.861
QMC_MINIMIZED_Structure: 270 -42.883
QMC_MINIMIZED_Structure: 261 -34.852
QMC_MINIMIZED_Structure: 535 -37.526
QMC_MINIMIZED_Structure: 1805 -2.055
QMC_MINIMIZED_Structure: 496 -40.013
QMC_MINIMIZED_Structure: 78 -8.572
QMC_MINIMIZED_Structure: 930 -7.885
QMC_MINIMIZED_Structure: 410 -41.933
QMC_MINIMIZED_Structure: 948 -40.344
QMC_MINIMIZED_Structure: 836 8.188
QMC_MINIMIZED_Structure: 118 3.838
QMC_MINIMIZED_Structure: 400 -42.148
QMC_MINIMIZED_Structure: 1865 -6.767
QMC_MINIMIZED_Structure: 1217 -33.643
QMC_MINIMIZED_Structure: 7 -1.705
QMC_MINIMIZED_Structure: 18 -42.776
QMC_MINIMIZED_Structure: 1117 0.657
QMC_MINIMIZED_Structure: 500 -38.895
QMC_MINIMIZED_Structure: 1815 -45.572
QMC_MINIMIZED_Structure: 24 -35.426
QMC_MINIMIZED_Structure: 256 -9.162
QMC_MINIMIZED_Structure: 736 -39.008
QMC_MINIMIZED_Structure: 1240 -9.792
QMC_MINIMIZED_Structure: 1269 -49.617
QMC_MINIMIZED_Structure: 705 -41.669
QMC_MINIMIZED_Structure: 303 -42.382
QMC_MINIMIZED_Structure: 613 15.471
QMC_MINIMIZED_Structure: 746 -37.846
QMC_MINIMIZED_Structure: 201 -46.299
QMC_MINIMIZED_Structure: 1995 -43.148
QMC_MINIMIZED_Structure: 671 -14.281
QMC_MINIMIZED_Structure: 874 -36.518
QMC_MINIMIZED_Structure: 881 -38.912
QMC_MINIMIZED_Structure: 998 -24.522
QMC_MINIMIZED_Structure: 1257 -41.222
QMC_MINIMIZED_Structure: 85 -2.946
QMC_MINIMIZED_Structure: 343 -41.806
QMC_MINIMIZED_Structure: 233 -41.924
QMC_MINIMIZED_Structure: 424 -23.992
QMC_MINIMIZED_Structure: 784 -41.916
QMC_MINIMIZED_Structure: 1839 -16.698
QMC_MINIMIZED_Structure: 1745 -37.502
QMC_MINIMIZED_Structure: 819 -38.445
QMC_MINIMIZED_Structure: 1197 -1.208
QMC_MINIMIZED_Structure: 1132 -46.831
QMC_MINIMIZED_Structure: 330 -41.367
QMC_MINIMIZED_Structure: 1535 -15.044
QMC_MINIMIZED_Structure: 388 -20.877
QMC_MINIMIZED_Structure: 1555 -1.085
QMC_MINIMIZED_Structure: 1979 -42.14
QMC_MINIMIZED_Structure: 1414 -7.115
QMC_MINIMIZED_Structure: 1122 -45.78
QMC_MINIMIZED_Structure: 430 -8.659
QMC_MINIMIZED_Structure: 794 -4.732
QMC_MINIMIZED_Structure: 1143 -4.532
QMC_MINIMIZED_Structure: 1929 -41.894
QMC_MINIMIZED_Structure: 1235 -3.584
QMC_MINIMIZED_Structure: 544 -47.991
QMC_MINIMIZED_Structure: 1794 -26.238
QMC_MINIMIZED_Structure: 1411 -41.639
QMC_MINIMIZED_Structure: 1541 -3.982
QMC_MINIMIZED_Structure: 611 1.046
QMC_MINIMIZED_Structure: 637 -44.633
QMC_MINIMIZED_Structure: 72 4.499
QMC_MINIMIZED_Structure: 985 -54.373
QMC_MINIMIZED_Structure: 1980 -11.1
QMC_MINIMIZED_Structure: 1852 -0.272
QMC_MINIMIZED_Structure: 23 -16.486
QMC_MINIMIZED_Structure: 1506 -38.785
QMC_MINIMIZED_Structure: 1388 -44.065
QMC_MINIMIZED_Structure: 906 -31.376
QMC_MINIMIZED_Structure: 1415 -42.356
QMC_MINIMIZED_Structure: 264 -7.152
QMC_MINIMIZED_Structure: 652 2.121
QMC_MINIMIZED_Structure: 391 -12.095
QMC_MINIMIZED_Structure: 1616 2345864.2
QMC_MINIMIZED_Structure: 812 -48.548
QMC_MINIMIZED_Structure: 1027 -8.29
QMC_MINIMIZED_Structure: 714 -6.377
QMC_MINIMIZED_Structure: 1454 -40.72
QMC_MINIMIZED_Structure: 984 1.776
QMC_MINIMIZED_Structure: 1547 -34.108
QMC_MINIMIZED_Structure: 35 -4.038
QMC_MINIMIZED_Structure: 1440 -33.229
QMC_MINIMIZED_Structure: 1371 -38.594
QMC_MINIMIZED_Structure: 1396 5.775
QMC_MINIMIZED_Structure: 946 -19.446
QMC_MINIMIZED_Structure: 1714 -40.437
QMC_MINIMIZED_Structure: 1743 -34.018
QMC_MINIMIZED_Structure: 763 -27.412
QMC_MINIMIZED_Structure: 297 -45.737
QMC_MINIMIZED_Structure: 907 -1.226
QMC_MINIMIZED_Structure: 545 -15.662
QMC_MINIMIZED_Structure: 593 -44.838
QMC_MINIMIZED_Structure: 1327 -42.333
QMC_MINIMIZED_Structure: 929 -35.124
QMC_MINIMIZED_Structure: 50 -13.258
QMC_MINIMIZED_Structure: 1678 -29.886
QMC_MINIMIZED_Structure: 1291 0.679
QMC_MINIMIZED_Structure: 236 -9.077
QMC_MINIMIZED_Structure: 597 -9.233
QMC_MINIMIZED_Structure: 1787 -5.069
QMC_MINIMIZED_Structure: 825 -34.7
QMC_MINIMIZED_Structure: 1736 -28.578
QMC_MINIMIZED_Structure: 183 -0.364
QMC_MINIMIZED_Structure: 1610 -45.347
QMC_MINIMIZED_Structure: 709 -39.529
QMC_MINIMIZED_Structure: 1425 -38.622
QMC_MINIMIZED_Structure: 103 -40.09
QMC_MINIMIZED_Structure: 2047 4.536
QMC_MINIMIZED_Structure: 1969 -32.33
QMC_MINIMIZED_Structure: 516 -44.787
QMC_MINIMIZED_Structure: 1339 -27.254
QMC_MINIMIZED_Structure: 599 -35.093
QMC_MINIMIZED_Structure: 1660 -49.615
QMC_MINIMIZED_Structure: 1766 -43.741
QMC_MINIMIZED_Structure: 1413 -36.559
QMC_MINIMIZED_Structure: 1084 -39.768
QMC_MINIMIZED_Structure: 434 -2.444
QMC_MINIMIZED_Structure: 20 -47.494
QMC_MINIMIZED_Structure: 1260 -49.95
QMC_MINIMIZED_Structure: 27 -43.124
QMC_MINIMIZED_Structure: 262 -1.292
QMC_MINIMIZED_Structure: 1267 -42.765
QMC_MINIMIZED_Structure: 42 -41.732
QMC_MINIMIZED_Structure: 1718 -43.792
QMC_MINIMIZED_Structure: 1751 -2.955
QMC_MINIMIZED_Structure: 89 -41.053
QMC_MINIMIZED_Structure: 1904 -10.334
QMC_MINIMIZED_Structure: 142 -20.729
QMC_MINIMIZED_Structure: 1408 -7.491
QMC_MINIMIZED_Structure: 1704 -10.95
QMC_MINIMIZED_Structure: 420 -23.639
QMC_MINIMIZED_Structure: 557 -34.537
QMC_MINIMIZED_Structure: 109 -52.287
QMC_MINIMIZED_Structure: 950 -34.211
QMC_MINIMIZED_Structure: 501 -36.221
QMC_MINIMIZED_Structure: 813 -43.154
QMC_MINIMIZED_Structure: 1761 -39.057
QMC_MINIMIZED_Structure: 130 -0.236
QMC_MINIMIZED_Structure: 931 -34.484
QMC_MINIMIZED_Structure: 1351 -45.845
QMC_MINIMIZED_Structure: 823 -17.989
QMC_MINIMIZED_Structure: 1675 -11.094
QMC_MINIMIZED_Structure: 1879 -10.705
QMC_MINIMIZED_Structure: 970 -2.043
QMC_MINIMIZED_Structure: 1263 -13.238
QMC_MINIMIZED_Structure: 269 -37.771
QMC_MINIMIZED_Structure: 1804 -28.061
QMC_MINIMIZED_Structure: 1346 -37.131
QMC_MINIMIZED_Structure: 263 -42.512
QMC_MINIMIZED_Structure: 1060 -44.048
QMC_MINIMIZED_Structure: 428 -43.304
QMC_MINIMIZED_Structure: 1987 -1.86
QMC_MINIMIZED_Structure: 1717 -33.234
QMC_MINIMIZED_Structure: 1989 -7.435
QMC_MINIMIZED_Structure: 1468 -39.906
QMC_MINIMIZED_Structure: 1698 -29.839
QMC_MINIMIZED_Structure: 1633 -41.546
QMC_MINIMIZED_Structure: 667 -9.225
QMC_MINIMIZED_Structure: 686 -25.25
QMC_MINIMIZED_Structure: 584 -28.254
QMC_MINIMIZED_Structure: 1650 8822520.2
QMC_MINIMIZED_Structure: 59 -42.817
QMC_MINIMIZED_Structure: 4 -46.117
QMC_MINIMIZED_Structure: 1296 -37.152
QMC_MINIMIZED_Structure: 1630 -45.303
QMC_MINIMIZED_Structure: 1080 -38.871
QMC_MINIMIZED_Structure: 468 -40.796
QMC_MINIMIZED_Structure: 320 -41.761
QMC_MINIMIZED_Structure: 1188 -31.111
QMC_MINIMIZED_Structure: 663 -41.204
QMC_MINIMIZED_Structure: 1553 -40.214
QMC_MINIMIZED_Structure: 665 -36.655
QMC_MINIMIZED_Structure: 1205 -34.484
QMC_MINIMIZED_Structure: 1885 -14.519
QMC_MINIMIZED_Structure: 1559 -41.998
QMC_MINIMIZED_Structure: 1985 6.622
QMC_MINIMIZED_Structure: 299 -41.09
QMC_MINIMIZED_Structure: 129 -38.181
QMC_MINIMIZED_Structure: 1469 -40.927
QMC_MINIMIZED_Structure: 534 -36.661
QMC_MINIMIZED_Structure: 240 -2.682
QMC_MINIMIZED_Structure: 285 -41.431
QMC_MINIMIZED_Structure: 1796 -40.34
QMC_MINIMIZED_Structure: 381 -32.911
QMC_MINIMIZED_Structure: 1901 -39.08
QMC_MINIMIZED_Structure: 523 -2.559
QMC_MINIMIZED_Structure: 920 -43.3
QMC_MINIMIZED_Structure: 678 -44.986
QMC_MINIMIZED_Structure: 1774 -36.92
QMC_MINIMIZED_Structure: 287 -12.873
QMC_MINIMIZED_Structure: 2009 -1.609
QMC_MINIMIZED_Structure: 117 -37.321
QMC_MINIMIZED_Structure: 1015 -46.584
QMC_MINIMIZED_Structure: 1742 5.035
QMC_MINIMIZED_Structure: 602 -16.95
QMC_MINIMIZED_Structure: 295 0.087
QMC_MINIMIZED_Structure: 172 -0.904
QMC_MINIMIZED_Structure: 512 -1.441
QMC_MINIMIZED_Structure: 392 -27.042
QMC_MINIMIZED_Structure: 95 -40.294
QMC_MINIMIZED_Structure: 590 -8.838
QMC_MINIMIZED_Structure: 1354 -44.74
QMC_MINIMIZED_Structure: 1765 -35.798
QMC_MINIMIZED_Structure: 1211 -42.655
QMC_MINIMIZED_Structure: 1010 -43.942
QMC_MINIMIZED_Structure: 149 3.011
QMC_MINIMIZED_Structure: 96 -34.221
QMC_MINIMIZED_Structure: 19 -32.965
QMC_MINIMIZED_Structure: 1566 -23.708
QMC_MINIMIZED_Structure: 772 -37.548
QMC_MINIMIZED_Structure: 1446 -43.547
QMC_MINIMIZED_Structure: 1586 -0.929
QMC_MINIMIZED_Structure: 179 -41.82
QMC_MINIMIZED_Structure: 493 -37.964
QMC_MINIMIZED_Structure: 814 -34.462
QMC_MINIMIZED_Structure: 1377 -41.075
QMC_MINIMIZED_Structure: 658 -41.256
QMC_MINIMIZED_Structure: 1711 -37.745
QMC_MINIMIZED_Structure: 942 -39.562
QMC_MINIMIZED_Structure: 75 -18.181
QMC_MINIMIZED_Structure: 1522 -36.644
QMC_MINIMIZED_Structure: 122 -37.892
QMC_MINIMIZED_Structure: 423 -44.121
QMC_MINIMIZED_Structure: 935 9.852
QMC_MINIMIZED_Structure: 873 -22.868
QMC_MINIMIZED_Structure: 890 -30.965
QMC_MINIMIZED_Structure: 1568 -49.31
QMC_MINIMIZED_Structure: 1738 -21.546
QMC_MINIMIZED_Structure: 1713 -40.748
QMC_MINIMIZED_Structure: 1154 -39.171
QMC_MINIMIZED_Structure: 140 -4.42
QMC_MINIMIZED_Structure: 952 -43.209
QMC_MINIMIZED_Structure: 1646 -40.178
QMC_MINIMIZED_Structure: 1461 3.119
QMC_MINIMIZED_Structure: 1210 -43.365
QMC_MINIMIZED_Structure: 642 -32.924
QMC_MINIMIZED_Structure: 1934 -39.167
QMC_MINIMIZED_Structure: 1075 -29.637
QMC_MINIMIZED_Structure: 1608 -42.004
QMC_MINIMIZED_Structure: 800 -18.692
QMC_MINIMIZED_Structure: 1170 -46.008
QMC_MINIMIZED_Structure: 662 -11.571
QMC_MINIMIZED_Structure: 1243 -38.442
QMC_MINIMIZED_Structure: 510 -43.634
QMC_MINIMIZED_Structure: 1350 10.398
QMC_MINIMIZED_Structure: 1282 -7.566
QMC_MINIMIZED_Structure: 2023 -7.695
QMC_MINIMIZED_Structure: 1702 -43.016
QMC_MINIMIZED_Structure: 1539 3.354
QMC_MINIMIZED_Structure: 726 -2.726
QMC_MINIMIZED_Structure: 1654 -44.326
QMC_MINIMIZED_Structure: 1760 -23.618
QMC_MINIMIZED_Structure: 1419 -39.876
QMC_MINIMIZED_Structure: 622 -39.493
QMC_MINIMIZED_Structure: 1142 -49.238
QMC_MINIMIZED_Structure: 1128 -32.748
QMC_MINIMIZED_Structure: 134 -47.718
QMC_MINIMIZED_Structure: 1706 -41.498
QMC_MINIMIZED_Structure: 120 1.513
QMC_MINIMIZED_Structure: 1455 -44.647
QMC_MINIMIZED_Structure: 1802 -18.346
QMC_MINIMIZED_Structure: 1234 -39.82
QMC_MINIMIZED_Structure: 1582 -7.736
QMC_MINIMIZED_Structure: 445 -40.501
QMC_MINIMIZED_Structure: 73 -33.113
QMC_MINIMIZED_Structure: 26 -44.477
QMC_MINIMIZED_Structure: 778 -40.597
QMC_MINIMIZED_Structure: 892 -10.771
QMC_MINIMIZED_Structure: 1942 -39.581
QMC_MINIMIZED_Structure: 1353 -0.674
QMC_MINIMIZED_Structure: 1246 -36.64
QMC_MINIMIZED_Structure: 918 -40.852
QMC_MINIMIZED_Structure: 1897 -5.376
QMC_MINIMIZED_Structure: 215 -39.181
QMC_MINIMIZED_Structure: 230 2.634
QMC_MINIMIZED_Structure: 807 -43.692
QMC_MINIMIZED_Structure: 329 -42.114
QMC_MINIMIZED_Structure: 1067 -41.505
QMC_MINIMIZED_Structure: 114 -42.264
QMC_MINIMIZED_Structure: 146 -25.735
QMC_MINIMIZED_Structure: 1497 -36.232
QMC_MINIMIZED_Structure: 1710 -36.317
QMC_MINIMIZED_Structure: 1500 -13.126
QMC_MINIMIZED_Structure: 164 -26.756
QMC_MINIMIZED_Structure: 1270 -38.038
QMC_MINIMIZED_Structure: 260 1.005
QMC_MINIMIZED_Structure: 1543 -15.74
QMC_MINIMIZED_Structure: 757 -39.192
QMC_MINIMIZED_Structure: 1055 -16.046
QMC_MINIMIZED_Structure: 1908 -35.998
QMC_MINIMIZED_Structure: 251 -42.09
QMC_MINIMIZED_Structure: 1160 -32.13
QMC_MINIMIZED_Structure: 1030 -41.597
QMC_MINIMIZED_Structure: 1886 10.601
QMC_MINIMIZED_Structure: 1791 -8.949
QMC_MINIMIZED_Structure: 1082 -4.325
QMC_MINIMIZED_Structure: 22 -40.61
QMC_MINIMIZED_Structure: 1050 -30.542
QMC_MINIMIZED_Structure: 28 -30.796
QMC_MINIMIZED_Structure: 350 -37.914
QMC_MINIMIZED_Structure: 1124 -44.667
QMC_MINIMIZED_Structure: 841 -36.793
QMC_MINIMIZED_Structure: 2011 -44.023
QMC_MINIMIZED_Structure: 1859 -5.177
QMC_MINIMIZED_Structure: 1973 -44.601
QMC_MINIMIZED_Structure: 257 -43.496
QMC_MINIMIZED_Structure: 866 -28.867
QMC_MINIMIZED_Structure: 526 -38.523
QMC_MINIMIZED_Structure: 1221 -44.168
QMC_MINIMIZED_Structure: 966 1.471
QMC_MINIMIZED_Structure: 1233 -36.585
QMC_MINIMIZED_Structure: 799 -1.564
QMC_MINIMIZED_Structure: 70 -7.12
QMC_MINIMIZED_Structure: 190 -4.539
QMC_MINIMIZED_Structure: 258 -13.596
QMC_MINIMIZED_Structure: 956 -15.625
QMC_MINIMIZED_Structure: 973 -43.915
QMC_MINIMIZED_Structure: 1770 -44.313
QMC_MINIMIZED_Structure: 2030 -4.631
QMC_MINIMIZED_Structure: 177 -36.62
QMC_MINIMIZED_Structure: 538 -10.733
QMC_MINIMIZED_Structure: 876 -0.306
QMC_MINIMIZED_Structure: 1781 5.165
QMC_MINIMIZED_Structure: 1131 -35.461
QMC_MINIMIZED_Structure: 1951 0.191
QMC_MINIMIZED_Structure: 1397 -16.851
QMC_MINIMIZED_Structure: 1903 -45.217
QMC_MINIMIZED_Structure: 1389 -4.377
QMC_MINIMIZED_Structure: 515 -43.768
QMC_MINIMIZED_Structure: 871 -41.804
QMC_MINIMIZED_Structure: 979 -40.092
QMC_MINIMIZED_Structure: 632 -27.473
QMC_MINIMIZED_Structure: 387 -35.456
QMC_MINIMIZED_Structure: 1443 -30.663
QMC_MINIMIZED_Structure: 51 -28.569
QMC_MINIMIZED_Structure: 1108 -29.631
QMC_MINIMIZED_Structure: 284 -43.386
QMC_MINIMIZED_Structure: 1306 -40.292
QMC_MINIMIZED_Structure: 2045 0.894
QMC_MINIMIZED_Structure: 1726 -39.332
QMC_MINIMIZED_Structure: 712 -40.305
QMC_MINIMIZED_Structure: 972 -38.922
QMC_MINIMIZED_Structure: 389 -36.411
QMC_MINIMIZED_Structure: 1590 -46.651
QMC_MINIMIZED_Structure: 1782 -8.076
QMC_MINIMIZED_Structure: 1054 -41.081
QMC_MINIMIZED_Structure: 1562 -28.805
QMC_MINIMIZED_Structure: 1077 -43.115
QMC_MINIMIZED_Structure: 1763 -37.774
QMC_MINIMIZED_Structure: 575 5.876
QMC_MINIMIZED_Structure: 1955 -52.714
QMC_MINIMIZED_Structure: 1283 -10.739
QMC_MINIMIZED_Structure: 1667 -29.904
QMC_MINIMIZED_Structure: 1247 -12.707
QMC_MINIMIZED_Structure: 609 -46.821
QMC_MINIMIZED_Structure: 143 -1.346
QMC_MINIMIZED_Structure: 533 -37.953
QMC_MINIMIZED_Structure: 630 -34.451
QMC_MINIMIZED_Structure: 855 3.493
QMC_MINIMIZED_Structure: 771 -30.581
QMC_MINIMIZED_Structure: 1877 -25.639
QMC_MINIMIZED_Structure: 1184 -44.252
QMC_MINIMIZED_Structure: 414 3.432
QMC_MINIMIZED_Structure: 1473 -51.383
QMC_MINIMIZED_Structure: 243 -25.607
QMC_MINIMIZED_Structure: 661 -14.211
QMC_MINIMIZED_Structure: 492 -38.758
QMC_MINIMIZED_Structure: 1008 -21.945
QMC_MINIMIZED_Structure: 1609 -39.349
QMC_MINIMIZED_Structure: 844 -37.914
QMC_MINIMIZED_Structure: 760 -44.247
QMC_MINIMIZED_Structure: 655 -44.581
QMC_MINIMIZED_Structure: 1428 -40.292
QMC_MINIMIZED_Structure: 603 -39.633
QMC_MINIMIZED_Structure: 1871 1.198
QMC_MINIMIZED_Structure: 1304 -38.054
QMC_MINIMIZED_Structure: 968 -0.186
QMC_MINIMIZED_Structure: 181 -29.698
QMC_MINIMIZED_Structure: 451 4.829
QMC_MINIMIZED_Structure: 470 6.742
QMC_MINIMIZED_Structure: 939 -8.347
QMC_MINIMIZED_Structure: 1504 -11.898
QMC_MINIMIZED_Structure: 1882 -41.473
QMC_MINIMIZED_Structure: 393 -36.533
QMC_MINIMIZED_Structure: 596 -35.542
QMC_MINIMIZED_Structure: 1292 -44.405
QMC_MINIMIZED_Structure: 739 -41.625
QMC_MINIMIZED_Structure: 941 -7.253
QMC_MINIMIZED_Structure: 1746 -29.713
QMC_MINIMIZED_Structure: 1405 -40.102
QMC_MINIMIZED_Structure: 1430 -7.319
QMC_MINIMIZED_Structure: 864 -44.323
QMC_MINIMIZED_Structure: 1656 -40.351
QMC_MINIMIZED_Structure: 1521 -32.915
QMC_MINIMIZED_Structure: 915 -17.259
QMC_MINIMIZED_Structure: 394 -43.374
QMC_MINIMIZED_Structure: 680 -37.875
QMC_MINIMIZED_Structure: 1381 -33.346
QMC_MINIMIZED_Structure: 154 -40.963
QMC_MINIMIZED_Structure: 1732 -18.484
QMC_MINIMIZED_Structure: 214 -8.024
QMC_MINIMIZED_Structure: 673 1.216
QMC_MINIMIZED_Structure: 879 -3.668
QMC_MINIMIZED_Structure: 923 -39.367
QMC_MINIMIZED_Structure: 711 7.723
QMC_MINIMIZED_Structure: 1554 -39.322
QMC_MINIMIZED_Structure: 1308 -40.139
QMC_MINIMIZED_Structure: 914 -29.678
QMC_MINIMIZED_Structure: 83 -30.585
QMC_MINIMIZED_Structure: 699 -33.799
QMC_MINIMIZED_Structure: 666 -40.701
QMC_MINIMIZED_Structure: 1911 -49.798
QMC_MINIMIZED_Structure: 1369 -10.127
QMC_MINIMIZED_Structure: 245 -39.231
QMC_MINIMIZED_Structure: 10 -10.605
QMC_MINIMIZED_Structure: 815 -39.658
QMC_MINIMIZED_Structure: 1753 -17.633
QMC_MINIMIZED_Structure: 993 -5.74
QMC_MINIMIZED_Structure: 1700 -3.553
QMC_MINIMIZED_Structure: 1593 -11.281
QMC_MINIMIZED_Structure: 2025 -46.16
QMC_MINIMIZED_Structure: 1511 -6.574
QMC_MINIMIZED_Structure: 1863 -42.15
QMC_MINIMIZED_Structure: 1437 -16.228
QMC_MINIMIZED_Structure: 629 -22.556
QMC_MINIMIZED_Structure: 1891 -40.086
QMC_MINIMIZED_Structure: 1277 -33.942
QMC_MINIMIZED_Structure: 824 -1.249
QMC_MINIMIZED_Structure: 582 -39.199
QMC_MINIMIZED_Structure: 737 14.997
QMC_MINIMIZED_Structure: 2020 -35.495
QMC_MINIMIZED_Structure: 1627 11.498
QMC_MINIMIZED_Structure: 1572 -40.186
QMC_MINIMIZED_Structure: 1151 -43.023
QMC_MINIMIZED_Structure: 614 -20.69
QMC_MINIMIZED_Structure: 324 -39.665
QMC_MINIMIZED_Structure: 1615 -1.054
QMC_MINIMIZED_Structure: 674 -43.1
QMC_MINIMIZED_Structure: 718 -40.507
QMC_MINIMIZED_Structure: 2019 -45.009
QMC_MINIMIZED_Structure: 842 -21.123
QMC_MINIMIZED_Structure: 1289 3.284
QMC_MINIMIZED_Structure: 1387 -15.226
QMC_MINIMIZED_Structure: 406 -42.003
QMC_MINIMIZED_Structure: 1649 -23.261
QMC_MINIMIZED_Structure: 858 -28.931
QMC_MINIMIZED_Structure: 1403 -21.883
QMC_MINIMIZED_Structure: 1223 -36.446
QMC_MINIMIZED_Structure: 1222 -31.343
QMC_MINIMIZED_Structure: 1618 -49.169
QMC_MINIMIZED_Structure: 2026 -33.442
QMC_MINIMIZED_Structure: 721 -19.607
QMC_MINIMIZED_Structure: 1507 -46.657
QMC_MINIMIZED_Structure: 1784 6.152
QMC_MINIMIZED_Structure: 731 -10.388
QMC_MINIMIZED_Structure: 1825 -9.773
QMC_MINIMIZED_Structure: 327 -35.973
QMC_MINIMIZED_Structure: 728 -41.975
QMC_MINIMIZED_Structure: 239 -37.908
QMC_MINIMIZED_Structure: 924 -30.158
QMC_MINIMIZED_Structure: 1365 -16.579
QMC_MINIMIZED_Structure: 1085 -3.087
QMC_MINIMIZED_Structure: 62 -43.14
QMC_MINIMIZED_Structure: 598 -11.321
QMC_MINIMIZED_Structure: 189 -8.6
QMC_MINIMIZED_Structure: 2010 -48.66
QMC_MINIMIZED_Structure: 1297 -12.848
QMC_MINIMIZED_Structure: 1655 -34.932
QMC_MINIMIZED_Structure: 1671 -16.419
QMC_MINIMIZED_Structure: 216 -41.008
QMC_MINIMIZED_Structure: 67 -10.452
QMC_MINIMIZED_Structure: 1026 -31.552
QMC_MINIMIZED_Structure: 1307 3.021
QMC_MINIMIZED_Structure: 780 -46.216
QMC_MINIMIZED_Structure: 151 -18.862
QMC_MINIMIZED_Structure: 833 -41.425
QMC_MINIMIZED_Structure: 567 -45.626
QMC_MINIMIZED_Structure: 580 -32.684
QMC_MINIMIZED_Structure: 1370 -37.346
QMC_MINIMIZED_Structure: 1502 -40.979
QMC_MINIMIZED_Structure: 1261 -25.476
QMC_MINIMIZED_Structure: 390 3.835
QMC_MINIMIZED_Structure: 1755 -35.315
QMC_MINIMIZED_Structure: 1631 -32.516
QMC_MINIMIZED_Structure: 354 -39.496
QMC_MINIMIZED_Structure: 212 -28.281
QMC_MINIMIZED_Structure: 1578 -34.652
QMC_MINIMIZED_Structure: 1314 -37.162
QMC_MINIMIZED_Structure: 196 4.212
QMC_MINIMIZED_Structure: 1229 -35.887
QMC_MINIMIZED_Structure: 1735 -6.667
QMC_MINIMIZED_Structure: 1607 -31.276
QMC_MINIMIZED_Structure: 318 0.368
QMC_MINIMIZED_Structure: 696 -8.898
QMC_MINIMIZED_Structure: 137 -42.181
QMC_MINIMIZED_Structure: 1336 -39.262
QMC_MINIMIZED_Structure: 194 -16.872
QMC_MINIMIZED_Structure: 1007 -30.55
QMC_MINIMIZED_Structure: 491 -15.897
QMC_MINIMIZED_Structure: 1251 -8.523
QMC_MINIMIZED_Structure: 787 -27.879
QMC_MINIMIZED_Structure: 1493 -4.697
QMC_MINIMIZED_Structure: 1123 -40.839
QMC_MINIMIZED_Structure: 1061 -7.7
QMC_MINIMIZED_Structure: 1330 -13.354
QMC_MINIMIZED_Structure: 1816 -3.708
QMC_MINIMIZED_Structure: 1617 -19.242
QMC_MINIMIZED_Structure: 1725 -12.904
QMC_MINIMIZED_Structure: 865 -3.344
QMC_MINIMIZED_Structure: 280 -35.034
QMC_MINIMIZED_Structure: 1145 -40.692
QMC_MINIMIZED_Structure: 786 -44.474
QMC_MINIMIZED_Structure: 846 -39.001
QMC_MINIMIZED_Structure: 971 -43.443
QMC_MINIMIZED_Structure: 540 8.147
QMC_MINIMIZED_Structure: 325 -39.697
QMC_MINIMIZED_Structure: 1478 -41.494
QMC_MINIMIZED_Structure: 685 -44.684
QMC_MINIMIZED_Structure: 160 4.371
QMC_MINIMIZED_Structure: 1936 -15.724
QMC_MINIMIZED_Structure: 413 -5.318
QMC_MINIMIZED_Structure: 1465 -28.333
QMC_MINIMIZED_Structure: 1856 -40.741
QMC_MINIMIZED_Structure: 1313 -37.12
QMC_MINIMIZED_Structure: 402 -36.109
QMC_MINIMIZED_Structure: 1018 -41.222
QMC_MINIMIZED_Structure: 1947 2.778
QMC_MINIMIZED_Structure: 1452 -40.641
QMC_MINIMIZED_Structure: 776 -30.315
QMC_MINIMIZED_Structure: 809 -33.238
QMC_MINIMIZED_Structure: 566 -43.544
QMC_MINIMIZED_Structure: 1412 1.046
QMC_MINIMIZED_Structure: 250 -39.91
QMC_MINIMIZED_Structure: 569 -45.303
QMC_MINIMIZED_Structure: 982 4.789
QMC_MINIMIZED_Structure: 1612 -38.663
QMC_MINIMIZED_Structure: 1106 -45.005
QMC_MINIMIZED_Structure: 386 7.658
QMC_MINIMIZED_Structure: 265 -47.467
QMC_MINIMIZED_Structure: 2035 -12.735
QMC_MINIMIZED_Structure: 1399 -3.047
QMC_MINIMIZED_Structure: 1006 1.375
QMC_MINIMIZED_Structure: 777 -46.115
QMC_MINIMIZED_Structure: 1032 -48.243
QMC_MINIMIZED_Structure: 396 -24.688
QMC_MINIMIZED_Structure: 404 9.034
QMC_MINIMIZED_Structure: 1081 1.424
QMC_MINIMIZED_Structure: 184 -41.257
QMC_MINIMIZED_Structure: 2042 -44.844
QMC_MINIMIZED_Structure: 141 -35.31
QMC_MINIMIZED_Structure: 723 -43.148
QMC_MINIMIZED_Structure: 1764 3539647.9
QMC_MINIMIZED_Structure: 1707 -33.13
QMC_MINIMIZED_Structure: 1171 -14.097
QMC_MINIMIZED_Structure: 1888 -4.246
QMC_MINIMIZED_Structure: 1570 -35.983
QMC_MINIMIZED_Structure: 592 -4.845
QMC_MINIMIZED_Structure: 349 -16.845
QMC_MINIMIZED_Structure: 253 -39.956
QMC_MINIMIZED_Structure: 691 -46.48
QMC_MINIMIZED_Structure: 25 -46.776
QMC_MINIMIZED_Structure: 12 -11.687
QMC_MINIMIZED_Structure: 168 -37.222
QMC_MINIMIZED_Structure: 830 -35.519
QMC_MINIMIZED_Structure: 1404 -1.412
QMC_MINIMIZED_Structure: 87 -24.213
QMC_MINIMIZED_Structure: 0 -35.086
QMC_MINIMIZED_Structure: 379 -41.413
QMC_MINIMIZED_Structure: 1762 -20.315
QMC_MINIMIZED_Structure: 279 -12.4
QMC_MINIMIZED_Structure: 1071 -32.51
QMC_MINIMIZED_Structure: 1992 -37.229
QMC_MINIMIZED_Structure: 1642 -42.041
QMC_MINIMIZED_Structure: 1890 -15.014
QMC_MINIMIZED_Structure: 1046 -42.33
QMC_MINIMIZED_Structure: 1448 -43.484
QMC_MINIMIZED_Structure: 764 -38.145
QMC_MINIMIZED_Structure: 293 2.945
QMC_MINIMIZED_Structure: 1935 -40.828
QMC_MINIMIZED_Structure: 465 -11.837
QMC_MINIMIZED_Structure: 698 8.748
QMC_MINIMIZED_Structure: 581 -45.996
QMC_MINIMIZED_Structure: 579 -41.824
QMC_MINIMIZED_Structure: 362 -30.025
QMC_MINIMIZED_Structure: 562 -8.339
QMC_MINIMIZED_Structure: 1249 -42.816
QMC_MINIMIZED_Structure: 246 -32.56
QMC_MINIMIZED_Structure: 1584 -4.012
QMC_MINIMIZED_Structure: 1348 -1.147
QMC_MINIMIZED_Structure: 643 -22.827
QMC_MINIMIZED_Structure: 1740 -36.921
QMC_MINIMIZED_Structure: 1386 -4.567
QMC_MINIMIZED_Structure: 1588 -37.526
QMC_MINIMIZED_Structure: 2021 -43.752
QMC_MINIMIZED_Structure: 571 -1.405
QMC_MINIMIZED_Structure: 944 -15.62
QMC_MINIMIZED_Structure: 1595 -45.916
QMC_MINIMIZED_Structure: 981 -39.21
QMC_MINIMIZED_Structure: 53 -25.299
QMC_MINIMIZED_Structure: 1069 -38.741
QMC_MINIMIZED_Structure: 808 -39.297
QMC_MINIMIZED_Structure: 339 -45.152
QMC_MINIMIZED_Structure: 36 -43.733
QMC_MINIMIZED_Structure: 1550 -23.772
QMC_MINIMIZED_Structure: 765 2.726
QMC_MINIMIZED_Structure: 165 -39.208
QMC_MINIMIZED_Structure: 758 -1.023
QMC_MINIMIZED_Structure: 314 -41.364
QMC_MINIMIZED_Structure: 616 -16.448
QMC_MINIMIZED_Structure: 1287 4.306
QMC_MINIMIZED_Structure: 2001 -39.704
QMC_MINIMIZED_Structure: 1972 2.503
QMC_MINIMIZED_Structure: 1819 -5.633
QMC_MINIMIZED_Structure: 1977 -48.721
QMC_MINIMIZED_Structure: 1517 -14.919
QMC_MINIMIZED_Structure: 55 3.015
QMC_MINIMIZED_Structure: 587 -11.459
QMC_MINIMIZED_Structure: 1611 -44.977
QMC_MINIMIZED_Structure: 1441 -21.941
QMC_MINIMIZED_Structure: 1119 -43.819
QMC_MINIMIZED_Structure: 1523 -36.842
QMC_MINIMIZED_Structure: 311 -37.249
QMC_MINIMIZED_Structure: 234 4.07
QMC_MINIMIZED_Structure: 801 2.558
QMC_MINIMIZED_Structure: 1093 1.49
QMC_MINIMIZED_Structure: 1932 4.448
QMC_MINIMIZED_Structure: 867 -31.167
QMC_MINIMIZED_Structure: 507 -23.58
QMC_MINIMIZED_Structure: 626 -47.722
QMC_MINIMIZED_Structure: 274 -48.542
QMC_MINIMIZED_Structure: 572 -50.791
QMC_MINIMIZED_Structure: 487 -8.209
QMC_MINIMIZED_Structure: 171 -22.802
QMC_MINIMIZED_Structure: 272 -44.431
QMC_MINIMIZED_Structure: 554 -19.883
QMC_MINIMIZED_Structure: 161 -39.187
QMC_MINIMIZED_Structure: 13 -43.185
QMC_MINIMIZED_Structure: 352 -10.756
QMC_MINIMIZED_Structure: 1515 -33.892
QMC_MINIMIZED_Structure: 903 8.77
QMC_MINIMIZED_Structure: 1881 -38.66
QMC_MINIMIZED_Structure: 17 -25.476
QMC_MINIMIZED_Structure: 509 -40.261
QMC_MINIMIZED_Structure: 1527 -45.741
QMC_MINIMIZED_Structure: 676 -41.669
QMC_MINIMIZED_Structure: 1152 1.273
QMC_MINIMIZED_Structure: 1876 -32.272
QMC_MINIMIZED_Structure: 1092 4.017
QMC_MINIMIZED_Structure: 444 -47.917
QMC_MINIMIZED_Structure: 1329 -46.165
QMC_MINIMIZED_Structure: 639 -36.222
QMC_MINIMIZED_Structure: 831 -41.804
QMC_MINIMIZED_Structure: 769 -47.097
QMC_MINIMIZED_Structure: 372 -7.48
QMC_MINIMIZED_Structure: 323 -17.021
QMC_MINIMIZED_Structure: 1873 -26.791
QMC_MINIMIZED_Structure: 294 -35.785
QMC_MINIMIZED_Structure: 1322 -2.507
QMC_MINIMIZED_Structure: 522 -40.83
QMC_MINIMIZED_Structure: 870 -3.302
QMC_MINIMIZED_Structure: 1902 -22.0
QMC_MINIMIZED_Structure: 1496 6.994
QMC_MINIMIZED_Structure: 595 -36.287
QMC_MINIMIZED_Structure: 170 -45.904
QMC_MINIMIZED_Structure: 1349 3.062
QMC_MINIMIZED_Structure: 197 -8.22
QMC_MINIMIZED_Structure: 793 -42.95
QMC_MINIMIZED_Structure: 1309 -40.043
QMC_MINIMIZED_Structure: 681 -43.657
QMC_MINIMIZED_Structure: 64 0.634
QMC_MINIMIZED_Structure: 853 -37.367
QMC_MINIMIZED_Structure: 1809 -36.377
QMC_MINIMIZED_Structure: 309 -38.422
QMC_MINIMIZED_Structure: 271 -50.033
QMC_MINIMIZED_Structure: 1178 -40.831
QMC_MINIMIZED_Structure: 363 -18.903
QMC_MINIMIZED_Structure: 1601 1.104
QMC_MINIMIZED_Structure: 1253 -37.899
QMC_MINIMIZED_Structure: 461 -42.645
QMC_MINIMIZED_Structure: 505 -39.004
QMC_MINIMIZED_Structure: 1528 -22.105
QMC_MINIMIZED_Structure: 958 -49.976
QMC_MINIMIZED_Structure: 940 -39.854
QMC_MINIMIZED_Structure: 1920 -34.394
QMC_MINIMIZED_Structure: 1778 -43.798
QMC_MINIMIZED_Structure: 334 -5.247
QMC_MINIMIZED_Structure: 633 -46.699
QMC_MINIMIZED_Structure: 2003 7.28
QMC_MINIMIZED_Structure: 463 -42.327
QMC_MINIMIZED_Structure: 211 -36.36
QMC_MINIMIZED_Structure: 802 -40.082
QMC_MINIMIZED_Structure: 397 -38.982
QMC_MINIMIZED_Structure: 1966 -43.306
QMC_MINIMIZED_Structure: 1225 -37.194
QMC_MINIMIZED_Structure: 1861 -42.479
QMC_MINIMIZED_Structure: 1471 4.313
QMC_MINIMIZED_Structure: 1274 -46.181
QMC_MINIMIZED_Structure: 1198 -13.445
QMC_MINIMIZED_Structure: 551 -48.702
QMC_MINIMIZED_Structure: 742 5.786
QMC_MINIMIZED_Structure: 889 3.708
QMC_MINIMIZED_Structure: 659 -40.685
QMC_MINIMIZED_Structure: 376 -39.118
QMC_MINIMIZED_Structure: 798 -38.452
QMC_MINIMIZED_Structure: 31 -50.036
QMC_MINIMIZED_Structure: 68 -39.549
QMC_MINIMIZED_Structure: 649 -28.786
QMC_MINIMIZED_Structure: 2017 -30.429
QMC_MINIMIZED_Structure: 1310 -42.273
QMC_MINIMIZED_Structure: 448 -16.672
QMC_MINIMIZED_Structure: 732 -42.872
QMC_MINIMIZED_Structure: 436 3.732
QMC_MINIMIZED_Structure: 1226 -19.211
QMC_MINIMIZED_Structure: 1434 -1.518
QMC_MINIMIZED_Structure: 1512 -4.32
QMC_MINIMIZED_Structure: 1530 -41.556
QMC_MINIMIZED_Structure: 835 -3.118
QMC_MINIMIZED_Structure: 452 2.752
QMC_MINIMIZED_Structure: 1139 -5.0
QMC_MINIMIZED_Structure: 1185 -44.751
QMC_MINIMIZED_Structure: 1875 -46.97
QMC_MINIMIZED_Structure: 688 -13.891
QMC_MINIMIZED_Structure: 886 -43.094
QMC_MINIMIZED_Structure: 1213 -46.243
QMC_MINIMIZED_Structure: 1867 -36.372
QMC_MINIMIZED_Structure: 1422 -9.997
QMC_MINIMIZED_Structure: 767 -41.285
QMC_MINIMIZED_Structure: 1529 -36.047
QMC_MINIMIZED_Structure: 839 -32.983
QMC_MINIMIZED_Structure: 672 -11.573
QMC_MINIMIZED_Structure: 1215 -43.092
QMC_MINIMIZED_Structure: 322 0.737
QMC_MINIMIZED_Structure: 79 -9.256
QMC_MINIMIZED_Structure: 447 -7.2
QMC_MINIMIZED_Structure: 774 -15.84
QMC_MINIMIZED_Structure: 1459 -1.879
QMC_MINIMIZED_Structure: 360 -15.256
QMC_MINIMIZED_Structure: 2016 -25.502
QMC_MINIMIZED_Structure: 101 -3.503
QMC_MINIMIZED_Structure: 1017 -45.892
QMC_MINIMIZED_Structure: 859 -33.916
QMC_MINIMIZED_Structure: 955 -20.151
QMC_MINIMIZED_Structure: 1196 -43.241
QMC_MINIMIZED_Structure: 499 -26.048
QMC_MINIMIZED_Structure: 2040 -2.927
QMC_MINIMIZED_Structure: 525 -0.262
QMC_MINIMIZED_Structure: 832 -39.962
QMC_MINIMIZED_Structure: 145 -36.147
QMC_MINIMIZED_Structure: 1290 -39.801
QMC_MINIMIZED_Structure: 978 -43.782
QMC_MINIMIZED_Structure: 700 -20.235
QMC_MINIMIZED_Structure: 9 -50.621
QMC_MINIMIZED_Structure: 1894 -47.294
QMC_MINIMIZED_Structure: 1489 -39.316
QMC_MINIMIZED_Structure: 315 -42.282
QMC_MINIMIZED_Structure: 1288 -17.591
QMC_MINIMIZED_Structure: 282 -40.717
QMC_MINIMIZED_Structure: 1898 -27.87
QMC_MINIMIZED_Structure: 862 -38.558
QMC_MINIMIZED_Structure: 398 -2.937
QMC_MINIMIZED_Structure: 1960 0.348
QMC_MINIMIZED_Structure: 1445 -36.29
QMC_MINIMIZED_Structure: 542 -39.742
QMC_MINIMIZED_Structure: 1803 -46.554
QMC_MINIMIZED_Structure: 690 -44.26
QMC_MINIMIZED_Structure: 1728 -10.444
QMC_MINIMIZED_Structure: 1315 -0.16
QMC_MINIMIZED_Structure: 1161 -15.032
QMC_MINIMIZED_Structure: 604 1.216
QMC_MINIMIZED_Structure: 905 -35.504
QMC_MINIMIZED_Structure: 1410 -41.97
QMC_MINIMIZED_Structure: 453 -38.209
QMC_MINIMIZED_Structure: 1374 -17.248
QMC_MINIMIZED_Structure: 553 -48.7
QMC_MINIMIZED_Structure: 817 -1.943
QMC_MINIMIZED_Structure: 1978 -37.59
QMC_MINIMIZED_Structure: 1278 -43.496
QMC_MINIMIZED_Structure: 104 -37.665
QMC_MINIMIZED_Structure: 44 -29.497
QMC_MINIMIZED_Structure: 342 -48.163
QMC_MINIMIZED_Structure: 683 -44.225
QMC_MINIMIZED_Structure: 1037 -32.206
QMC_MINIMIZED_Structure: 1382 -31.707
QMC_MINIMIZED_Structure: 1272 1.487
QMC_MINIMIZED_Structure: 561 -37.043
QMC_MINIMIZED_Structure: 1224 -38.624
QMC_MINIMIZED_Structure: 1741 -1.06
QMC_MINIMIZED_Structure: 1022 -17.151
QMC_MINIMIZED_Structure: 91 -25.205
QMC_MINIMIZED_Structure: 248 -4.052
QMC_MINIMIZED_Structure: 1086 -35.299
QMC_MINIMIZED_Structure: 1639 -43.375
QMC_MINIMIZED_Structure: 2036 -3.92
QMC_MINIMIZED_Structure: 1447 -44.091
QMC_MINIMIZED_Structure: 1533 2.651
QMC_MINIMIZED_Structure: 416 -48.427
QMC_MINIMIZED_Structure: 484 1.02
QMC_MINIMIZED_Structure: 1216 -11.753
QMC_MINIMIZED_Structure: 899 -47.478
QMC_MINIMIZED_Structure: 331 -40.267
QMC_MINIMIZED_Structure: 612 -36.23
QMC_MINIMIZED_Structure: 727 -37.443
QMC_MINIMIZED_Structure: 810 -39.174
QMC_MINIMIZED_Structure: 1851 -37.35
QMC_MINIMIZED_Structure: 1125 -35.721
QMC_MINIMIZED_Structure: 816 -11.606
QMC_MINIMIZED_Structure: 790 -35.207
QMC_MINIMIZED_Structure: 84 -3.685
QMC_MINIMIZED_Structure: 380 -36.024
QMC_MINIMIZED_Structure: 1492 -36.863
QMC_MINIMIZED_Structure: 2031 -43.172
QMC_MINIMIZED_Structure: 670 -6.096
QMC_MINIMIZED_Structure: 1598 -37.149
QMC_MINIMIZED_Structure: 594 -36.976
QMC_MINIMIZED_Structure: 606 -44.501
QMC_MINIMIZED_Structure: 1941 -30.233
QMC_MINIMIZED_Structure: 1279 -38.472
QMC_MINIMIZED_Structure: 1420 -41.943
QMC_MINIMIZED_Structure: 1754 -43.889
QMC_MINIMIZED_Structure: 788 -21.817
QMC_MINIMIZED_Structure: 1480 -41.559
QMC_MINIMIZED_Structure: 2043 -40.289
QMC_MINIMIZED_Structure: 1320 4.187
QMC_MINIMIZED_Structure: 14 -49.264
QMC_MINIMIZED_Structure: 1520 -45.529
QMC_MINIMIZED_Structure: 1165 -0.386
QMC_MINIMIZED_Structure: 645 -40.251
QMC_MINIMIZED_Structure: 1483 -35.098
QMC_MINIMIZED_Structure: 1429 -40.624
QMC_MINIMIZED_Structure: 128 -45.636
QMC_MINIMIZED_Structure: 220 -32.527
QMC_MINIMIZED_Structure: 1597 -41.427
QMC_MINIMIZED_Structure: 895 3.789
QMC_MINIMIZED_Structure: 1155 -14.601
QMC_MINIMIZED_Structure: 1536 -36.27
QMC_MINIMIZED_Structure: 1409 -18.595
QMC_MINIMIZED_Structure: 1692 -4.829
QMC_MINIMIZED_Structure: 266 -42.266
QMC_MINIMIZED_Structure: 508 -4.415
QMC_MINIMIZED_Structure: 43 -48.056
QMC_MINIMIZED_Structure: 175 -47.026
QMC_MINIMIZED_Structure: 1407 -23.195
QMC_MINIMIZED_Structure: 537 -41.608
QMC_MINIMIZED_Structure: 1294 -13.324
QMC_MINIMIZED_Structure: 358 -14.429
QMC_MINIMIZED_Structure: 887 -0.464
QMC_MINIMIZED_Structure: 188 -33.873
QMC_MINIMIZED_Structure: 1252 -23.388
QMC_MINIMIZED_Structure: 754 -8.044
QMC_MINIMIZED_Structure: 1342 -43.577
QMC_MINIMIZED_Structure: 1402 -43.184
QMC_MINIMIZED_Structure: 1953 -45.859
QMC_MINIMIZED_Structure: 1976 3.933
QMC_MINIMIZED_Structure: 1474 -40.98
QMC_MINIMIZED_Structure: 1245 3.322
QMC_MINIMIZED_Structure: 497 -32.496
QMC_MINIMIZED_Structure: 1058 -36.077
QMC_MINIMIZED_Structure: 1276 -47.347
QMC_MINIMIZED_Structure: 1343 -42.518
QMC_MINIMIZED_Structure: 1602 -48.848
QMC_MINIMIZED_Structure: 1681 -35.96
QMC_MINIMIZED_Structure: 735 -40.787
QMC_MINIMIZED_Structure: 378 -15.985
QMC_MINIMIZED_Structure: 82 6.079
QMC_MINIMIZED_Structure: 1797 -16.026
QMC_MINIMIZED_Structure: 427 -40.692
QMC_MINIMIZED_Structure: 1940 -48.248
QMC_MINIMIZED_Structure: 910 -15.832
QMC_MINIMIZED_Structure: 382 -46.04
QMC_MINIMIZED_Structure: 132 -38.192
QMC_MINIMIZED_Structure: 857 -4.78
QMC_MINIMIZED_Structure: 1900 -34.215
QMC_MINIMIZED_Structure: 1571 -39.844
QMC_MINIMIZED_Structure: 63 -42.505
QMC_MINIMIZED_Structure: 238 -11.456
QMC_MINIMIZED_Structure: 1759 -29.115
QMC_MINIMIZED_Structure: 1795 -48.828
QMC_MINIMIZED_Structure: 1652 -7.984
QMC_MINIMIZED_Structure: 503 -39.751
QMC_MINIMIZED_Structure: 1505 -36.8
QMC_MINIMIZED_Structure: 1023 5.418
QMC_MINIMIZED_Structure: 1065 1.213
QMC_MINIMIZED_Structure: 1974 -23.735
QMC_MINIMIZED_Structure: 2015 -16.85
QMC_MINIMIZED_Structure: 191 -46.58
QMC_MINIMIZED_Structure: 1948 -10.122
QMC_MINIMIZED_Structure: 692 -42.64
QMC_MINIMIZED_Structure: 1204 -27.848
QMC_MINIMIZED_Structure: 1049 -40.971
QMC_MINIMIZED_Structure: 1438 -35.728
QMC_MINIMIZED_Structure: 1426 -44.836
QMC_MINIMIZED_Structure: 1792 -41.108
QMC_MINIMIZED_Structure: 990 -10.245
QMC_MINIMIZED_Structure: 2029 -36.412
QMC_MINIMIZED_Structure: 969 -40.531
QMC_MINIMIZED_Structure: 1038 -41.43
QMC_MINIMIZED_Structure: 1824 -9.009
QMC_MINIMIZED_Structure: 1780 -4.541
QMC_MINIMIZED_Structure: 1669 -40.942
QMC_MINIMIZED_Structure: 1684 -46.814
QMC_MINIMIZED_Structure: 1179 -36.753
QMC_MINIMIZED_Structure: 1011 -16.411
QMC_MINIMIZED_Structure: 1750 -24.624
QMC_MINIMIZED_Structure: 224 -34.913
QMC_MINIMIZED_Structure: 926 -36.758
QMC_MINIMIZED_Structure: 1758 -39.675
QMC_MINIMIZED_Structure: 1264 -45.105
QMC_MINIMIZED_Structure: 1398 -36.595
QMC_MINIMIZED_Structure: 1956 -15.431
QMC_MINIMIZED_Structure: 806 -39.912
QMC_MINIMIZED_Structure: 1159 -45.525
QMC_MINIMIZED_Structure: 166 -29.535
QMC_MINIMIZED_Structure: 1647 -39.279
QMC_MINIMIZED_Structure: 843 -43.273
QMC_MINIMIZED_Structure: 1884 -17.845
QMC_MINIMIZED_Structure: 605 -42.674
QMC_MINIMIZED_Structure: 1677 -3.724
QMC_MINIMIZED_Structure: 1998 -49.925
QMC_MINIMIZED_Structure: 1531 -47.817
QMC_MINIMIZED_Structure: 100 -25.797
QMC_MINIMIZED_Structure: 80 -46.913
QMC_MINIMIZED_Structure: 1218 -42.264
QMC_MINIMIZED_Structure: 745 -3.764
QMC_MINIMIZED_Structure: 2018 -11.167
QMC_MINIMIZED_Structure: 1230 -43.92
QMC_MINIMIZED_Structure: 1685 -7.032
QMC_MINIMIZED_Structure: 1236 -43.432
QMC_MINIMIZED_Structure: 1864 -43.301
QMC_MINIMIZED_Structure: 1662 -28.42
QMC_MINIMIZED_Structure: 300 -42.282
QMC_MINIMIZED_Structure: 574 -3.71
QMC_MINIMIZED_Structure: 1098 -41.716
QMC_MINIMIZED_Structure: 1435 -45.064
QMC_MINIMIZED_Structure: 1836 -38.732
QMC_MINIMIZED_Structure: 1442 -39.616
QMC_MINIMIZED_Structure: 1379 -44.513
QMC_MINIMIZED_Structure: 1503 -10.89
QMC_MINIMIZED_Structure: 752 1.28
QMC_MINIMIZED_Structure: 1716 -22.804
QMC_MINIMIZED_Structure: 2013 -40.198
QMC_MINIMIZED_Structure: 1848 -42.255
QMC_MINIMIZED_Structure: 1636 9.706
QMC_MINIMIZED_Structure: 898 -33.702
QMC_MINIMIZED_Structure: 796 -38.087
QMC_MINIMIZED_Structure: 1835 -29.188
QMC_MINIMIZED_Structure: 1841 -5.396
QMC_MINIMIZED_Structure: 1189 -48.681
QMC_MINIMIZED_Structure: 943 -48.015
QMC_MINIMIZED_Structure: 54 -30.86
QMC_MINIMIZED_Structure: 1944 1.323
QMC_MINIMIZED_Structure: 1112 -46.872
QMC_MINIMIZED_Structure: 615 -27.876
QMC_MINIMIZED_Structure: 1359 -13.14
QMC_MINIMIZED_Structure: 1183 -26.25
QMC_MINIMIZED_Structure: 1544 1.291
QMC_MINIMIZED_Structure: 2038 -42.447
QMC_MINIMIZED_Structure: 888 -45.523
QMC_MINIMIZED_Structure: 1332 3.98
QMC_MINIMIZED_Structure: 1524 -35.715
QMC_MINIMIZED_Structure: 514 -29.874
QMC_MINIMIZED_Structure: 1490 -20.596
QMC_MINIMIZED_Structure: 600 -16.323
QMC_MINIMIZED_Structure: 1793 -38.593
QMC_MINIMIZED_Structure: 1551 -46.627
QMC_MINIMIZED_Structure: 1641 -3.2
QMC_MINIMIZED_Structure: 228 -32.346
QMC_MINIMIZED_Structure: 555 -32.505
QMC_MINIMIZED_Structure: 1945 -12.121
QMC_MINIMIZED_Structure: 1068 -2.092
QMC_MINIMIZED_Structure: 47 -3.246
QMC_MINIMIZED_Structure: 965 4.273
QMC_MINIMIZED_Structure: 1679 -51.442
QMC_MINIMIZED_Structure: 1933 -20.104
QMC_MINIMIZED_Structure: 1176 -26.436
QMC_MINIMIZED_Structure: 1634 4.277
QMC_MINIMIZED_Structure: 563 -0.14
QMC_MINIMIZED_Structure: 1622 -40.367
QMC_MINIMIZED_Structure: 1665 -45.758
QMC_MINIMIZED_Structure: 5 -21.917
QMC_MINIMIZED_Structure: 565 4.161
QMC_MINIMIZED_Structure: 1005 -14.038
QMC_MINIMIZED_Structure: 277 -5.647
QMC_MINIMIZED_Structure: 147 -49.22
QMC_MINIMIZED_Structure: 153 -35.952
QMC_MINIMIZED_Structure: 1921 -24.044
QMC_MINIMIZED_Structure: 1575 -25.982
QMC_MINIMIZED_Structure: 961 0.3
QMC_MINIMIZED_Structure: 1172 -40.475
QMC_MINIMIZED_Structure: 1347 -1.636
QMC_MINIMIZED_Structure: 1686 -33.463
QMC_MINIMIZED_Structure: 1912 -40.558
QMC_MINIMIZED_Structure: 1556 -40.183
QMC_MINIMIZED_Structure: 543 -29.017
QMC_MINIMIZED_Structure: 1423 -28.517
QMC_MINIMIZED_Structure: 1676 -7.274
QMC_MINIMIZED_Structure: 1020 -44.086
QMC_MINIMIZED_Structure: 1883 -30.965
QMC_MINIMIZED_Structure: 1643 -40.537
QMC_MINIMIZED_Structure: 2004 -41.49
QMC_MINIMIZED_Structure: 124 -9.66
QMC_MINIMIZED_Structure: 768 -13.856
QMC_MINIMIZED_Structure: 1993 -47.86
QMC_MINIMIZED_Structure: 1166 -43.73
QMC_MINIMIZED_Structure: 1928 -41.901
QMC_MINIMIZED_Structure: 139 -38.328
QMC_MINIMIZED_Structure: 1565 -40.473
QMC_MINIMIZED_Structure: 1723 -16.599
QMC_MINIMIZED_Structure: 1129 -30.409
QMC_MINIMIZED_Structure: 1103 -20.867
QMC_MINIMIZED_Structure: 1720 -3.642
QMC_MINIMIZED_Structure: 1690 -40.044
QMC_MINIMIZED_Structure: 1362 -43.57
QMC_MINIMIZED_Structure: 1299 -40.17
QMC_MINIMIZED_Structure: 840 -45.675
QMC_MINIMIZED_Structure: 1484 1.761
QMC_MINIMIZED_Structure: 2014 -43.035
QMC_MINIMIZED_Structure: 619 -39.527
QMC_MINIMIZED_Structure: 1302 -39.67
QMC_MINIMIZED_Structure: 927 -0.157
QMC_MINIMIZED_Structure: 1983 -38.851
QMC_MINIMIZED_Structure: 1576 -48.64
QMC_MINIMIZED_Structure: 1606 -21.645
QMC_MINIMIZED_Structure: 1843 -38.32
QMC_MINIMIZED_Structure: 880 -32.452
QMC_MINIMIZED_Structure: 837 -19.585
QMC_MINIMIZED_Structure: 917 -6.301
QMC_MINIMIZED_Structure: 1463 -17.021
QMC_MINIMIZED_Structure: 650 -43.013
QMC_MINIMIZED_Structure: 1199 -7.511
QMC_MINIMIZED_Structure: 1368 -40.074
QMC_MINIMIZED_Structure: 41 -1.306
QMC_MINIMIZED_Structure: 1485 -42.452
QMC_MINIMIZED_Structure: 627 -39.695
QMC_MINIMIZED_Structure: 1475 -47.71
QMC_MINIMIZED_Structure: 471 -38.192
QMC_MINIMIZED_Structure: 1175 -22.606
QMC_MINIMIZED_Structure: 707 -46.23
QMC_MINIMIZED_Structure: 1880 -42.828
QMC_MINIMIZED_Structure: 232 -6.187
QMC_MINIMIZED_Structure: 1526 -11.826
QMC_MINIMIZED_Structure: 625 -45.354
QMC_MINIMIZED_Structure: 475 -13.396
QMC_MINIMIZED_Structure: 994 -12.405
QMC_MINIMIZED_Structure: 986 0.531
QMC_MINIMIZED_Structure: 298 -25.455
QMC_MINIMIZED_Structure: 1242 -42.41
QMC_MINIMIZED_Structure: 1629 -43.535
QMC_MINIMIZED_Structure: 1470 -3.953
QMC_MINIMIZED_Structure: 1045 0.22
QMC_MINIMIZED_Structure: 1052 -31.596
QMC_MINIMIZED_Structure: 2044 -42.664
QMC_MINIMIZED_Structure: 1779 -11.558
QMC_MINIMIZED_Structure: 1673 -0.563
QMC_MINIMIZED_Structure: 478 -32.96
QMC_MINIMIZED_Structure: 443 -31.33
QMC_MINIMIZED_Structure: 900 -39.429
QMC_MINIMIZED_Structure: 697 -40.727
QMC_MINIMIZED_Structure: 421 -38.542
QMC_MINIMIZED_Structure: 1909 -41.106
QMC_MINIMIZED_Structure: 435 -49.082
QMC_MINIMIZED_Structure: 49 -5.066
QMC_MINIMIZED_Structure: 1373 -36.005
QMC_MINIMIZED_Structure: 852 -28.973
QMC_MINIMIZED_Structure: 822 -38.705
QMC_MINIMIZED_Structure: 1840 -26.681
QMC_MINIMIZED_Structure: 743 -44.969
QMC_MINIMIZED_Structure: 353 -31.139
QMC_MINIMIZED_Structure: 336 3.997
QMC_MINIMIZED_Structure: 1731 -14.904
QMC_MINIMIZED_Structure: 669 -4.903
QMC_MINIMIZED_Structure: 1286 -32.005
QMC_MINIMIZED_Structure: 1040 -40.585
QMC_MINIMIZED_Structure: 199 -41.647
QMC_MINIMIZED_Structure: 1293 -36.34
QMC_MINIMIZED_Structure: 2002 0.609
QMC_MINIMIZED_Structure: 185 -35.024
QMC_MINIMIZED_Structure: 1733 -24.903
QMC_MINIMIZED_Structure: 805 -39.023
QMC_MINIMIZED_Structure: 1561 -1.922
QMC_MINIMIZED_Structure: 1033 -19.331
QMC_MINIMIZED_Structure: 1427 -40.907
QMC_MINIMIZED_Structure: 506 -3.763
QMC_MINIMIZED_Structure: 1637 -39.291
QMC_MINIMIZED_Structure: 152 -0.32
QMC_MINIMIZED_Structure: 283 -11.272
QMC_MINIMIZED_Structure: 1719 -11.952
QMC_MINIMIZED_Structure: 321 -42.258
QMC_MINIMIZED_Structure: 1147 -32.585
QMC_MINIMIZED_Structure: 964 -44.99
QMC_MINIMIZED_Structure: 338 -11.781
QMC_MINIMIZED_Structure: 1416 -44.816
QMC_MINIMIZED_Structure: 1357 -0.511
QMC_MINIMIZED_Structure: 480 -43.064
QMC_MINIMIZED_Structure: 1158 -29.624
QMC_MINIMIZED_Structure: 229 -44.773
QMC_MINIMIZED_Structure: 586 -40.264
QMC_MINIMIZED_Structure: 1599 -38.045
QMC_MINIMIZED_Structure: 1729 -37.129
QMC_MINIMIZED_Structure: 1964 1.696
QMC_MINIMIZED_Structure: 163 -35.785
QMC_MINIMIZED_Structure: 222 3.01
QMC_MINIMIZED_Structure: 138 -40.144
QMC_MINIMIZED_Structure: 1682 -44.818
QMC_MINIMIZED_Structure: 92 -36.94
QMC_MINIMIZED_Structure: 462 3.715
QMC_MINIMIZED_Structure: 1826 -40.33
QMC_MINIMIZED_Structure: 1670 -15.425
QMC_MINIMIZED_Structure: 861 -46.109
QMC_MINIMIZED_Structure: 1193 -31.47
QMC_MINIMIZED_Structure: 1319 -7.243
QMC_MINIMIZED_Structure: 1078 8.037
QMC_MINIMIZED_Structure: 1950 -9.506
QMC_MINIMIZED_Structure: 304 -41.677
QMC_MINIMIZED_Structure: 781 1.965
QMC_MINIMIZED_Structure: 1786 3.04
QMC_MINIMIZED_Structure: 860 -41.044
QMC_MINIMIZED_Structure: 495 -40.562
QMC_MINIMIZED_Structure: 1899 -41.741
QMC_MINIMIZED_Structure: 851 -15.651
QMC_MINIMIZED_Structure: 11 -41.221
QMC_MINIMIZED_Structure: 108 -17.603
QMC_MINIMIZED_Structure: 1775 5.199
QMC_MINIMIZED_Structure: 399 -36.553
QMC_MINIMIZED_Structure: 901 3.996
QMC_MINIMIZED_Structure: 1640 -36.131
QMC_MINIMIZED_Structure: 1663 -44.469
QMC_MINIMIZED_Structure: 1546 -17.468
QMC_MINIMIZED_Structure: 377 -12.157
QMC_MINIMIZED_Structure: 974 -42.701
QMC_MINIMIZED_Structure: 1182 0.133
QMC_MINIMIZED_Structure: 1110 -33.993
QMC_MINIMIZED_Structure: 1878 -40.811
QMC_MINIMIZED_Structure: 759 -35.485
QMC_MINIMIZED_Structure: 45 -39.711
QMC_MINIMIZED_Structure: 750 -41.227
QMC_MINIMIZED_Structure: 1087 -6.183
QMC_MINIMIZED_Structure: 1079 -1.464
QMC_MINIMIZED_Structure: 1433 -38.755
QMC_MINIMIZED_Structure: 933 -19.026
QMC_MINIMIZED_Structure: 1699 -37.683
QMC_MINIMIZED_Structure: 734 -42.461
QMC_MINIMIZED_Structure: 1316 -32.944
QMC_MINIMIZED_Structure: 1874 -27.024
QMC_MINIMIZED_Structure: 668 -46.095
QMC_MINIMIZED_Structure: 638 -4.332
QMC_MINIMIZED_Structure: 69 -41.828
QMC_MINIMIZED_Structure: 738 -40.467
QMC_MINIMIZED_Structure: 1757 -44.767
QMC_MINIMIZED_Structure: 412 1.369
QMC_MINIMIZED_Structure: 1585 -41.076
QMC_MINIMIZED_Structure: 1268 -40.808
QMC_MINIMIZED_Structure: 275 -40.111
QMC_MINIMIZED_Structure: 656 -2.211
QMC_MINIMIZED_Structure: 1739 -33.456
QMC_MINIMIZED_Structure: 203 -37.111
QMC_MINIMIZED_Structure: 173 -40.649
QMC_MINIMIZED_Structure: 1118 -40.948
QMC_MINIMIZED_Structure: 237 -35.824
QMC_MINIMIZED_Structure: 1666 -42.648
QMC_MINIMIZED_Structure: 536 -38.076
QMC_MINIMIZED_Structure: 1703 -32.193
QMC_MINIMIZED_Structure: 1265 -2.881
QMC_MINIMIZED_Structure: 1747 -3.741
QMC_MINIMIZED_Structure: 583 -42.186
QMC_MINIMIZED_Structure: 192 5.492
QMC_MINIMIZED_Structure: 1401 -29.529
QMC_MINIMIZED_Structure: 29 -4.763
QMC_MINIMIZED_Structure: 1138 -35.307
QMC_MINIMIZED_Structure: 32 -4.719
QMC_MINIMIZED_Structure: 1981 -20.178
QMC_MINIMIZED_Structure: 2039 -9.087
QMC_MINIMIZED_Structure: 1181 -40.183
QMC_MINIMIZED_Structure: 635 -16.086
QMC_MINIMIZED_Structure: 770 -26.393
QMC_MINIMIZED_Structure: 1594 -2.433
QMC_MINIMIZED_Structure: 755 -40.378
QMC_MINIMIZED_Structure: 1926 -40.296
QMC_MINIMIZED_Structure: 651 -46.013
QMC_MINIMIZED_Structure: 433 -6.097
QMC_MINIMIZED_Structure: 252 -35.184
QMC_MINIMIZED_Structure: 1734 -46.121
QMC_MINIMIZED_Structure: 1990 -7.734
QMC_MINIMIZED_Structure: 1212 -43.883
QMC_MINIMIZED_Structure: 1378 4.483
QMC_MINIMIZED_Structure: 429 -49.058
QMC_MINIMIZED_Structure: 405 -43.529
QMC_MINIMIZED_Structure: 208 -36.353
QMC_MINIMIZED_Structure: 1923 -25.216
QMC_MINIMIZED_Structure: 1162 -33.267
QMC_MINIMIZED_Structure: 33 -43.869
QMC_MINIMIZED_Structure: 205 -39.433
QMC_MINIMIZED_Structure: 1768 -38.715
QMC_MINIMIZED_Structure: 1991 -46.623
QMC_MINIMIZED_Structure: 1439 -20.278
QMC_MINIMIZED_Structure: 1467 -3.414
QMC_MINIMIZED_Structure: 366 -45.547
QMC_MINIMIZED_Structure: 1619 -47.066
QMC_MINIMIZED_Structure: 1534 -38.288
QMC_MINIMIZED_Structure: 1772 -36.501
QMC_MINIMIZED_Structure: 1621 -43.213
QMC_MINIMIZED_Structure: 1724 -11.518
QMC_MINIMIZED_Structure: 623 -37.832
QMC_MINIMIZED_Structure: 1674 3.764
QMC_MINIMIZED_Structure: 1156 -43.482
QMC_MINIMIZED_Structure: 1014 -2.806
QMC_MINIMIZED_Structure: 1818 0.028
QMC_MINIMIZED_Structure: 1066 -23.417
QMC_MINIMIZED_Structure: 2032 -31.186
QMC_MINIMIZED_Structure: 460 -40.125
QMC_MINIMIZED_Structure: 1800 -39.467
QMC_MINIMIZED_Structure: 464 -50.55
QMC_MINIMIZED_Structure: 1070 -9.597
QMC_MINIMIZED_Structure: 546 -39.614
QMC_MINIMIZED_Structure: 1064 4.678
QMC_MINIMIZED_Structure: 1838 -26.834
QMC_MINIMIZED_Structure: 1097 -48.619
QMC_MINIMIZED_Structure: 422 -11.302
QMC_MINIMIZED_Structure: 316 -35.163
QMC_MINIMIZED_Structure: 1248 -36.614
QMC_MINIMIZED_Structure: 1628 -42.167
QMC_MINIMIZED_Structure: 636 -13.159
QMC_MINIMIZED_Structure: 169 -22.918
QMC_MINIMIZED_Structure: 740 -48.143
QMC_MINIMIZED_Structure: 1892 -8.444
QMC_MINIMIZED_Structure: 1298 -41.315
QMC_MINIMIZED_Structure: 174 -42.934
QMC_MINIMIZED_Structure: 1930 1.814
QMC_MINIMIZED_Structure: 1073 -40.124
QMC_MINIMIZED_Structure: 1626 1.601
QMC_MINIMIZED_Structure: 1227 -49.956
QMC_MINIMIZED_Structure: 1971 -12.233
QMC_MINIMIZED_Structure: 1498 -34.707
QMC_MINIMIZED_Structure: 1344 -1.134
QMC_MINIMIZED_Structure: 1321 -4.07
QMC_MINIMIZED_Structure: 1905 9.049
QMC_MINIMIZED_Structure: 281 -45.787
QMC_MINIMIZED_Structure: 1664 7.093
QMC_MINIMIZED_Structure: 1146 6.097
QMC_MINIMIZED_Structure: 1057 1.504
QMC_MINIMIZED_Structure: 375 -42.333
QMC_MINIMIZED_Structure: 1174 -34.88
QMC_MINIMIZED_Structure: 1613 -15.462
QMC_MINIMIZED_Structure: 1658 -38.623
QMC_MINIMIZED_Structure: 710 -35.712
QMC_MINIMIZED_Structure: 1013 -32.031
QMC_MINIMIZED_Structure: 474 -25.809
QMC_MINIMIZED_Structure: 922 -41.635
QMC_MINIMIZED_Structure: 795 -41.538
QMC_MINIMIZED_Structure: 531 -42.736
QMC_MINIMIZED_Structure: 1495 -34.97
QMC_MINIMIZED_Structure: 231 10.734
QMC_MINIMIZED_Structure: 983 1.846
QMC_MINIMIZED_Structure: 1563 -45.265
QMC_MINIMIZED_Structure: 568 -33.031
QMC_MINIMIZED_Structure: 1477 -42.163
QMC_MINIMIZED_Structure: 225 2.777
QMC_MINIMIZED_Structure: 1228 8.142
QMC_MINIMIZED_Structure: 1777 -48.706
QMC_MINIMIZED_Structure: 1982 -2.798
QMC_MINIMIZED_Structure: 1916 -45.344
QMC_MINIMIZED_Structure: 249 -10.004
QMC_MINIMIZED_Structure: 1910 -13.387
QMC_MINIMIZED_Structure: 713 -9.724
QMC_MINIMIZED_Structure: 703 -40.185
QMC_MINIMIZED_Structure: 949 -42.712
QMC_MINIMIZED_Structure: 302 -42.989
QMC_MINIMIZED_Structure: 158 0.839
QMC_MINIMIZED_Structure: 882 -6.019
QMC_MINIMIZED_Structure: 218 -4.731
QMC_MINIMIZED_Structure: 1653 -40.238
QMC_MINIMIZED_Structure: 1285 -42.391
QMC_MINIMIZED_Structure: 467 -36.843
QMC_MINIMIZED_Structure: 1102 -44.739
QMC_MINIMIZED_Structure: 995 -40.915
QMC_MINIMIZED_Structure: 550 -47.558
QMC_MINIMIZED_Structure: 1281 -32.982
QMC_MINIMIZED_Structure: 1481 -47.677
QMC_MINIMIZED_Structure: 1810 -8.962
QMC_MINIMIZED_Structure: 1744 -50.203
QMC_MINIMIZED_Structure: 826 -38.074
QMC_MINIMIZED_Structure: 1012 -37.777
QMC_MINIMIZED_Structure: 591 -30.94
QMC_MINIMIZED_Structure: 1769 -15.845
QMC_MINIMIZED_Structure: 1488 -21.613
QMC_MINIMIZED_Structure: 187 -45.357
QMC_MINIMIZED_Structure: 1954 -4.088
QMC_MINIMIZED_Structure: 1771 -3.486
QMC_MINIMIZED_Structure: 1516 8.033
QMC_MINIMIZED_Structure: 791 -43.306
QMC_MINIMIZED_Structure: 648 -44.052
QMC_MINIMIZED_Structure: 518 -17.846
QMC_MINIMIZED_Structure: 52 -41.157
QMC_MINIMIZED_Structure: 1042 -2.529
QMC_MINIMIZED_Structure: 1860 -1.98
QMC_MINIMIZED_Structure: 1318 -39.006
QMC_MINIMIZED_Structure: 1120 -48.753
QMC_MINIMIZED_Structure: 332 -1.665
QMC_MINIMIZED_Structure: 576 -12.57
QMC_MINIMIZED_Structure: 340 -31.095
QMC_MINIMIZED_Structure: 1303 -44.764
QMC_MINIMIZED_Structure: 1153 -1.203
QMC_MINIMIZED_Structure: 751 -40.629
QMC_MINIMIZED_Structure: 186 -38.216
QMC_MINIMIZED_Structure: 519 -5.292
QMC_MINIMIZED_Structure: 278 -45.467
QMC_MINIMIZED_Structure: 789 -26.274
QMC_MINIMIZED_Structure: 344 -44.365
QMC_MINIMIZED_Structure: 1338 -3.022
QMC_MINIMIZED_Structure: 60 -0.723
QMC_MINIMIZED_Structure: 106 -35.706
QMC_MINIMIZED_Structure: 370 -40.123
QMC_MINIMIZED_Structure: 1335 -39.051
QMC_MINIMIZED_Structure: 797 -46.361
QMC_MINIMIZED_Structure: 1444 -28.864
QMC_MINIMIZED_Structure: 1509 -32.337
QMC_MINIMIZED_Structure: 1542 -42.982
QMC_MINIMIZED_Structure: 1150 3.04
QMC_MINIMIZED_Structure: 601 -43.227
QMC_MINIMIZED_Structure: 549 -33.633
QMC_MINIMIZED_Structure: 1063 -39.367
QMC_MINIMIZED_Structure: 1192 -47.267
QMC_MINIMIZED_Structure: 1925 -44.992
QMC_MINIMIZED_Structure: 936 -32.371
QMC_MINIMIZED_Structure: 682 -32.237
QMC_MINIMIZED_Structure: 875 -36.156
QMC_MINIMIZED_Structure: 756 -40.302
QMC_MINIMIZED_Structure: 520 -40.925
QMC_MINIMIZED_Structure: 1133 -38.006
QMC_MINIMIZED_Structure: 704 -44.942
QMC_MINIMIZED_Structure: 1537 -43.756
QMC_MINIMIZED_Structure: 996 -40.516
QMC_MINIMIZED_Structure: 88 -40.197
QMC_MINIMIZED_Structure: 987 -28.552
QMC_MINIMIZED_Structure: 951 -34.711
QMC_MINIMIZED_Structure: 1569 -43.694
QMC_MINIMIZED_Structure: 341 -43.393
QMC_MINIMIZED_Structure: 125 -36.932
QMC_MINIMIZED_Structure: 1101 -20.02
QMC_MINIMIZED_Structure: 761 -25.99
QMC_MINIMIZED_Structure: 1041 -31.274
QMC_MINIMIZED_Structure: 1436 -41.996
QMC_MINIMIZED_Structure: 1687 -28.145
QMC_MINIMIZED_Structure: 1811 -41.55
QMC_MINIMIZED_Structure: 1727 -48.462
QMC_MINIMIZED_Structure: 1295 -11.804
QMC_MINIMIZED_Structure: 1827 -38.78
QMC_MINIMIZED_Structure: 156 -49.341
QMC_MINIMIZED_Structure: 1833 -49.44
QMC_MINIMIZED_Structure: 872 -38.587
QMC_MINIMIZED_Structure: 1400 -45.111
QMC_MINIMIZED_Structure: 1072 -40.158
QMC_MINIMIZED_Structure: 741 -44.988
QMC_MINIMIZED_Structure: 548 -37.071
QMC_MINIMIZED_Structure: 1001 7.206
QMC_MINIMIZED_Structure: 1834 -14.886
QMC_MINIMIZED_Structure: 1231 -5.494
QMC_MINIMIZED_Structure: 1552 -25.385
QMC_MINIMIZED_Structure: 356 -39.564
QMC_MINIMIZED_Structure: 1832 -11.728
QMC_MINIMIZED_Structure: 1187 -41.145
QMC_MINIMIZED_Structure: 58 8.676
QMC_MINIMIZED_Structure: 1126 -18.603
QMC_MINIMIZED_Structure: 335 -43.861
QMC_MINIMIZED_Structure: 1355 2.787
QMC_MINIMIZED_Structure: 1829 -45.825
QMC_MINIMIZED_Structure: 94 -44.306
QMC_MINIMIZED_Structure: 558 -21.177
QMC_MINIMIZED_Structure: 476 -39.624
QMC_MINIMIZED_Structure: 1173 -44.835
QMC_MINIMIZED_Structure: 135 -47.508
QMC_MINIMIZED_Structure: 912 -45.79
QMC_MINIMIZED_Structure: 1680 -49.878
QMC_MINIMIZED_Structure: 725 -35.511
QMC_MINIMIZED_Structure: 1917 -39.913
QMC_MINIMIZED_Structure: 1672 -2.091
QMC_MINIMIZED_Structure: 1432 -45.031
QMC_MINIMIZED_Structure: 1003 -1.783
QMC_MINIMIZED_Structure: 963 -22.879
QMC_MINIMIZED_Structure: 1116 -46.05
QMC_MINIMIZED_Structure: 308 -38.73
QMC_MINIMIZED_Structure: 1962 -8.663
QMC_MINIMIZED_Structure: 783 -37.95
QMC_MINIMIZED_Structure: 1857 9.619
QMC_MINIMIZED_Structure: 909 -22.196
QMC_MINIMIZED_Structure: 1089 -8.814
QMC_MINIMIZED_Structure: 446 -37.572
QMC_MINIMIZED_Structure: 61 4.494
QMC_MINIMIZED_Structure: 684 -25.484
QMC_MINIMIZED_Structure: 1922 -37.523
QMC_MINIMIZED_Structure: 1968 1.205
QMC_MINIMIZED_Structure: 1748 -36.463
QMC_MINIMIZED_Structure: 1540 -15.32
QMC_MINIMIZED_Structure: 473 -25.131
QMC_MINIMIZED_Structure: 1220 -41.818
QMC_MINIMIZED_Structure: 570 -48.636
QMC_MINIMIZED_Structure: 916 -1.878
QMC_MINIMIZED_Structure: 3 -47.109
QMC_MINIMIZED_Structure: 1059 7.21
QMC_MINIMIZED_Structure: 107 -37.148
QMC_MINIMIZED_Structure: 1451 -36.988
QMC_MINIMIZED_Structure: 1913 -9.267
QMC_MINIMIZED_Structure: 1273 1.213
QMC_MINIMIZED_Structure: 1462 -41.386
QMC_MINIMIZED_Structure: 902 -42.57
QMC_MINIMIZED_Structure: 310 -46.622
QMC_MINIMIZED_Structure: 432 -22.481
QMC_MINIMIZED_Structure: 868 -42.184
QMC_MINIMIZED_Structure: 1135 -42.321
QMC_MINIMIZED_Structure: 1208 -1.552
QMC_MINIMIZED_Structure: 1180 -43.651
QMC_MINIMIZED_Structure: 1994 -36.702
QMC_MINIMIZED_Structure: 1466 -25.488
QMC_MINIMIZED_Structure: 904 -12.033
QMC_MINIMIZED_Structure: 1999 -42.411
QMC_MINIMIZED_Structure: 1258 -35.99
QMC_MINIMIZED_Structure: 1421 -39.898
QMC_MINIMIZED_Structure: 937 -43.772
QMC_MINIMIZED_Structure: 617 -24.592
QMC_MINIMIZED_Structure: 677 -39.146
QMC_MINIMIZED_Structure: 1870 -5.644
QMC_MINIMIZED_Structure: 111 -37.039
QMC_MINIMIZED_Structure: 934 -41.459
QMC_MINIMIZED_Structure: 1214 -39.81
QMC_MINIMIZED_Structure: 1963 -44.5
QMC_MINIMIZED_Structure: 384 -27.159
QMC_MINIMIZED_Structure: 395 -11.382
QMC_MINIMIZED_Structure: 469 -19.867
QMC_MINIMIZED_Structure: 368 -47.269
QMC_MINIMIZED_Structure: 1850 -44.429
QMC_MINIMIZED_Structure: 1472 -39.487
QMC_MINIMIZED_Structure: 1380 -44.864
QMC_MINIMIZED_Structure: 1094 -3.49
QMC_MINIMIZED_Structure: 1345 -45.355
QMC_MINIMIZED_Structure: 489 1.729
QMC_MINIMIZED_Structure: 223 -28.867
QMC_MINIMIZED_Structure: 244 -43.727
QMC_MINIMIZED_Structure: 1324 -42.693
QMC_MINIMIZED_Structure: 1567 -20.602
QMC_MINIMIZED_Structure: 1975 -33.605
QMC_MINIMIZED_Structure: 997 -12.198
QMC_MINIMIZED_Structure: 1683 -17.8
QMC_MINIMIZED_Structure: 374 -44.114
QMC_MINIMIZED_Structure: 847 -41.445
QMC_MINIMIZED_Structure: 8 -21.396
QMC_MINIMIZED_Structure: 2005 7.273
QMC_MINIMIZED_Structure: 209 3.582
QMC_MINIMIZED_Structure: 2024 -0.727
QMC_MINIMIZED_Structure: 1163 -50.206
QMC_MINIMIZED_Structure: 1301 4.742
QMC_MINIMIZED_Structure: 766 -29.701
QMC_MINIMIZED_Structure: 296 -4.299
QMC_MINIMIZED_Structure: 450 -42.416
QMC_MINIMIZED_Structure: 77 -26.048
QMC_MINIMIZED_Structure: 207 -33.743
QMC_MINIMIZED_Structure: 144 -38.287
QMC_MINIMIZED_Structure: 1305 -42.024
QMC_MINIMIZED_Structure: 1476 -42.404
QMC_MINIMIZED_Structure: 477 -44.871
QMC_MINIMIZED_Structure: 1831 -19.248
QMC_MINIMIZED_Structure: 1395 -36.876
QMC_MINIMIZED_Structure: 346 -44.473
QMC_MINIMIZED_Structure: 1635 -37.874
QMC_MINIMIZED_Structure: 241 -6.839
QMC_MINIMIZED_Structure: 1790 -43.283
QMC_MINIMIZED_Structure: 957 -4.483
QMC_MINIMIZED_Structure: 93 -47.729
QMC_MINIMIZED_Structure: 1847 -40.943
QMC_MINIMIZED_Structure: 155 -9.26
QMC_MINIMIZED_Structure: 449 -44.617
QMC_MINIMIZED_Structure: 1280 -52.496
QMC_MINIMIZED_Structure: 1376 -14.144
QMC_MINIMIZED_Structure: 733 -14.003
QMC_MINIMIZED_Structure: 1896 -33.684
QMC_MINIMIZED_Structure: 458 -29.779
QMC_MINIMIZED_Structure: 456 -0.894
QMC_MINIMIZED_Structure: 1574 -4.176
QMC_MINIMIZED_Structure: 528 -42.321
QMC_MINIMIZED_Structure: 1486 -47.074
QMC_MINIMIZED_Structure: 159 -38.934
QMC_MINIMIZED_Structure: 702 -14.278
QMC_MINIMIZED_Structure: 708 -37.664
QMC_MINIMIZED_Structure: 242 0.029
QMC_MINIMIZED_Structure: 1813 -47.598
QMC_MINIMIZED_Structure: 701 -0.098
QMC_MINIMIZED_Structure: 1406 -42.566
QMC_MINIMIZED_Structure: 980 1084033.8
QMC_MINIMIZED_Structure: 498 -44.651
QMC_MINIMIZED_Structure: 1919 -37.528
QMC_MINIMIZED_Structure: 1019 -39.419
QMC_MINIMIZED_Structure: 919 -45.546
QMC_MINIMIZED_Structure: 1036 -14.646
QMC_MINIMIZED_Structure: 1798 -33.749
QMC_MINIMIZED_Structure: 472 -37.225
QMC_MINIMIZED_Structure: 502 -38.095
QMC_MINIMIZED_Structure: 291 -14.289
QMC_MINIMIZED_Structure: 1592 -16.703
QMC_MINIMIZED_Structure: 361 -34.924
QMC_MINIMIZED_Structure: 98 -23.449
QMC_MINIMIZED_Structure: 367 -34.535
QMC_MINIMIZED_Structure: 608 -29.135
QMC_MINIMIZED_Structure: 921 -49.696
QMC_MINIMIZED_Structure: 1938 -36.598
QMC_MINIMIZED_Structure: 195 -44.731
QMC_MINIMIZED_Structure: 724 -5.71
QMC_MINIMIZED_Structure: 749 -4.206
QMC_MINIMIZED_Structure: 1558 -49.484
QMC_MINIMIZED_Structure: 1458 -1.615
QMC_MINIMIZED_Structure: 1549 6.358
QMC_MINIMIZED_Structure: 1364 -48.701
QMC_MINIMIZED_Structure: 46 -23.385
QMC_MINIMIZED_Structure: 1053 -27.696
QMC_MINIMIZED_Structure: 34 -24.65
QMC_MINIMIZED_Structure: 2000 -38.338
QMC_MINIMIZED_Structure: 845 7.622
QMC_MINIMIZED_Structure: 235 -31.28
QMC_MINIMIZED_Structure: 1391 12.615
QMC_MINIMIZED_Structure: 1191 -42.247
QMC_MINIMIZED_Structure: 494 -44.345
QMC_MINIMIZED_Structure: 897 -42.259
QMC_MINIMIZED_Structure: 1044 -28.315
QMC_MINIMIZED_Structure: 1195 -42.406
QMC_MINIMIZED_Structure: 556 -16.939
QMC_MINIMIZED_Structure: 1696 -1.474
QMC_MINIMIZED_Structure: 657 -39.231
QMC_MINIMIZED_Structure: 1323 -40.114
QMC_MINIMIZED_Structure: 210 -39.878
QMC_MINIMIZED_Structure: 1501 -41.492
QMC_MINIMIZED_Structure: 893 -41.116
QMC_MINIMIZED_Structure: 1887 -21.02
QMC_MINIMIZED_Structure: 585 -40.593
QMC_MINIMIZED_Structure: 647 2.081
QMC_MINIMIZED_Structure: 1232 -3.423
QMC_MINIMIZED_Structure: 1254 4.928
QMC_MINIMIZED_Structure: 1648 -35.274
QMC_MINIMIZED_Structure: 1051 -31.542
QMC_MINIMIZED_Structure: 131 -39.572
QMC_MINIMIZED_Structure: 1141 -3.856
QMC_MINIMIZED_Structure: 1104 2.619
QMC_MINIMIZED_Structure: 988 -40.323
QMC_MINIMIZED_Structure: 850 -40.645
QMC_MINIMIZED_Structure: 785 -43.369
QMC_MINIMIZED_Structure: 1508 -41.828
QMC_MINIMIZED_Structure: 306 7.255
QMC_MINIMIZED_Structure: 719 11.888
QMC_MINIMIZED_Structure: 945 -41.136
QMC_MINIMIZED_Structure: 1830 -26.593
QMC_MINIMIZED_Structure: 1140 -36.386
QMC_MINIMIZED_Structure: 1709 -35.372
QMC_MINIMIZED_Structure: 227 -44.722
QMC_MINIMIZED_Structure: 913 -0.221
QMC_MINIMIZED_Structure: 1148 -34.134
QMC_MINIMIZED_Structure: 1918 0.664
QMC_MINIMIZED_Structure: 908 -43.629
QMC_MINIMIZED_Structure: 136 -45.016
QMC_MINIMIZED_Structure: 1689 5.043
QMC_MINIMIZED_Structure: 116 -36.579
QMC_MINIMIZED_Structure: 717 -8.449
QMC_MINIMIZED_Structure: 206 -37.035
QMC_MINIMIZED_Structure: 385 -33.087
QMC_MINIMIZED_Structure: 1889 -39.072
QMC_MINIMIZED_Structure: 1105 -42.696
QMC_MINIMIZED_Structure: 1858 -29.078
QMC_MINIMIZED_Structure: 1043 1.427
QMC_MINIMIZED_Structure: 628 -36.898
QMC_MINIMIZED_Structure: 2006 -39.863
QMC_MINIMIZED_Structure: 1177 -37.435
QMC_MINIMIZED_Structure: 1776 -39.925
QMC_MINIMIZED_Structure: 1203 -42.57
QMC_MINIMIZED_Structure: 885 -0.059
QMC_MINIMIZED_Structure: 326 -26.703
QMC_MINIMIZED_Structure: 426 -47.502
QMC_MINIMIZED_Structure: 1525 -17.752
QMC_MINIMIZED_Structure: 1334 -31.095
QMC_MINIMIZED_Structure: 2028 -1.975
QMC_MINIMIZED_Structure: 182 -32.867
QMC_MINIMIZED_Structure: 1560 -3.337
QMC_MINIMIZED_Structure: 925 5.304
QMC_MINIMIZED_Structure: 928 -32.058
QMC_MINIMIZED_Structure: 1907 -2.1
QMC_MINIMIZED_Structure: 133 -38.84
QMC_MINIMIZED_Structure: 991 3.531
QMC_MINIMIZED_Structure: 1095 -40.535
QMC_MINIMIZED_Structure: 1579 -11.546
QMC_MINIMIZED_Structure: 1016 -42.311
QMC_MINIMIZED_Structure: 455 -8.354
QMC_MINIMIZED_Structure: 1326 -45.722
QMC_MINIMIZED_Structure: 56 -40.739
QMC_MINIMIZED_Structure: 1009 -40.4
QMC_MINIMIZED_Structure: 1090 -29.708
QMC_MINIMIZED_Structure: 1479 -49.465
QMC_MINIMIZED_Structure: 357 -43.411
QMC_MINIMIZED_Structure: 1701 -43.974
QMC_MINIMIZED_Structure: 1004 -47.589
QMC_MINIMIZED_Structure: 828 -39.413
QMC_MINIMIZED_Structure: 1100 -0.483
QMC_MINIMIZED_Structure: 38 -36.542
QMC_MINIMIZED_Structure: 1453 -31.752
QMC_MINIMIZED_Structure: 333 -13.227
QMC_MINIMIZED_Structure: 288 -34.001
QMC_MINIMIZED_Structure: 1785 -49.075
QMC_MINIMIZED_Structure: 856 -40.018
QMC_MINIMIZED_Structure: 1807 -7.59
QMC_MINIMIZED_Structure: 1209 -43.253
QMC_MINIMIZED_Structure: 1190 -10.982
QMC_MINIMIZED_Structure: 646 -36.039
QMC_MINIMIZED_Structure: 1259 -39.685
QMC_MINIMIZED_Structure: 1002 -41.77
QMC_MINIMIZED_Structure: 1035 -21.421
QMC_MINIMIZED_Structure: 1331 -4.773
QMC_MINIMIZED_Structure: 529 -6.781
QMC_MINIMIZED_Structure: 1034 -47.159
QMC_MINIMIZED_Structure: 65 -35.36
QMC_MINIMIZED_Structure: 247 -48.1
QMC_MINIMIZED_Structure: 744 -40.331
QMC_MINIMIZED_Structure: 113 -45.533
QMC_MINIMIZED_Structure: 1266 -37.623
QMC_MINIMIZED_Structure: 1074 5.483
QMC_MINIMIZED_Structure: 1025 -33.378
QMC_MINIMIZED_Structure: 437 -33.789
QMC_MINIMIZED_Structure: 610 -20.268
QMC_MINIMIZED_Structure: 419 -14.2
QMC_MINIMIZED_Structure: 541 -8.413
QMC_MINIMIZED_Structure: 1039 -50.063
QMC_MINIMIZED_Structure: 123 -4.725
QMC_MINIMIZED_Structure: 254 1.739
QMC_MINIMIZED_Structure: 618 -48.27
QMC_MINIMIZED_Structure: 1625 -6.108
QMC_MINIMIZED_Structure: 217 7.133
QMC_MINIMIZED_Structure: 1340 -51.054
QMC_MINIMIZED_Structure: 1842 -49.183
QMC_MINIMIZED_Structure: 1390 -22.338
QMC_MINIMIZED_Structure: 660 -7.062
QMC_MINIMIZED_Structure: 418 -43.501
QMC_MINIMIZED_Structure: 1241 -0.465
QMC_MINIMIZED_Structure: 1603 -24.857
QMC_MINIMIZED_Structure: 977 -38.74
QMC_MINIMIZED_Structure: 1047 -38.523
QMC_MINIMIZED_Structure: 126 -24.543
QMC_MINIMIZED_Structure: 267 -31.935
QMC_MINIMIZED_Structure: 1238 -43.861
QMC_MINIMIZED_Structure: 1866 -42.56
QMC_MINIMIZED_Structure: 730 -42.387
QMC_MINIMIZED_Structure: 1510 4.244
QMC_MINIMIZED_Structure: 720 -34.528
QMC_MINIMIZED_Structure: 1767 -27.94
QMC_MINIMIZED_Structure: 1837 -39.715
QMC_MINIMIZED_Structure: 364 -44.381
QMC_MINIMIZED_Structure: 6 -36.377
QMC_MINIMIZED_Structure: 1849 -39.262
QMC_MINIMIZED_Structure: 1366 -5.079
QMC_MINIMIZED_Structure: 896 -47.893
QMC_MINIMIZED_Structure: 821 -37.597
QMC_MINIMIZED_Structure: 1456 -39.471
QMC_MINIMIZED_Structure: 1130 -44.003
QMC_MINIMIZED_Structure: 2046 -42.126
QMC_MINIMIZED_Structure: 259 2.461
QMC_MINIMIZED_Structure: 1931 3.481
QMC_MINIMIZED_Structure: 1109 7.015
QMC_MINIMIZED_Structure: 1532 -23.141
QMC_MINIMIZED_Structure: 1580 -48.283
QMC_MINIMIZED_Structure: 607 -39.601
QMC_MINIMIZED_Structure: 1107 -8.598
QMC_MINIMIZED_Structure: 1219 -41.465
QMC_MINIMIZED_Structure: 1854 -33.33
QMC_MINIMIZED_Structure: 1325 -45.717
QMC_MINIMIZED_Structure: 1986 -47.285
QMC_MINIMIZED_Structure: 121 -6.546
QMC_MINIMIZED_Structure: 1600 -12.205
QMC_MINIMIZED_Structure: 967 -42.424
QMC_MINIMIZED_Structure: 578 -4.765
QMC_MINIMIZED_Structure: 1487 -35.254
QMC_MINIMIZED_Structure: 1620 -36.327
QMC_MINIMIZED_Structure: 1201 -33.888
QMC_MINIMIZED_Structure: 1194 -43.84
QMC_MINIMIZED_Structure: 198 -16.835
QMC_MINIMIZED_Structure: 1431 -17.393
QMC_MINIMIZED_Structure: 490 -33.141
QMC_MINIMIZED_Structure: 359 -38.377
QMC_MINIMIZED_Structure: 289 -11.041
QMC_MINIMIZED_Structure: 1691 -21.525
QMC_MINIMIZED_Structure: 1352 -15.16
QMC_MINIMIZED_Structure: 2022 -38.95
QMC_MINIMIZED_Structure: 1460 -44.985
QMC_MINIMIZED_Structure: 1970 -39.705
QMC_MINIMIZED_Structure: 1514 4.416
QMC_MINIMIZED_Structure: 631 -26.026
QMC_MINIMIZED_Structure: 1906 -16.086
QMC_MINIMIZED_Structure: 1577 -37.446
QMC_MINIMIZED_Structure: 1957 -38.992
QMC_MINIMIZED_Structure: 521 -37.806
QMC_MINIMIZED_Structure: 273 -37.096
QMC_MINIMIZED_Structure: 1134 -34.041
QMC_MINIMIZED_Structure: 1499 -44.865
QMC_MINIMIZED_Structure: 148 -6.702
QMC_MINIMIZED_Structure: 1021 -42.803
QMC_MINIMIZED_Structure: 1149 -45.852
QMC_MINIMIZED_Structure: 301 -4.418
QMC_MINIMIZED_Structure: 1300 -44.745
QMC_MINIMIZED_Structure: 524 -8.399
QMC_MINIMIZED_Structure: 97 -13.737
QMC_MINIMIZED_Structure: 1121 -35.458
QMC_MINIMIZED_Structure: 1952 -38.468
QMC_MINIMIZED_Structure: 482 2.952
QMC_MINIMIZED_Structure: 1817 -35.149
QMC_MINIMIZED_Structure: 1821 -42.395
QMC_MINIMIZED_Structure: 1915 -41.869
QMC_MINIMIZED_Structure: 1111 -38.1
QMC_MINIMIZED_Structure: 1237 -7.475
QMC_MINIMIZED_Structure: 481 -44.402
QMC_MINIMIZED_Structure: 820 -40.027
QMC_MINIMIZED_Structure: 2033 -9.682
QMC_MINIMIZED_Structure: 307 -26.968
QMC_MINIMIZED_Structure: 1186 -10.711
QMC_MINIMIZED_Structure: 407 -38.134
QMC_MINIMIZED_Structure: 932 -46.914
QMC_MINIMIZED_Structure: 1737 -40.314
QMC_MINIMIZED_Structure: 1164 -40.067
QMC_MINIMIZED_Structure: 527 -29.516
QMC_MINIMIZED_Structure: 415 0.604
QMC_MINIMIZED_Structure: 1137 -38.586
QMC_MINIMIZED_Structure: 1157 -47.534
QMC_MINIMIZED_Structure: 1167 -40.638
QMC_MINIMIZED_Structure: 1869 -38.47
QMC_MINIMIZED_Structure: 1385 -5.02
QMC_MINIMIZED_Structure: 276 -34.948
QMC_MINIMIZED_Structure: 694 -36.501
QMC_MINIMIZED_Structure: 962 -47.952
QMC_MINIMIZED_Structure: 1749 -34.523
QMC_MINIMIZED_Structure: 1367 -47.592
QMC_MINIMIZED_Structure: 1853 1.876
QMC_MINIMIZED_Structure: 954 -22.181
QMC_MINIMIZED_Structure: 1207 -29.015
QMC_MINIMIZED_Structure: 2037 -22.06
QMC_MINIMIZED_Structure: 1328 -45.214
QMC_MINIMIZED_Structure: 1997 -32.315
QMC_MINIMIZED_Structure: 1358 2.821
QMC_MINIMIZED_Structure: 1564 -38.503
QMC_MINIMIZED_Structure: 365 2.79
QMC_MINIMIZED_Structure: 2041 -36.481
QMC_MINIMIZED_Structure: 1113 -44.34
QMC_MINIMIZED_Structure: 1417 -24.062
QMC_MINIMIZED_Structure: 938 -52.712
QMC_MINIMIZED_Structure: 803 -34.443
QMC_MINIMIZED_Structure: 1076 -39.908
QMC_MINIMIZED_Structure: 369 -35.855
QMC_MINIMIZED_Structure: 1668 -6.931
QMC_MINIMIZED_Structure: 792 -53.331
QMC_MINIMIZED_Structure: 150 -19.654
QMC_MINIMIZED_Structure: 1136 -16.178
QMC_MINIMIZED_Structure: 782 -18.279
QMC_MINIMIZED_Structure: 1645 -43.835
QMC_MINIMIZED_Structure: 1394 -50.923
QMC_MINIMIZED_Structure: 102 -3.908
QMC_MINIMIZED_Structure: 878 -15.607
QMC_MINIMIZED_Structure: 1256 -41.032
QMC_MINIMIZED_Structure: 373 -43.748
QMC_MINIMIZED_Structure: 409 -23.708
QMC_MINIMIZED_Structure: 1638 -38.703
QMC_MINIMIZED_Structure: 1312 6.129
QMC_MINIMIZED_Structure: 689 -45.019
QMC_MINIMIZED_Structure: 1949 -1.632
QMC_MINIMIZED_Structure: 854 -28.002
QMC_MINIMIZED_Structure: 1029 -48.317
QMC_MINIMIZED_Structure: 90 -17.098
QMC_MINIMIZED_Structure: 1783 -0.096
QMC_MINIMIZED_Structure: 588 -41.171
QMC_MINIMIZED_Structure: 1538 -40.708
QMC_MINIMIZED_Structure: 1449 -24.978
QMC_MINIMIZED_Structure: 466 12.32
QMC_MINIMIZED_Structure: 811 -43.849
QMC_MINIMIZED_Structure: 1614 -26.502
QMC_MINIMIZED_Structure: 408 -43.043
QMC_MINIMIZED_Structure: 748 -28.498
QMC_MINIMIZED_Structure: 328 -1.639
QMC_MINIMIZED_Structure: 1393 -44.685
QMC_MINIMIZED_Structure: 1855 -37.825
QMC_MINIMIZED_Structure: 1893 1.313
QMC_MINIMIZED_Structure: 1715 -38.385
QMC_MINIMIZED_Structure: 1789 -40.905
QMC_MINIMIZED_Structure: 454 -5.784
QMC_MINIMIZED_Structure: 457 -39.119
QMC_MINIMIZED_Structure: 753 -25.335
QMC_MINIMIZED_Structure: 999 -7.724
QMC_MINIMIZED_Structure: 110 -51.771
QMC_MINIMIZED_Structure: 1661 -42.028
QMC_MINIMIZED_Structure: 869 -25.984
QMC_MINIMIZED_Structure: 640 -47.665
QMC_MINIMIZED_Structure: 226 4.208
QMC_MINIMIZED_Structure: 1519 -31.422
QMC_MINIMIZED_Structure: 1823 -29.201
QMC_MINIMIZED_Structure: 115 -39.217
QMC_MINIMIZED_Structure: 1244 49633.66
QMC_MINIMIZED_Structure: 40 -20.316
QMC_MINIMIZED_Structure: 1384 -40.489
QMC_MINIMIZED_Structure: 178 -33.181
QMC_MINIMIZED_Structure: 1262 -34.102
QMC_MINIMIZED_Structure: 1372 -41.566
QMC_MINIMIZED_Structure: 564 -37.723
QMC_MINIMIZED_Structure: 319 9.148
QMC_MINIMIZED_Structure: 775 -40.569
QMC_MINIMIZED_Structure: 1557 -6.602
QMC_MINIMIZED_Structure: 1581 -43.9
QMC_MINIMIZED_Structure: 1828 -19.262
QMC_MINIMIZED_Structure: 488 -32.748
QMC_MINIMIZED_Structure: 371 -37.575
QMC_MINIMIZED_Structure: 1028 1.199
QMC_MINIMIZED_Structure: 1491 9.576
QMC_MINIMIZED_Structure: 1694 -25.459
QMC_MINIMIZED_Structure: 1808 -49.438
QMC_MINIMIZED_Structure: 1822 -40.489
QMC_MINIMIZED_Structure: 290 -43.179
QMC_MINIMIZED_Structure: 883 -28.294
QMC_MINIMIZED_Structure: 1573 -5.312
QMC_MINIMIZED_Structure: 1000 -40.064
QMC_MINIMIZED_Structure: 337 1.35
QMC_MINIMIZED_Structure: 1589 -42.404
QMC_MINIMIZED_Structure: 1056 -35.179
QMC_MINIMIZED_Structure: 127 -21.893
QMC_MINIMIZED_Structure: 1927 -38.005
QMC_MINIMIZED_Structure: 348 -38.43
QMC_MINIMIZED_Structure: 1114 -9.199
QMC_MINIMIZED_Structure: 1337 -44.663
QMC_MINIMIZED_Structure: 976 -45.146
QMC_MINIMIZED_Structure: 37 4.263
QMC_MINIMIZED_Structure: 440 -13.17
QMC_MINIMIZED_Structure: 620 -35.025
QMC_MINIMIZED_Structure: 21 -36.905
QMC_MINIMIZED_Structure: 1375 -4.277
QMC_MINIMIZED_Structure: 2034 -40.716
QMC_MINIMIZED_Structure: 119 -41.693
QMC_MINIMIZED_Structure: 1144 -21.006
QMC_MINIMIZED_Structure: 959 -32.014
QMC_MINIMIZED_Structure: 1115 -1.396
QMC_MINIMIZED_Structure: 1937 -41.07
QMC_MINIMIZED_Structure: 479 -40.268
QMC_MINIMIZED_Structure: 1311 -3.855
QMC_MINIMIZED_Structure: 975 -43.877
QMC_MINIMIZED_Structure: 716 -42.798
QMC_MINIMIZED_Structure: 1868 1.481
QMC_MINIMIZED_Structure: 589 -32.497
QMC_MINIMIZED_Structure: 347 -39.523
QMC_MINIMIZED_Structure: 679 -36.727
QMC_MINIMIZED_Structure: 2007 -42.044
QMC_MINIMIZED_Structure: 1457 -34.027
QMC_MINIMIZED_Structure: 317 13.662
QMC_MINIMIZED_Structure: 1518 -2.383
QMC_MINIMIZED_Structure: 504 -0.972
QMC_MINIMIZED_Structure: 1583 -19.129
QMC_MINIMIZED_Structure: 1988 -43.688
QMC_MINIMIZED_Structure: 1958 -36.427
QMC_MINIMIZED_Structure: 834 -34.066
QMC_MINIMIZED_Structure: 1697 6.028
QMC_MINIMIZED_Structure: 1168 -30.145
QMC_MINIMIZED_Structure: 1088 -3.792
QMC_MINIMIZED_Structure: 552 -33.316
QMC_MINIMIZED_Structure: 1730 -34.402
QMC_MINIMIZED_Structure: 747 -37.796
QMC_MINIMIZED_Structure: 1363 -42.869
QMC_MINIMIZED_Structure: 848 2.275
QMC_MINIMIZED_Structure: 403 -0.462
QMC_MINIMIZED_Structure: 1820 2.901
QMC_MINIMIZED_Structure: 1862 -41.911
QMC_MINIMIZED_Structure: 1644 -44.188
QMC_MINIMIZED_Structure: 559 -48.21
QMC_MINIMIZED_Structure: 202 -49.027
QMC_MINIMIZED_Structure: 351 3.04
QMC_MINIMIZED_Structure: 687 -38.547
QMC_MINIMIZED_Structure: 204 -45.554
QMC_MINIMIZED_Structure: 1623 -51.968
QMC_MINIMIZED_Structure: 57 4.163
QMC_MINIMIZED_Structure: 1959 -36.552
QMC_MINIMIZED_Structure: 1494 -32.79
QMC_MINIMIZED_Structure: 1596 -40.069
QMC_MINIMIZED_Structure: 517 -28.413
QMC_MINIMIZED_Structure: 706 -39.941
QMC_MINIMIZED_Structure: 1424 -11.705
QMC_MINIMIZED_Structure: 1545 4.805
QMC_MINIMIZED_Structure: 1383 -41.305
QMC_MINIMIZED_Structure: 573 -38.218
QMC_MINIMIZED_Structure: 1239 -27.006
QMC_MINIMIZED_Structure: 1946 -37.872
QMC_MINIMIZED_Structure: 459 5.884
QMC_MINIMIZED_Structure: 722 -6.912
QMC_MINIMIZED_Structure: 30 -18.946
QMC_MINIMIZED_Structure: 654 -26.08
QMC_MINIMIZED_Structure: 1708 -28.652
QMC_MINIMIZED_Structure: 485 -43.46
QMC_MINIMIZED_Structure: 1756 -1.657
QMC_MINIMIZED_Structure: 2027 -32.93
QMC_MINIMIZED_Structure: 486 -47.785
QMC_MINIMIZED_Structure: 1773 -39.934
QMC_MINIMIZED_Structure: 1099 -19.941
QMC_MINIMIZED_Structure: 483 -33.067
QMC_MINIMIZED_Structure: 884 -46.209
QMC_MINIMIZED_Structure: 1127 8.725
QMC_MINIMIZED_Structure: 1271 -40.65
QMC_MINIMIZED_Structure: 577 -5.269
QMC_MINIMIZED_Structure: 286 -41.908
QMC_MINIMIZED_Structure: 1548 -43.234
QMC_MINIMIZED_Structure: 1605 -40.781
QMC_MINIMIZED_Structure: 255 -10.702
QMC_MINIMIZED_Structure: 1356 -37.669
QMC_MINIMIZED_Structure: 438 -47.861
QMC_MINIMIZED_Structure: 200 -34.772
QMC_MINIMIZED_Structure: 180 -12.384
QMC_MINIMIZED_Structure: 1801 -22.947
QMC_MINIMIZED_Structure: 292 -37.161
QMC_MINIMIZED_Structure: 894 -40.359
QMC_MINIMIZED_Structure: 1712 0.915
QMC_MINIMIZED_Structure: 1206 -40.236
QMC_MINIMIZED_Structure: 838 -25.691
QMC_MINIMIZED_Structure: 1914 -2.114
QMC_MINIMIZED_Structure: 1943 -33.436
QMC_MINIMIZED_Structure: 176 -41.296
QMC_MINIMIZED_Structure: 863 -45.801
QMC_MINIMIZED_Structure: 877 -40.467
QMC_MINIMIZED_Structure: 1604 -40.917
QMC_MINIMIZED_Structure: 1202 -47.096
QMC_MINIMIZED_Structure: 621 -38.143
QMC_MINIMIZED_Structure: 1392 -21.265
QMC_MINIMIZED_Structure: 1024 -41.37
QMC_MINIMIZED_Structure: 1031 4.489
QMC_MINIMIZED_Structure: 1091 -22.459
QMC_MINIMIZED_Structure: 305 -45.187
QMC_MINIMIZED_Structure: 693 -33.151
QMC_MINIMIZED_Structure: 1924 -37.712
QMC_MINIMIZED_Structure: 48 5.833
QMC_MINIMIZED_Structure: 1657 -35.038
QMC_MINIMIZED_Structure: 1200 -46.281
QMC_MINIMIZED_Structure: 1250 -9.807
QMC_MINIMIZED_Structure: 891 -0.66
QMC_MINIMIZED_Structure: 71 -0.651
QMC_MINIMIZED_Structure: 1083 -36.302
QMC_MINIMIZED_Structure: 715 -49.325
QMC_MINIMIZED_Structure: 1418 1.247
QMC_MINIMIZED_Structure: 1996 -41.455
QMC_MINIMIZED_Structure: 355 -32.52
QMC_MINIMIZED_Structure: 1961 -38.536
QMC_MINIMIZED_Structure: 1844 -27.034
QMC_MINIMIZED_Structure: 1799 -47.572
QMC_MINIMIZED_Structure: 1062 -7.316
QMC_MINIMIZED_Structure: 547 -49.594
QMC_MINIMIZED_Structure: 1788 -25.847
QMC_MINIMIZED_Structure: 818 -41.221
QMC_MINIMIZED_Structure: 157 1.979
QMC_MINIMIZED_Structure: 539 -41.328
QMC_MINIMIZED_Structure: 1872 -33.565
QMC_MINIMIZED_Structure: 312 -44.609
QMC_MINIMIZED_Structure: 762 -38.33
QMC_MINIMIZED_Structure: 74 -46.463
QMC_MINIMIZED_Structure: 66 -3.732
QMC_MINIMIZED_Structure: 1651 -14.649
QMC_MINIMIZED_Structure: 849 7.978
QMC_MINIMIZED_Structure: 911 -2.506
QMC_MINIMIZED_Structure: 513 -31.888
QMC_MINIMIZED_Structure: 213 -41.354
QMC_MINIMIZED_Structure: 1317 -35.833
QMC_MINIMIZED_Structure: 99 -15.131
QMC_MINIMIZED_Structure: 1096 -37.955
QMC_MINIMIZED_Structure: 1659 -41.026
QMC_MINIMIZED_Structure: 431 -5.498
QMC_MINIMIZED_Structure: 695 7.92
QMC_MINIMIZED_Structure: 634 -0.192
QMC_MINIMIZED_Structure: 167 7.547
QMC_MINIMIZED_Structure: 827 -44.719
QMC_MINIMIZED_Structure: 417 -0.34
QMC_MINIMIZED_Structure: 960 -15.963
QMC_MINIMIZED_Structure: 675 -31.83
QMC_MINIMIZED_Structure: 1275 -42.976
QMC_MINIMIZED_Structure: 76 5.371
QMC_MINIMIZED_Structure: 268 -42.866
QMC_MINIMIZED_Structure: 162 -39.617
QMC_MINIMIZED_Structure: 1361 -25.933
QMC_MINIMIZED_Structure: 2 4.047
QMC_MINIMIZED_Structure: 1722 -46.735
QMC_MINIMIZED_Structure: 81 -38.124
QMC_MINIMIZED_Structure: 953 -9.934
QMC_MINIMIZED_Structure: 345 -40.94
QMC_MINIMIZED_Structure: 2008 -39.925
QMC_MINIMIZED_Structure: 411 -27.681
QMC_MINIMIZED_Structure: 193 -7.937
QMC_MINIMIZED_Structure: 86 12.564
QMC_MINIMIZED_Structure: 773 -44.072
QMC_MINIMIZED_Structure: 779 -49.77
QMC_MINIMIZED_Structure: 1624 -8.525
QMC_MINIMIZED_Structure: 1284 -30.278
QMC_MINIMIZED_Structure: 1806 -45.537
QMC_MINIMIZED_Structure: 1360 -44.94
QMC_MINIMIZED_Structure: 804 -16.392
QMC_MINIMIZED_Structure: 1846 -31.42
QMC_MINIMIZED_Structure: 1341 -41.239
QMC_MINIMIZED_Structure: 1721 -50.841
QMC_MINIMIZED_Structure: 383 -16.418
QMC_MINIMIZED_Structure: 221 -40.424
QMC_MINIMIZED_Structure: 1705 -25.594
QMC_MINIMIZED_Structure: 1752 -47.619
QMC_MINIMIZED_Structure: 511 -34.517
QMC_MINIMIZED_Structure: 992 0.678
QMC_MINIMIZED_Structure: 829 1.696
QMC_MINIMIZED_Structure: 664 -40.911
QMC_MINIMIZED_Structure: 947 2.408
QMC_MINIMIZED_Structure: 313 -40.51
QMC_MINIMIZED_Structure: 1895 -36.164
QMC_MINIMIZED_Structure: 1482 -9.047
QMC_MINIMIZED_Structure: 989 -1.123
QMC_MINIMIZED_Structure: 39 -10.174
QMC_MINIMIZED_Structure: 532 -41.595
QMC_MINIMIZED_Structure: 729 -40.318
QMC_MINIMIZED_Structure: 1965 -42.707
QMC_MINIMIZED_Structure: 1695 2.601
QMC_MINIMIZED_Structure: 530 -5.54
QMC_MINIMIZED_Structure: 1812 -50.45
QMC_MINIMIZED_Structure: 560 -40.121
QMC_MINIMIZED_Structure: 1464 -34.795
QMC_MINIMIZED_Structure: 1255 -40.531
QMC_MINIMIZED_Structure: 1688 -39.007
QMC_MINIMIZED_Structure: 1333 -45.256
QMC_MINIMIZED_Structure: 1814 -7.451
