Randomised Sobol sequence generated

Discrepancy: 22.569832207897235


          #########################################################
          #                                                       #
          #     T  H  E    M  O  L  S    P  R  O  G  R  A  M      #
          #                    Version 1.0                        #
          #                                                       #
          #     Department of Crystallography and Biophysics,     #
          #    University of Madras, Chennai - 600 025, INDIA     #
          #                                                       #
          #                                                       #
          #########################################################


                         Job started on 22-Feb-23

                               at 20:27:09

 molecule name :  
 ALA                                                                            
                                                  
 The sequence   : AAAAAAAAAAAAAAA
 sequence length:  15
 iatmno :           153
 No. of atoms   : 153
 No. of Parameters(dihedral angles) =           30
 pargen o.k
           2           4           5         153
           4          10          11         153
          12          14          15         153
          14          20          21         153
          22          24          25         153
          24          30          31         153
          32          34          35         153
          34          40          41         153
          42          44          45         153
          44          50          51         153
          52          54          55         153
          54          60          61         153
          62          64          65         153
          64          70          71         153
          72          74          75         153
          74          80          81         153
          82          84          85         153
          84          90          91         153
          92          94          95         153
          94         100         101         153
         102         104         105         153
         104         110         111         153
         112         114         115         153
         114         120         121         153
         122         124         125         153
         124         130         131         153
         132         134         135         153
         134         140         141         153
         142         144         145         153
         144         150         151         153

                         Job ended on 22-Feb-23

                               at 20:27:09

 cpu time = :   0.4277880    
Randomised Sobol sequence generated

Discrepancy: 22.436901681390374
/home/rebairo/work/PolyMols/uniform_src_sim/res/ALA
/home/rebairo/work/PolyMols/uniform_src_sim/res/ALA/QMC_MINIMIZED
/home/rebairo/work/PolyMols/uniform_src_sim/res/ALA/QMC_SAMPLED


-------------------------BEGIN SAMPLING ---------------------



QMC_SAMPLED_Structure: 15.pdb 17293254039.34075 kJ/mol
QMC_SAMPLED_Structure: 1.pdb 67099453175.447914 kJ/mol
QMC_SAMPLED_Structure: 16.pdb 15803298618.899307 kJ/mol
QMC_SAMPLED_Structure: 7.pdb -47302.97516638892 kJ/mol
QMC_SAMPLED_Structure: 18.pdb 3058678264.5107255 kJ/mol
QMC_SAMPLED_Structure: 24.pdb 11902594286.062479 kJ/mol
QMC_SAMPLED_Structure: 23.pdb 8407270.978334643 kJ/mol
QMC_SAMPLED_Structure: 20.pdb -73814.89545285935 kJ/mol
QMC_SAMPLED_Structure: 27.pdb 507855.60839495755 kJ/mol
QMC_SAMPLED_Structure: 4.pdb 53112499.91521793 kJ/mol
QMC_SAMPLED_Structure: 19.pdb 61771.677999510575 kJ/mol
QMC_SAMPLED_Structure: 26.pdb 7892045005553.158 kJ/mol
QMC_SAMPLED_Structure: 22.pdb 174923850465.7935 kJ/mol
QMC_SAMPLED_Structure: 28.pdb 926427604.1919527 kJ/mol
QMC_SAMPLED_Structure: 10.pdb 2275398808.097588 kJ/mol
QMC_SAMPLED_Structure: 25.pdb 288738294972.20105 kJ/mol
QMC_SAMPLED_Structure: 12.pdb 576870419865.2023 kJ/mol
QMC_SAMPLED_Structure: 0.pdb 97018181.31898272 kJ/mol
QMC_SAMPLED_Structure: 13.pdb 507706850535421.2 kJ/mol
QMC_SAMPLED_Structure: 17.pdb 39664072.05283977 kJ/mol
QMC_SAMPLED_Structure: 31.pdb 175501793288929.75 kJ/mol
QMC_SAMPLED_Structure: 9.pdb 102931481.83942336 kJ/mol
QMC_SAMPLED_Structure: 14.pdb 537924145.9263307 kJ/mol
QMC_SAMPLED_Structure: 5.pdb 5361441.869790492 kJ/mol
QMC_SAMPLED_Structure: 11.pdb 95196705831.08966 kJ/mol
QMC_SAMPLED_Structure: 29.pdb -69336.39901920549 kJ/mol
QMC_SAMPLED_Structure: 3.pdb 2038527234121.9856 kJ/mol
QMC_SAMPLED_Structure: 8.pdb 3627074.01876835 kJ/mol
QMC_SAMPLED_Structure: 6.pdb 304259740.5541631 kJ/mol
QMC_SAMPLED_Structure: 21.pdb 14523241151.11595 kJ/mol
QMC_SAMPLED_Structure: 30.pdb 102725384.6335049 kJ/mol
QMC_SAMPLED_Structure: 2.pdb 22628600401.574284 kJ/mol


-------------------------SAMPLING DONE---------------------

-------------------------BEGIN MINIMIZATION---------------------



QMC_MINIMIZED_Structure: 15.pdb -412.274347268395 kJ/mol
QMC_MINIMIZED_Structure: 1.pdb -372.7886977615442 kJ/mol
QMC_MINIMIZED_Structure: 16.pdb -411.2083131409602 kJ/mol
QMC_MINIMIZED_Structure: 7.pdb -366.5023092827688 kJ/mol
QMC_MINIMIZED_Structure: 18.pdb -389.45460946419985 kJ/mol
QMC_MINIMIZED_Structure: 24.pdb -279.96283743378933 kJ/mol
QMC_MINIMIZED_Structure: 23.pdb -84.08072701040015 kJ/mol
QMC_MINIMIZED_Structure: 20.pdb -323.47547142672533 kJ/mol
QMC_MINIMIZED_Structure: 27.pdb -393.93987350732726 kJ/mol
QMC_MINIMIZED_Structure: 4.pdb -329.77971132902195 kJ/mol
QMC_MINIMIZED_Structure: 19.pdb -294.1845153773598 kJ/mol
QMC_MINIMIZED_Structure: 26.pdb -448.19287438833095 kJ/mol
QMC_MINIMIZED_Structure: 22.pdb -305.06384104404447 kJ/mol
QMC_MINIMIZED_Structure: 28.pdb -317.37177164479624 kJ/mol
QMC_MINIMIZED_Structure: 10.pdb -342.4074764854602 kJ/mol
QMC_MINIMIZED_Structure: 25.pdb -420.68630267873544 kJ/mol
QMC_MINIMIZED_Structure: 12.pdb -375.2621548721599 kJ/mol
QMC_MINIMIZED_Structure: 0.pdb -430.7018947227137 kJ/mol
QMC_MINIMIZED_Structure: 13.pdb -447.3993997773275 kJ/mol
QMC_MINIMIZED_Structure: 17.pdb -408.0795727766432 kJ/mol
QMC_MINIMIZED_Structure: 31.pdb -429.14847437292667 kJ/mol
QMC_MINIMIZED_Structure: 9.pdb -361.0283688847925 kJ/mol
QMC_MINIMIZED_Structure: 14.pdb -437.5592762702249 kJ/mol
QMC_MINIMIZED_Structure: 5.pdb -375.007667839453 kJ/mol
QMC_MINIMIZED_Structure: 11.pdb -381.35006701589884 kJ/mol
QMC_MINIMIZED_Structure: 29.pdb -271.4901411242265 kJ/mol
QMC_MINIMIZED_Structure: 3.pdb -172.49249542296923 kJ/mol
QMC_MINIMIZED_Structure: 8.pdb -46.6985786834162 kJ/mol
QMC_MINIMIZED_Structure: 6.pdb -258.4184801622319 kJ/mol
QMC_MINIMIZED_Structure: 21.pdb -368.81785144180844 kJ/mol
QMC_MINIMIZED_Structure: 30.pdb -344.28097122629526 kJ/mol
QMC_MINIMIZED_Structure: 2.pdb -220.53919153540676 kJ/mol


-------------------------MINIMIZATION DONE---------------------

 MODEL ID:           1          15 ENERGY (KJ):  -41.22700    
 MODEL ID:           2           1 ENERGY (KJ):  -37.27900    
 MODEL ID:           3          16 ENERGY (KJ):  -41.12100    
 MODEL ID:           4           7 ENERGY (KJ):  -36.65000    
 MODEL ID:           5          18 ENERGY (KJ):  -38.94500    
 MODEL ID:           6          24 ENERGY (KJ):  -27.99600    
 MODEL ID:           7          23 ENERGY (KJ):  -8.408000    
 MODEL ID:           8          20 ENERGY (KJ):  -32.34800    
 MODEL ID:           9          27 ENERGY (KJ):  -39.39400    
 MODEL ID:          10           4 ENERGY (KJ):  -32.97800    
 MODEL ID:          11          19 ENERGY (KJ):  -29.41800    
 MODEL ID:          12          26 ENERGY (KJ):  -44.81900    
 MODEL ID:          13          22 ENERGY (KJ):  -30.50600    
 MODEL ID:          14          28 ENERGY (KJ):  -31.73700    
 MODEL ID:          15          10 ENERGY (KJ):  -34.24100    
 MODEL ID:          16          25 ENERGY (KJ):  -42.06900    
 MODEL ID:          17          12 ENERGY (KJ):  -37.52600    
 MODEL ID:          18           0 ENERGY (KJ):  -43.07000    
 MODEL ID:          19          13 ENERGY (KJ):  -44.74000    
 MODEL ID:          20          17 ENERGY (KJ):  -40.80800    
 MODEL ID:          21          31 ENERGY (KJ):  -42.91500    
 MODEL ID:          22           9 ENERGY (KJ):  -36.10300    
 MODEL ID:          23          14 ENERGY (KJ):  -43.75600    
 MODEL ID:          24           5 ENERGY (KJ):  -37.50100    
 MODEL ID:          25          11 ENERGY (KJ):  -38.13500    
 MODEL ID:          26          29 ENERGY (KJ):  -27.14900    
 MODEL ID:          27           3 ENERGY (KJ):  -17.24900    
 MODEL ID:          28           8 ENERGY (KJ):  -4.670000    
 MODEL ID:          29           6 ENERGY (KJ):  -25.84200    
 MODEL ID:          30          21 ENERGY (KJ):  -36.88200    
 MODEL ID:          31          30 ENERGY (KJ):  -34.42800    
 MODEL ID:          32           2 ENERGY (KJ):  -22.05400    
 The sequence   : AAAAAAAAAAAAAAA
 sequence length:  15
 iatmno :           153
 No. of atoms   : 153

**********CLUSTERING MINIMIZED STRUCTURES**************

 DONE2
 cluster o.k

                         Job ended on 22-Feb-23

                               at 20:28:39

 cpu time = :   7.9709999E-03
 /home/rebairo/work/PolyMols/uniform_src_sim/res/ALA/ALA_inpp.pdb               
                                                  
 The sequence   : AAAAAAAAAAAAAAA
 sequence length:  15
 iatmno :           153
 No. of atoms   : 153
 No. of Parameters(dihedral angles) =           30
    1      0    0    0    0  phi 
    1      1    5   11   13  psi 
    2     11   13   15   21  phi 
    2     13   15   21   23  psi 
    3     21   23   25   31  phi 
    3     23   25   31   33  psi 
    4     31   33   35   41  phi 
    4     33   35   41   43  psi 
    5     41   43   45   51  phi 
    5     43   45   51   53  psi 
    6     51   53   55   61  phi 
    6     53   55   61   63  psi 
    7     61   63   65   71  phi 
    7     63   65   71   73  psi 
    8     71   73   75   81  phi 
    8     73   75   81   83  psi 
    9     81   83   85   91  phi 
    9     83   85   91   93  psi 
   10     91   93   95  101  phi 
   10     93   95  101  103  psi 
   11    101  103  105  111  phi 
   11    103  105  111  113  psi 
   12    111  113  115  121  phi 
   12    113  115  121  123  psi 
   13    121  123  125  131  phi 
   13    123  125  131  133  psi 
   14    131  133  135  141  phi 
   14    133  135  141  143  psi 
   15    141  143  145  151  phi 
   15      0    0    0    0  psi 
   1    0.000    111.11    48.72    21.18  -165.99   112.84   -63.36   -68.88   -46.06    92.11   158.68    75.44    44.38  -114.64  -128.87    87.01  -157.62   -36.58  -109.85   -78.41  -125.14   177.64    60.80  -105.83  -147.25   152.69    59.38   106.87   128.00     0.00
   2    0.000    143.93    58.75   164.40  -142.01   152.43   109.95    86.59   -44.88   -41.80   -60.13   -13.80  -123.02   -48.60  -152.89   150.17  -129.21   142.14  -121.96   -60.47  -148.37   -63.36   -86.62    54.38    51.49   -72.77   -65.66   -26.53  -119.02     0.00
   3    0.000    136.54    51.89    61.48    50.57   -97.56    12.72   106.77    63.45  -151.21  -155.60   177.94    64.54   -60.75   -68.80    67.67    51.85   174.39  -159.84    -5.52   -82.94   -99.58  -164.71   -82.06   -74.05    78.21    52.77  -151.88    45.77     0.00
   4    0.000     58.14    52.08   149.59  -168.97    48.01    47.18  -117.75  -145.17  -157.83    68.56   -28.54   -59.23    88.92    54.20    57.73    66.15   -61.80   -81.21  -125.02  -141.16     9.75    50.33  -165.46    61.46   -56.70  -132.88   -29.06  -160.45     0.00
   5    0.000     43.69  -156.71    52.93    63.94   -50.24   -54.63    91.92    54.10   168.26  -132.13   -85.64  -167.74   150.50    59.50  -148.94   -50.28   104.80    47.07    31.42   -74.06    73.50    53.65   -75.54  -110.19     5.79    66.12   -12.48  -124.47     0.00
   6    0.000    100.93    53.99    85.46    43.75  -120.08    29.55    72.97   137.44   -98.21  -131.56  -144.59   -74.24    73.09    63.87   -28.36   -70.50  -153.11  -151.05   115.19  -149.75  -170.54   -73.43    79.00    49.59  -109.05    51.92  -125.76  -137.46     0.00
   7    0.000   -144.82   -52.11   -38.60  -124.83   179.55    50.95    95.32    35.51  -113.36    59.13  -173.80    53.57  -166.96   115.97   127.76   128.67     9.57  -142.00  -104.12  -131.85   -50.31   -75.53    70.84    62.18   -29.63  -131.47   -66.45  -136.59     0.00
   8    0.000    165.67    52.74   -97.56  -140.95   139.94  -154.89  -177.26   -73.11    73.10  -147.96   138.41  -148.77   144.88    44.22    42.53  -149.97  -169.10   -57.23   134.84   -74.23   -20.60    51.94    61.05  -134.49   -43.09  -141.03   -66.15   -76.55     0.00
   9    0.000    -97.29  -131.31   106.91    57.48   166.17    53.60   166.60    17.41    99.82    85.64   -57.92   -75.22    87.30   -28.90   120.22   118.12   140.48    54.39    61.35    64.76    69.15  -133.65   -74.35   -91.92    59.16    56.69   -64.15   -65.43     0.00
  10    0.000   -179.42    46.53    38.48   139.73  -176.43   -68.29  -166.54   -69.82    72.00  -146.93   122.33    49.71    64.78  -128.21   166.20   -77.56   142.88  -147.54   173.80   -55.05   -48.12   -79.15    48.55    61.86   -57.07  -139.94   157.70  -153.38     0.00
  11    0.000    -80.68   -73.40   139.78    79.74   147.02    50.83  -107.99   -70.18   107.75   111.96  -128.92   -63.42   130.17    51.65    27.46   -14.46   -64.28  -139.17    70.25    63.92   -60.34   -53.34   148.09  -130.69   155.90  -131.92  -156.73  -131.97     0.00
  12    0.000    175.84    47.55  -106.14   -55.22   -50.65   -75.92    89.03    50.77    42.86    48.10   -92.35   -74.46    88.06    58.38   -80.59    46.12  -108.46  -145.27   167.26    53.61  -178.11    27.44    76.93   105.00   -42.38   -93.72    48.58    95.40     0.00
  13    0.000     53.45    52.62   128.38    56.63   110.09    57.12    72.44    68.13   152.16   -62.85   152.89    40.00  -116.17   -76.70    55.87    38.55    54.40  -128.23   162.59    62.44   -19.31    67.46  -178.17    72.91   168.04    45.15    47.25    54.62     0.00
  14    0.000   -136.76   -69.51    85.21    47.79  -155.52    50.28  -160.78   -54.99   151.45    60.27    65.50  -158.76   152.50    49.49   -92.07  -139.98    36.96  -141.94   143.28  -127.73   -34.40    55.35    45.80  -162.09   -51.81  -140.19    96.99    55.38     0.00
  15    0.000    141.08    49.86    51.74   117.86   169.96    27.79    68.05  -156.80     9.82    65.05   -53.48   -64.37    83.18    77.42   123.45  -154.76   179.82   -48.31   120.34    63.33   -46.82   -71.43    60.63   128.45   -71.99  -164.67   -70.18  -133.45     0.00
  16    0.000    122.55   157.81   -99.39   -82.62    35.05    58.53   -66.34   -93.90   125.52   -40.83   103.54  -163.76   -88.83   -52.47   -62.79  -140.72   128.39   -55.27   145.81   117.56    74.67    62.85   -71.74  -125.20    86.44  -151.77   139.73   -65.05     0.00
  17    0.000     95.29    52.16  -171.18    62.93    85.29    52.34  -155.33  -152.73   115.38    55.84   -66.56   -53.75   124.93    62.69   -61.46   -68.44    -9.09    55.12   -86.50   -48.84   -63.26    46.55   -77.29  -135.87    48.36  -159.53   -50.78  -113.61     0.00
  18    0.000    -69.87  -146.31   -67.40  -135.37   159.74   -64.54   101.74  -148.24    26.81    67.57   -51.34   -52.04   116.23    62.35    96.14    58.29   -68.41  -145.91     3.04    60.61   -12.15  -139.82    63.57  -134.33    62.17    57.74   -67.67   -52.10     0.00
  19    0.000    -63.50   -74.70    54.05   143.14   129.34    57.06    -5.06    62.75   -75.06   -69.55    82.43    59.48   -71.62    -0.35   103.40   130.57   -79.16    63.14   -60.38  -147.16    33.90  -140.61   110.01    63.83   -48.42  -139.43  -166.44  -103.45     0.00
  20    0.000     74.42    43.13  -114.23   -71.28   -95.81  -131.59    76.66  -142.04   148.98    44.42    56.79    53.35   -85.31  -138.47   145.11    52.87    21.29    35.47    63.19    43.12    52.92    62.77     9.60   -75.69   -26.35  -154.73  -134.83  -123.92     0.00
  21    0.000    101.52    39.09    62.82    67.47   -30.28  -127.60  -107.58  -131.05   173.85    53.71    30.25  -148.49  -147.18  -140.75   165.81    51.88   179.37    44.26    90.12    75.10    60.43    68.56   174.38    61.41    89.61    61.89  -133.76  -133.79     0.00
  22    0.000    111.45    60.23   111.32    47.37  -170.73    15.25    97.51  -130.02   -81.19   -80.16    61.97    58.20   -63.79   -75.35   172.28  -113.92   -45.02  -134.46   -30.45  -135.43  -175.57   -58.26    71.86    64.70   -34.15   -75.22    43.45   136.13     0.00
  23    0.000     98.42    43.39   -93.55   -98.26   114.22  -147.86   142.22    77.96   139.01    46.34   -99.73   -55.90   -29.76   -76.24  -104.55  -153.32   160.81    66.53   179.57    61.66   -64.09  -127.74    83.64    47.85  -122.38    73.92   168.86  -163.10     0.00
  24    0.000    -92.35   -62.27   137.18    45.63  -148.72  -149.72   150.07    44.25    41.08    59.86   -71.19   -89.92    -2.24    38.10   -94.54  -127.07    79.70    44.68    44.65  -146.42   160.93    66.44   -56.80    53.67    67.24  -122.26  -108.65  -154.28     0.00
  25    0.000    176.43    50.82   -96.25  -113.13   -13.13  -134.45  -168.17   -63.01   -57.12   -73.70   -80.38  -138.37   -61.16  -144.24     0.64  -136.23   -73.41  -140.77  -123.67  -163.25   130.35  -153.21   153.27  -124.00  -172.88    47.94    64.83  -150.50     0.00
  26    0.000    129.42    58.53   -74.23   -64.76   160.46   -69.41  -176.74    66.29   -67.63   -73.89    71.57    55.82    91.91   137.91   158.62    64.04   168.80  -134.22   -32.14    49.06    41.68   -74.71    70.82    61.40   -46.43  -142.96  -167.06    57.17     0.00
  27    0.000   -156.13   -66.67   135.13    63.13   -58.72  -138.70  -151.14    45.03    78.52    55.68    80.44  -153.34    51.25  -152.93   178.47    41.56  -121.33  -126.32   168.16    52.91   -79.61  -149.09     7.11   121.37    52.96  -144.04     3.59  -151.83     0.00
  28    0.000     82.60  -163.42  -156.59   -51.33   145.00    49.13    34.60    62.44   -63.91   -61.09   -83.64  -158.39   170.61   -75.18    48.67  -153.87   107.30  -154.37   154.74    58.04   -74.30    59.08   -76.42  -160.22   124.66  -151.18   -54.96  -109.72     0.00
  29    0.000    -27.48   -63.38  -177.04   -56.25   102.25    53.29   -72.37   -33.50   136.66   -39.16   -80.86  -144.50    86.42    59.34  -172.28  -152.98   153.01    50.83    54.72   134.24    57.46  -137.37   169.11   -74.37    49.84  -172.35   -74.87  -150.25     0.00
  30    0.000    -67.93   -84.78  -136.47   -61.08   115.58    47.42   -93.70   -69.63   -89.31  -131.20   -55.19  -147.61  -100.69  -128.59   -75.02  -148.24   148.85   102.77    77.03    48.01    44.67  -132.26   -49.27  -163.66   -73.16   -76.50    70.46    50.04     0.00
  31    0.000   -165.74  -129.27    96.28  -167.04  -148.43   -57.64   150.08    42.52    45.64    63.00   -54.24  -130.00     4.07   -73.44   -94.83  -155.13   175.80    53.46    30.94  -158.06   155.77    48.57   -97.96  -107.11    84.15  -151.71   143.02   -89.24     0.00
  32    0.000    100.09    54.80   -72.07   -49.91   133.16    49.00    25.61    45.08   -99.55   106.74  -175.63   -61.47   126.02    47.47    39.06    50.99    22.96  -128.15   -81.64   -83.42   121.89  -147.78   138.35  -156.41   155.90  -148.40    24.33   119.69     0.00
