Randomised Sobol sequence generated

Discrepancy: 0.1004464898552575


          #########################################################
          #                                                       #
          #     T  H  E    M  O  L  S    P  R  O  G  R  A  M      #
          #                    Version 1.0                        #
          #                                                       #
          #     Department of Crystallography and Biophysics,     #
          #    University of Madras, Chennai - 600 025, INDIA     #
          #                                                       #
          #                                                       #
          #########################################################


                         Job started on 22-Feb-23

                               at 20:16:35

 molecule name :  
 ALA                                                                            
                                                  
 The sequence   : AAAAA
 sequence length:   5
 iatmno :            53
 No. of atoms   :  53
 No. of Parameters(dihedral angles) =           10
 pargen o.k
           2           4           5          53
           4          10          11          53
          12          14          15          53
          14          20          21          53
          22          24          25          53
          24          30          31          53
          32          34          35          53
          34          40          41          53
          42          44          45          53
          44          50          51          53

                         Job ended on 22-Feb-23

                               at 20:16:35

 cpu time = :   0.1502660    
Randomised Sobol sequence generated

Discrepancy: 0.099164837469357
/home/rebairo/work/PolyMols/uniform_src_sim/res/ALA
/home/rebairo/work/PolyMols/uniform_src_sim/res/ALA/QMC_MINIMIZED
/home/rebairo/work/PolyMols/uniform_src_sim/res/ALA/QMC_SAMPLED


-------------------------BEGIN SAMPLING ---------------------



QMC_SAMPLED_Structure: 15.pdb -33572.41975543443 kJ/mol
QMC_SAMPLED_Structure: 1.pdb -26186.020992302674 kJ/mol
QMC_SAMPLED_Structure: 16.pdb 31420282.510490336 kJ/mol
QMC_SAMPLED_Structure: 7.pdb -26384.255728959026 kJ/mol
QMC_SAMPLED_Structure: 18.pdb -43167.659595038946 kJ/mol
QMC_SAMPLED_Structure: 24.pdb -37863.04044808953 kJ/mol
QMC_SAMPLED_Structure: 23.pdb -25601.84742305849 kJ/mol
QMC_SAMPLED_Structure: 20.pdb 306845.3765834569 kJ/mol
QMC_SAMPLED_Structure: 27.pdb -31813.896239547554 kJ/mol
QMC_SAMPLED_Structure: 4.pdb -24796.62575474571 kJ/mol
QMC_SAMPLED_Structure: 19.pdb -25109.23428337523 kJ/mol
QMC_SAMPLED_Structure: 26.pdb -33326.93214603598 kJ/mol
QMC_SAMPLED_Structure: 22.pdb -26186.12375945831 kJ/mol
QMC_SAMPLED_Structure: 28.pdb -21442.49333285912 kJ/mol
QMC_SAMPLED_Structure: 10.pdb -32662.944417871902 kJ/mol
QMC_SAMPLED_Structure: 25.pdb -20170.79967136748 kJ/mol
QMC_SAMPLED_Structure: 12.pdb -37144.26447161787 kJ/mol
QMC_SAMPLED_Structure: 0.pdb -26271.583733241067 kJ/mol
QMC_SAMPLED_Structure: 13.pdb 418644.90822203434 kJ/mol
QMC_SAMPLED_Structure: 17.pdb -19144.184123113188 kJ/mol
QMC_SAMPLED_Structure: 31.pdb -26037.967490463307 kJ/mol
QMC_SAMPLED_Structure: 9.pdb -26265.04244291414 kJ/mol
QMC_SAMPLED_Structure: 14.pdb -23111.698825410742 kJ/mol
QMC_SAMPLED_Structure: 5.pdb -25920.19311062835 kJ/mol
QMC_SAMPLED_Structure: 11.pdb -39346.87577188019 kJ/mol
QMC_SAMPLED_Structure: 29.pdb -29794.617350361223 kJ/mol
QMC_SAMPLED_Structure: 3.pdb -23046.25634367298 kJ/mol
QMC_SAMPLED_Structure: 8.pdb -25712.12790018936 kJ/mol
QMC_SAMPLED_Structure: 6.pdb -33812.44163921155 kJ/mol
QMC_SAMPLED_Structure: 21.pdb -34255.80047267095 kJ/mol
QMC_SAMPLED_Structure: 30.pdb -34713.37735143695 kJ/mol
QMC_SAMPLED_Structure: 2.pdb -24711.909472319632 kJ/mol


-------------------------SAMPLING DONE---------------------

-------------------------BEGIN MINIMIZATION---------------------



QMC_MINIMIZED_Structure: 15.pdb -444.8763981258015 kJ/mol
QMC_MINIMIZED_Structure: 1.pdb -434.8855239832794 kJ/mol
QMC_MINIMIZED_Structure: 16.pdb -440.81514654716403 kJ/mol
QMC_MINIMIZED_Structure: 7.pdb -414.38512747000186 kJ/mol
QMC_MINIMIZED_Structure: 18.pdb -166.42145357336943 kJ/mol
QMC_MINIMIZED_Structure: 24.pdb -423.69560532071864 kJ/mol
QMC_MINIMIZED_Structure: 23.pdb -416.11776902607613 kJ/mol
QMC_MINIMIZED_Structure: 20.pdb -425.75901957198687 kJ/mol
QMC_MINIMIZED_Structure: 27.pdb -403.62620981846055 kJ/mol
QMC_MINIMIZED_Structure: 4.pdb -403.63322040501714 kJ/mol
QMC_MINIMIZED_Structure: 19.pdb -429.5168549426228 kJ/mol
QMC_MINIMIZED_Structure: 26.pdb -378.0306037792484 kJ/mol
QMC_MINIMIZED_Structure: 22.pdb -219.54760007898523 kJ/mol
QMC_MINIMIZED_Structure: 28.pdb -395.25226102831925 kJ/mol
QMC_MINIMIZED_Structure: 10.pdb -451.9365870829451 kJ/mol
QMC_MINIMIZED_Structure: 25.pdb -452.0644857789073 kJ/mol
QMC_MINIMIZED_Structure: 12.pdb -417.73882308219277 kJ/mol
QMC_MINIMIZED_Structure: 0.pdb -441.7577775843481 kJ/mol
QMC_MINIMIZED_Structure: 13.pdb -364.00687623031115 kJ/mol
QMC_MINIMIZED_Structure: 17.pdb -445.00615952201156 kJ/mol
QMC_MINIMIZED_Structure: 31.pdb -421.35575472752265 kJ/mol
QMC_MINIMIZED_Structure: 9.pdb -421.75598342417345 kJ/mol
QMC_MINIMIZED_Structure: 14.pdb -373.3660795273115 kJ/mol
QMC_MINIMIZED_Structure: 5.pdb -421.2027249129502 kJ/mol
QMC_MINIMIZED_Structure: 11.pdb -220.17731109928593 kJ/mol
QMC_MINIMIZED_Structure: 29.pdb -416.3453484154471 kJ/mol
QMC_MINIMIZED_Structure: 3.pdb -439.0643594245213 kJ/mol
QMC_MINIMIZED_Structure: 8.pdb -419.7423038565262 kJ/mol
QMC_MINIMIZED_Structure: 6.pdb -416.1425132151712 kJ/mol
QMC_MINIMIZED_Structure: 21.pdb -420.0059847576923 kJ/mol
QMC_MINIMIZED_Structure: 30.pdb -414.563485360167 kJ/mol
QMC_MINIMIZED_Structure: 2.pdb -392.9008874969352 kJ/mol


-------------------------MINIMIZATION DONE---------------------

 MODEL ID:           1          15 ENERGY (KJ):  -44.48800    
 MODEL ID:           2           1 ENERGY (KJ):  -43.48900    
 MODEL ID:           3          16 ENERGY (KJ):  -44.08100    
 MODEL ID:           4           7 ENERGY (KJ):  -41.43800    
 MODEL ID:           5          18 ENERGY (KJ):  -16.64200    
 MODEL ID:           6          24 ENERGY (KJ):  -42.37000    
 MODEL ID:           7          23 ENERGY (KJ):  -41.61200    
 MODEL ID:           8          20 ENERGY (KJ):  -42.57600    
 MODEL ID:           9          27 ENERGY (KJ):  -40.36300    
 MODEL ID:          10           4 ENERGY (KJ):  -40.36300    
 MODEL ID:          11          19 ENERGY (KJ):  -42.95200    
 MODEL ID:          12          26 ENERGY (KJ):  -37.80300    
 MODEL ID:          13          22 ENERGY (KJ):  -21.95500    
 MODEL ID:          14          28 ENERGY (KJ):  -39.52500    
 MODEL ID:          15          10 ENERGY (KJ):  -45.19400    
 MODEL ID:          16          25 ENERGY (KJ):  -45.20600    
 MODEL ID:          17          12 ENERGY (KJ):  -41.77400    
 MODEL ID:          18           0 ENERGY (KJ):  -44.17600    
 MODEL ID:          19          13 ENERGY (KJ):  -36.40100    
 MODEL ID:          20          17 ENERGY (KJ):  -44.50100    
 MODEL ID:          21          31 ENERGY (KJ):  -42.13600    
 MODEL ID:          22           9 ENERGY (KJ):  -42.17500    
 MODEL ID:          23          14 ENERGY (KJ):  -37.33700    
 MODEL ID:          24           5 ENERGY (KJ):  -42.12000    
 MODEL ID:          25          11 ENERGY (KJ):  -22.01800    
 MODEL ID:          26          29 ENERGY (KJ):  -41.63500    
 MODEL ID:          27           3 ENERGY (KJ):  -43.90600    
 MODEL ID:          28           8 ENERGY (KJ):  -41.97400    
 MODEL ID:          29           6 ENERGY (KJ):  -41.61400    
 MODEL ID:          30          21 ENERGY (KJ):  -42.00100    
 MODEL ID:          31          30 ENERGY (KJ):  -41.45600    
 MODEL ID:          32           2 ENERGY (KJ):  -39.29000    
 The sequence   : AAAAA
 sequence length:   5
 iatmno :            53
 No. of atoms   :  53

**********CLUSTERING MINIMIZED STRUCTURES**************

 DONE2
 cluster o.k

                         Job ended on 22-Feb-23

                               at 20:17:25

 cpu time = :   9.0650003E-03
 /home/rebairo/work/PolyMols/uniform_src_sim/res/ALA/ALA_inpp.pdb               
                                                  
 The sequence   : AAAAA
 sequence length:   5
 iatmno :            53
 No. of atoms   :  53
 No. of Parameters(dihedral angles) =           10
    1      0    0    0    0  phi 
    1      1    5   11   13  psi 
    2     11   13   15   21  phi 
    2     13   15   21   23  psi 
    3     21   23   25   31  phi 
    3     23   25   31   33  psi 
    4     31   33   35   41  phi 
    4     33   35   41   43  psi 
    5     41   43   45   51  phi 
    5      0    0    0    0  psi 
   1    0.000    122.22    61.17   -66.74   -64.48    98.65    53.50  -171.22   -57.30     0.00
   2    0.000     88.46    58.05   167.46    59.17   -66.91  -133.71   123.40    39.74     0.00
   3    0.000    -59.70   -73.18  -152.14   -61.32   106.76    60.20   -79.07   -54.50     0.00
   4    0.000     75.11  -146.04    90.51    57.32   -74.66   -75.24   -47.64  -147.72     0.00
   5    0.000    112.62    45.67  -132.92   -51.50   150.12  -151.83    26.22   118.60     0.00
   6    0.000     93.81    49.10    36.71   154.54   108.73    52.17    85.44    46.01     0.00
   7    0.000     95.70    53.18  -164.73    65.05   -53.22  -127.66   -66.86  -141.79     0.00
   8    0.000    -57.37   -71.98    65.85    49.36   -90.54   -62.75   178.28    42.77     0.00
   9    0.000     87.64  -127.93    43.42   125.77  -161.87   -67.56   -63.14   -53.69     0.00
  10    0.000    -26.55   135.50   106.95    64.74   -56.11   -69.47    75.61    42.89     0.00
  11    0.000    -62.93  -121.01   117.07    62.76   -58.99  -136.46   -80.54   -49.18     0.00
  12    0.000    -66.59  -143.20    78.84    61.01   174.93    48.19    70.57    46.57     0.00
  13    0.000    132.91    49.23  -133.72   -50.87   148.54    52.51    61.99  -157.73     0.00
  14    0.000    104.15    49.16    26.86  -175.03   115.45    50.71    22.60   127.67     0.00
  15    0.000    -66.26   -70.92    77.72    48.95  -103.26   -61.21   -82.49   -61.59     0.00
  16    0.000    -66.12   -70.04    76.52    48.17  -101.32   -61.34   -82.61   -61.67     0.00
  17    0.000     83.91    52.85  -172.82    63.93   -57.06  -107.98  -134.87   -68.32     0.00
  18    0.000    -65.75   -92.69   -51.35  -142.56    78.83    58.28   -71.82   -50.71     0.00
  19    0.000    116.03   -46.46   -59.28  -124.12   -93.85  -131.75   113.27    60.68     0.00
  20    0.000    121.07    61.21   -66.54   -63.47    97.68    52.78  -169.85   -57.22     0.00
  21    0.000    104.58    60.08     8.88   -81.93    61.98    52.57   -77.47   -72.51     0.00
  22    0.000    103.34  -156.89    76.88    61.24   -56.93   -64.80   175.64   -53.36     0.00
  23    0.000   -113.65  -146.56    71.46    53.99  -173.73    63.90   -60.85  -148.69     0.00
  24    0.000    107.10    48.57    30.35  -170.05   115.18    59.57   -69.93  -130.97     0.00
  25    0.000    120.69    55.74   142.35  -164.09   -53.77  -138.92   -54.16   -80.03     0.00
  26    0.000     92.39    51.73  -162.44    65.15   -53.58  -126.58   -69.22  -138.80     0.00
  27    0.000    -51.27   -69.59  -159.20   -58.20   -14.65  -143.22   -88.62   -50.40     0.00
  28    0.000    -59.04  -141.83   -76.86  -144.25   151.37    65.47   -43.49  -132.38     0.00
  29    0.000     95.99    52.87  -163.24    65.34   -54.04  -129.93   -64.59  -140.15     0.00
  30    0.000    -59.08  -141.48   -75.35  -144.89   148.88    64.98   -42.71  -131.35     0.00
  31    0.000    135.17    68.02   -58.16  -140.13    21.47  -157.10    72.36    39.94     0.00
  32    0.000   -113.90   -73.67    77.30    52.57  -170.73    49.11  -161.53   -59.73     0.00
