Randomised Sobol sequence generated

Discrepancy: 0.09960647374447351


          #########################################################
          #                                                       #
          #     T  H  E    M  O  L  S    P  R  O  G  R  A  M      #
          #                    Version 1.0                        #
          #                                                       #
          #     Department of Crystallography and Biophysics,     #
          #    University of Madras, Chennai - 600 025, INDIA     #
          #                                                       #
          #                                                       #
          #########################################################


                         Job started on 22-Feb-23

                               at 18:55:36

 molecule name :  
 menk32                                                                         
                                                  
 The sequence   : YGGFM
 sequence length:   5
 iatmno :            75
 No. of atoms   :  75
 No. of Parameters(dihedral angles) =           10
 pargen o.k
           2           4           5          75
           4          21          22          75
          23          25          26          75
          25          28          29          75
          30          32          33          75
          32          35          36          75
          37          39          40          75
          39          55          56          75
          57          59          60          75
          59          72          73          75

                         Job ended on 22-Feb-23

                               at 18:55:37

 cpu time = :   0.2379780    
Randomised Sobol sequence generated

Discrepancy: 0.10163947034876175
/home/rebairo/work/PolyMols/uniform_src_sim/res/menk32
/home/rebairo/work/PolyMols/uniform_src_sim/res/menk32/QMC_MINIMIZED
/home/rebairo/work/PolyMols/uniform_src_sim/res/menk32/QMC_SAMPLED


-------------------------BEGIN SAMPLING ---------------------



QMC_SAMPLED_Structure: 15.pdb 399380.4604184079 kJ/mol
QMC_SAMPLED_Structure: 1.pdb 19094598.657117695 kJ/mol
QMC_SAMPLED_Structure: 16.pdb 4117855.2252699947 kJ/mol
QMC_SAMPLED_Structure: 7.pdb 4045.5702212175206 kJ/mol
QMC_SAMPLED_Structure: 18.pdb 1192812.2969988983 kJ/mol
QMC_SAMPLED_Structure: 24.pdb 45741.56598125147 kJ/mol
QMC_SAMPLED_Structure: 23.pdb 530.0794855975225 kJ/mol
QMC_SAMPLED_Structure: 20.pdb 10097.310724209367 kJ/mol
QMC_SAMPLED_Structure: 27.pdb 361.20366524080055 kJ/mol
QMC_SAMPLED_Structure: 4.pdb 1802.5750098726478 kJ/mol
QMC_SAMPLED_Structure: 19.pdb 428501.8749618351 kJ/mol
QMC_SAMPLED_Structure: 26.pdb 189948.8266927241 kJ/mol
QMC_SAMPLED_Structure: 22.pdb 4680.778275545569 kJ/mol
QMC_SAMPLED_Structure: 28.pdb 1639814.6458271097 kJ/mol
QMC_SAMPLED_Structure: 10.pdb 266304.85538189387 kJ/mol
QMC_SAMPLED_Structure: 25.pdb 17635.58616478629 kJ/mol
QMC_SAMPLED_Structure: 12.pdb 4388.437442653856 kJ/mol
QMC_SAMPLED_Structure: 0.pdb 96894.97150835942 kJ/mol
QMC_SAMPLED_Structure: 13.pdb 313341153966.351 kJ/mol
QMC_SAMPLED_Structure: 17.pdb 704.6650909048376 kJ/mol
QMC_SAMPLED_Structure: 31.pdb 93400.08338206664 kJ/mol
QMC_SAMPLED_Structure: 9.pdb 2698933.9303182047 kJ/mol
QMC_SAMPLED_Structure: 14.pdb 1481.1223493357938 kJ/mol
QMC_SAMPLED_Structure: 5.pdb 3130.0078026353613 kJ/mol
QMC_SAMPLED_Structure: 11.pdb 31420.20631485827 kJ/mol
QMC_SAMPLED_Structure: 29.pdb 673.0667320404341 kJ/mol
QMC_SAMPLED_Structure: 3.pdb 1475423.2966286882 kJ/mol
QMC_SAMPLED_Structure: 8.pdb 1462.4998339168449 kJ/mol
QMC_SAMPLED_Structure: 6.pdb 424711.97006076993 kJ/mol
QMC_SAMPLED_Structure: 21.pdb 944.3062424482061 kJ/mol
QMC_SAMPLED_Structure: 30.pdb 137511.377103271 kJ/mol
QMC_SAMPLED_Structure: 2.pdb 594.7947848431901 kJ/mol


-------------------------SAMPLING DONE---------------------

-------------------------BEGIN MINIMIZATION---------------------



QMC_MINIMIZED_Structure: 15.pdb -558.0251917838496 kJ/mol
QMC_MINIMIZED_Structure: 1.pdb -649.5726438573256 kJ/mol
QMC_MINIMIZED_Structure: 16.pdb -661.0836861306374 kJ/mol
QMC_MINIMIZED_Structure: 7.pdb -642.0066641041119 kJ/mol
QMC_MINIMIZED_Structure: 18.pdb -641.8448164210622 kJ/mol
QMC_MINIMIZED_Structure: 24.pdb -628.1397754055778 kJ/mol
QMC_MINIMIZED_Structure: 23.pdb -623.8394762103391 kJ/mol
QMC_MINIMIZED_Structure: 20.pdb -641.7857935688669 kJ/mol
QMC_MINIMIZED_Structure: 27.pdb -627.25082567922 kJ/mol
QMC_MINIMIZED_Structure: 4.pdb -479.3263534592923 kJ/mol
QMC_MINIMIZED_Structure: 19.pdb -585.7326938831791 kJ/mol
QMC_MINIMIZED_Structure: 26.pdb -646.9002363053243 kJ/mol
QMC_MINIMIZED_Structure: 22.pdb -646.6625821235871 kJ/mol
QMC_MINIMIZED_Structure: 28.pdb -554.6385042619601 kJ/mol
QMC_MINIMIZED_Structure: 10.pdb -616.0585100383329 kJ/mol
QMC_MINIMIZED_Structure: 25.pdb -639.8570071608499 kJ/mol
QMC_MINIMIZED_Structure: 12.pdb -441.0507047547753 kJ/mol
QMC_MINIMIZED_Structure: 0.pdb -615.1947786711485 kJ/mol
QMC_MINIMIZED_Structure: 13.pdb -612.0394133387712 kJ/mol
QMC_MINIMIZED_Structure: 17.pdb -647.0237128250246 kJ/mol
QMC_MINIMIZED_Structure: 31.pdb -659.0813890597967 kJ/mol
QMC_MINIMIZED_Structure: 9.pdb -643.3635620699428 kJ/mol
QMC_MINIMIZED_Structure: 14.pdb -647.2203054908676 kJ/mol
QMC_MINIMIZED_Structure: 5.pdb -639.1367426361704 kJ/mol
QMC_MINIMIZED_Structure: 11.pdb -632.3454172456435 kJ/mol
QMC_MINIMIZED_Structure: 29.pdb -640.1170743692292 kJ/mol
QMC_MINIMIZED_Structure: 3.pdb -608.5045895548831 kJ/mol
QMC_MINIMIZED_Structure: 8.pdb -615.108721115285 kJ/mol
QMC_MINIMIZED_Structure: 6.pdb -462.3046895743166 kJ/mol
QMC_MINIMIZED_Structure: 21.pdb -626.4322787235362 kJ/mol
QMC_MINIMIZED_Structure: 30.pdb -444.7816473740965 kJ/mol
QMC_MINIMIZED_Structure: 2.pdb -628.1342856397263 kJ/mol


-------------------------MINIMIZATION DONE---------------------

 MODEL ID:          15 ENERGY (KJ):  -65.28700    
 MODEL ID:           1 ENERGY (KJ):  -38.48600    
 MODEL ID:          16 ENERGY (KJ):  -65.30500    
 MODEL ID:           7 ENERGY (KJ):  -62.96100    
 MODEL ID:          18 ENERGY (KJ):  -65.17800    
 MODEL ID:          24 ENERGY (KJ):  -61.53300    
 MODEL ID:          23 ENERGY (KJ):  -63.10500    
 MODEL ID:          20 ENERGY (KJ):  -62.80300    
 MODEL ID:          27 ENERGY (KJ):  -63.65200    
 MODEL ID:           4 ENERGY (KJ):  -63.84100    
 MODEL ID:          19 ENERGY (KJ):  -60.94400    
 MODEL ID:          26 ENERGY (KJ):  -64.66000    
 MODEL ID:          22 ENERGY (KJ):  -64.65600    
 MODEL ID:          28 ENERGY (KJ):  -64.36200    
 MODEL ID:          10 ENERGY (KJ):  -64.60300    
 MODEL ID:          25 ENERGY (KJ):  -64.64500    
 MODEL ID:          12 ENERGY (KJ):  -62.87400    
 MODEL ID:           0 ENERGY (KJ):  -56.76600    
 MODEL ID:          13 ENERGY (KJ):  -64.55600    
 MODEL ID:          17 ENERGY (KJ):  -63.53100    
 MODEL ID:          31 ENERGY (KJ):  -62.57400    
 MODEL ID:           9 ENERGY (KJ):  -59.43800    
 MODEL ID:          14 ENERGY (KJ):  -56.88400    
 MODEL ID:           5 ENERGY (KJ):  -62.65200    
 MODEL ID:          11 ENERGY (KJ):  -65.18100    
 MODEL ID:          29 ENERGY (KJ):  -57.91200    
 MODEL ID:           3 ENERGY (KJ):  -64.71800    
 MODEL ID:           8 ENERGY (KJ):  -65.37800    
 MODEL ID:           6 ENERGY (KJ):  -61.95300    
 MODEL ID:          21 ENERGY (KJ):  -63.50800    
 MODEL ID:          30 ENERGY (KJ):  -64.70800    
 MODEL ID:           2 ENERGY (KJ):  -56.23900    
 The sequence   : YGGFM
 sequence length:   5
 iatmno :            75
 No. of atoms   :  75

**********CLUSTERING MINIMIZED STRUCTURES**************

 DONE2
 cluster o.k

                         Job ended on 22-Feb-23

                               at 18:55:51

 cpu time = :   1.1435000E-02
 /home/rebairo/work/PolyMols/uniform_src_sim/res/menk32/menk32_inpp.pdb         
                                                  
 The sequence   : YGGFM
 sequence length:   5
 iatmno :            75
 No. of atoms   :  75
 No. of Parameters(dihedral angles) =           10
    1      0    0    0    0  phi 
    1      1    5   22   24  psi 
    2     22   24   26   29  phi 
    2     24   26   29   31  psi 
    3     29   31   33   36  phi 
    3     31   33   36   38  psi 
    4     36   38   40   56  phi 
    4     38   40   56   58  psi 
    5     56   58   60   73  phi 
    5      0    0    0    0  psi 
   1    0.000    121.54    74.50   -71.39   -67.56    98.84    57.41  -169.58   -55.89     0.00
   2    0.000   -147.69   -64.79    95.52    84.00   140.01  -147.80    68.37    74.17     0.00
   3    0.000    -50.70  -117.14   -80.11   -82.24    60.26    60.28   -63.83   -50.22     0.00
   4    0.000     22.91    80.31    50.65   123.90   114.07    53.08    78.51    50.42     0.00
   5    0.000    -65.26   -78.62    73.90    76.36   -59.53  -115.76   -91.24   -51.28     0.00
   6    0.000     93.02   168.40   119.26    71.60   -87.56  -142.57    31.50  -143.58     0.00
   7    0.000     62.87   -85.84    72.55    76.82   -51.94  -116.69  -100.97   -58.72     0.00
   8    0.000     82.70  -125.34    95.08    77.49   -60.44  -128.89   -91.02   -57.83     0.00
   9    0.000    -68.86   154.81   163.19    78.36   -55.74  -123.15   -53.55  -143.95     0.00
  10    0.000    124.92   168.04    76.53    75.22   -64.37   -70.79   173.64   -55.14     0.00
  11    0.000     82.80    80.66   132.86    82.58    81.00    67.53   -56.57  -131.62     0.00
  12    0.000     83.79    72.53    39.04   133.09   115.26    53.61    78.53    49.07     0.00
  13    0.000     81.09    72.15    40.05   134.29   111.97    53.50    81.39    52.04     0.00
  14    0.000    -60.42   -75.84    64.32    70.04   -74.56   -79.81  -135.19    24.93     0.00
  15    0.000     94.59   101.21    30.83   148.31   -70.57   -70.75    79.52    45.23     0.00
  16    0.000     81.47    70.08    39.79   136.69   109.53    54.37    82.62    50.56     0.00
  17    0.000    106.04    48.56    40.93   127.95   -45.95   -75.24    62.24    45.44     0.00
  18    0.000     82.89    84.72  -160.76  -139.22    50.86  -164.09    30.55   116.62     0.00
  19    0.000     80.07    80.28   148.12    73.16   -75.35  -130.27   126.82    43.02     0.00
  20    0.000     62.77    83.91   116.61    72.29   -76.02   -77.01    68.50    48.85     0.00
  21    0.000    -55.86  -146.58   -69.45  -152.51   142.62    65.83   -34.80  -132.33     0.00
  22    0.000    -73.31   -75.75    70.84    93.22   134.12    57.05  -178.52   -58.39     0.00
  23    0.000    140.10    62.82    37.90   129.82    97.62    48.20  -161.43  -114.45     0.00
  24    0.000    115.76  -159.97    83.04    77.15   -64.05  -117.17  -122.16    20.25     0.00
  25    0.000    100.71  -164.88   -74.30   -79.59    57.61    58.09   -64.76   -47.26     0.00
  26    0.000     64.00    74.32   125.32    81.33    -6.69  -119.41  -113.36   -73.60     0.00
  27    0.000     87.31    69.19    37.09   137.55   113.86    51.95    80.65    47.37     0.00
  28    0.000     91.55   124.82    72.83    78.70   -59.72   -70.76    74.97    39.02     0.00
  29    0.000    116.77   173.90   -35.46   178.67   -86.13   -61.54   -27.36  -144.07     0.00
  30    0.000    118.42   174.85  -166.97   -79.52    49.51  -166.08   -72.42  -152.47     0.00
  31    0.000     84.71    71.01    38.14   135.79   113.67    54.19    79.00    47.52     0.00
  32    0.000    139.58    62.37    38.52   129.74    97.00    48.96  -161.96  -115.14     0.00
