Randomised Sobol sequence generated

Discrepancy: 243.14962459107971


          #########################################################
          #                                                       #
          #     T  H  E    M  O  L  S    P  R  O  G  R  A  M      #
          #                    Version 1.0                        #
          #                                                       #
          #     Department of Crystallography and Biophysics,     #
          #    University of Madras, Chennai - 600 025, INDIA     #
          #                                                       #
          #                                                       #
          #########################################################


                         Job started on 22-Feb-23

                               at 19:11:55

 molecule name :  
 trp32                                                                          
                                                  
 The sequence   : NLYIQWLKDGGPSSGRPPPS
 sequence length:  20
 iatmno :           304
 No. of atoms   : 304
 No. of Parameters(dihedral angles) =           40
 pargen o.k
           2           4           5         304
           4          14          15         304
          16          18          19         304
          18          33          34         304
          35          37          38         304
          37          54          55         304
          56          58          59         304
          58          73          74         304
          75          77          78         304
          77          90          91         304
          92          94          95         304
          94         114         115         304
         116         118         119         304
         118         133         134         304
         135         137         138         304
         137         154         155         304
         156         158         159         304
         158         167         168         304
         169         171         172         304
         171         174         175         304
         176         178         179         304
         178         181         182         304
         184         195         196         304
         184         195         196         304
         197         199         200         304
         199         206         207         304
         208         210         211         304
         210         217         218         304
         219         221         222         304
         221         224         225         304
         226         228         229         304
         228         248         249         304
         251         262         263         304
         251         262         263         304
         265         276         277         304
         265         276         277         304
         279         290         291         304
         279         290         291         304
         292         294         295         304
         294         301         302         304

                         Job ended on 22-Feb-23

                               at 19:11:56

 cpu time = :   0.9361100    
Randomised Sobol sequence generated

Discrepancy: 262.4935428054985
/home/rebairo/work/PolyMols/uniform_src_sim/res/trp
/home/rebairo/work/PolyMols/uniform_src_sim/res/trp/QMC_MINIMIZED
/home/rebairo/work/PolyMols/uniform_src_sim/res/trp/QMC_SAMPLED


-------------------------BEGIN SAMPLING ---------------------



QMC_SAMPLED_Structure: 15.pdb 19491071311.984562 kJ/mol
QMC_SAMPLED_Structure: 1.pdb 2480623062.9591174 kJ/mol
QMC_SAMPLED_Structure: 16.pdb 235127877976283.5 kJ/mol
QMC_SAMPLED_Structure: 7.pdb 88548469778487.02 kJ/mol
QMC_SAMPLED_Structure: 18.pdb 3313114573.9377728 kJ/mol
QMC_SAMPLED_Structure: 24.pdb 8058251283.035182 kJ/mol
QMC_SAMPLED_Structure: 23.pdb 32873844423.235737 kJ/mol
QMC_SAMPLED_Structure: 20.pdb 909365942957.7646 kJ/mol
QMC_SAMPLED_Structure: 27.pdb 127665477247540.61 kJ/mol
QMC_SAMPLED_Structure: 4.pdb 5719816730.411026 kJ/mol
QMC_SAMPLED_Structure: 19.pdb 86563756.82597624 kJ/mol
QMC_SAMPLED_Structure: 26.pdb 153735124549.18802 kJ/mol
QMC_SAMPLED_Structure: 22.pdb 2229679.6337090414 kJ/mol
QMC_SAMPLED_Structure: 28.pdb 27466656.485562652 kJ/mol
QMC_SAMPLED_Structure: 10.pdb 1.008356522311434e+16 kJ/mol
QMC_SAMPLED_Structure: 25.pdb 3965971121709.958 kJ/mol
QMC_SAMPLED_Structure: 12.pdb 301700287000.82556 kJ/mol
QMC_SAMPLED_Structure: 0.pdb 2065159357.8950675 kJ/mol
QMC_SAMPLED_Structure: 13.pdb 345773945065.21265 kJ/mol
QMC_SAMPLED_Structure: 17.pdb 1494257298295.6614 kJ/mol
QMC_SAMPLED_Structure: 31.pdb 2297196989.7880816 kJ/mol
QMC_SAMPLED_Structure: 9.pdb 2415735.7538107787 kJ/mol
QMC_SAMPLED_Structure: 14.pdb 7028463867.512263 kJ/mol
QMC_SAMPLED_Structure: 5.pdb 343310511829.80554 kJ/mol
QMC_SAMPLED_Structure: 11.pdb 348450424491945.8 kJ/mol
QMC_SAMPLED_Structure: 29.pdb 509659600.26621306 kJ/mol
QMC_SAMPLED_Structure: 3.pdb 11981105481.66461 kJ/mol
QMC_SAMPLED_Structure: 8.pdb 14358973613.006508 kJ/mol
QMC_SAMPLED_Structure: 6.pdb 16382834672.218605 kJ/mol
QMC_SAMPLED_Structure: 21.pdb 68645384990329.234 kJ/mol
QMC_SAMPLED_Structure: 30.pdb 1197659004.3329196 kJ/mol
QMC_SAMPLED_Structure: 2.pdb 2368996551.841692 kJ/mol


-------------------------SAMPLING DONE---------------------

-------------------------BEGIN MINIMIZATION---------------------



 The sequence   : NLYIQWLKDGGPSSGRPPPS
 sequence length:  20
 iatmno :           304
 No. of atoms   : 304

**********CLUSTERING MINIMIZED STRUCTURES**************

 /home/rebairo/work/PolyMols/uniform_src_sim/res/trp/trp32_inpp.pdb             
                                                  
 The sequence   : NLYIQWLKDGGPSSGRPPPS
 sequence length:  20
 iatmno :           304
 No. of atoms   : 304
