Randomised Sobol sequence generated

Discrepancy: 219.07192667160106


          #########################################################
          #                                                       #
          #     T  H  E    M  O  L  S    P  R  O  G  R  A  M      #
          #                    Version 1.0                        #
          #                                                       #
          #     Department of Crystallography and Biophysics,     #
          #    University of Madras, Chennai - 600 025, INDIA     #
          #                                                       #
          #                                                       #
          #########################################################


                         Job started on 22-Feb-23

                               at 19:07:37

 molecule name :  
 trp32                                                                          
                                                  
 The sequence   : NLYIQWLKDGGPSSGRPPPS
 sequence length:  20
 iatmno :           304
 No. of atoms   : 304
 No. of Parameters(dihedral angles) =           40
 pargen o.k
           2           4           5         304
           4          14          15         304
          16          18          19         304
          18          33          34         304
          35          37          38         304
          37          54          55         304
          56          58          59         304
          58          73          74         304
          75          77          78         304
          77          90          91         304
          92          94          95         304
          94         114         115         304
         116         118         119         304
         118         133         134         304
         135         137         138         304
         137         154         155         304
         156         158         159         304
         158         167         168         304
         169         171         172         304
         171         174         175         304
         176         178         179         304
         178         181         182         304
         184         195         196         304
         184         195         196         304
         197         199         200         304
         199         206         207         304
         208         210         211         304
         210         217         218         304
         219         221         222         304
         221         224         225         304
         226         228         229         304
         228         248         249         304
         251         262         263         304
         251         262         263         304
         265         276         277         304
         265         276         277         304
         279         290         291         304
         279         290         291         304
         292         294         295         304
         294         301         302         304

                         Job ended on 22-Feb-23

                               at 19:07:38

 cpu time = :   0.9220630    
Randomised Sobol sequence generated

Discrepancy: 243.46876320977836
/home/rebairo/work/PolyMols/uniform_src_sim/res/trp
/home/rebairo/work/PolyMols/uniform_src_sim/res/trp/QMC_MINIMIZED
/home/rebairo/work/PolyMols/uniform_src_sim/res/trp/QMC_SAMPLED


-------------------------BEGIN SAMPLING ---------------------



QMC_SAMPLED_Structure: 641.pdb 1210105521872.443 kJ/mol
QMC_SAMPLED_Structure: 624.pdb 21021623818712.32 kJ/mol
QMC_SAMPLED_Structure: 439.pdb 1.7697457888702287e+20 kJ/mol
QMC_SAMPLED_Structure: 442.pdb 8164000078893.037 kJ/mol
QMC_SAMPLED_Structure: 441.pdb 1182019792.145903 kJ/mol
QMC_SAMPLED_Structure: 653.pdb 50857041207780.2 kJ/mol
QMC_SAMPLED_Structure: 219.pdb 433163606960710.1 kJ/mol
QMC_SAMPLED_Structure: 15.pdb 223725257.84670955 kJ/mol
QMC_SAMPLED_Structure: 1.pdb 8532911.925438698 kJ/mol
QMC_SAMPLED_Structure: 644.pdb 269247393180.67993 kJ/mol
QMC_SAMPLED_Structure: 425.pdb 24624812438700.523 kJ/mol
QMC_SAMPLED_Structure: 16.pdb 1037544914899.3564 kJ/mol
QMC_SAMPLED_Structure: 105.pdb 4446152.443523489 kJ/mol
QMC_SAMPLED_Structure: 112.pdb 251535146535.71057 kJ/mol
QMC_SAMPLED_Structure: 401.pdb 1973112552.9216783 kJ/mol
QMC_SAMPLED_Structure: 270.pdb 14662743644.474789 kJ/mol
QMC_SAMPLED_Structure: 261.pdb 174785.698733404 kJ/mol
QMC_SAMPLED_Structure: 535.pdb 2837118977071.675 kJ/mol
QMC_SAMPLED_Structure: 496.pdb 24153897264440.465 kJ/mol
QMC_SAMPLED_Structure: 78.pdb 7548626949.86048 kJ/mol
QMC_SAMPLED_Structure: 930.pdb 2928079274037.7896 kJ/mol
QMC_SAMPLED_Structure: 410.pdb 52150730.84208474 kJ/mol
QMC_SAMPLED_Structure: 948.pdb 49256637251.692795 kJ/mol
QMC_SAMPLED_Structure: 836.pdb 68876226.16721833 kJ/mol
QMC_SAMPLED_Structure: 118.pdb 2158735.9723749603 kJ/mol
QMC_SAMPLED_Structure: 400.pdb 100588084677.52673 kJ/mol
QMC_SAMPLED_Structure: 7.pdb 10200219967.4176 kJ/mol
QMC_SAMPLED_Structure: 18.pdb 6483579126481.859 kJ/mol
QMC_SAMPLED_Structure: 500.pdb 2972737485.3704267 kJ/mol
QMC_SAMPLED_Structure: 24.pdb 618189601185.9697 kJ/mol
QMC_SAMPLED_Structure: 256.pdb 284540.4327131858 kJ/mol
QMC_SAMPLED_Structure: 736.pdb 262726429.6323576 kJ/mol
QMC_SAMPLED_Structure: 705.pdb 645900529468.3073 kJ/mol
QMC_SAMPLED_Structure: 303.pdb 359287844.58996373 kJ/mol
QMC_SAMPLED_Structure: 613.pdb 1304309364.0843203 kJ/mol
QMC_SAMPLED_Structure: 746.pdb 2900811109.0665255 kJ/mol
QMC_SAMPLED_Structure: 201.pdb 66841488606.71722 kJ/mol
QMC_SAMPLED_Structure: 671.pdb 3201739014.311591 kJ/mol
QMC_SAMPLED_Structure: 874.pdb 39996.781868182276 kJ/mol
QMC_SAMPLED_Structure: 881.pdb 419652254887569.3 kJ/mol
QMC_SAMPLED_Structure: 998.pdb 3106.1645533457827 kJ/mol
QMC_SAMPLED_Structure: 85.pdb 1570775452.569147 kJ/mol
QMC_SAMPLED_Structure: 343.pdb 5476913744123221.0 kJ/mol
QMC_SAMPLED_Structure: 233.pdb 107532059643.10512 kJ/mol
QMC_SAMPLED_Structure: 424.pdb 348651927.6694605 kJ/mol
QMC_SAMPLED_Structure: 784.pdb 14934095.020920033 kJ/mol
QMC_SAMPLED_Structure: 819.pdb 8262464784164.669 kJ/mol
QMC_SAMPLED_Structure: 330.pdb 1177259192071.869 kJ/mol
QMC_SAMPLED_Structure: 388.pdb 37075017921.95667 kJ/mol
QMC_SAMPLED_Structure: 430.pdb 1600902432462969.2 kJ/mol
QMC_SAMPLED_Structure: 794.pdb 3.1022130968077756e+16 kJ/mol
QMC_SAMPLED_Structure: 544.pdb 69542569270.1582 kJ/mol
QMC_SAMPLED_Structure: 611.pdb 563701014.0639861 kJ/mol
QMC_SAMPLED_Structure: 637.pdb 225226899.80834213 kJ/mol
QMC_SAMPLED_Structure: 72.pdb 35358781023.28343 kJ/mol
QMC_SAMPLED_Structure: 985.pdb 9024884990854.547 kJ/mol
QMC_SAMPLED_Structure: 23.pdb 37828140.32764483 kJ/mol
QMC_SAMPLED_Structure: 906.pdb 779453319766.0714 kJ/mol
QMC_SAMPLED_Structure: 264.pdb 6295152.11574807 kJ/mol
QMC_SAMPLED_Structure: 652.pdb 111961197690.45618 kJ/mol
QMC_SAMPLED_Structure: 391.pdb 192710123142.86838 kJ/mol
QMC_SAMPLED_Structure: 812.pdb 3396475262.0122743 kJ/mol
QMC_SAMPLED_Structure: 714.pdb 613397161768.4454 kJ/mol
QMC_SAMPLED_Structure: 984.pdb 813587815975.9805 kJ/mol
QMC_SAMPLED_Structure: 35.pdb 1246120276.4972343 kJ/mol
QMC_SAMPLED_Structure: 946.pdb 1209817893380.8643 kJ/mol
QMC_SAMPLED_Structure: 763.pdb 2765151443.421538 kJ/mol
QMC_SAMPLED_Structure: 297.pdb 120825327083.84824 kJ/mol
QMC_SAMPLED_Structure: 907.pdb 1239524280.447633 kJ/mol
QMC_SAMPLED_Structure: 545.pdb 418424.0210724683 kJ/mol
QMC_SAMPLED_Structure: 593.pdb 10885634550213.514 kJ/mol
QMC_SAMPLED_Structure: 929.pdb 14090002895.587097 kJ/mol
QMC_SAMPLED_Structure: 50.pdb 972796392118.0386 kJ/mol
QMC_SAMPLED_Structure: 236.pdb 1610028.74250746 kJ/mol
QMC_SAMPLED_Structure: 597.pdb 19857094.19264162 kJ/mol
QMC_SAMPLED_Structure: 825.pdb 25123.608662976374 kJ/mol
QMC_SAMPLED_Structure: 183.pdb 22187582598.27717 kJ/mol
QMC_SAMPLED_Structure: 709.pdb 171813736.1596746 kJ/mol
QMC_SAMPLED_Structure: 103.pdb 28142361280.639473 kJ/mol
QMC_SAMPLED_Structure: 516.pdb 751150003.3503284 kJ/mol
QMC_SAMPLED_Structure: 599.pdb 58286951245.7753 kJ/mol
QMC_SAMPLED_Structure: 434.pdb 73222769141.62512 kJ/mol
QMC_SAMPLED_Structure: 20.pdb 3423370106.7206697 kJ/mol
QMC_SAMPLED_Structure: 27.pdb 3061563035160.4653 kJ/mol
QMC_SAMPLED_Structure: 262.pdb 1729854614.8989744 kJ/mol
QMC_SAMPLED_Structure: 42.pdb 379015085734.4244 kJ/mol
QMC_SAMPLED_Structure: 89.pdb 2457801240892961.0 kJ/mol
QMC_SAMPLED_Structure: 142.pdb 12962285880.24351 kJ/mol
QMC_SAMPLED_Structure: 420.pdb 39075748408.54705 kJ/mol
QMC_SAMPLED_Structure: 557.pdb 168364312628.24292 kJ/mol
QMC_SAMPLED_Structure: 109.pdb 692499520.9603376 kJ/mol
QMC_SAMPLED_Structure: 950.pdb 414962594.64555615 kJ/mol
QMC_SAMPLED_Structure: 501.pdb 970961869834.1908 kJ/mol
QMC_SAMPLED_Structure: 813.pdb 967892552.4234757 kJ/mol
QMC_SAMPLED_Structure: 130.pdb 1691895.8050080452 kJ/mol
QMC_SAMPLED_Structure: 931.pdb 1500022638.2440186 kJ/mol
QMC_SAMPLED_Structure: 823.pdb 25450454435.155266 kJ/mol
QMC_SAMPLED_Structure: 970.pdb 45578611346.309395 kJ/mol
QMC_SAMPLED_Structure: 269.pdb 306035.69797167345 kJ/mol
QMC_SAMPLED_Structure: 263.pdb 20628284422.357307 kJ/mol
QMC_SAMPLED_Structure: 428.pdb 417535143.99040014 kJ/mol
QMC_SAMPLED_Structure: 667.pdb 18788715367.495735 kJ/mol
QMC_SAMPLED_Structure: 686.pdb 53882197394543.375 kJ/mol
QMC_SAMPLED_Structure: 584.pdb 5610002768.777624 kJ/mol
QMC_SAMPLED_Structure: 59.pdb 100572133943864.14 kJ/mol
QMC_SAMPLED_Structure: 4.pdb 269899998468123.78 kJ/mol
QMC_SAMPLED_Structure: 468.pdb 11380339016810.7 kJ/mol
QMC_SAMPLED_Structure: 320.pdb 27008985.29384716 kJ/mol
QMC_SAMPLED_Structure: 663.pdb 310391531.15674657 kJ/mol
QMC_SAMPLED_Structure: 665.pdb 67997512.44345509 kJ/mol
QMC_SAMPLED_Structure: 299.pdb 622997697981934.1 kJ/mol
QMC_SAMPLED_Structure: 129.pdb 11278270004796.326 kJ/mol
QMC_SAMPLED_Structure: 534.pdb 5089151.28444277 kJ/mol
QMC_SAMPLED_Structure: 240.pdb 33619205276.58243 kJ/mol
QMC_SAMPLED_Structure: 285.pdb 11347944277.261398 kJ/mol
QMC_SAMPLED_Structure: 381.pdb 135310780032872.56 kJ/mol
QMC_SAMPLED_Structure: 523.pdb 5448101189435.764 kJ/mol
QMC_SAMPLED_Structure: 920.pdb 148433260.15845788 kJ/mol
QMC_SAMPLED_Structure: 678.pdb 60761334068.35964 kJ/mol
QMC_SAMPLED_Structure: 287.pdb 2662586.383254114 kJ/mol
QMC_SAMPLED_Structure: 117.pdb 3591944909742.0513 kJ/mol
QMC_SAMPLED_Structure: 1015.pdb 3104563295290828.0 kJ/mol
QMC_SAMPLED_Structure: 602.pdb 3857753293.225995 kJ/mol
QMC_SAMPLED_Structure: 295.pdb 5413228668095.213 kJ/mol
QMC_SAMPLED_Structure: 172.pdb 10224645043.176048 kJ/mol
QMC_SAMPLED_Structure: 512.pdb 67544263752.87313 kJ/mol
QMC_SAMPLED_Structure: 392.pdb 2007843.0201579418 kJ/mol
QMC_SAMPLED_Structure: 95.pdb 71313.02216704901 kJ/mol
QMC_SAMPLED_Structure: 590.pdb 33494027030922.332 kJ/mol
QMC_SAMPLED_Structure: 1010.pdb 8175049855.2357645 kJ/mol
QMC_SAMPLED_Structure: 149.pdb 799129300347.8875 kJ/mol
QMC_SAMPLED_Structure: 96.pdb 78410781734.45663 kJ/mol
QMC_SAMPLED_Structure: 19.pdb 2873446086204.5723 kJ/mol
QMC_SAMPLED_Structure: 772.pdb 9968177.28605563 kJ/mol
QMC_SAMPLED_Structure: 179.pdb 586202797769.0562 kJ/mol
QMC_SAMPLED_Structure: 493.pdb 571902608412.1378 kJ/mol
QMC_SAMPLED_Structure: 814.pdb 8679441345475.493 kJ/mol
QMC_SAMPLED_Structure: 658.pdb 3212708550539.149 kJ/mol
QMC_SAMPLED_Structure: 942.pdb 8947878144.314377 kJ/mol
QMC_SAMPLED_Structure: 75.pdb 987952203.9168376 kJ/mol
QMC_SAMPLED_Structure: 122.pdb 28483715861.973484 kJ/mol
QMC_SAMPLED_Structure: 423.pdb 28190.849362272056 kJ/mol
QMC_SAMPLED_Structure: 935.pdb 609077.394983599 kJ/mol
QMC_SAMPLED_Structure: 873.pdb 28805394455279.418 kJ/mol
QMC_SAMPLED_Structure: 890.pdb 3806589052.794249 kJ/mol
QMC_SAMPLED_Structure: 140.pdb 60650128280.11253 kJ/mol
QMC_SAMPLED_Structure: 952.pdb 48779710348.22276 kJ/mol
QMC_SAMPLED_Structure: 642.pdb 118114603.3433367 kJ/mol
QMC_SAMPLED_Structure: 800.pdb 1153515174.4279013 kJ/mol
QMC_SAMPLED_Structure: 662.pdb 1070869700.5842829 kJ/mol
QMC_SAMPLED_Structure: 510.pdb 419203654.0242488 kJ/mol
QMC_SAMPLED_Structure: 726.pdb 625969628.3743382 kJ/mol
QMC_SAMPLED_Structure: 622.pdb 248134753.1386998 kJ/mol
QMC_SAMPLED_Structure: 134.pdb 184373.76670456145 kJ/mol
QMC_SAMPLED_Structure: 120.pdb 595063744.5308423 kJ/mol
QMC_SAMPLED_Structure: 445.pdb 44891.516346194505 kJ/mol
QMC_SAMPLED_Structure: 73.pdb 565863431164.295 kJ/mol
QMC_SAMPLED_Structure: 26.pdb 1051581432070.2948 kJ/mol
QMC_SAMPLED_Structure: 778.pdb 662456216.2225509 kJ/mol
QMC_SAMPLED_Structure: 892.pdb 553047831.9494394 kJ/mol
QMC_SAMPLED_Structure: 918.pdb 70195310882470.47 kJ/mol
QMC_SAMPLED_Structure: 215.pdb 56290588476.19818 kJ/mol
QMC_SAMPLED_Structure: 230.pdb 492474204.2797184 kJ/mol
QMC_SAMPLED_Structure: 807.pdb 89079773479.9581 kJ/mol
QMC_SAMPLED_Structure: 329.pdb 4227690162.1031857 kJ/mol
QMC_SAMPLED_Structure: 114.pdb 109627201818203.52 kJ/mol
QMC_SAMPLED_Structure: 146.pdb 3.403763002411836e+16 kJ/mol
QMC_SAMPLED_Structure: 164.pdb 1258606323032.0867 kJ/mol
QMC_SAMPLED_Structure: 260.pdb 4855710900596.146 kJ/mol
QMC_SAMPLED_Structure: 757.pdb 214024.30033522344 kJ/mol
QMC_SAMPLED_Structure: 251.pdb 8925504817073.424 kJ/mol
QMC_SAMPLED_Structure: 22.pdb 43632785543863.49 kJ/mol
QMC_SAMPLED_Structure: 28.pdb 14745407908.720186 kJ/mol
QMC_SAMPLED_Structure: 350.pdb 62396693.52297877 kJ/mol
QMC_SAMPLED_Structure: 841.pdb 1110684266.1146972 kJ/mol
QMC_SAMPLED_Structure: 257.pdb 243056477.3048241 kJ/mol
QMC_SAMPLED_Structure: 866.pdb 121053828577.31015 kJ/mol
QMC_SAMPLED_Structure: 526.pdb 10121085938350.176 kJ/mol
QMC_SAMPLED_Structure: 966.pdb 379893498298.50226 kJ/mol
QMC_SAMPLED_Structure: 799.pdb 21242108.691214833 kJ/mol
QMC_SAMPLED_Structure: 70.pdb 1333495.4090918968 kJ/mol
QMC_SAMPLED_Structure: 190.pdb 295054900406.37366 kJ/mol
QMC_SAMPLED_Structure: 258.pdb 3312050957.414378 kJ/mol
QMC_SAMPLED_Structure: 956.pdb 91955.48598424472 kJ/mol
QMC_SAMPLED_Structure: 973.pdb 7161858533.252863 kJ/mol
QMC_SAMPLED_Structure: 177.pdb 1636549007.954935 kJ/mol
QMC_SAMPLED_Structure: 538.pdb 7569096412.036009 kJ/mol
QMC_SAMPLED_Structure: 876.pdb 437026.43976133014 kJ/mol
QMC_SAMPLED_Structure: 515.pdb 82562612.74556969 kJ/mol
QMC_SAMPLED_Structure: 871.pdb 6191622.466193841 kJ/mol
QMC_SAMPLED_Structure: 979.pdb 2421101329.4816513 kJ/mol
QMC_SAMPLED_Structure: 632.pdb 3107964651.6319857 kJ/mol
QMC_SAMPLED_Structure: 387.pdb 18163966867.891502 kJ/mol
QMC_SAMPLED_Structure: 51.pdb 2103095.014892514 kJ/mol
QMC_SAMPLED_Structure: 284.pdb 10069714213.67438 kJ/mol
QMC_SAMPLED_Structure: 712.pdb 366038.2663410317 kJ/mol
QMC_SAMPLED_Structure: 972.pdb 61830544518.513695 kJ/mol
QMC_SAMPLED_Structure: 389.pdb 3450298507.537676 kJ/mol
QMC_SAMPLED_Structure: 575.pdb 448554784.5521196 kJ/mol
QMC_SAMPLED_Structure: 609.pdb 205074755432.9829 kJ/mol
QMC_SAMPLED_Structure: 143.pdb 78498432769025.84 kJ/mol
QMC_SAMPLED_Structure: 533.pdb 577975410944.5087 kJ/mol
QMC_SAMPLED_Structure: 630.pdb 8312039658467.784 kJ/mol
QMC_SAMPLED_Structure: 855.pdb 154358094.20528275 kJ/mol
QMC_SAMPLED_Structure: 771.pdb 30688750391237.04 kJ/mol
QMC_SAMPLED_Structure: 414.pdb 135947831331.3343 kJ/mol
QMC_SAMPLED_Structure: 243.pdb 12918494107.274244 kJ/mol
QMC_SAMPLED_Structure: 661.pdb 44311.81148718743 kJ/mol
QMC_SAMPLED_Structure: 492.pdb 105003.46521552777 kJ/mol
QMC_SAMPLED_Structure: 1008.pdb 5605551.615708672 kJ/mol
QMC_SAMPLED_Structure: 844.pdb 22331095124.366226 kJ/mol
QMC_SAMPLED_Structure: 760.pdb 162542190915.80734 kJ/mol
QMC_SAMPLED_Structure: 655.pdb 1022053301311.0377 kJ/mol
QMC_SAMPLED_Structure: 603.pdb 332584311.7561521 kJ/mol
QMC_SAMPLED_Structure: 968.pdb 97608209653.5028 kJ/mol
QMC_SAMPLED_Structure: 181.pdb 458773121328630.8 kJ/mol
QMC_SAMPLED_Structure: 451.pdb 583125918643.033 kJ/mol
QMC_SAMPLED_Structure: 470.pdb 49042495832.131516 kJ/mol
QMC_SAMPLED_Structure: 939.pdb 1788465.2814338007 kJ/mol
QMC_SAMPLED_Structure: 393.pdb 54579216782.836334 kJ/mol
QMC_SAMPLED_Structure: 596.pdb 169025481643.5409 kJ/mol
QMC_SAMPLED_Structure: 739.pdb 495079035783.25916 kJ/mol
QMC_SAMPLED_Structure: 941.pdb 75766252711786.23 kJ/mol
QMC_SAMPLED_Structure: 864.pdb 3643901371607.3164 kJ/mol
QMC_SAMPLED_Structure: 915.pdb 1034817364.591317 kJ/mol
QMC_SAMPLED_Structure: 394.pdb 1530603562550.0168 kJ/mol
QMC_SAMPLED_Structure: 680.pdb 492353761.5079237 kJ/mol
QMC_SAMPLED_Structure: 154.pdb 582326804.708614 kJ/mol
QMC_SAMPLED_Structure: 214.pdb 751247.2718876656 kJ/mol
QMC_SAMPLED_Structure: 673.pdb 16443135130.898886 kJ/mol
QMC_SAMPLED_Structure: 879.pdb 1716346.396582293 kJ/mol
QMC_SAMPLED_Structure: 923.pdb 2.465189082858816e+16 kJ/mol
QMC_SAMPLED_Structure: 711.pdb 6830810855912.249 kJ/mol
QMC_SAMPLED_Structure: 914.pdb 72867068264.41464 kJ/mol
QMC_SAMPLED_Structure: 83.pdb 6092526.175041368 kJ/mol
QMC_SAMPLED_Structure: 699.pdb 8592828274.47466 kJ/mol
QMC_SAMPLED_Structure: 666.pdb 27268887288.653996 kJ/mol
QMC_SAMPLED_Structure: 245.pdb 2544021187440327.5 kJ/mol
QMC_SAMPLED_Structure: 10.pdb 951217127.1268015 kJ/mol
QMC_SAMPLED_Structure: 815.pdb 104615944864449.95 kJ/mol
QMC_SAMPLED_Structure: 993.pdb 284647114.8208232 kJ/mol
QMC_SAMPLED_Structure: 629.pdb 84329.7678480938 kJ/mol
QMC_SAMPLED_Structure: 824.pdb 28930329797.498093 kJ/mol
QMC_SAMPLED_Structure: 582.pdb 3076263228.565087 kJ/mol
QMC_SAMPLED_Structure: 737.pdb 79903561.72592045 kJ/mol
QMC_SAMPLED_Structure: 614.pdb 2419317124148.0693 kJ/mol
QMC_SAMPLED_Structure: 324.pdb 4922282629891.272 kJ/mol
QMC_SAMPLED_Structure: 674.pdb 643949034023.4708 kJ/mol
QMC_SAMPLED_Structure: 718.pdb 1790512332.2177312 kJ/mol
QMC_SAMPLED_Structure: 842.pdb 1877747.0379192533 kJ/mol
QMC_SAMPLED_Structure: 406.pdb 11662329.86180821 kJ/mol
QMC_SAMPLED_Structure: 858.pdb 30360473422.163254 kJ/mol
QMC_SAMPLED_Structure: 721.pdb 19103855017.274063 kJ/mol
QMC_SAMPLED_Structure: 731.pdb 402839367.13308895 kJ/mol
QMC_SAMPLED_Structure: 327.pdb 6720325.90772031 kJ/mol
QMC_SAMPLED_Structure: 728.pdb 831495614.2230899 kJ/mol
QMC_SAMPLED_Structure: 239.pdb 16340008109.083523 kJ/mol
QMC_SAMPLED_Structure: 924.pdb 1461546492.5193307 kJ/mol
QMC_SAMPLED_Structure: 62.pdb 3731684327.093912 kJ/mol
QMC_SAMPLED_Structure: 598.pdb 482334008604.6332 kJ/mol
QMC_SAMPLED_Structure: 189.pdb 169202640.34127834 kJ/mol
QMC_SAMPLED_Structure: 216.pdb 59846627689.74353 kJ/mol
QMC_SAMPLED_Structure: 67.pdb 4404636621.190424 kJ/mol
QMC_SAMPLED_Structure: 780.pdb 65762822550.00074 kJ/mol
QMC_SAMPLED_Structure: 151.pdb 1245145609.7709033 kJ/mol
QMC_SAMPLED_Structure: 833.pdb 11760610769.431679 kJ/mol
QMC_SAMPLED_Structure: 567.pdb 137822699.3149093 kJ/mol
QMC_SAMPLED_Structure: 580.pdb 2976797420.739957 kJ/mol
QMC_SAMPLED_Structure: 390.pdb 12675751610.982513 kJ/mol
QMC_SAMPLED_Structure: 354.pdb 12064735.157857236 kJ/mol
QMC_SAMPLED_Structure: 212.pdb 2387565859522.07 kJ/mol
QMC_SAMPLED_Structure: 196.pdb 2961125998.4131804 kJ/mol
QMC_SAMPLED_Structure: 318.pdb 1111328970.536896 kJ/mol
QMC_SAMPLED_Structure: 696.pdb 29833869.73482322 kJ/mol
QMC_SAMPLED_Structure: 137.pdb 222601964563.18854 kJ/mol
QMC_SAMPLED_Structure: 194.pdb 83149624527.69995 kJ/mol
QMC_SAMPLED_Structure: 1007.pdb 115048.88623837315 kJ/mol
QMC_SAMPLED_Structure: 491.pdb 1545931556690012.0 kJ/mol
QMC_SAMPLED_Structure: 787.pdb 24014075060998.184 kJ/mol
QMC_SAMPLED_Structure: 865.pdb 5792895016510.993 kJ/mol
QMC_SAMPLED_Structure: 280.pdb 655623.7946047073 kJ/mol
QMC_SAMPLED_Structure: 786.pdb 1863869394076.8076 kJ/mol
QMC_SAMPLED_Structure: 846.pdb 188594072.034936 kJ/mol
QMC_SAMPLED_Structure: 971.pdb 34383038892006.707 kJ/mol
QMC_SAMPLED_Structure: 540.pdb 8469826.000494849 kJ/mol
QMC_SAMPLED_Structure: 325.pdb 27067341031.33569 kJ/mol
QMC_SAMPLED_Structure: 685.pdb 3448144759.8722916 kJ/mol
QMC_SAMPLED_Structure: 160.pdb 136283292285.11093 kJ/mol
QMC_SAMPLED_Structure: 413.pdb 12605468253273.11 kJ/mol
QMC_SAMPLED_Structure: 402.pdb 3256413118.5860834 kJ/mol
QMC_SAMPLED_Structure: 1018.pdb 4017075693.9157686 kJ/mol
QMC_SAMPLED_Structure: 776.pdb 3406267235379.9375 kJ/mol
QMC_SAMPLED_Structure: 809.pdb 9614937549697.742 kJ/mol
QMC_SAMPLED_Structure: 566.pdb 492769.4710230365 kJ/mol
QMC_SAMPLED_Structure: 250.pdb 22639275.16356325 kJ/mol
QMC_SAMPLED_Structure: 569.pdb 41961363679.452805 kJ/mol
QMC_SAMPLED_Structure: 982.pdb 85136413430.3155 kJ/mol
QMC_SAMPLED_Structure: 386.pdb 1298798867.3432975 kJ/mol
QMC_SAMPLED_Structure: 265.pdb 20131577728.03644 kJ/mol
QMC_SAMPLED_Structure: 1006.pdb 1687146.2023843054 kJ/mol
QMC_SAMPLED_Structure: 777.pdb 1513694806849.394 kJ/mol
QMC_SAMPLED_Structure: 396.pdb 315112513864.70087 kJ/mol
QMC_SAMPLED_Structure: 404.pdb 14868410.845664442 kJ/mol
QMC_SAMPLED_Structure: 184.pdb 2185641397324561.8 kJ/mol
QMC_SAMPLED_Structure: 141.pdb 24817239135.007698 kJ/mol
QMC_SAMPLED_Structure: 723.pdb 380347486.52843976 kJ/mol
QMC_SAMPLED_Structure: 592.pdb 1.7093738703686688e+16 kJ/mol
QMC_SAMPLED_Structure: 349.pdb 4316831418176718.0 kJ/mol
QMC_SAMPLED_Structure: 253.pdb 4632163285.102221 kJ/mol
QMC_SAMPLED_Structure: 691.pdb 38164.33526529424 kJ/mol
QMC_SAMPLED_Structure: 25.pdb 365795.67344501155 kJ/mol
QMC_SAMPLED_Structure: 12.pdb 128323859.78102845 kJ/mol
QMC_SAMPLED_Structure: 168.pdb 39956362388.85433 kJ/mol
QMC_SAMPLED_Structure: 830.pdb 1223733128.3816776 kJ/mol
QMC_SAMPLED_Structure: 87.pdb 489866021.6951147 kJ/mol
QMC_SAMPLED_Structure: 0.pdb 71467059923.36487 kJ/mol
QMC_SAMPLED_Structure: 379.pdb 143618812.83415416 kJ/mol
QMC_SAMPLED_Structure: 279.pdb 104202457133.29495 kJ/mol
QMC_SAMPLED_Structure: 764.pdb 4384103678788.3247 kJ/mol
QMC_SAMPLED_Structure: 293.pdb 37136499520.17692 kJ/mol
QMC_SAMPLED_Structure: 465.pdb 17509223449767.77 kJ/mol
QMC_SAMPLED_Structure: 698.pdb 817357717671007.8 kJ/mol
QMC_SAMPLED_Structure: 581.pdb 169004653067.8046 kJ/mol
QMC_SAMPLED_Structure: 579.pdb 10337491608662.148 kJ/mol
QMC_SAMPLED_Structure: 362.pdb 610770077797.9576 kJ/mol
QMC_SAMPLED_Structure: 562.pdb 2.3408590902245644e+16 kJ/mol
QMC_SAMPLED_Structure: 246.pdb 2274669945616.7236 kJ/mol
QMC_SAMPLED_Structure: 643.pdb 33388569263.607502 kJ/mol
QMC_SAMPLED_Structure: 571.pdb 333290980718.8907 kJ/mol
QMC_SAMPLED_Structure: 944.pdb 3073210081.9799595 kJ/mol
QMC_SAMPLED_Structure: 981.pdb 9601408337353.623 kJ/mol
QMC_SAMPLED_Structure: 53.pdb 2004946416612.7964 kJ/mol
QMC_SAMPLED_Structure: 808.pdb 15845345372.811182 kJ/mol
QMC_SAMPLED_Structure: 339.pdb 209524085.16086945 kJ/mol
QMC_SAMPLED_Structure: 36.pdb 16943986364.29895 kJ/mol
QMC_SAMPLED_Structure: 765.pdb 1655811534881.5278 kJ/mol
QMC_SAMPLED_Structure: 165.pdb 2933006.7827341137 kJ/mol
QMC_SAMPLED_Structure: 758.pdb 4106753148.571137 kJ/mol
QMC_SAMPLED_Structure: 314.pdb 111003921979118.89 kJ/mol
QMC_SAMPLED_Structure: 616.pdb 14524047201.271553 kJ/mol
QMC_SAMPLED_Structure: 55.pdb 4160062157511.202 kJ/mol
QMC_SAMPLED_Structure: 587.pdb 221745463.59687108 kJ/mol
QMC_SAMPLED_Structure: 311.pdb 36354155159830.15 kJ/mol
QMC_SAMPLED_Structure: 234.pdb 385766944.9972916 kJ/mol
QMC_SAMPLED_Structure: 801.pdb 9833894.604455274 kJ/mol
QMC_SAMPLED_Structure: 867.pdb 184225736.51942575 kJ/mol
QMC_SAMPLED_Structure: 507.pdb 188890057356750.2 kJ/mol
QMC_SAMPLED_Structure: 626.pdb 310626064.1697804 kJ/mol
QMC_SAMPLED_Structure: 274.pdb 8.798736678218542e+16 kJ/mol
QMC_SAMPLED_Structure: 572.pdb 31185022954.892925 kJ/mol
QMC_SAMPLED_Structure: 487.pdb 781769.5351223436 kJ/mol
QMC_SAMPLED_Structure: 171.pdb 26987818599.492035 kJ/mol
QMC_SAMPLED_Structure: 272.pdb 121700116658481.28 kJ/mol
QMC_SAMPLED_Structure: 554.pdb 742316549.7680084 kJ/mol
QMC_SAMPLED_Structure: 161.pdb 1705247416.5908835 kJ/mol
QMC_SAMPLED_Structure: 13.pdb 434242045.6895612 kJ/mol
QMC_SAMPLED_Structure: 352.pdb 431658804405741.25 kJ/mol
QMC_SAMPLED_Structure: 903.pdb 82649669868.67935 kJ/mol
QMC_SAMPLED_Structure: 17.pdb 33621644908709.113 kJ/mol
QMC_SAMPLED_Structure: 509.pdb 4.035139633636851e+16 kJ/mol
QMC_SAMPLED_Structure: 676.pdb 58526574.5701984 kJ/mol
QMC_SAMPLED_Structure: 444.pdb 2098600869568.1416 kJ/mol
QMC_SAMPLED_Structure: 639.pdb 423978524964064.0 kJ/mol
QMC_SAMPLED_Structure: 831.pdb 546241427646.48004 kJ/mol
QMC_SAMPLED_Structure: 769.pdb 56715797.4253624 kJ/mol
QMC_SAMPLED_Structure: 372.pdb 47755798.017290436 kJ/mol
QMC_SAMPLED_Structure: 323.pdb 279829452083691.25 kJ/mol
QMC_SAMPLED_Structure: 294.pdb 12501244.434838379 kJ/mol
QMC_SAMPLED_Structure: 522.pdb 1538519863.315708 kJ/mol
QMC_SAMPLED_Structure: 870.pdb 4177059577728.8906 kJ/mol
QMC_SAMPLED_Structure: 595.pdb 165460553548.69437 kJ/mol
QMC_SAMPLED_Structure: 170.pdb 839023938.9133036 kJ/mol
QMC_SAMPLED_Structure: 197.pdb 126929272.58659366 kJ/mol
QMC_SAMPLED_Structure: 793.pdb 8397606954.749427 kJ/mol
QMC_SAMPLED_Structure: 681.pdb 212612520323.59076 kJ/mol
QMC_SAMPLED_Structure: 64.pdb 338788993558.3212 kJ/mol
QMC_SAMPLED_Structure: 853.pdb 390868018107.49524 kJ/mol
QMC_SAMPLED_Structure: 309.pdb 19695427.769337375 kJ/mol
QMC_SAMPLED_Structure: 271.pdb 891498.4018555302 kJ/mol
QMC_SAMPLED_Structure: 363.pdb 61061495021.00937 kJ/mol
QMC_SAMPLED_Structure: 461.pdb 20908754637378.36 kJ/mol
QMC_SAMPLED_Structure: 505.pdb 1752944303735.5803 kJ/mol
QMC_SAMPLED_Structure: 958.pdb 199317821068823.47 kJ/mol
QMC_SAMPLED_Structure: 940.pdb 449273605382.8724 kJ/mol
QMC_SAMPLED_Structure: 334.pdb 63310283831.93649 kJ/mol
QMC_SAMPLED_Structure: 633.pdb 155179.08645890554 kJ/mol
QMC_SAMPLED_Structure: 463.pdb 2.0524492261851932e+16 kJ/mol
QMC_SAMPLED_Structure: 211.pdb 147112684276.04254 kJ/mol
QMC_SAMPLED_Structure: 802.pdb 35927488751.06615 kJ/mol
QMC_SAMPLED_Structure: 397.pdb 455913049682.46564 kJ/mol
QMC_SAMPLED_Structure: 551.pdb 5506693561.256148 kJ/mol
QMC_SAMPLED_Structure: 742.pdb 45886813877.3356 kJ/mol
QMC_SAMPLED_Structure: 889.pdb 3771323845958.5127 kJ/mol
QMC_SAMPLED_Structure: 659.pdb 7919842487.67904 kJ/mol
QMC_SAMPLED_Structure: 376.pdb 2.4157146006372948e+16 kJ/mol
QMC_SAMPLED_Structure: 798.pdb 844961418314.4062 kJ/mol
QMC_SAMPLED_Structure: 31.pdb 269643620.85878366 kJ/mol
QMC_SAMPLED_Structure: 68.pdb 80699.73863153557 kJ/mol
QMC_SAMPLED_Structure: 649.pdb 1948420950098.3162 kJ/mol
QMC_SAMPLED_Structure: 448.pdb 685387.663747796 kJ/mol
QMC_SAMPLED_Structure: 732.pdb 6284481184723604.0 kJ/mol
QMC_SAMPLED_Structure: 436.pdb 4920200.522935949 kJ/mol
QMC_SAMPLED_Structure: 835.pdb 420835.97507185437 kJ/mol
QMC_SAMPLED_Structure: 452.pdb 40206738909430.24 kJ/mol
QMC_SAMPLED_Structure: 688.pdb 100473261.36357176 kJ/mol
QMC_SAMPLED_Structure: 886.pdb 1490608634.5521116 kJ/mol
QMC_SAMPLED_Structure: 767.pdb 4934202.431814552 kJ/mol
QMC_SAMPLED_Structure: 839.pdb 60954814144.34153 kJ/mol
QMC_SAMPLED_Structure: 672.pdb 1799364.4918359031 kJ/mol
QMC_SAMPLED_Structure: 322.pdb 4680094592642.7295 kJ/mol
QMC_SAMPLED_Structure: 79.pdb 1110629503.604904 kJ/mol
QMC_SAMPLED_Structure: 447.pdb 960436383932.6093 kJ/mol
QMC_SAMPLED_Structure: 774.pdb 11125368397024.734 kJ/mol
QMC_SAMPLED_Structure: 360.pdb 110791601.53619389 kJ/mol
QMC_SAMPLED_Structure: 101.pdb 1070687050.3681768 kJ/mol
QMC_SAMPLED_Structure: 1017.pdb 616919349343007.8 kJ/mol
QMC_SAMPLED_Structure: 859.pdb 266453.6560276994 kJ/mol
QMC_SAMPLED_Structure: 955.pdb 54312101055812.51 kJ/mol
QMC_SAMPLED_Structure: 499.pdb 799012859983.9384 kJ/mol
QMC_SAMPLED_Structure: 525.pdb 491146042.6079064 kJ/mol
QMC_SAMPLED_Structure: 832.pdb 903758337.5073565 kJ/mol
QMC_SAMPLED_Structure: 145.pdb 490048953047.3378 kJ/mol
QMC_SAMPLED_Structure: 978.pdb 36237819977303.0 kJ/mol
QMC_SAMPLED_Structure: 700.pdb 7350212494.034887 kJ/mol
QMC_SAMPLED_Structure: 9.pdb 748593705.1374596 kJ/mol
QMC_SAMPLED_Structure: 315.pdb 105116287584.61018 kJ/mol
QMC_SAMPLED_Structure: 282.pdb 11811061642099.592 kJ/mol
QMC_SAMPLED_Structure: 862.pdb 1615135069.6684186 kJ/mol
QMC_SAMPLED_Structure: 398.pdb 11515889413.604395 kJ/mol
QMC_SAMPLED_Structure: 542.pdb 122399555684997.89 kJ/mol
QMC_SAMPLED_Structure: 690.pdb 4163181912.866342 kJ/mol
QMC_SAMPLED_Structure: 604.pdb 2245672.6065558637 kJ/mol
QMC_SAMPLED_Structure: 905.pdb 3.572623864003658e+16 kJ/mol
QMC_SAMPLED_Structure: 453.pdb 4092420735433.448 kJ/mol
QMC_SAMPLED_Structure: 553.pdb 7447923228.651911 kJ/mol
QMC_SAMPLED_Structure: 817.pdb 7640439911.285893 kJ/mol
QMC_SAMPLED_Structure: 104.pdb 6410300912802852.0 kJ/mol
QMC_SAMPLED_Structure: 44.pdb 1056019071.2815611 kJ/mol
QMC_SAMPLED_Structure: 342.pdb 1072498400280.8853 kJ/mol
QMC_SAMPLED_Structure: 683.pdb 64579702236.150856 kJ/mol
QMC_SAMPLED_Structure: 561.pdb 1152649.0412764691 kJ/mol
QMC_SAMPLED_Structure: 1022.pdb 28286765634.545258 kJ/mol
QMC_SAMPLED_Structure: 91.pdb 2282800758141.784 kJ/mol
QMC_SAMPLED_Structure: 248.pdb 69859037.97770116 kJ/mol
QMC_SAMPLED_Structure: 416.pdb 6651371407.382239 kJ/mol
QMC_SAMPLED_Structure: 484.pdb 266387854907.40073 kJ/mol
QMC_SAMPLED_Structure: 899.pdb 207903177.4993242 kJ/mol
QMC_SAMPLED_Structure: 331.pdb 138367.9787771836 kJ/mol
QMC_SAMPLED_Structure: 612.pdb 485777806.63547534 kJ/mol
QMC_SAMPLED_Structure: 727.pdb 6037182551442.049 kJ/mol
QMC_SAMPLED_Structure: 810.pdb 3126111588.097763 kJ/mol
QMC_SAMPLED_Structure: 816.pdb 20447645192.8021 kJ/mol
QMC_SAMPLED_Structure: 790.pdb 7284320429.8842 kJ/mol
QMC_SAMPLED_Structure: 84.pdb 215750008025063.47 kJ/mol
QMC_SAMPLED_Structure: 380.pdb 11936312332851.428 kJ/mol
QMC_SAMPLED_Structure: 670.pdb 96385.8827161292 kJ/mol
QMC_SAMPLED_Structure: 594.pdb 819730906594.8295 kJ/mol
QMC_SAMPLED_Structure: 606.pdb 671850157.3525054 kJ/mol
QMC_SAMPLED_Structure: 788.pdb 9513566971.33343 kJ/mol
QMC_SAMPLED_Structure: 14.pdb 5.39368586971418e+19 kJ/mol
QMC_SAMPLED_Structure: 645.pdb 499243070.3083917 kJ/mol
QMC_SAMPLED_Structure: 128.pdb 408161035045054.7 kJ/mol
QMC_SAMPLED_Structure: 220.pdb 1274999542904640.8 kJ/mol
QMC_SAMPLED_Structure: 895.pdb 58322455110.003845 kJ/mol
QMC_SAMPLED_Structure: 266.pdb 2903272705953.9585 kJ/mol
QMC_SAMPLED_Structure: 508.pdb 4480413.6073381705 kJ/mol
QMC_SAMPLED_Structure: 43.pdb 443235.01879978547 kJ/mol
QMC_SAMPLED_Structure: 175.pdb 3116208390.79116 kJ/mol
QMC_SAMPLED_Structure: 537.pdb 1.0630237494799633e+18 kJ/mol
QMC_SAMPLED_Structure: 358.pdb 101471159066.21596 kJ/mol
QMC_SAMPLED_Structure: 887.pdb 625194941539.8533 kJ/mol
QMC_SAMPLED_Structure: 188.pdb 100527390819.29547 kJ/mol
QMC_SAMPLED_Structure: 754.pdb 8350982419131682.0 kJ/mol
QMC_SAMPLED_Structure: 497.pdb 34390860408.09445 kJ/mol
QMC_SAMPLED_Structure: 735.pdb 471286367.8167356 kJ/mol
QMC_SAMPLED_Structure: 378.pdb 5507953170977.242 kJ/mol
QMC_SAMPLED_Structure: 82.pdb 26903987239809.46 kJ/mol
QMC_SAMPLED_Structure: 427.pdb 710270378198775.0 kJ/mol
QMC_SAMPLED_Structure: 910.pdb 5614134713528918.0 kJ/mol
QMC_SAMPLED_Structure: 382.pdb 26642141.337393895 kJ/mol
QMC_SAMPLED_Structure: 132.pdb 75213.3062819404 kJ/mol
QMC_SAMPLED_Structure: 857.pdb 979777921.7044147 kJ/mol
QMC_SAMPLED_Structure: 63.pdb 8794537313572.475 kJ/mol
QMC_SAMPLED_Structure: 238.pdb 3214474867.9448323 kJ/mol
QMC_SAMPLED_Structure: 503.pdb 5343823454386.922 kJ/mol
QMC_SAMPLED_Structure: 1023.pdb 116675224531572.19 kJ/mol
QMC_SAMPLED_Structure: 191.pdb 2.957954178313208e+17 kJ/mol
QMC_SAMPLED_Structure: 692.pdb 7.778296228917931e+19 kJ/mol
QMC_SAMPLED_Structure: 990.pdb 12360879842492.88 kJ/mol
QMC_SAMPLED_Structure: 969.pdb 244363.76969325056 kJ/mol
QMC_SAMPLED_Structure: 1011.pdb 654995631401.0133 kJ/mol
QMC_SAMPLED_Structure: 224.pdb 75469216052.01347 kJ/mol
QMC_SAMPLED_Structure: 926.pdb 207733602.4861449 kJ/mol
QMC_SAMPLED_Structure: 806.pdb 25436524816577.816 kJ/mol
QMC_SAMPLED_Structure: 166.pdb 24780258977.51758 kJ/mol
QMC_SAMPLED_Structure: 843.pdb 356691280.31258076 kJ/mol
QMC_SAMPLED_Structure: 605.pdb 226808914708.38162 kJ/mol
QMC_SAMPLED_Structure: 100.pdb 1663064721.2388299 kJ/mol
QMC_SAMPLED_Structure: 80.pdb 3086536562833.0513 kJ/mol
QMC_SAMPLED_Structure: 745.pdb 434392359659289.0 kJ/mol
QMC_SAMPLED_Structure: 300.pdb 290882463445.7393 kJ/mol
QMC_SAMPLED_Structure: 574.pdb 42260773467.91009 kJ/mol
QMC_SAMPLED_Structure: 752.pdb 1060153.1893447465 kJ/mol
QMC_SAMPLED_Structure: 898.pdb 1.1168552418428411e+17 kJ/mol
QMC_SAMPLED_Structure: 796.pdb 248894868405.40213 kJ/mol
QMC_SAMPLED_Structure: 943.pdb 13393671.876291754 kJ/mol
QMC_SAMPLED_Structure: 54.pdb 494379372206.5912 kJ/mol
QMC_SAMPLED_Structure: 615.pdb 75214.4968387004 kJ/mol
QMC_SAMPLED_Structure: 888.pdb 13106279720.2493 kJ/mol
QMC_SAMPLED_Structure: 514.pdb 3618627835172.5024 kJ/mol
QMC_SAMPLED_Structure: 600.pdb 52704776191571.21 kJ/mol
QMC_SAMPLED_Structure: 228.pdb 81569733280429.47 kJ/mol
QMC_SAMPLED_Structure: 555.pdb 6707408.467081052 kJ/mol
QMC_SAMPLED_Structure: 47.pdb 1.5019677868795598e+16 kJ/mol
QMC_SAMPLED_Structure: 965.pdb 7874518333795.487 kJ/mol
QMC_SAMPLED_Structure: 563.pdb 2824750940.0979977 kJ/mol
QMC_SAMPLED_Structure: 5.pdb 173767542300.46786 kJ/mol
QMC_SAMPLED_Structure: 565.pdb 557595089.9796796 kJ/mol
QMC_SAMPLED_Structure: 1005.pdb 168883322669.2307 kJ/mol
QMC_SAMPLED_Structure: 277.pdb 155056091.46288624 kJ/mol
QMC_SAMPLED_Structure: 147.pdb 5738892489.595315 kJ/mol
QMC_SAMPLED_Structure: 153.pdb 493835693584.2881 kJ/mol
QMC_SAMPLED_Structure: 961.pdb 614884270.369624 kJ/mol
QMC_SAMPLED_Structure: 543.pdb 2665294099284.571 kJ/mol
QMC_SAMPLED_Structure: 1020.pdb 3919160978094.5786 kJ/mol
QMC_SAMPLED_Structure: 124.pdb 344732923.78146696 kJ/mol
QMC_SAMPLED_Structure: 768.pdb 49887265523207.555 kJ/mol
QMC_SAMPLED_Structure: 139.pdb 1510626960841.3706 kJ/mol
QMC_SAMPLED_Structure: 840.pdb 2557076368349.8335 kJ/mol
QMC_SAMPLED_Structure: 619.pdb 71698890468.52681 kJ/mol
QMC_SAMPLED_Structure: 927.pdb 371110959.88254935 kJ/mol
QMC_SAMPLED_Structure: 880.pdb 2391452294.638025 kJ/mol
QMC_SAMPLED_Structure: 837.pdb 133179770870135.1 kJ/mol
QMC_SAMPLED_Structure: 917.pdb 25721054.580367453 kJ/mol
QMC_SAMPLED_Structure: 650.pdb 18816619212.42212 kJ/mol
QMC_SAMPLED_Structure: 41.pdb 19557179022.76618 kJ/mol
QMC_SAMPLED_Structure: 627.pdb 305024681988.7238 kJ/mol
QMC_SAMPLED_Structure: 471.pdb 40391218.53088109 kJ/mol
QMC_SAMPLED_Structure: 707.pdb 58541214077.38833 kJ/mol
QMC_SAMPLED_Structure: 232.pdb 112533801212.45349 kJ/mol
QMC_SAMPLED_Structure: 625.pdb 2847479777.504654 kJ/mol
QMC_SAMPLED_Structure: 475.pdb 906317217.5741068 kJ/mol
QMC_SAMPLED_Structure: 994.pdb 2877590071.876967 kJ/mol
QMC_SAMPLED_Structure: 986.pdb 204147152505.89972 kJ/mol
QMC_SAMPLED_Structure: 298.pdb 1411468882984.1033 kJ/mol
QMC_SAMPLED_Structure: 478.pdb 281404151079.2499 kJ/mol
QMC_SAMPLED_Structure: 443.pdb 2963151122.483776 kJ/mol
QMC_SAMPLED_Structure: 900.pdb 23310289870.923225 kJ/mol
QMC_SAMPLED_Structure: 697.pdb 1402236746.001408 kJ/mol
QMC_SAMPLED_Structure: 421.pdb 593771294.0482183 kJ/mol
QMC_SAMPLED_Structure: 435.pdb 1102726867482.3855 kJ/mol
QMC_SAMPLED_Structure: 49.pdb 24011884032.927017 kJ/mol
QMC_SAMPLED_Structure: 852.pdb 523693756283.96716 kJ/mol
QMC_SAMPLED_Structure: 822.pdb 204302129259.3025 kJ/mol
QMC_SAMPLED_Structure: 743.pdb 8511876475.995055 kJ/mol
QMC_SAMPLED_Structure: 353.pdb 4551951514.114073 kJ/mol
QMC_SAMPLED_Structure: 336.pdb 1234205.3638407018 kJ/mol
QMC_SAMPLED_Structure: 669.pdb 83527021184.06462 kJ/mol
QMC_SAMPLED_Structure: 199.pdb 440243210692.22723 kJ/mol
QMC_SAMPLED_Structure: 185.pdb 6282714163.690672 kJ/mol
QMC_SAMPLED_Structure: 805.pdb 300105383318.219 kJ/mol
QMC_SAMPLED_Structure: 506.pdb 8933828375.051065 kJ/mol
QMC_SAMPLED_Structure: 152.pdb 6711656550659.766 kJ/mol
QMC_SAMPLED_Structure: 283.pdb 3996102.9260621094 kJ/mol
QMC_SAMPLED_Structure: 321.pdb 38789527446.58188 kJ/mol
QMC_SAMPLED_Structure: 964.pdb 180766937470.0005 kJ/mol
QMC_SAMPLED_Structure: 338.pdb 73168054113.09258 kJ/mol
QMC_SAMPLED_Structure: 480.pdb 11232641044.7235 kJ/mol
QMC_SAMPLED_Structure: 229.pdb 11879040251.826149 kJ/mol
QMC_SAMPLED_Structure: 586.pdb 1.5485524668808458e+29 kJ/mol
QMC_SAMPLED_Structure: 163.pdb 16252157664987.139 kJ/mol
QMC_SAMPLED_Structure: 222.pdb 1.330084180219212e+16 kJ/mol
QMC_SAMPLED_Structure: 138.pdb 285394.1323571224 kJ/mol
QMC_SAMPLED_Structure: 92.pdb 47133325.254583225 kJ/mol
QMC_SAMPLED_Structure: 462.pdb 3544255654913.065 kJ/mol
QMC_SAMPLED_Structure: 861.pdb 182466128602.9224 kJ/mol
QMC_SAMPLED_Structure: 304.pdb 1786179065.8440566 kJ/mol
QMC_SAMPLED_Structure: 781.pdb 113431937801.66013 kJ/mol
QMC_SAMPLED_Structure: 860.pdb 12872948.053142408 kJ/mol
QMC_SAMPLED_Structure: 495.pdb 81075624889.25177 kJ/mol
QMC_SAMPLED_Structure: 851.pdb 657939276240398.2 kJ/mol
QMC_SAMPLED_Structure: 11.pdb 7652312996473.934 kJ/mol
QMC_SAMPLED_Structure: 108.pdb 57621134278166.65 kJ/mol
QMC_SAMPLED_Structure: 399.pdb 41178947159.2442 kJ/mol
QMC_SAMPLED_Structure: 901.pdb 289954493.33494604 kJ/mol
QMC_SAMPLED_Structure: 377.pdb 254846949975.639 kJ/mol
QMC_SAMPLED_Structure: 974.pdb 8330630612630.413 kJ/mol
QMC_SAMPLED_Structure: 759.pdb 1112140499.9355898 kJ/mol
QMC_SAMPLED_Structure: 45.pdb 70638801390.52496 kJ/mol
QMC_SAMPLED_Structure: 750.pdb 22524973532.999825 kJ/mol
QMC_SAMPLED_Structure: 933.pdb 4349945779.0715475 kJ/mol
QMC_SAMPLED_Structure: 734.pdb 721937052984.4109 kJ/mol
QMC_SAMPLED_Structure: 668.pdb 12505534.080444604 kJ/mol
QMC_SAMPLED_Structure: 638.pdb 46145431.12065058 kJ/mol
QMC_SAMPLED_Structure: 69.pdb 36641681140813.61 kJ/mol
QMC_SAMPLED_Structure: 738.pdb 22013405488.08117 kJ/mol
QMC_SAMPLED_Structure: 412.pdb 57746104034.41101 kJ/mol
QMC_SAMPLED_Structure: 275.pdb 787193797921884.4 kJ/mol
QMC_SAMPLED_Structure: 656.pdb 4668480041.177971 kJ/mol
QMC_SAMPLED_Structure: 203.pdb 282997325.44890314 kJ/mol
QMC_SAMPLED_Structure: 173.pdb 767231870885.47 kJ/mol
QMC_SAMPLED_Structure: 237.pdb 1207033479.7768047 kJ/mol
QMC_SAMPLED_Structure: 536.pdb 9647426.500479082 kJ/mol
QMC_SAMPLED_Structure: 583.pdb 326678071527.5146 kJ/mol
QMC_SAMPLED_Structure: 192.pdb 15569886315016.45 kJ/mol
QMC_SAMPLED_Structure: 29.pdb 1229852255655.165 kJ/mol
QMC_SAMPLED_Structure: 32.pdb 1.1907523296148242e+18 kJ/mol
QMC_SAMPLED_Structure: 635.pdb 177926440849.75583 kJ/mol
QMC_SAMPLED_Structure: 770.pdb 3591810559577.437 kJ/mol
QMC_SAMPLED_Structure: 755.pdb 192085263919.06625 kJ/mol
QMC_SAMPLED_Structure: 651.pdb 646913150.430065 kJ/mol
QMC_SAMPLED_Structure: 433.pdb 959729860175.3267 kJ/mol
QMC_SAMPLED_Structure: 252.pdb 31863017.156421907 kJ/mol
QMC_SAMPLED_Structure: 429.pdb 917666194344.5928 kJ/mol
QMC_SAMPLED_Structure: 405.pdb 5909602967.747184 kJ/mol
QMC_SAMPLED_Structure: 208.pdb 1031295.6417199867 kJ/mol
QMC_SAMPLED_Structure: 33.pdb 41766207337.91887 kJ/mol
QMC_SAMPLED_Structure: 205.pdb 906191460220.6268 kJ/mol
QMC_SAMPLED_Structure: 366.pdb 26901510666477.387 kJ/mol
QMC_SAMPLED_Structure: 623.pdb 9084950012522768.0 kJ/mol
QMC_SAMPLED_Structure: 1014.pdb 8423478244275.146 kJ/mol
QMC_SAMPLED_Structure: 460.pdb 92343723.73475903 kJ/mol
QMC_SAMPLED_Structure: 464.pdb 23595903290.3121 kJ/mol
QMC_SAMPLED_Structure: 546.pdb 2.678915433813586e+16 kJ/mol
QMC_SAMPLED_Structure: 422.pdb 2611654185647.3657 kJ/mol
QMC_SAMPLED_Structure: 316.pdb 601754062675.106 kJ/mol
QMC_SAMPLED_Structure: 636.pdb 3732873192.893182 kJ/mol
QMC_SAMPLED_Structure: 169.pdb 1440971094286.166 kJ/mol
QMC_SAMPLED_Structure: 740.pdb 7416054872293.708 kJ/mol
QMC_SAMPLED_Structure: 174.pdb 1478213285700.771 kJ/mol
QMC_SAMPLED_Structure: 281.pdb 4141777517.933958 kJ/mol
QMC_SAMPLED_Structure: 375.pdb 225222172251.5025 kJ/mol
QMC_SAMPLED_Structure: 710.pdb 59731195563.95585 kJ/mol
QMC_SAMPLED_Structure: 1013.pdb 1296990022.1977315 kJ/mol
QMC_SAMPLED_Structure: 474.pdb 9045315.429215668 kJ/mol
QMC_SAMPLED_Structure: 922.pdb 12256268369.436493 kJ/mol
QMC_SAMPLED_Structure: 795.pdb 17404911.847179465 kJ/mol
QMC_SAMPLED_Structure: 531.pdb 124232394350.97842 kJ/mol
QMC_SAMPLED_Structure: 231.pdb 1405479860.1590269 kJ/mol
QMC_SAMPLED_Structure: 983.pdb 26150.33015724177 kJ/mol
QMC_SAMPLED_Structure: 568.pdb 41107397898.51381 kJ/mol
QMC_SAMPLED_Structure: 225.pdb 9201132781.401278 kJ/mol
QMC_SAMPLED_Structure: 249.pdb 20426570.84394291 kJ/mol
QMC_SAMPLED_Structure: 713.pdb 212300434364.6843 kJ/mol
QMC_SAMPLED_Structure: 703.pdb 852945681.1109868 kJ/mol
QMC_SAMPLED_Structure: 949.pdb 17845241.37425646 kJ/mol
QMC_SAMPLED_Structure: 302.pdb 1.0178599527396256e+19 kJ/mol
QMC_SAMPLED_Structure: 158.pdb 1561393975159.952 kJ/mol
QMC_SAMPLED_Structure: 882.pdb 16786873359.921427 kJ/mol
QMC_SAMPLED_Structure: 218.pdb 414018105.22626776 kJ/mol
QMC_SAMPLED_Structure: 467.pdb 729343.6170063727 kJ/mol
QMC_SAMPLED_Structure: 995.pdb 11109195159150.193 kJ/mol
QMC_SAMPLED_Structure: 550.pdb 59331462657.676 kJ/mol
QMC_SAMPLED_Structure: 826.pdb 33336.04973651732 kJ/mol
QMC_SAMPLED_Structure: 1012.pdb 45367523.7566661 kJ/mol
QMC_SAMPLED_Structure: 591.pdb 8.631317087081536e+16 kJ/mol
QMC_SAMPLED_Structure: 187.pdb 117492868944525.19 kJ/mol
QMC_SAMPLED_Structure: 791.pdb 8900936496.25177 kJ/mol
QMC_SAMPLED_Structure: 648.pdb 287828114.3198647 kJ/mol
QMC_SAMPLED_Structure: 518.pdb 423992156515.88617 kJ/mol
QMC_SAMPLED_Structure: 52.pdb 100190046.36517316 kJ/mol
QMC_SAMPLED_Structure: 332.pdb 62880299.88819781 kJ/mol
QMC_SAMPLED_Structure: 576.pdb 10873407.60618948 kJ/mol
QMC_SAMPLED_Structure: 340.pdb 2316403176686421.0 kJ/mol
QMC_SAMPLED_Structure: 751.pdb 174734732995.9411 kJ/mol
QMC_SAMPLED_Structure: 186.pdb 26730073.567903865 kJ/mol
QMC_SAMPLED_Structure: 519.pdb 1974521999271.5244 kJ/mol
QMC_SAMPLED_Structure: 278.pdb 544995943.6325668 kJ/mol
QMC_SAMPLED_Structure: 789.pdb 154878703.4117829 kJ/mol
QMC_SAMPLED_Structure: 344.pdb 377404753.9693747 kJ/mol
QMC_SAMPLED_Structure: 60.pdb 18140947310.1134 kJ/mol
QMC_SAMPLED_Structure: 106.pdb 4454723200.343055 kJ/mol
QMC_SAMPLED_Structure: 370.pdb 19478982517.16371 kJ/mol
QMC_SAMPLED_Structure: 797.pdb 5282971.290154162 kJ/mol
QMC_SAMPLED_Structure: 601.pdb 134715.92939835542 kJ/mol
QMC_SAMPLED_Structure: 549.pdb 2162114540485987.5 kJ/mol
QMC_SAMPLED_Structure: 936.pdb 1959992036.6089334 kJ/mol
QMC_SAMPLED_Structure: 682.pdb 8488656905.305884 kJ/mol
QMC_SAMPLED_Structure: 875.pdb 4824095200.350835 kJ/mol
QMC_SAMPLED_Structure: 756.pdb 1.2889494747086576e+16 kJ/mol
QMC_SAMPLED_Structure: 520.pdb 27928343384.44195 kJ/mol
QMC_SAMPLED_Structure: 704.pdb 81641254031.62471 kJ/mol
QMC_SAMPLED_Structure: 996.pdb 1232919384.188641 kJ/mol
QMC_SAMPLED_Structure: 88.pdb 3131593675.772328 kJ/mol
QMC_SAMPLED_Structure: 987.pdb 3247355323.178372 kJ/mol
QMC_SAMPLED_Structure: 951.pdb 181304334809.19095 kJ/mol
QMC_SAMPLED_Structure: 341.pdb 47918651623.16173 kJ/mol
QMC_SAMPLED_Structure: 125.pdb 271396715273.81992 kJ/mol
QMC_SAMPLED_Structure: 761.pdb 315867859.41473156 kJ/mol
QMC_SAMPLED_Structure: 156.pdb 2052495647922.8552 kJ/mol
QMC_SAMPLED_Structure: 872.pdb 3509643399.091462 kJ/mol
QMC_SAMPLED_Structure: 741.pdb 358338750.9809599 kJ/mol
QMC_SAMPLED_Structure: 548.pdb 32162279.243685056 kJ/mol
QMC_SAMPLED_Structure: 1001.pdb 8566578316375.466 kJ/mol
QMC_SAMPLED_Structure: 356.pdb 2.0666423869361224e+18 kJ/mol
QMC_SAMPLED_Structure: 58.pdb 24718972397.227512 kJ/mol
QMC_SAMPLED_Structure: 335.pdb 486754.27002087946 kJ/mol
QMC_SAMPLED_Structure: 94.pdb 403101884.0830134 kJ/mol
QMC_SAMPLED_Structure: 558.pdb 24643159326.13301 kJ/mol
QMC_SAMPLED_Structure: 476.pdb 124066014.22286138 kJ/mol
QMC_SAMPLED_Structure: 135.pdb 192032.4557358265 kJ/mol
QMC_SAMPLED_Structure: 912.pdb 97360254359919.02 kJ/mol
QMC_SAMPLED_Structure: 725.pdb 7655437881.947007 kJ/mol
QMC_SAMPLED_Structure: 1003.pdb 8607022113.264494 kJ/mol
QMC_SAMPLED_Structure: 963.pdb 966164.8561471922 kJ/mol
QMC_SAMPLED_Structure: 308.pdb 3144447.8702844367 kJ/mol
QMC_SAMPLED_Structure: 783.pdb 3721396396328332.0 kJ/mol
QMC_SAMPLED_Structure: 909.pdb 79490823555.00331 kJ/mol
QMC_SAMPLED_Structure: 446.pdb 9134028925185.797 kJ/mol
QMC_SAMPLED_Structure: 61.pdb 3186449331.9416294 kJ/mol
QMC_SAMPLED_Structure: 684.pdb 139138943505.1165 kJ/mol
QMC_SAMPLED_Structure: 473.pdb 43066567.64728804 kJ/mol
QMC_SAMPLED_Structure: 570.pdb 121952832320314.42 kJ/mol
QMC_SAMPLED_Structure: 916.pdb 4999289.760116677 kJ/mol
QMC_SAMPLED_Structure: 3.pdb 23987364010.920567 kJ/mol
QMC_SAMPLED_Structure: 107.pdb 3627711.8164114947 kJ/mol
QMC_SAMPLED_Structure: 902.pdb 92194994385.06627 kJ/mol
QMC_SAMPLED_Structure: 310.pdb 1171372490.6554494 kJ/mol
QMC_SAMPLED_Structure: 432.pdb 17871423357896.504 kJ/mol
QMC_SAMPLED_Structure: 868.pdb 2.2552914402635613e+17 kJ/mol
QMC_SAMPLED_Structure: 904.pdb 45897406713.34712 kJ/mol
QMC_SAMPLED_Structure: 937.pdb 43703010199.758934 kJ/mol
QMC_SAMPLED_Structure: 617.pdb 65885923945.97262 kJ/mol
QMC_SAMPLED_Structure: 677.pdb 1405978497.892304 kJ/mol
QMC_SAMPLED_Structure: 111.pdb 2918296351.690531 kJ/mol
QMC_SAMPLED_Structure: 934.pdb 1100372446.7223313 kJ/mol
QMC_SAMPLED_Structure: 384.pdb 955247854.9697587 kJ/mol
QMC_SAMPLED_Structure: 395.pdb 897510726972.7109 kJ/mol
QMC_SAMPLED_Structure: 469.pdb 107027.98548143555 kJ/mol
QMC_SAMPLED_Structure: 368.pdb 13834705497678.492 kJ/mol
QMC_SAMPLED_Structure: 489.pdb 109913595012.62402 kJ/mol
QMC_SAMPLED_Structure: 223.pdb 77470149.14148478 kJ/mol
QMC_SAMPLED_Structure: 244.pdb 111149220625.458 kJ/mol
QMC_SAMPLED_Structure: 997.pdb 62649656752.65352 kJ/mol
QMC_SAMPLED_Structure: 374.pdb 6952722767.009232 kJ/mol
QMC_SAMPLED_Structure: 847.pdb 227332116830659.2 kJ/mol
QMC_SAMPLED_Structure: 8.pdb 278112832.7068421 kJ/mol
QMC_SAMPLED_Structure: 209.pdb 1993827.190287693 kJ/mol
QMC_SAMPLED_Structure: 766.pdb 76519.95169818992 kJ/mol
QMC_SAMPLED_Structure: 296.pdb 19607186326.077427 kJ/mol
QMC_SAMPLED_Structure: 450.pdb 399113727575.9013 kJ/mol
QMC_SAMPLED_Structure: 77.pdb 6200887982457.685 kJ/mol
QMC_SAMPLED_Structure: 207.pdb 125359761082.25684 kJ/mol
QMC_SAMPLED_Structure: 144.pdb 42950144.49366348 kJ/mol
QMC_SAMPLED_Structure: 477.pdb 2244970296.4951634 kJ/mol
QMC_SAMPLED_Structure: 346.pdb 156117098319.59055 kJ/mol
QMC_SAMPLED_Structure: 241.pdb 74877637.83971074 kJ/mol
QMC_SAMPLED_Structure: 957.pdb 3779825.624598934 kJ/mol
QMC_SAMPLED_Structure: 93.pdb 1.4492547865912764e+16 kJ/mol
QMC_SAMPLED_Structure: 155.pdb 3954077563.1279736 kJ/mol
QMC_SAMPLED_Structure: 449.pdb 1422998405045.529 kJ/mol
QMC_SAMPLED_Structure: 733.pdb 990297724.1471863 kJ/mol
QMC_SAMPLED_Structure: 458.pdb 871470742.5767554 kJ/mol
QMC_SAMPLED_Structure: 456.pdb 1.4739891759792416e+17 kJ/mol
QMC_SAMPLED_Structure: 528.pdb 54963722819.11874 kJ/mol
QMC_SAMPLED_Structure: 159.pdb 10862822721.250065 kJ/mol
QMC_SAMPLED_Structure: 702.pdb 60169715171.19893 kJ/mol
QMC_SAMPLED_Structure: 708.pdb 15973538551.91845 kJ/mol
QMC_SAMPLED_Structure: 242.pdb 27751659755.150974 kJ/mol
QMC_SAMPLED_Structure: 701.pdb 42361968370.227356 kJ/mol
QMC_SAMPLED_Structure: 980.pdb 13008753.534412408 kJ/mol
QMC_SAMPLED_Structure: 498.pdb 3482091.0200041933 kJ/mol
QMC_SAMPLED_Structure: 1019.pdb 780213736.1280571 kJ/mol
QMC_SAMPLED_Structure: 919.pdb 160264281441.08722 kJ/mol
QMC_SAMPLED_Structure: 472.pdb 144084353465732.53 kJ/mol
QMC_SAMPLED_Structure: 502.pdb 1865763436.3051007 kJ/mol
QMC_SAMPLED_Structure: 291.pdb 577373.4418757452 kJ/mol
QMC_SAMPLED_Structure: 361.pdb 6658947764228.018 kJ/mol
QMC_SAMPLED_Structure: 98.pdb 1852892.6135571622 kJ/mol
QMC_SAMPLED_Structure: 367.pdb 6819121.012226046 kJ/mol
QMC_SAMPLED_Structure: 608.pdb 15683804019.9134 kJ/mol
QMC_SAMPLED_Structure: 921.pdb 113931224.59396587 kJ/mol
QMC_SAMPLED_Structure: 195.pdb 7.555106596108147e+18 kJ/mol
QMC_SAMPLED_Structure: 724.pdb 107927297600.96198 kJ/mol
QMC_SAMPLED_Structure: 749.pdb 1504300.0046358258 kJ/mol
QMC_SAMPLED_Structure: 46.pdb 196772905133.66724 kJ/mol
QMC_SAMPLED_Structure: 34.pdb 1740397430.2650964 kJ/mol
QMC_SAMPLED_Structure: 845.pdb 28932682752.574215 kJ/mol
QMC_SAMPLED_Structure: 235.pdb 71870433.60217948 kJ/mol
QMC_SAMPLED_Structure: 494.pdb 298991642639.2435 kJ/mol
QMC_SAMPLED_Structure: 897.pdb 91780002132.88991 kJ/mol
QMC_SAMPLED_Structure: 556.pdb 12500189561940.016 kJ/mol
QMC_SAMPLED_Structure: 657.pdb 418957886510894.06 kJ/mol
QMC_SAMPLED_Structure: 210.pdb 12259497152.920918 kJ/mol
QMC_SAMPLED_Structure: 893.pdb 42268014460.890625 kJ/mol
QMC_SAMPLED_Structure: 585.pdb 100939818909780.66 kJ/mol
QMC_SAMPLED_Structure: 647.pdb 1848649238151.532 kJ/mol
QMC_SAMPLED_Structure: 131.pdb 3415725975.6242676 kJ/mol
QMC_SAMPLED_Structure: 988.pdb 163916200.20998058 kJ/mol
QMC_SAMPLED_Structure: 850.pdb 2251626338918.9404 kJ/mol
QMC_SAMPLED_Structure: 785.pdb 142745831.93075436 kJ/mol
QMC_SAMPLED_Structure: 306.pdb 9060766245545208.0 kJ/mol
QMC_SAMPLED_Structure: 719.pdb 35688302989341.4 kJ/mol
QMC_SAMPLED_Structure: 945.pdb 16153122442.873552 kJ/mol
QMC_SAMPLED_Structure: 227.pdb 35118568755.28719 kJ/mol
QMC_SAMPLED_Structure: 913.pdb 9234115079.28354 kJ/mol
QMC_SAMPLED_Structure: 908.pdb 19123866591.686665 kJ/mol
QMC_SAMPLED_Structure: 136.pdb 290521994870.4471 kJ/mol
QMC_SAMPLED_Structure: 116.pdb 1294430109820.634 kJ/mol
QMC_SAMPLED_Structure: 717.pdb 1644541063.211927 kJ/mol
QMC_SAMPLED_Structure: 206.pdb 23346650331.93317 kJ/mol
QMC_SAMPLED_Structure: 385.pdb 1082094617645.7914 kJ/mol
QMC_SAMPLED_Structure: 628.pdb 3494131056.797026 kJ/mol
QMC_SAMPLED_Structure: 885.pdb 1865275.6086482743 kJ/mol
QMC_SAMPLED_Structure: 326.pdb 27895086089.580563 kJ/mol
QMC_SAMPLED_Structure: 426.pdb 3622245600629.9824 kJ/mol
QMC_SAMPLED_Structure: 182.pdb 21862836684.118507 kJ/mol
QMC_SAMPLED_Structure: 925.pdb 10680852917.067661 kJ/mol
QMC_SAMPLED_Structure: 928.pdb 7401279347.1472025 kJ/mol
QMC_SAMPLED_Structure: 133.pdb 30367858143.062527 kJ/mol
QMC_SAMPLED_Structure: 991.pdb 498900.4471697464 kJ/mol
QMC_SAMPLED_Structure: 1016.pdb 370857079.41453546 kJ/mol
QMC_SAMPLED_Structure: 455.pdb 59058005.7280674 kJ/mol
QMC_SAMPLED_Structure: 56.pdb 1311424140104.2466 kJ/mol
QMC_SAMPLED_Structure: 1009.pdb 39867567966.87354 kJ/mol
QMC_SAMPLED_Structure: 357.pdb 248159991.62694675 kJ/mol
QMC_SAMPLED_Structure: 1004.pdb 1150235988132.0427 kJ/mol
QMC_SAMPLED_Structure: 828.pdb 2613661.4487135857 kJ/mol
QMC_SAMPLED_Structure: 38.pdb 166107634.11569884 kJ/mol
QMC_SAMPLED_Structure: 333.pdb 1157952587.1429346 kJ/mol
QMC_SAMPLED_Structure: 288.pdb 6892823542.927749 kJ/mol
QMC_SAMPLED_Structure: 856.pdb 265762508926289.38 kJ/mol
QMC_SAMPLED_Structure: 646.pdb 196589743733506.5 kJ/mol
QMC_SAMPLED_Structure: 1002.pdb 15460169125.345867 kJ/mol
QMC_SAMPLED_Structure: 529.pdb 2568438234.7204146 kJ/mol
QMC_SAMPLED_Structure: 65.pdb 3928062.408133839 kJ/mol
QMC_SAMPLED_Structure: 247.pdb 18160368995.416676 kJ/mol
QMC_SAMPLED_Structure: 744.pdb 49307036.699015014 kJ/mol
QMC_SAMPLED_Structure: 113.pdb 40502844554.92617 kJ/mol
QMC_SAMPLED_Structure: 437.pdb 2217043.986645451 kJ/mol
QMC_SAMPLED_Structure: 610.pdb 26443250853944.234 kJ/mol
QMC_SAMPLED_Structure: 419.pdb 65773184706.51162 kJ/mol
QMC_SAMPLED_Structure: 541.pdb 976719471274431.8 kJ/mol
QMC_SAMPLED_Structure: 123.pdb 658612.7823764113 kJ/mol
QMC_SAMPLED_Structure: 254.pdb 2084063626204.5422 kJ/mol
QMC_SAMPLED_Structure: 618.pdb 2339289469507.3325 kJ/mol
QMC_SAMPLED_Structure: 217.pdb 962246529892.6832 kJ/mol
QMC_SAMPLED_Structure: 660.pdb 9.812208956192608e+17 kJ/mol
QMC_SAMPLED_Structure: 418.pdb 616396271.6111968 kJ/mol
QMC_SAMPLED_Structure: 977.pdb 15343082527.819775 kJ/mol
QMC_SAMPLED_Structure: 126.pdb 4271809234565772.0 kJ/mol
QMC_SAMPLED_Structure: 267.pdb 163510019021893.28 kJ/mol
QMC_SAMPLED_Structure: 730.pdb 206174203037.58328 kJ/mol
QMC_SAMPLED_Structure: 720.pdb 26108183790297.023 kJ/mol
QMC_SAMPLED_Structure: 364.pdb 499349756257.21265 kJ/mol
QMC_SAMPLED_Structure: 6.pdb 12428306415.592955 kJ/mol
QMC_SAMPLED_Structure: 896.pdb 3170355642.5048556 kJ/mol
QMC_SAMPLED_Structure: 821.pdb 233670854116.7164 kJ/mol
QMC_SAMPLED_Structure: 259.pdb 1740746081.1018875 kJ/mol
QMC_SAMPLED_Structure: 607.pdb 78245660.3750238 kJ/mol
QMC_SAMPLED_Structure: 121.pdb 316707671233.6022 kJ/mol
QMC_SAMPLED_Structure: 967.pdb 6375630598868550.0 kJ/mol
QMC_SAMPLED_Structure: 578.pdb 339600196.22075474 kJ/mol
QMC_SAMPLED_Structure: 198.pdb 20480391865448.895 kJ/mol
QMC_SAMPLED_Structure: 490.pdb 797110.4903398349 kJ/mol
QMC_SAMPLED_Structure: 359.pdb 7417218271304.568 kJ/mol
QMC_SAMPLED_Structure: 289.pdb 10353603077.574064 kJ/mol
QMC_SAMPLED_Structure: 631.pdb 106517437036470.39 kJ/mol
QMC_SAMPLED_Structure: 521.pdb 579707142402.1671 kJ/mol
QMC_SAMPLED_Structure: 273.pdb 311106210.4509292 kJ/mol
QMC_SAMPLED_Structure: 148.pdb 4673122.734163898 kJ/mol
QMC_SAMPLED_Structure: 1021.pdb 16403388767.208534 kJ/mol
QMC_SAMPLED_Structure: 301.pdb 3252649709.0731473 kJ/mol
QMC_SAMPLED_Structure: 524.pdb 311233437.3329717 kJ/mol
QMC_SAMPLED_Structure: 97.pdb 68100552160.42726 kJ/mol
QMC_SAMPLED_Structure: 482.pdb 40513290305.49956 kJ/mol
QMC_SAMPLED_Structure: 481.pdb 415022378957.41907 kJ/mol
QMC_SAMPLED_Structure: 820.pdb 25092260341135.66 kJ/mol
QMC_SAMPLED_Structure: 307.pdb 3514418189426.19 kJ/mol
QMC_SAMPLED_Structure: 407.pdb 10359491157.569458 kJ/mol
QMC_SAMPLED_Structure: 932.pdb 681793812851.9482 kJ/mol
QMC_SAMPLED_Structure: 527.pdb 20304113532.96162 kJ/mol
QMC_SAMPLED_Structure: 415.pdb 5085545587972175.0 kJ/mol
QMC_SAMPLED_Structure: 276.pdb 106316.2933408589 kJ/mol
QMC_SAMPLED_Structure: 694.pdb 5325019202.389163 kJ/mol
QMC_SAMPLED_Structure: 962.pdb 3287736479.24875 kJ/mol
QMC_SAMPLED_Structure: 954.pdb 12507396663673.572 kJ/mol
QMC_SAMPLED_Structure: 365.pdb 575030821.063217 kJ/mol
QMC_SAMPLED_Structure: 938.pdb 14067840391848.55 kJ/mol
QMC_SAMPLED_Structure: 803.pdb 159515750139.69778 kJ/mol
QMC_SAMPLED_Structure: 369.pdb 71402171713.46841 kJ/mol
QMC_SAMPLED_Structure: 792.pdb 75247348.65806296 kJ/mol
QMC_SAMPLED_Structure: 150.pdb 692044391.785152 kJ/mol
QMC_SAMPLED_Structure: 782.pdb 1265099002103.97 kJ/mol
QMC_SAMPLED_Structure: 102.pdb 4801666541281.979 kJ/mol
QMC_SAMPLED_Structure: 878.pdb 3399113122281.917 kJ/mol
QMC_SAMPLED_Structure: 373.pdb 62220773169.35627 kJ/mol
QMC_SAMPLED_Structure: 409.pdb 16610514673.76567 kJ/mol
QMC_SAMPLED_Structure: 689.pdb 196036.9378053681 kJ/mol
QMC_SAMPLED_Structure: 854.pdb 117650704991.04883 kJ/mol
QMC_SAMPLED_Structure: 90.pdb 760293374.7325302 kJ/mol
QMC_SAMPLED_Structure: 588.pdb 27027731.82347335 kJ/mol
QMC_SAMPLED_Structure: 466.pdb 9493239002.703053 kJ/mol
QMC_SAMPLED_Structure: 811.pdb 165608141.0490492 kJ/mol
QMC_SAMPLED_Structure: 408.pdb 51228.18624699533 kJ/mol
QMC_SAMPLED_Structure: 748.pdb 7084555848.915954 kJ/mol
QMC_SAMPLED_Structure: 328.pdb 133581.35815285277 kJ/mol
QMC_SAMPLED_Structure: 454.pdb 49041331.047684066 kJ/mol
QMC_SAMPLED_Structure: 457.pdb 194681523.28479543 kJ/mol
QMC_SAMPLED_Structure: 753.pdb 166625659365.23294 kJ/mol
QMC_SAMPLED_Structure: 999.pdb 23307899.778611615 kJ/mol
QMC_SAMPLED_Structure: 110.pdb 3641148868.6432962 kJ/mol
QMC_SAMPLED_Structure: 869.pdb 6.476092947736168e+21 kJ/mol
QMC_SAMPLED_Structure: 640.pdb 15208449066.301136 kJ/mol
QMC_SAMPLED_Structure: 226.pdb 23054585.840963226 kJ/mol
QMC_SAMPLED_Structure: 115.pdb 26549035.96113483 kJ/mol
QMC_SAMPLED_Structure: 40.pdb 18526913876.49998 kJ/mol
QMC_SAMPLED_Structure: 178.pdb 71968648.61067122 kJ/mol
QMC_SAMPLED_Structure: 564.pdb 86178561.71032259 kJ/mol
QMC_SAMPLED_Structure: 319.pdb 281277561071.2971 kJ/mol
QMC_SAMPLED_Structure: 775.pdb 1467575103242.8403 kJ/mol
QMC_SAMPLED_Structure: 488.pdb 1754341410.68143 kJ/mol
QMC_SAMPLED_Structure: 371.pdb 4683465652023.568 kJ/mol
QMC_SAMPLED_Structure: 290.pdb 51289257649.87698 kJ/mol
QMC_SAMPLED_Structure: 883.pdb 5137043820268767.0 kJ/mol
QMC_SAMPLED_Structure: 1000.pdb 53049905.1377617 kJ/mol
QMC_SAMPLED_Structure: 337.pdb 1070548083229.3102 kJ/mol
QMC_SAMPLED_Structure: 127.pdb 455862490.647928 kJ/mol
QMC_SAMPLED_Structure: 348.pdb 2450005634.8383894 kJ/mol
QMC_SAMPLED_Structure: 976.pdb 592453983.0892228 kJ/mol
QMC_SAMPLED_Structure: 37.pdb 822527.2367041655 kJ/mol
QMC_SAMPLED_Structure: 440.pdb 12555536245.549147 kJ/mol
QMC_SAMPLED_Structure: 620.pdb 81886943037.65584 kJ/mol
QMC_SAMPLED_Structure: 21.pdb 701273558968785.1 kJ/mol
QMC_SAMPLED_Structure: 119.pdb 17527649229.885998 kJ/mol
QMC_SAMPLED_Structure: 959.pdb 14621871843619.826 kJ/mol
QMC_SAMPLED_Structure: 479.pdb 1226832577672.7947 kJ/mol
QMC_SAMPLED_Structure: 975.pdb 6413284881.435203 kJ/mol
QMC_SAMPLED_Structure: 716.pdb 9437922.16603995 kJ/mol
QMC_SAMPLED_Structure: 589.pdb 764947906560.6678 kJ/mol
QMC_SAMPLED_Structure: 347.pdb 144500.59726243836 kJ/mol
QMC_SAMPLED_Structure: 679.pdb 2701788101675.4185 kJ/mol
QMC_SAMPLED_Structure: 317.pdb 3053223219229.768 kJ/mol
QMC_SAMPLED_Structure: 504.pdb 4337467174.365657 kJ/mol
QMC_SAMPLED_Structure: 834.pdb 4288967210.4596024 kJ/mol
QMC_SAMPLED_Structure: 552.pdb 50737955.07204737 kJ/mol
QMC_SAMPLED_Structure: 747.pdb 14147.463350001643 kJ/mol
QMC_SAMPLED_Structure: 848.pdb 2613897142.903555 kJ/mol
QMC_SAMPLED_Structure: 403.pdb 1159436970.0687642 kJ/mol
QMC_SAMPLED_Structure: 559.pdb 4.078556476951832e+17 kJ/mol
QMC_SAMPLED_Structure: 202.pdb 199501.42076478826 kJ/mol
QMC_SAMPLED_Structure: 351.pdb 1414003758.3637297 kJ/mol
QMC_SAMPLED_Structure: 687.pdb 526043860.4197785 kJ/mol
QMC_SAMPLED_Structure: 204.pdb 1880511185.269992 kJ/mol
QMC_SAMPLED_Structure: 57.pdb 28346551216.448967 kJ/mol
QMC_SAMPLED_Structure: 517.pdb 243256785.78287905 kJ/mol
QMC_SAMPLED_Structure: 706.pdb 141775749584665.88 kJ/mol
QMC_SAMPLED_Structure: 573.pdb 534335872342.1603 kJ/mol
QMC_SAMPLED_Structure: 459.pdb 26870670.813065622 kJ/mol
QMC_SAMPLED_Structure: 722.pdb 252808883690.87567 kJ/mol
QMC_SAMPLED_Structure: 30.pdb 141726.6295907102 kJ/mol
QMC_SAMPLED_Structure: 654.pdb 2588511315.6214275 kJ/mol
QMC_SAMPLED_Structure: 485.pdb 4.524844394590504e+19 kJ/mol
QMC_SAMPLED_Structure: 486.pdb 1843136929.3630898 kJ/mol
QMC_SAMPLED_Structure: 483.pdb 757048.1900822661 kJ/mol
QMC_SAMPLED_Structure: 884.pdb 542366444687287.5 kJ/mol
QMC_SAMPLED_Structure: 577.pdb 14597860043.460821 kJ/mol
QMC_SAMPLED_Structure: 286.pdb 136768529238781.14 kJ/mol
QMC_SAMPLED_Structure: 255.pdb 172124239950.82877 kJ/mol
QMC_SAMPLED_Structure: 438.pdb 18958191351.20782 kJ/mol
QMC_SAMPLED_Structure: 200.pdb 84150161200015.05 kJ/mol
QMC_SAMPLED_Structure: 180.pdb 28580826942137.434 kJ/mol
QMC_SAMPLED_Structure: 292.pdb 166937.09568738414 kJ/mol
QMC_SAMPLED_Structure: 894.pdb 2513277823.3379273 kJ/mol
QMC_SAMPLED_Structure: 838.pdb 1586551.1128809021 kJ/mol
QMC_SAMPLED_Structure: 176.pdb 908855879594963.5 kJ/mol
QMC_SAMPLED_Structure: 863.pdb 2351419646578.19 kJ/mol
QMC_SAMPLED_Structure: 877.pdb 28343550.13566032 kJ/mol
QMC_SAMPLED_Structure: 621.pdb 60594.804637078545 kJ/mol
QMC_SAMPLED_Structure: 305.pdb 82553628730785.97 kJ/mol
QMC_SAMPLED_Structure: 693.pdb 108633311.17906927 kJ/mol
QMC_SAMPLED_Structure: 48.pdb 40302504924.03394 kJ/mol
QMC_SAMPLED_Structure: 891.pdb 2647601791516.062 kJ/mol
QMC_SAMPLED_Structure: 71.pdb 19880440619.80932 kJ/mol
QMC_SAMPLED_Structure: 715.pdb 45782837.78258393 kJ/mol
QMC_SAMPLED_Structure: 355.pdb 10994509616.15213 kJ/mol
QMC_SAMPLED_Structure: 547.pdb 309491529638410.56 kJ/mol
QMC_SAMPLED_Structure: 818.pdb 10286076835210.707 kJ/mol
QMC_SAMPLED_Structure: 157.pdb 43045676455.27341 kJ/mol
QMC_SAMPLED_Structure: 539.pdb 113957129782.43127 kJ/mol
QMC_SAMPLED_Structure: 312.pdb 488180903063.6093 kJ/mol
QMC_SAMPLED_Structure: 762.pdb 19608330337945.74 kJ/mol
QMC_SAMPLED_Structure: 74.pdb 21361758912.437965 kJ/mol
QMC_SAMPLED_Structure: 66.pdb 564899.8218574977 kJ/mol
QMC_SAMPLED_Structure: 849.pdb 3987257274.7002 kJ/mol
QMC_SAMPLED_Structure: 911.pdb 758318284725.8425 kJ/mol
QMC_SAMPLED_Structure: 513.pdb 3224560677.335335 kJ/mol
QMC_SAMPLED_Structure: 213.pdb 2392810379771.0166 kJ/mol
QMC_SAMPLED_Structure: 99.pdb 4275739116299.002 kJ/mol
QMC_SAMPLED_Structure: 431.pdb 593699836237.8888 kJ/mol
QMC_SAMPLED_Structure: 695.pdb 415607446456057.25 kJ/mol
QMC_SAMPLED_Structure: 634.pdb 6514444372603.64 kJ/mol
QMC_SAMPLED_Structure: 167.pdb 10755562102.17956 kJ/mol
QMC_SAMPLED_Structure: 827.pdb 60792458932.584175 kJ/mol
QMC_SAMPLED_Structure: 417.pdb 2856096493.896771 kJ/mol
QMC_SAMPLED_Structure: 960.pdb 124314.2076845344 kJ/mol
QMC_SAMPLED_Structure: 675.pdb 188478895590.2412 kJ/mol
QMC_SAMPLED_Structure: 76.pdb 5527135830380.82 kJ/mol
QMC_SAMPLED_Structure: 268.pdb 3952875802.9404135 kJ/mol
QMC_SAMPLED_Structure: 162.pdb 1480338198.580807 kJ/mol
QMC_SAMPLED_Structure: 2.pdb 1378189456739.6355 kJ/mol
QMC_SAMPLED_Structure: 81.pdb 4.856840654340397e+20 kJ/mol
QMC_SAMPLED_Structure: 953.pdb 39834.860076068995 kJ/mol
QMC_SAMPLED_Structure: 345.pdb 435066.1289164583 kJ/mol
QMC_SAMPLED_Structure: 411.pdb 661501863.2337418 kJ/mol
QMC_SAMPLED_Structure: 193.pdb 23979937513.652565 kJ/mol
 The sequence   : NLYIQWLKDGGPSSGRPPPS
 sequence length:  20
 iatmno :           304
 No. of atoms   : 304

**********CLUSTERING MINIMIZED STRUCTURES**************

 /home/rebairo/work/PolyMols/uniform_src_sim/res/trp/trp32_inpp.pdb             
                                                  
 The sequence   : NLYIQWLKDGGPSSGRPPPS
 sequence length:  20
 iatmno :           304
 No. of atoms   : 304
