QMC_MINIMIZED_Structure: 7 -41.823
QMC_MINIMIZED_Structure: 6 -43.029
QMC_MINIMIZED_Structure: 4 -1.012
QMC_MINIMIZED_Structure: 5 -38.688
QMC_MINIMIZED_Structure: 1 -43.149
QMC_MINIMIZED_Structure: 0 -43.614
QMC_MINIMIZED_Structure: 2 15.152
QMC_MINIMIZED_Structure: 3 -41.013
QMC_MINIMIZED_Structure: 7 -44.465
QMC_MINIMIZED_Structure: 6 -41.438
QMC_MINIMIZED_Structure: 4 4.176
QMC_MINIMIZED_Structure: 5 -25.977
QMC_MINIMIZED_Structure: 1 -33.332
QMC_MINIMIZED_Structure: 0 7.595
QMC_MINIMIZED_Structure: 2 -9.782
QMC_MINIMIZED_Structure: 3 -27.623
QMC_MINIMIZED_Structure: 7 -37.74
QMC_MINIMIZED_Structure: 6 -14.21
QMC_MINIMIZED_Structure: 4 -25.653
QMC_MINIMIZED_Structure: 5 -13.443
QMC_MINIMIZED_Structure: 1 -48.021
QMC_MINIMIZED_Structure: 0 -43.602
QMC_MINIMIZED_Structure: 2 -32.364
QMC_MINIMIZED_Structure: 3 -41.589
QMC_MINIMIZED_Structure: 7 -42.679
QMC_MINIMIZED_Structure: 6 -45.122
QMC_MINIMIZED_Structure: 4 -44.285
QMC_MINIMIZED_Structure: 5 -41.519
QMC_MINIMIZED_Structure: 1 -25.384
QMC_MINIMIZED_Structure: 0 -43.639
QMC_MINIMIZED_Structure: 2 -26.41
QMC_MINIMIZED_Structure: 3 -45.422
QMC_MINIMIZED_Structure: 7 -34.76
QMC_MINIMIZED_Structure: 6 -39.611
QMC_MINIMIZED_Structure: 4 -40.086
QMC_MINIMIZED_Structure: 5 -25.86
QMC_MINIMIZED_Structure: 1 -24.15
QMC_MINIMIZED_Structure: 0 -35.877
QMC_MINIMIZED_Structure: 2 -9.009
QMC_MINIMIZED_Structure: 3 -38.155
